running egg_info
writing ../../build/yolo_inference/yolo_inference.egg-info/PKG-INFO
writing dependency_links to ../../build/yolo_inference/yolo_inference.egg-info/dependency_links.txt
writing entry points to ../../build/yolo_inference/yolo_inference.egg-info/entry_points.txt
writing requirements to ../../build/yolo_inference/yolo_inference.egg-info/requires.txt
writing top-level names to ../../build/yolo_inference/yolo_inference.egg-info/top_level.txt
reading manifest file '../../build/yolo_inference/yolo_inference.egg-info/SOURCES.txt'
writing manifest file '../../build/yolo_inference/yolo_inference.egg-info/SOURCES.txt'
running build
running build_py
copying yolo_inference/yolo_node.py -> /home/nathaniel/fxb_ws/build/yolo_inference/build/lib/yolo_inference
running install
running install_lib
copying /home/nathaniel/fxb_ws/build/yolo_inference/build/lib/yolo_inference/yolo_node.py -> /home/nathaniel/fxb_ws/install/yolo_inference/lib/python3.12/site-packages/yolo_inference
byte-compiling /home/nathaniel/fxb_ws/install/yolo_inference/lib/python3.12/site-packages/yolo_inference/yolo_node.py to yolo_node.cpython-312.pyc
running install_data
running install_egg_info
removing '/home/nathaniel/fxb_ws/install/yolo_inference/lib/python3.12/site-packages/yolo_inference-0.0.0-py3.12.egg-info' (and everything under it)
Copying ../../build/yolo_inference/yolo_inference.egg-info to /home/nathaniel/fxb_ws/install/yolo_inference/lib/python3.12/site-packages/yolo_inference-0.0.0-py3.12.egg-info
running install_scripts
Installing yolo_node script to /home/nathaniel/fxb_ws/install/yolo_inference/lib/yolo_inference
writing list of installed files to '/home/nathaniel/fxb_ws/build/yolo_inference/install.log'
