[5.986s] Invoking command in '/home/nathaniel/fxb_ws/src/yolo_inference': PYTHONPATH=/home/nathaniel/fxb_ws/build/yolo_inference/prefix_override:/usr/lib/python3/dist-packages/colcon_core/task/python/colcon_distutils_commands:/home/nathaniel/fxb_ws/install/yolo_inference/lib/python3.12/site-packages:${PYTHONPATH} /usr/bin/python3 -W ignore:setup.py install is deprecated -W ignore:easy_install command is deprecated setup.py egg_info --egg-base ../../build/yolo_inference build --build-base /home/nathaniel/fxb_ws/build/yolo_inference/build install --record /home/nathaniel/fxb_ws/build/yolo_inference/install.log --single-version-externally-managed install_data
[7.838s] running egg_info
[7.979s] writing ../../build/yolo_inference/yolo_inference.egg-info/PKG-INFO
[7.986s] writing dependency_links to ../../build/yolo_inference/yolo_inference.egg-info/dependency_links.txt
[7.986s] writing entry points to ../../build/yolo_inference/yolo_inference.egg-info/entry_points.txt
[7.986s] writing requirements to ../../build/yolo_inference/yolo_inference.egg-info/requires.txt
[7.987s] writing top-level names to ../../build/yolo_inference/yolo_inference.egg-info/top_level.txt
[8.231s] reading manifest file '../../build/yolo_inference/yolo_inference.egg-info/SOURCES.txt'
[8.234s] writing manifest file '../../build/yolo_inference/yolo_inference.egg-info/SOURCES.txt'
[8.235s] running build
[8.235s] running build_py
[8.236s] copying yolo_inference/yolo_node.py -> /home/nathaniel/fxb_ws/build/yolo_inference/build/lib/yolo_inference
[8.240s] running install
[8.267s] running install_lib
[8.380s] copying /home/nathaniel/fxb_ws/build/yolo_inference/build/lib/yolo_inference/yolo_node.py -> /home/nathaniel/fxb_ws/install/yolo_inference/lib/python3.12/site-packages/yolo_inference
[8.394s] byte-compiling /home/nathaniel/fxb_ws/install/yolo_inference/lib/python3.12/site-packages/yolo_inference/yolo_node.py to yolo_node.cpython-312.pyc
[8.401s] running install_data
[8.402s] running install_egg_info
[8.510s] removing '/home/nathaniel/fxb_ws/install/yolo_inference/lib/python3.12/site-packages/yolo_inference-0.0.0-py3.12.egg-info' (and everything under it)
[8.510s] Copying ../../build/yolo_inference/yolo_inference.egg-info to /home/nathaniel/fxb_ws/install/yolo_inference/lib/python3.12/site-packages/yolo_inference-0.0.0-py3.12.egg-info
[8.526s] running install_scripts
[9.266s] Installing yolo_node script to /home/nathaniel/fxb_ws/install/yolo_inference/lib/yolo_inference
[9.267s] writing list of installed files to '/home/nathaniel/fxb_ws/build/yolo_inference/install.log'
