[1.380s] Invoking command in '/home/nathaniel/fxb_ws/src/odometry_node': PYTHONPATH=/home/nathaniel/fxb_ws/build/odometry_node/prefix_override:/usr/lib/python3/dist-packages/colcon_core/task/python/colcon_distutils_commands:/home/nathaniel/fxb_ws/install/odometry_node/lib/python3.12/site-packages:${PYTHONPATH} /usr/bin/python3 -W ignore:setup.py install is deprecated -W ignore:easy_install command is deprecated setup.py egg_info --egg-base ../../build/odometry_node build --build-base /home/nathaniel/fxb_ws/build/odometry_node/build install --record /home/nathaniel/fxb_ws/build/odometry_node/install.log --single-version-externally-managed install_data
[1.919s] running egg_info
[1.956s] writing ../../build/odometry_node/odometry_node.egg-info/PKG-INFO
[1.957s] writing dependency_links to ../../build/odometry_node/odometry_node.egg-info/dependency_links.txt
[1.957s] writing entry points to ../../build/odometry_node/odometry_node.egg-info/entry_points.txt
[1.958s] writing requirements to ../../build/odometry_node/odometry_node.egg-info/requires.txt
[1.958s] writing top-level names to ../../build/odometry_node/odometry_node.egg-info/top_level.txt
[2.066s] reading manifest file '../../build/odometry_node/odometry_node.egg-info/SOURCES.txt'
[2.068s] writing manifest file '../../build/odometry_node/odometry_node.egg-info/SOURCES.txt'
[2.068s] running build
[2.069s] running build_py
[2.069s] running install
[2.081s] running install_lib
[2.117s] running install_data
[2.117s] running install_egg_info
[2.156s] removing '/home/nathaniel/fxb_ws/install/odometry_node/lib/python3.12/site-packages/odometry_node-0.1.0-py3.12.egg-info' (and everything under it)
[2.157s] Copying ../../build/odometry_node/odometry_node.egg-info to /home/nathaniel/fxb_ws/install/odometry_node/lib/python3.12/site-packages/odometry_node-0.1.0-py3.12.egg-info
[2.160s] running install_scripts
[2.401s] Installing odometry_publisher script to /home/nathaniel/fxb_ws/install/odometry_node/lib/odometry_node
[2.401s] writing list of installed files to '/home/nathaniel/fxb_ws/build/odometry_node/install.log'
[2.437s] Invoked command in '/home/nathaniel/fxb_ws/src/odometry_node' returned '0': PYTHONPATH=/home/nathaniel/fxb_ws/build/odometry_node/prefix_override:/usr/lib/python3/dist-packages/colcon_core/task/python/colcon_distutils_commands:/home/nathaniel/fxb_ws/install/odometry_node/lib/python3.12/site-packages:${PYTHONPATH} /usr/bin/python3 -W ignore:setup.py install is deprecated -W ignore:easy_install command is deprecated setup.py egg_info --egg-base ../../build/odometry_node build --build-base /home/nathaniel/fxb_ws/build/odometry_node/build install --record /home/nathaniel/fxb_ws/build/odometry_node/install.log --single-version-externally-managed install_data
