[4.092s] Invoking command in '/home/nathaniel/fxb_ws/src/lidar_node': PYTHONPATH=/home/nathaniel/fxb_ws/build/lidar_node/prefix_override:/usr/lib/python3/dist-packages/colcon_core/task/python/colcon_distutils_commands:/home/nathaniel/fxb_ws/install/lidar_node/lib/python3.12/site-packages:${PYTHONPATH} /usr/bin/python3 -W ignore:setup.py install is deprecated -W ignore:easy_install command is deprecated setup.py egg_info --egg-base ../../build/lidar_node build --build-base /home/nathaniel/fxb_ws/build/lidar_node/build install --record /home/nathaniel/fxb_ws/build/lidar_node/install.log --single-version-externally-managed install_data
[5.001s] running egg_info
[5.002s] creating ../../build/lidar_node/lidar_node.egg-info
[5.068s] writing ../../build/lidar_node/lidar_node.egg-info/PKG-INFO
[5.069s] writing dependency_links to ../../build/lidar_node/lidar_node.egg-info/dependency_links.txt
[5.070s] writing requirements to ../../build/lidar_node/lidar_node.egg-info/requires.txt
[5.070s] writing top-level names to ../../build/lidar_node/lidar_node.egg-info/top_level.txt
[5.071s] writing manifest file '../../build/lidar_node/lidar_node.egg-info/SOURCES.txt'
[5.146s] reading manifest file '../../build/lidar_node/lidar_node.egg-info/SOURCES.txt'
[5.148s] writing manifest file '../../build/lidar_node/lidar_node.egg-info/SOURCES.txt'
[5.149s] running build
[5.149s] running install
[5.169s] running install_data
[5.171s] creating /home/nathaniel/fxb_ws/install/lidar_node/share/ament_index
[5.172s] creating /home/nathaniel/fxb_ws/install/lidar_node/share/ament_index/resource_index
[5.176s] creating /home/nathaniel/fxb_ws/install/lidar_node/share/ament_index/resource_index/packages
[5.177s] copying resource/lidar_node -> /home/nathaniel/fxb_ws/install/lidar_node/share/ament_index/resource_index/packages
[5.177s] copying package.xml -> /home/nathaniel/fxb_ws/install/lidar_node/share/lidar_node
[5.179s] creating /home/nathaniel/fxb_ws/install/lidar_node/share/lidar_node/launch
[5.180s] copying launch/lidar.launch.py -> /home/nathaniel/fxb_ws/install/lidar_node/share/lidar_node/launch
[5.181s] running install_egg_info
[5.334s] Copying ../../build/lidar_node/lidar_node.egg-info to /home/nathaniel/fxb_ws/install/lidar_node/lib/python3.12/site-packages/lidar_node-0.0.0-py3.12.egg-info
[5.338s] running install_scripts
[5.749s] writing list of installed files to '/home/nathaniel/fxb_ws/build/lidar_node/install.log'
[5.835s] Invoked command in '/home/nathaniel/fxb_ws/src/lidar_node' returned '0': PYTHONPATH=/home/nathaniel/fxb_ws/build/lidar_node/prefix_override:/usr/lib/python3/dist-packages/colcon_core/task/python/colcon_distutils_commands:/home/nathaniel/fxb_ws/install/lidar_node/lib/python3.12/site-packages:${PYTHONPATH} /usr/bin/python3 -W ignore:setup.py install is deprecated -W ignore:easy_install command is deprecated setup.py egg_info --egg-base ../../build/lidar_node build --build-base /home/nathaniel/fxb_ws/build/lidar_node/build install --record /home/nathaniel/fxb_ws/build/lidar_node/install.log --single-version-externally-managed install_data
