[2.440s] Invoking command in '/home/nathaniel/fxb_ws/src/sensor_fusion_node': PYTHONPATH=/home/nathaniel/fxb_ws/build/sensor_fusion_node/prefix_override:/usr/lib/python3/dist-packages/colcon_core/task/python/colcon_distutils_commands:/home/nathaniel/fxb_ws/install/sensor_fusion_node/lib/python3.12/site-packages:${PYTHONPATH} /usr/bin/python3 -W ignore:setup.py install is deprecated -W ignore:easy_install command is deprecated setup.py egg_info --egg-base ../../build/sensor_fusion_node build --build-base /home/nathaniel/fxb_ws/build/sensor_fusion_node/build install --record /home/nathaniel/fxb_ws/build/sensor_fusion_node/install.log --single-version-externally-managed install_data
[3.029s] running egg_info
[3.030s] creating ../../build/sensor_fusion_node/sensor_fusion_node.egg-info
[3.076s] writing ../../build/sensor_fusion_node/sensor_fusion_node.egg-info/PKG-INFO
[3.077s] writing dependency_links to ../../build/sensor_fusion_node/sensor_fusion_node.egg-info/dependency_links.txt
[3.077s] writing entry points to ../../build/sensor_fusion_node/sensor_fusion_node.egg-info/entry_points.txt
[3.078s] writing requirements to ../../build/sensor_fusion_node/sensor_fusion_node.egg-info/requires.txt
[3.078s] writing top-level names to ../../build/sensor_fusion_node/sensor_fusion_node.egg-info/top_level.txt
[3.078s] writing manifest file '../../build/sensor_fusion_node/sensor_fusion_node.egg-info/SOURCES.txt'
[3.151s] reading manifest file '../../build/sensor_fusion_node/sensor_fusion_node.egg-info/SOURCES.txt'
[3.152s] writing manifest file '../../build/sensor_fusion_node/sensor_fusion_node.egg-info/SOURCES.txt'
[3.153s] running build
[3.153s] running build_py
[3.153s] creating /home/nathaniel/fxb_ws/build/sensor_fusion_node/build
[3.154s] creating /home/nathaniel/fxb_ws/build/sensor_fusion_node/build/lib
[3.154s] creating /home/nathaniel/fxb_ws/build/sensor_fusion_node/build/lib/sensor_fusion_node
[3.155s] copying sensor_fusion_node/__init__.py -> /home/nathaniel/fxb_ws/build/sensor_fusion_node/build/lib/sensor_fusion_node
[3.155s] copying sensor_fusion_node/sensor_fusion_node.py -> /home/nathaniel/fxb_ws/build/sensor_fusion_node/build/lib/sensor_fusion_node
[3.155s] running install
[3.165s] running install_lib
[3.200s] creating /home/nathaniel/fxb_ws/install/sensor_fusion_node/lib/python3.12/site-packages/sensor_fusion_node
[3.201s] copying /home/nathaniel/fxb_ws/build/sensor_fusion_node/build/lib/sensor_fusion_node/__init__.py -> /home/nathaniel/fxb_ws/install/sensor_fusion_node/lib/python3.12/site-packages/sensor_fusion_node
[3.201s] copying /home/nathaniel/fxb_ws/build/sensor_fusion_node/build/lib/sensor_fusion_node/sensor_fusion_node.py -> /home/nathaniel/fxb_ws/install/sensor_fusion_node/lib/python3.12/site-packages/sensor_fusion_node
[3.202s] byte-compiling /home/nathaniel/fxb_ws/install/sensor_fusion_node/lib/python3.12/site-packages/sensor_fusion_node/__init__.py to __init__.cpython-312.pyc
[3.203s] byte-compiling /home/nathaniel/fxb_ws/install/sensor_fusion_node/lib/python3.12/site-packages/sensor_fusion_node/sensor_fusion_node.py to sensor_fusion_node.cpython-312.pyc
[3.205s] running install_data
[3.205s] creating /home/nathaniel/fxb_ws/install/sensor_fusion_node/share/ament_index
[3.205s] creating /home/nathaniel/fxb_ws/install/sensor_fusion_node/share/ament_index/resource_index
[3.206s] creating /home/nathaniel/fxb_ws/install/sensor_fusion_node/share/ament_index/resource_index/packages
[3.207s] copying resource/sensor_fusion_node -> /home/nathaniel/fxb_ws/install/sensor_fusion_node/share/ament_index/resource_index/packages
[3.207s] copying package.xml -> /home/nathaniel/fxb_ws/install/sensor_fusion_node/share/sensor_fusion_node
[3.207s] creating /home/nathaniel/fxb_ws/install/sensor_fusion_node/share/sensor_fusion_node/launch
[3.208s] copying launch/sensor_fusion.launch.py -> /home/nathaniel/fxb_ws/install/sensor_fusion_node/share/sensor_fusion_node/launch
[3.208s] running install_egg_info
[3.247s] Copying ../../build/sensor_fusion_node/sensor_fusion_node.egg-info to /home/nathaniel/fxb_ws/install/sensor_fusion_node/lib/python3.12/site-packages/sensor_fusion_node-0.0.1-py3.12.egg-info
[3.249s] running install_scripts
[3.486s] Installing sensor_fusion_node script to /home/nathaniel/fxb_ws/install/sensor_fusion_node/lib/sensor_fusion_node
[3.488s] writing list of installed files to '/home/nathaniel/fxb_ws/build/sensor_fusion_node/install.log'
[3.544s] Invoked command in '/home/nathaniel/fxb_ws/src/sensor_fusion_node' returned '0': PYTHONPATH=/home/nathaniel/fxb_ws/build/sensor_fusion_node/prefix_override:/usr/lib/python3/dist-packages/colcon_core/task/python/colcon_distutils_commands:/home/nathaniel/fxb_ws/install/sensor_fusion_node/lib/python3.12/site-packages:${PYTHONPATH} /usr/bin/python3 -W ignore:setup.py install is deprecated -W ignore:easy_install command is deprecated setup.py egg_info --egg-base ../../build/sensor_fusion_node build --build-base /home/nathaniel/fxb_ws/build/sensor_fusion_node/build install --record /home/nathaniel/fxb_ws/build/sensor_fusion_node/install.log --single-version-externally-managed install_data
