[5.511s] Invoking command in '/home/nathaniel/fxb_ws/src/suppression_node': PYTHONPATH=/home/nathaniel/fxb_ws/build/suppression_node/prefix_override:/usr/lib/python3/dist-packages/colcon_core/task/python/colcon_distutils_commands:/home/nathaniel/fxb_ws/install/suppression_node/lib/python3.12/site-packages:${PYTHONPATH} /usr/bin/python3 -W ignore:setup.py install is deprecated -W ignore:easy_install command is deprecated setup.py egg_info --egg-base ../../build/suppression_node build --build-base /home/nathaniel/fxb_ws/build/suppression_node/build install --record /home/nathaniel/fxb_ws/build/suppression_node/install.log --single-version-externally-managed install_data
[6.673s] running egg_info
[6.760s] writing ../../build/suppression_node/suppression_node.egg-info/PKG-INFO
[6.761s] writing dependency_links to ../../build/suppression_node/suppression_node.egg-info/dependency_links.txt
[6.761s] writing entry points to ../../build/suppression_node/suppression_node.egg-info/entry_points.txt
[6.762s] writing requirements to ../../build/suppression_node/suppression_node.egg-info/requires.txt
[6.769s] writing top-level names to ../../build/suppression_node/suppression_node.egg-info/top_level.txt
[6.958s] reading manifest file '../../build/suppression_node/suppression_node.egg-info/SOURCES.txt'
[6.961s] writing manifest file '../../build/suppression_node/suppression_node.egg-info/SOURCES.txt'
[6.961s] running build
[6.968s] running build_py
[6.968s] running install
[6.991s] running install_lib
[7.104s] running install_data
[7.104s] running install_egg_info
[7.191s] removing '/home/nathaniel/fxb_ws/install/suppression_node/lib/python3.12/site-packages/suppression_node-0.0.0-py3.12.egg-info' (and everything under it)
[7.198s] Copying ../../build/suppression_node/suppression_node.egg-info to /home/nathaniel/fxb_ws/install/suppression_node/lib/python3.12/site-packages/suppression_node-0.0.0-py3.12.egg-info
[7.208s] running install_scripts
[7.968s] Installing suppression_node script to /home/nathaniel/fxb_ws/install/suppression_node/lib/suppression_node
[7.969s] writing list of installed files to '/home/nathaniel/fxb_ws/build/suppression_node/install.log'
[8.952s] Invoked command in '/home/nathaniel/fxb_ws/src/suppression_node' returned '0': PYTHONPATH=/home/nathaniel/fxb_ws/build/suppression_node/prefix_override:/usr/lib/python3/dist-packages/colcon_core/task/python/colcon_distutils_commands:/home/nathaniel/fxb_ws/install/suppression_node/lib/python3.12/site-packages:${PYTHONPATH} /usr/bin/python3 -W ignore:setup.py install is deprecated -W ignore:easy_install command is deprecated setup.py egg_info --egg-base ../../build/suppression_node build --build-base /home/nathaniel/fxb_ws/build/suppression_node/build install --record /home/nathaniel/fxb_ws/build/suppression_node/install.log --single-version-externally-managed install_data
