[1.091s] DEBUG:colcon:Command line arguments: ['/usr/bin/colcon', 'build', '--packages-select', 'bringup']
[1.092s] DEBUG:colcon:Parsed command line arguments: Namespace(log_base=None, log_level=None, verb_name='build', build_base='build', install_base='install', merge_install=False, symlink_install=False, test_result_base=None, continue_on_error=False, executor='parallel', parallel_workers=8, event_handlers=None, ignore_user_meta=False, metas=['./colcon.meta'], base_paths=['.'], packages_ignore=None, packages_ignore_regex=None, paths=None, packages_up_to=None, packages_up_to_regex=None, packages_above=None, packages_above_and_dependencies=None, packages_above_depth=None, packages_select_by_dep=None, packages_skip_by_dep=None, packages_skip_up_to=None, packages_select_build_failed=False, packages_skip_build_finished=False, packages_select_test_failures=False, packages_skip_test_passed=False, packages_select=['bringup'], packages_skip=None, packages_select_regex=None, packages_skip_regex=None, packages_start=None, packages_end=None, allow_overriding=[], cmake_args=None, cmake_target=None, cmake_target_skip_unavailable=False, cmake_clean_cache=False, cmake_clean_first=False, cmake_force_configure=False, ament_cmake_args=None, catkin_cmake_args=None, catkin_skip_building_tests=False, mixin_files=None, mixin=None, verb_parser=<colcon_mixin.mixin.mixin_argument.MixinArgumentDecorator object at 0x72f6c3e96210>, verb_extension=<colcon_core.verb.build.BuildVerb object at 0x72f6c3e95bb0>, main=<bound method BuildVerb.main of <colcon_core.verb.build.BuildVerb object at 0x72f6c3e95bb0>>, mixin_verb=('build',))
[1.290s] Level 1:colcon.colcon_core.package_discovery:discover_packages(colcon_meta) check parameters
[1.290s] Level 1:colcon.colcon_core.package_discovery:discover_packages(recursive) check parameters
[1.290s] Level 1:colcon.colcon_core.package_discovery:discover_packages(ignore) check parameters
[1.291s] Level 1:colcon.colcon_core.package_discovery:discover_packages(path) check parameters
[1.291s] Level 1:colcon.colcon_core.package_discovery:discover_packages(colcon_meta) discover
[1.291s] Level 1:colcon.colcon_core.package_discovery:discover_packages(recursive) discover
[1.291s] INFO:colcon.colcon_core.package_discovery:Crawling recursively for packages in '/home/nathaniel/fxb_ws'
[1.291s] Level 1:colcon.colcon_core.package_identification:_identify(.) by extensions ['ignore', 'ignore_ament_install']
[1.292s] Level 1:colcon.colcon_core.package_identification:_identify(.) by extension 'ignore'
[1.292s] Level 1:colcon.colcon_core.package_identification:_identify(.) by extension 'ignore_ament_install'
[1.292s] Level 1:colcon.colcon_core.package_identification:_identify(.) by extensions ['colcon_pkg']
[1.292s] Level 1:colcon.colcon_core.package_identification:_identify(.) by extension 'colcon_pkg'
[1.293s] Level 1:colcon.colcon_core.package_identification:_identify(.) by extensions ['colcon_meta']
[1.293s] Level 1:colcon.colcon_core.package_identification:_identify(.) by extension 'colcon_meta'
[1.293s] Level 1:colcon.colcon_core.package_identification:_identify(.) by extensions ['ros']
[1.293s] Level 1:colcon.colcon_core.package_identification:_identify(.) by extension 'ros'
[1.389s] Level 1:colcon.colcon_core.package_identification:_identify(.) by extensions ['cmake', 'python']
[1.390s] Level 1:colcon.colcon_core.package_identification:_identify(.) by extension 'cmake'
[1.390s] Level 1:colcon.colcon_core.package_identification:_identify(.) by extension 'python'
[1.390s] Level 1:colcon.colcon_core.package_identification:_identify(.) by extensions ['python_setup_py']
[1.390s] Level 1:colcon.colcon_core.package_identification:_identify(.) by extension 'python_setup_py'
[1.391s] Level 1:colcon.colcon_core.package_identification:_identify(FYP-AI-Model) by extensions ['ignore', 'ignore_ament_install']
[1.392s] Level 1:colcon.colcon_core.package_identification:_identify(FYP-AI-Model) by extension 'ignore'
[1.392s] Level 1:colcon.colcon_core.package_identification:_identify(FYP-AI-Model) by extension 'ignore_ament_install'
[1.392s] Level 1:colcon.colcon_core.package_identification:_identify(FYP-AI-Model) by extensions ['colcon_pkg']
[1.392s] Level 1:colcon.colcon_core.package_identification:_identify(FYP-AI-Model) by extension 'colcon_pkg'
[1.392s] Level 1:colcon.colcon_core.package_identification:_identify(FYP-AI-Model) by extensions ['colcon_meta']
[1.392s] Level 1:colcon.colcon_core.package_identification:_identify(FYP-AI-Model) by extension 'colcon_meta'
[1.392s] Level 1:colcon.colcon_core.package_identification:_identify(FYP-AI-Model) by extensions ['ros']
[1.392s] Level 1:colcon.colcon_core.package_identification:_identify(FYP-AI-Model) by extension 'ros'
[1.393s] Level 1:colcon.colcon_core.package_identification:_identify(FYP-AI-Model) by extensions ['cmake', 'python']
[1.393s] Level 1:colcon.colcon_core.package_identification:_identify(FYP-AI-Model) by extension 'cmake'
[1.393s] Level 1:colcon.colcon_core.package_identification:_identify(FYP-AI-Model) by extension 'python'
[1.393s] Level 1:colcon.colcon_core.package_identification:_identify(FYP-AI-Model) by extensions ['python_setup_py']
[1.393s] Level 1:colcon.colcon_core.package_identification:_identify(FYP-AI-Model) by extension 'python_setup_py'
[1.394s] Level 1:colcon.colcon_core.package_identification:_identify(FYP-AI-Model/runs) by extensions ['ignore', 'ignore_ament_install']
[1.394s] Level 1:colcon.colcon_core.package_identification:_identify(FYP-AI-Model/runs) by extension 'ignore'
[1.394s] Level 1:colcon.colcon_core.package_identification:_identify(FYP-AI-Model/runs) by extension 'ignore_ament_install'
[1.395s] Level 1:colcon.colcon_core.package_identification:_identify(FYP-AI-Model/runs) by extensions ['colcon_pkg']
[1.395s] Level 1:colcon.colcon_core.package_identification:_identify(FYP-AI-Model/runs) by extension 'colcon_pkg'
[1.395s] Level 1:colcon.colcon_core.package_identification:_identify(FYP-AI-Model/runs) by extensions ['colcon_meta']
[1.395s] Level 1:colcon.colcon_core.package_identification:_identify(FYP-AI-Model/runs) by extension 'colcon_meta'
[1.395s] Level 1:colcon.colcon_core.package_identification:_identify(FYP-AI-Model/runs) by extensions ['ros']
[1.395s] Level 1:colcon.colcon_core.package_identification:_identify(FYP-AI-Model/runs) by extension 'ros'
[1.396s] Level 1:colcon.colcon_core.package_identification:_identify(FYP-AI-Model/runs) by extensions ['cmake', 'python']
[1.396s] Level 1:colcon.colcon_core.package_identification:_identify(FYP-AI-Model/runs) by extension 'cmake'
[1.396s] Level 1:colcon.colcon_core.package_identification:_identify(FYP-AI-Model/runs) by extension 'python'
[1.396s] Level 1:colcon.colcon_core.package_identification:_identify(FYP-AI-Model/runs) by extensions ['python_setup_py']
[1.396s] Level 1:colcon.colcon_core.package_identification:_identify(FYP-AI-Model/runs) by extension 'python_setup_py'
[1.397s] Level 1:colcon.colcon_core.package_identification:_identify(FYP-AI-Model/runs/detect) by extensions ['ignore', 'ignore_ament_install']
[1.397s] Level 1:colcon.colcon_core.package_identification:_identify(FYP-AI-Model/runs/detect) by extension 'ignore'
[1.397s] Level 1:colcon.colcon_core.package_identification:_identify(FYP-AI-Model/runs/detect) by extension 'ignore_ament_install'
[1.398s] Level 1:colcon.colcon_core.package_identification:_identify(FYP-AI-Model/runs/detect) by extensions ['colcon_pkg']
[1.398s] Level 1:colcon.colcon_core.package_identification:_identify(FYP-AI-Model/runs/detect) by extension 'colcon_pkg'
[1.398s] Level 1:colcon.colcon_core.package_identification:_identify(FYP-AI-Model/runs/detect) by extensions ['colcon_meta']
[1.398s] Level 1:colcon.colcon_core.package_identification:_identify(FYP-AI-Model/runs/detect) by extension 'colcon_meta'
[1.398s] Level 1:colcon.colcon_core.package_identification:_identify(FYP-AI-Model/runs/detect) by extensions ['ros']
[1.398s] Level 1:colcon.colcon_core.package_identification:_identify(FYP-AI-Model/runs/detect) by extension 'ros'
[1.399s] Level 1:colcon.colcon_core.package_identification:_identify(FYP-AI-Model/runs/detect) by extensions ['cmake', 'python']
[1.399s] Level 1:colcon.colcon_core.package_identification:_identify(FYP-AI-Model/runs/detect) by extension 'cmake'
[1.399s] Level 1:colcon.colcon_core.package_identification:_identify(FYP-AI-Model/runs/detect) by extension 'python'
[1.399s] Level 1:colcon.colcon_core.package_identification:_identify(FYP-AI-Model/runs/detect) by extensions ['python_setup_py']
[1.400s] Level 1:colcon.colcon_core.package_identification:_identify(FYP-AI-Model/runs/detect) by extension 'python_setup_py'
[1.401s] Level 1:colcon.colcon_core.package_identification:_identify(FYP-AI-Model/runs/detect/predict) by extensions ['ignore', 'ignore_ament_install']
[1.401s] Level 1:colcon.colcon_core.package_identification:_identify(FYP-AI-Model/runs/detect/predict) by extension 'ignore'
[1.402s] Level 1:colcon.colcon_core.package_identification:_identify(FYP-AI-Model/runs/detect/predict) by extension 'ignore_ament_install'
[1.402s] Level 1:colcon.colcon_core.package_identification:_identify(FYP-AI-Model/runs/detect/predict) by extensions ['colcon_pkg']
[1.402s] Level 1:colcon.colcon_core.package_identification:_identify(FYP-AI-Model/runs/detect/predict) by extension 'colcon_pkg'
[1.402s] Level 1:colcon.colcon_core.package_identification:_identify(FYP-AI-Model/runs/detect/predict) by extensions ['colcon_meta']
[1.403s] Level 1:colcon.colcon_core.package_identification:_identify(FYP-AI-Model/runs/detect/predict) by extension 'colcon_meta'
[1.403s] Level 1:colcon.colcon_core.package_identification:_identify(FYP-AI-Model/runs/detect/predict) by extensions ['ros']
[1.403s] Level 1:colcon.colcon_core.package_identification:_identify(FYP-AI-Model/runs/detect/predict) by extension 'ros'
[1.403s] Level 1:colcon.colcon_core.package_identification:_identify(FYP-AI-Model/runs/detect/predict) by extensions ['cmake', 'python']
[1.403s] Level 1:colcon.colcon_core.package_identification:_identify(FYP-AI-Model/runs/detect/predict) by extension 'cmake'
[1.404s] Level 1:colcon.colcon_core.package_identification:_identify(FYP-AI-Model/runs/detect/predict) by extension 'python'
[1.404s] Level 1:colcon.colcon_core.package_identification:_identify(FYP-AI-Model/runs/detect/predict) by extensions ['python_setup_py']
[1.404s] Level 1:colcon.colcon_core.package_identification:_identify(FYP-AI-Model/runs/detect/predict) by extension 'python_setup_py'
[1.405s] Level 1:colcon.colcon_core.package_identification:_identify(FYP-AI-Model/ultralytics) by extensions ['ignore', 'ignore_ament_install']
[1.405s] Level 1:colcon.colcon_core.package_identification:_identify(FYP-AI-Model/ultralytics) by extension 'ignore'
[1.405s] Level 1:colcon.colcon_core.package_identification:_identify(FYP-AI-Model/ultralytics) by extension 'ignore_ament_install'
[1.406s] Level 1:colcon.colcon_core.package_identification:_identify(FYP-AI-Model/ultralytics) by extensions ['colcon_pkg']
[1.406s] Level 1:colcon.colcon_core.package_identification:_identify(FYP-AI-Model/ultralytics) by extension 'colcon_pkg'
[1.406s] Level 1:colcon.colcon_core.package_identification:_identify(FYP-AI-Model/ultralytics) by extensions ['colcon_meta']
[1.406s] Level 1:colcon.colcon_core.package_identification:_identify(FYP-AI-Model/ultralytics) by extension 'colcon_meta'
[1.406s] Level 1:colcon.colcon_core.package_identification:_identify(FYP-AI-Model/ultralytics) by extensions ['ros']
[1.406s] Level 1:colcon.colcon_core.package_identification:_identify(FYP-AI-Model/ultralytics) by extension 'ros'
[1.406s] Level 1:colcon.colcon_core.package_identification:_identify(FYP-AI-Model/ultralytics) by extensions ['cmake', 'python']
[1.406s] Level 1:colcon.colcon_core.package_identification:_identify(FYP-AI-Model/ultralytics) by extension 'cmake'
[1.406s] Level 1:colcon.colcon_core.package_identification:_identify(FYP-AI-Model/ultralytics) by extension 'python'
[1.407s] Level 1:colcon.colcon_core.package_identification:_identify(FYP-AI-Model/ultralytics) by extensions ['python_setup_py']
[1.407s] Level 1:colcon.colcon_core.package_identification:_identify(FYP-AI-Model/ultralytics) by extension 'python_setup_py'
[1.408s] Level 1:colcon.colcon_core.package_identification:_identify(FYP-AI-Model/ultralytics/__pycache__) by extensions ['ignore', 'ignore_ament_install']
[1.408s] Level 1:colcon.colcon_core.package_identification:_identify(FYP-AI-Model/ultralytics/__pycache__) by extension 'ignore'
[1.409s] Level 1:colcon.colcon_core.package_identification:_identify(FYP-AI-Model/ultralytics/__pycache__) by extension 'ignore_ament_install'
[1.409s] Level 1:colcon.colcon_core.package_identification:_identify(FYP-AI-Model/ultralytics/__pycache__) by extensions ['colcon_pkg']
[1.409s] Level 1:colcon.colcon_core.package_identification:_identify(FYP-AI-Model/ultralytics/__pycache__) by extension 'colcon_pkg'
[1.409s] Level 1:colcon.colcon_core.package_identification:_identify(FYP-AI-Model/ultralytics/__pycache__) by extensions ['colcon_meta']
[1.409s] Level 1:colcon.colcon_core.package_identification:_identify(FYP-AI-Model/ultralytics/__pycache__) by extension 'colcon_meta'
[1.409s] Level 1:colcon.colcon_core.package_identification:_identify(FYP-AI-Model/ultralytics/__pycache__) by extensions ['ros']
[1.409s] Level 1:colcon.colcon_core.package_identification:_identify(FYP-AI-Model/ultralytics/__pycache__) by extension 'ros'
[1.410s] Level 1:colcon.colcon_core.package_identification:_identify(FYP-AI-Model/ultralytics/__pycache__) by extensions ['cmake', 'python']
[1.410s] Level 1:colcon.colcon_core.package_identification:_identify(FYP-AI-Model/ultralytics/__pycache__) by extension 'cmake'
[1.410s] Level 1:colcon.colcon_core.package_identification:_identify(FYP-AI-Model/ultralytics/__pycache__) by extension 'python'
[1.410s] Level 1:colcon.colcon_core.package_identification:_identify(FYP-AI-Model/ultralytics/__pycache__) by extensions ['python_setup_py']
[1.410s] Level 1:colcon.colcon_core.package_identification:_identify(FYP-AI-Model/ultralytics/__pycache__) by extension 'python_setup_py'
[1.411s] Level 1:colcon.colcon_core.package_identification:_identify(FYP-AI-Model/ultralytics/hub) by extensions ['ignore', 'ignore_ament_install']
[1.411s] Level 1:colcon.colcon_core.package_identification:_identify(FYP-AI-Model/ultralytics/hub) by extension 'ignore'
[1.411s] Level 1:colcon.colcon_core.package_identification:_identify(FYP-AI-Model/ultralytics/hub) by extension 'ignore_ament_install'
[1.412s] Level 1:colcon.colcon_core.package_identification:_identify(FYP-AI-Model/ultralytics/hub) by extensions ['colcon_pkg']
[1.412s] Level 1:colcon.colcon_core.package_identification:_identify(FYP-AI-Model/ultralytics/hub) by extension 'colcon_pkg'
[1.412s] Level 1:colcon.colcon_core.package_identification:_identify(FYP-AI-Model/ultralytics/hub) by extensions ['colcon_meta']
[1.412s] Level 1:colcon.colcon_core.package_identification:_identify(FYP-AI-Model/ultralytics/hub) by extension 'colcon_meta'
[1.412s] Level 1:colcon.colcon_core.package_identification:_identify(FYP-AI-Model/ultralytics/hub) by extensions ['ros']
[1.412s] Level 1:colcon.colcon_core.package_identification:_identify(FYP-AI-Model/ultralytics/hub) by extension 'ros'
[1.412s] Level 1:colcon.colcon_core.package_identification:_identify(FYP-AI-Model/ultralytics/hub) by extensions ['cmake', 'python']
[1.413s] Level 1:colcon.colcon_core.package_identification:_identify(FYP-AI-Model/ultralytics/hub) by extension 'cmake'
[1.413s] Level 1:colcon.colcon_core.package_identification:_identify(FYP-AI-Model/ultralytics/hub) by extension 'python'
[1.413s] Level 1:colcon.colcon_core.package_identification:_identify(FYP-AI-Model/ultralytics/hub) by extensions ['python_setup_py']
[1.413s] Level 1:colcon.colcon_core.package_identification:_identify(FYP-AI-Model/ultralytics/hub) by extension 'python_setup_py'
[1.414s] Level 1:colcon.colcon_core.package_identification:_identify(FYP-AI-Model/ultralytics/hub/__pycache__) by extensions ['ignore', 'ignore_ament_install']
[1.414s] Level 1:colcon.colcon_core.package_identification:_identify(FYP-AI-Model/ultralytics/hub/__pycache__) by extension 'ignore'
[1.414s] Level 1:colcon.colcon_core.package_identification:_identify(FYP-AI-Model/ultralytics/hub/__pycache__) by extension 'ignore_ament_install'
[1.415s] Level 1:colcon.colcon_core.package_identification:_identify(FYP-AI-Model/ultralytics/hub/__pycache__) by extensions ['colcon_pkg']
[1.415s] Level 1:colcon.colcon_core.package_identification:_identify(FYP-AI-Model/ultralytics/hub/__pycache__) by extension 'colcon_pkg'
[1.415s] Level 1:colcon.colcon_core.package_identification:_identify(FYP-AI-Model/ultralytics/hub/__pycache__) by extensions ['colcon_meta']
[1.415s] Level 1:colcon.colcon_core.package_identification:_identify(FYP-AI-Model/ultralytics/hub/__pycache__) by extension 'colcon_meta'
[1.415s] Level 1:colcon.colcon_core.package_identification:_identify(FYP-AI-Model/ultralytics/hub/__pycache__) by extensions ['ros']
[1.416s] Level 1:colcon.colcon_core.package_identification:_identify(FYP-AI-Model/ultralytics/hub/__pycache__) by extension 'ros'
[1.416s] Level 1:colcon.colcon_core.package_identification:_identify(FYP-AI-Model/ultralytics/hub/__pycache__) by extensions ['cmake', 'python']
[1.416s] Level 1:colcon.colcon_core.package_identification:_identify(FYP-AI-Model/ultralytics/hub/__pycache__) by extension 'cmake'
[1.416s] Level 1:colcon.colcon_core.package_identification:_identify(FYP-AI-Model/ultralytics/hub/__pycache__) by extension 'python'
[1.416s] Level 1:colcon.colcon_core.package_identification:_identify(FYP-AI-Model/ultralytics/hub/__pycache__) by extensions ['python_setup_py']
[1.416s] Level 1:colcon.colcon_core.package_identification:_identify(FYP-AI-Model/ultralytics/hub/__pycache__) by extension 'python_setup_py'
[1.417s] Level 1:colcon.colcon_core.package_identification:_identify(FYP-AI-Model/ultralytics/models) by extensions ['ignore', 'ignore_ament_install']
[1.418s] Level 1:colcon.colcon_core.package_identification:_identify(FYP-AI-Model/ultralytics/models) by extension 'ignore'
[1.418s] Level 1:colcon.colcon_core.package_identification:_identify(FYP-AI-Model/ultralytics/models) by extension 'ignore_ament_install'
[1.418s] Level 1:colcon.colcon_core.package_identification:_identify(FYP-AI-Model/ultralytics/models) by extensions ['colcon_pkg']
[1.418s] Level 1:colcon.colcon_core.package_identification:_identify(FYP-AI-Model/ultralytics/models) by extension 'colcon_pkg'
[1.418s] Level 1:colcon.colcon_core.package_identification:_identify(FYP-AI-Model/ultralytics/models) by extensions ['colcon_meta']
[1.419s] Level 1:colcon.colcon_core.package_identification:_identify(FYP-AI-Model/ultralytics/models) by extension 'colcon_meta'
[1.419s] Level 1:colcon.colcon_core.package_identification:_identify(FYP-AI-Model/ultralytics/models) by extensions ['ros']
[1.419s] Level 1:colcon.colcon_core.package_identification:_identify(FYP-AI-Model/ultralytics/models) by extension 'ros'
[1.419s] Level 1:colcon.colcon_core.package_identification:_identify(FYP-AI-Model/ultralytics/models) by extensions ['cmake', 'python']
[1.419s] Level 1:colcon.colcon_core.package_identification:_identify(FYP-AI-Model/ultralytics/models) by extension 'cmake'
[1.419s] Level 1:colcon.colcon_core.package_identification:_identify(FYP-AI-Model/ultralytics/models) by extension 'python'
[1.419s] Level 1:colcon.colcon_core.package_identification:_identify(FYP-AI-Model/ultralytics/models) by extensions ['python_setup_py']
[1.419s] Level 1:colcon.colcon_core.package_identification:_identify(FYP-AI-Model/ultralytics/models) by extension 'python_setup_py'
[1.420s] Level 1:colcon.colcon_core.package_identification:_identify(FYP-AI-Model/ultralytics/models/v3) by extensions ['ignore', 'ignore_ament_install']
[1.421s] Level 1:colcon.colcon_core.package_identification:_identify(FYP-AI-Model/ultralytics/models/v3) by extension 'ignore'
[1.421s] Level 1:colcon.colcon_core.package_identification:_identify(FYP-AI-Model/ultralytics/models/v3) by extension 'ignore_ament_install'
[1.421s] Level 1:colcon.colcon_core.package_identification:_identify(FYP-AI-Model/ultralytics/models/v3) by extensions ['colcon_pkg']
[1.421s] Level 1:colcon.colcon_core.package_identification:_identify(FYP-AI-Model/ultralytics/models/v3) by extension 'colcon_pkg'
[1.421s] Level 1:colcon.colcon_core.package_identification:_identify(FYP-AI-Model/ultralytics/models/v3) by extensions ['colcon_meta']
[1.422s] Level 1:colcon.colcon_core.package_identification:_identify(FYP-AI-Model/ultralytics/models/v3) by extension 'colcon_meta'
[1.422s] Level 1:colcon.colcon_core.package_identification:_identify(FYP-AI-Model/ultralytics/models/v3) by extensions ['ros']
[1.422s] Level 1:colcon.colcon_core.package_identification:_identify(FYP-AI-Model/ultralytics/models/v3) by extension 'ros'
[1.422s] Level 1:colcon.colcon_core.package_identification:_identify(FYP-AI-Model/ultralytics/models/v3) by extensions ['cmake', 'python']
[1.422s] Level 1:colcon.colcon_core.package_identification:_identify(FYP-AI-Model/ultralytics/models/v3) by extension 'cmake'
[1.422s] Level 1:colcon.colcon_core.package_identification:_identify(FYP-AI-Model/ultralytics/models/v3) by extension 'python'
[1.423s] Level 1:colcon.colcon_core.package_identification:_identify(FYP-AI-Model/ultralytics/models/v3) by extensions ['python_setup_py']
[1.423s] Level 1:colcon.colcon_core.package_identification:_identify(FYP-AI-Model/ultralytics/models/v3) by extension 'python_setup_py'
[1.424s] Level 1:colcon.colcon_core.package_identification:_identify(FYP-AI-Model/ultralytics/models/v5) by extensions ['ignore', 'ignore_ament_install']
[1.424s] Level 1:colcon.colcon_core.package_identification:_identify(FYP-AI-Model/ultralytics/models/v5) by extension 'ignore'
[1.424s] Level 1:colcon.colcon_core.package_identification:_identify(FYP-AI-Model/ultralytics/models/v5) by extension 'ignore_ament_install'
[1.425s] Level 1:colcon.colcon_core.package_identification:_identify(FYP-AI-Model/ultralytics/models/v5) by extensions ['colcon_pkg']
[1.425s] Level 1:colcon.colcon_core.package_identification:_identify(FYP-AI-Model/ultralytics/models/v5) by extension 'colcon_pkg'
[1.425s] Level 1:colcon.colcon_core.package_identification:_identify(FYP-AI-Model/ultralytics/models/v5) by extensions ['colcon_meta']
[1.425s] Level 1:colcon.colcon_core.package_identification:_identify(FYP-AI-Model/ultralytics/models/v5) by extension 'colcon_meta'
[1.425s] Level 1:colcon.colcon_core.package_identification:_identify(FYP-AI-Model/ultralytics/models/v5) by extensions ['ros']
[1.425s] Level 1:colcon.colcon_core.package_identification:_identify(FYP-AI-Model/ultralytics/models/v5) by extension 'ros'
[1.425s] Level 1:colcon.colcon_core.package_identification:_identify(FYP-AI-Model/ultralytics/models/v5) by extensions ['cmake', 'python']
[1.425s] Level 1:colcon.colcon_core.package_identification:_identify(FYP-AI-Model/ultralytics/models/v5) by extension 'cmake'
[1.426s] Level 1:colcon.colcon_core.package_identification:_identify(FYP-AI-Model/ultralytics/models/v5) by extension 'python'
[1.426s] Level 1:colcon.colcon_core.package_identification:_identify(FYP-AI-Model/ultralytics/models/v5) by extensions ['python_setup_py']
[1.426s] Level 1:colcon.colcon_core.package_identification:_identify(FYP-AI-Model/ultralytics/models/v5) by extension 'python_setup_py'
[1.427s] Level 1:colcon.colcon_core.package_identification:_identify(FYP-AI-Model/ultralytics/models/v8) by extensions ['ignore', 'ignore_ament_install']
[1.427s] Level 1:colcon.colcon_core.package_identification:_identify(FYP-AI-Model/ultralytics/models/v8) by extension 'ignore'
[1.428s] Level 1:colcon.colcon_core.package_identification:_identify(FYP-AI-Model/ultralytics/models/v8) by extension 'ignore_ament_install'
[1.428s] Level 1:colcon.colcon_core.package_identification:_identify(FYP-AI-Model/ultralytics/models/v8) by extensions ['colcon_pkg']
[1.428s] Level 1:colcon.colcon_core.package_identification:_identify(FYP-AI-Model/ultralytics/models/v8) by extension 'colcon_pkg'
[1.428s] Level 1:colcon.colcon_core.package_identification:_identify(FYP-AI-Model/ultralytics/models/v8) by extensions ['colcon_meta']
[1.428s] Level 1:colcon.colcon_core.package_identification:_identify(FYP-AI-Model/ultralytics/models/v8) by extension 'colcon_meta'
[1.428s] Level 1:colcon.colcon_core.package_identification:_identify(FYP-AI-Model/ultralytics/models/v8) by extensions ['ros']
[1.429s] Level 1:colcon.colcon_core.package_identification:_identify(FYP-AI-Model/ultralytics/models/v8) by extension 'ros'
[1.429s] Level 1:colcon.colcon_core.package_identification:_identify(FYP-AI-Model/ultralytics/models/v8) by extensions ['cmake', 'python']
[1.429s] Level 1:colcon.colcon_core.package_identification:_identify(FYP-AI-Model/ultralytics/models/v8) by extension 'cmake'
[1.429s] Level 1:colcon.colcon_core.package_identification:_identify(FYP-AI-Model/ultralytics/models/v8) by extension 'python'
[1.429s] Level 1:colcon.colcon_core.package_identification:_identify(FYP-AI-Model/ultralytics/models/v8) by extensions ['python_setup_py']
[1.430s] Level 1:colcon.colcon_core.package_identification:_identify(FYP-AI-Model/ultralytics/models/v8) by extension 'python_setup_py'
[1.430s] Level 1:colcon.colcon_core.package_identification:_identify(FYP-AI-Model/ultralytics/models/v8/cls) by extensions ['ignore', 'ignore_ament_install']
[1.431s] Level 1:colcon.colcon_core.package_identification:_identify(FYP-AI-Model/ultralytics/models/v8/cls) by extension 'ignore'
[1.431s] Level 1:colcon.colcon_core.package_identification:_identify(FYP-AI-Model/ultralytics/models/v8/cls) by extension 'ignore_ament_install'
[1.431s] Level 1:colcon.colcon_core.package_identification:_identify(FYP-AI-Model/ultralytics/models/v8/cls) by extensions ['colcon_pkg']
[1.432s] Level 1:colcon.colcon_core.package_identification:_identify(FYP-AI-Model/ultralytics/models/v8/cls) by extension 'colcon_pkg'
[1.432s] Level 1:colcon.colcon_core.package_identification:_identify(FYP-AI-Model/ultralytics/models/v8/cls) by extensions ['colcon_meta']
[1.432s] Level 1:colcon.colcon_core.package_identification:_identify(FYP-AI-Model/ultralytics/models/v8/cls) by extension 'colcon_meta'
[1.432s] Level 1:colcon.colcon_core.package_identification:_identify(FYP-AI-Model/ultralytics/models/v8/cls) by extensions ['ros']
[1.432s] Level 1:colcon.colcon_core.package_identification:_identify(FYP-AI-Model/ultralytics/models/v8/cls) by extension 'ros'
[1.433s] Level 1:colcon.colcon_core.package_identification:_identify(FYP-AI-Model/ultralytics/models/v8/cls) by extensions ['cmake', 'python']
[1.433s] Level 1:colcon.colcon_core.package_identification:_identify(FYP-AI-Model/ultralytics/models/v8/cls) by extension 'cmake'
[1.433s] Level 1:colcon.colcon_core.package_identification:_identify(FYP-AI-Model/ultralytics/models/v8/cls) by extension 'python'
[1.433s] Level 1:colcon.colcon_core.package_identification:_identify(FYP-AI-Model/ultralytics/models/v8/cls) by extensions ['python_setup_py']
[1.433s] Level 1:colcon.colcon_core.package_identification:_identify(FYP-AI-Model/ultralytics/models/v8/cls) by extension 'python_setup_py'
[1.435s] Level 1:colcon.colcon_core.package_identification:_identify(FYP-AI-Model/ultralytics/models/v8/seg) by extensions ['ignore', 'ignore_ament_install']
[1.435s] Level 1:colcon.colcon_core.package_identification:_identify(FYP-AI-Model/ultralytics/models/v8/seg) by extension 'ignore'
[1.435s] Level 1:colcon.colcon_core.package_identification:_identify(FYP-AI-Model/ultralytics/models/v8/seg) by extension 'ignore_ament_install'
[1.435s] Level 1:colcon.colcon_core.package_identification:_identify(FYP-AI-Model/ultralytics/models/v8/seg) by extensions ['colcon_pkg']
[1.435s] Level 1:colcon.colcon_core.package_identification:_identify(FYP-AI-Model/ultralytics/models/v8/seg) by extension 'colcon_pkg'
[1.436s] Level 1:colcon.colcon_core.package_identification:_identify(FYP-AI-Model/ultralytics/models/v8/seg) by extensions ['colcon_meta']
[1.436s] Level 1:colcon.colcon_core.package_identification:_identify(FYP-AI-Model/ultralytics/models/v8/seg) by extension 'colcon_meta'
[1.436s] Level 1:colcon.colcon_core.package_identification:_identify(FYP-AI-Model/ultralytics/models/v8/seg) by extensions ['ros']
[1.436s] Level 1:colcon.colcon_core.package_identification:_identify(FYP-AI-Model/ultralytics/models/v8/seg) by extension 'ros'
[1.436s] Level 1:colcon.colcon_core.package_identification:_identify(FYP-AI-Model/ultralytics/models/v8/seg) by extensions ['cmake', 'python']
[1.436s] Level 1:colcon.colcon_core.package_identification:_identify(FYP-AI-Model/ultralytics/models/v8/seg) by extension 'cmake'
[1.436s] Level 1:colcon.colcon_core.package_identification:_identify(FYP-AI-Model/ultralytics/models/v8/seg) by extension 'python'
[1.436s] Level 1:colcon.colcon_core.package_identification:_identify(FYP-AI-Model/ultralytics/models/v8/seg) by extensions ['python_setup_py']
[1.436s] Level 1:colcon.colcon_core.package_identification:_identify(FYP-AI-Model/ultralytics/models/v8/seg) by extension 'python_setup_py'
[1.437s] Level 1:colcon.colcon_core.package_identification:_identify(FYP-AI-Model/ultralytics/nn) by extensions ['ignore', 'ignore_ament_install']
[1.437s] Level 1:colcon.colcon_core.package_identification:_identify(FYP-AI-Model/ultralytics/nn) by extension 'ignore'
[1.438s] Level 1:colcon.colcon_core.package_identification:_identify(FYP-AI-Model/ultralytics/nn) by extension 'ignore_ament_install'
[1.438s] Level 1:colcon.colcon_core.package_identification:_identify(FYP-AI-Model/ultralytics/nn) by extensions ['colcon_pkg']
[1.438s] Level 1:colcon.colcon_core.package_identification:_identify(FYP-AI-Model/ultralytics/nn) by extension 'colcon_pkg'
[1.438s] Level 1:colcon.colcon_core.package_identification:_identify(FYP-AI-Model/ultralytics/nn) by extensions ['colcon_meta']
[1.438s] Level 1:colcon.colcon_core.package_identification:_identify(FYP-AI-Model/ultralytics/nn) by extension 'colcon_meta'
[1.438s] Level 1:colcon.colcon_core.package_identification:_identify(FYP-AI-Model/ultralytics/nn) by extensions ['ros']
[1.438s] Level 1:colcon.colcon_core.package_identification:_identify(FYP-AI-Model/ultralytics/nn) by extension 'ros'
[1.438s] Level 1:colcon.colcon_core.package_identification:_identify(FYP-AI-Model/ultralytics/nn) by extensions ['cmake', 'python']
[1.439s] Level 1:colcon.colcon_core.package_identification:_identify(FYP-AI-Model/ultralytics/nn) by extension 'cmake'
[1.439s] Level 1:colcon.colcon_core.package_identification:_identify(FYP-AI-Model/ultralytics/nn) by extension 'python'
[1.439s] Level 1:colcon.colcon_core.package_identification:_identify(FYP-AI-Model/ultralytics/nn) by extensions ['python_setup_py']
[1.439s] Level 1:colcon.colcon_core.package_identification:_identify(FYP-AI-Model/ultralytics/nn) by extension 'python_setup_py'
[1.440s] Level 1:colcon.colcon_core.package_identification:_identify(FYP-AI-Model/ultralytics/nn/__pycache__) by extensions ['ignore', 'ignore_ament_install']
[1.440s] Level 1:colcon.colcon_core.package_identification:_identify(FYP-AI-Model/ultralytics/nn/__pycache__) by extension 'ignore'
[1.440s] Level 1:colcon.colcon_core.package_identification:_identify(FYP-AI-Model/ultralytics/nn/__pycache__) by extension 'ignore_ament_install'
[1.440s] Level 1:colcon.colcon_core.package_identification:_identify(FYP-AI-Model/ultralytics/nn/__pycache__) by extensions ['colcon_pkg']
[1.440s] Level 1:colcon.colcon_core.package_identification:_identify(FYP-AI-Model/ultralytics/nn/__pycache__) by extension 'colcon_pkg'
[1.440s] Level 1:colcon.colcon_core.package_identification:_identify(FYP-AI-Model/ultralytics/nn/__pycache__) by extensions ['colcon_meta']
[1.440s] Level 1:colcon.colcon_core.package_identification:_identify(FYP-AI-Model/ultralytics/nn/__pycache__) by extension 'colcon_meta'
[1.441s] Level 1:colcon.colcon_core.package_identification:_identify(FYP-AI-Model/ultralytics/nn/__pycache__) by extensions ['ros']
[1.441s] Level 1:colcon.colcon_core.package_identification:_identify(FYP-AI-Model/ultralytics/nn/__pycache__) by extension 'ros'
[1.441s] Level 1:colcon.colcon_core.package_identification:_identify(FYP-AI-Model/ultralytics/nn/__pycache__) by extensions ['cmake', 'python']
[1.441s] Level 1:colcon.colcon_core.package_identification:_identify(FYP-AI-Model/ultralytics/nn/__pycache__) by extension 'cmake'
[1.441s] Level 1:colcon.colcon_core.package_identification:_identify(FYP-AI-Model/ultralytics/nn/__pycache__) by extension 'python'
[1.441s] Level 1:colcon.colcon_core.package_identification:_identify(FYP-AI-Model/ultralytics/nn/__pycache__) by extensions ['python_setup_py']
[1.441s] Level 1:colcon.colcon_core.package_identification:_identify(FYP-AI-Model/ultralytics/nn/__pycache__) by extension 'python_setup_py'
[1.442s] Level 1:colcon.colcon_core.package_identification:_identify(FYP-AI-Model/ultralytics/yolo) by extensions ['ignore', 'ignore_ament_install']
[1.443s] Level 1:colcon.colcon_core.package_identification:_identify(FYP-AI-Model/ultralytics/yolo) by extension 'ignore'
[1.443s] Level 1:colcon.colcon_core.package_identification:_identify(FYP-AI-Model/ultralytics/yolo) by extension 'ignore_ament_install'
[1.443s] Level 1:colcon.colcon_core.package_identification:_identify(FYP-AI-Model/ultralytics/yolo) by extensions ['colcon_pkg']
[1.443s] Level 1:colcon.colcon_core.package_identification:_identify(FYP-AI-Model/ultralytics/yolo) by extension 'colcon_pkg'
[1.443s] Level 1:colcon.colcon_core.package_identification:_identify(FYP-AI-Model/ultralytics/yolo) by extensions ['colcon_meta']
[1.443s] Level 1:colcon.colcon_core.package_identification:_identify(FYP-AI-Model/ultralytics/yolo) by extension 'colcon_meta'
[1.443s] Level 1:colcon.colcon_core.package_identification:_identify(FYP-AI-Model/ultralytics/yolo) by extensions ['ros']
[1.443s] Level 1:colcon.colcon_core.package_identification:_identify(FYP-AI-Model/ultralytics/yolo) by extension 'ros'
[1.443s] Level 1:colcon.colcon_core.package_identification:_identify(FYP-AI-Model/ultralytics/yolo) by extensions ['cmake', 'python']
[1.444s] Level 1:colcon.colcon_core.package_identification:_identify(FYP-AI-Model/ultralytics/yolo) by extension 'cmake'
[1.444s] Level 1:colcon.colcon_core.package_identification:_identify(FYP-AI-Model/ultralytics/yolo) by extension 'python'
[1.444s] Level 1:colcon.colcon_core.package_identification:_identify(FYP-AI-Model/ultralytics/yolo) by extensions ['python_setup_py']
[1.444s] Level 1:colcon.colcon_core.package_identification:_identify(FYP-AI-Model/ultralytics/yolo) by extension 'python_setup_py'
[1.445s] Level 1:colcon.colcon_core.package_identification:_identify(FYP-AI-Model/ultralytics/yolo/configs) by extensions ['ignore', 'ignore_ament_install']
[1.445s] Level 1:colcon.colcon_core.package_identification:_identify(FYP-AI-Model/ultralytics/yolo/configs) by extension 'ignore'
[1.446s] Level 1:colcon.colcon_core.package_identification:_identify(FYP-AI-Model/ultralytics/yolo/configs) by extension 'ignore_ament_install'
[1.446s] Level 1:colcon.colcon_core.package_identification:_identify(FYP-AI-Model/ultralytics/yolo/configs) by extensions ['colcon_pkg']
[1.446s] Level 1:colcon.colcon_core.package_identification:_identify(FYP-AI-Model/ultralytics/yolo/configs) by extension 'colcon_pkg'
[1.446s] Level 1:colcon.colcon_core.package_identification:_identify(FYP-AI-Model/ultralytics/yolo/configs) by extensions ['colcon_meta']
[1.446s] Level 1:colcon.colcon_core.package_identification:_identify(FYP-AI-Model/ultralytics/yolo/configs) by extension 'colcon_meta'
[1.446s] Level 1:colcon.colcon_core.package_identification:_identify(FYP-AI-Model/ultralytics/yolo/configs) by extensions ['ros']
[1.447s] Level 1:colcon.colcon_core.package_identification:_identify(FYP-AI-Model/ultralytics/yolo/configs) by extension 'ros'
[1.447s] Level 1:colcon.colcon_core.package_identification:_identify(FYP-AI-Model/ultralytics/yolo/configs) by extensions ['cmake', 'python']
[1.447s] Level 1:colcon.colcon_core.package_identification:_identify(FYP-AI-Model/ultralytics/yolo/configs) by extension 'cmake'
[1.447s] Level 1:colcon.colcon_core.package_identification:_identify(FYP-AI-Model/ultralytics/yolo/configs) by extension 'python'
[1.448s] Level 1:colcon.colcon_core.package_identification:_identify(FYP-AI-Model/ultralytics/yolo/configs) by extensions ['python_setup_py']
[1.448s] Level 1:colcon.colcon_core.package_identification:_identify(FYP-AI-Model/ultralytics/yolo/configs) by extension 'python_setup_py'
[1.448s] Level 1:colcon.colcon_core.package_identification:_identify(FYP-AI-Model/ultralytics/yolo/configs/__pycache__) by extensions ['ignore', 'ignore_ament_install']
[1.449s] Level 1:colcon.colcon_core.package_identification:_identify(FYP-AI-Model/ultralytics/yolo/configs/__pycache__) by extension 'ignore'
[1.450s] Level 1:colcon.colcon_core.package_identification:_identify(FYP-AI-Model/ultralytics/yolo/configs/__pycache__) by extension 'ignore_ament_install'
[1.450s] Level 1:colcon.colcon_core.package_identification:_identify(FYP-AI-Model/ultralytics/yolo/configs/__pycache__) by extensions ['colcon_pkg']
[1.450s] Level 1:colcon.colcon_core.package_identification:_identify(FYP-AI-Model/ultralytics/yolo/configs/__pycache__) by extension 'colcon_pkg'
[1.450s] Level 1:colcon.colcon_core.package_identification:_identify(FYP-AI-Model/ultralytics/yolo/configs/__pycache__) by extensions ['colcon_meta']
[1.450s] Level 1:colcon.colcon_core.package_identification:_identify(FYP-AI-Model/ultralytics/yolo/configs/__pycache__) by extension 'colcon_meta'
[1.451s] Level 1:colcon.colcon_core.package_identification:_identify(FYP-AI-Model/ultralytics/yolo/configs/__pycache__) by extensions ['ros']
[1.451s] Level 1:colcon.colcon_core.package_identification:_identify(FYP-AI-Model/ultralytics/yolo/configs/__pycache__) by extension 'ros'
[1.451s] Level 1:colcon.colcon_core.package_identification:_identify(FYP-AI-Model/ultralytics/yolo/configs/__pycache__) by extensions ['cmake', 'python']
[1.451s] Level 1:colcon.colcon_core.package_identification:_identify(FYP-AI-Model/ultralytics/yolo/configs/__pycache__) by extension 'cmake'
[1.452s] Level 1:colcon.colcon_core.package_identification:_identify(FYP-AI-Model/ultralytics/yolo/configs/__pycache__) by extension 'python'
[1.452s] Level 1:colcon.colcon_core.package_identification:_identify(FYP-AI-Model/ultralytics/yolo/configs/__pycache__) by extensions ['python_setup_py']
[1.452s] Level 1:colcon.colcon_core.package_identification:_identify(FYP-AI-Model/ultralytics/yolo/configs/__pycache__) by extension 'python_setup_py'
[1.453s] Level 1:colcon.colcon_core.package_identification:_identify(FYP-AI-Model/ultralytics/yolo/data) by extensions ['ignore', 'ignore_ament_install']
[1.453s] Level 1:colcon.colcon_core.package_identification:_identify(FYP-AI-Model/ultralytics/yolo/data) by extension 'ignore'
[1.453s] Level 1:colcon.colcon_core.package_identification:_identify(FYP-AI-Model/ultralytics/yolo/data) by extension 'ignore_ament_install'
[1.454s] Level 1:colcon.colcon_core.package_identification:_identify(FYP-AI-Model/ultralytics/yolo/data) by extensions ['colcon_pkg']
[1.454s] Level 1:colcon.colcon_core.package_identification:_identify(FYP-AI-Model/ultralytics/yolo/data) by extension 'colcon_pkg'
[1.454s] Level 1:colcon.colcon_core.package_identification:_identify(FYP-AI-Model/ultralytics/yolo/data) by extensions ['colcon_meta']
[1.454s] Level 1:colcon.colcon_core.package_identification:_identify(FYP-AI-Model/ultralytics/yolo/data) by extension 'colcon_meta'
[1.454s] Level 1:colcon.colcon_core.package_identification:_identify(FYP-AI-Model/ultralytics/yolo/data) by extensions ['ros']
[1.454s] Level 1:colcon.colcon_core.package_identification:_identify(FYP-AI-Model/ultralytics/yolo/data) by extension 'ros'
[1.454s] Level 1:colcon.colcon_core.package_identification:_identify(FYP-AI-Model/ultralytics/yolo/data) by extensions ['cmake', 'python']
[1.455s] Level 1:colcon.colcon_core.package_identification:_identify(FYP-AI-Model/ultralytics/yolo/data) by extension 'cmake'
[1.455s] Level 1:colcon.colcon_core.package_identification:_identify(FYP-AI-Model/ultralytics/yolo/data) by extension 'python'
[1.455s] Level 1:colcon.colcon_core.package_identification:_identify(FYP-AI-Model/ultralytics/yolo/data) by extensions ['python_setup_py']
[1.455s] Level 1:colcon.colcon_core.package_identification:_identify(FYP-AI-Model/ultralytics/yolo/data) by extension 'python_setup_py'
[1.456s] Level 1:colcon.colcon_core.package_identification:_identify(FYP-AI-Model/ultralytics/yolo/data/__pycache__) by extensions ['ignore', 'ignore_ament_install']
[1.456s] Level 1:colcon.colcon_core.package_identification:_identify(FYP-AI-Model/ultralytics/yolo/data/__pycache__) by extension 'ignore'
[1.456s] Level 1:colcon.colcon_core.package_identification:_identify(FYP-AI-Model/ultralytics/yolo/data/__pycache__) by extension 'ignore_ament_install'
[1.456s] Level 1:colcon.colcon_core.package_identification:_identify(FYP-AI-Model/ultralytics/yolo/data/__pycache__) by extensions ['colcon_pkg']
[1.456s] Level 1:colcon.colcon_core.package_identification:_identify(FYP-AI-Model/ultralytics/yolo/data/__pycache__) by extension 'colcon_pkg'
[1.457s] Level 1:colcon.colcon_core.package_identification:_identify(FYP-AI-Model/ultralytics/yolo/data/__pycache__) by extensions ['colcon_meta']
[1.457s] Level 1:colcon.colcon_core.package_identification:_identify(FYP-AI-Model/ultralytics/yolo/data/__pycache__) by extension 'colcon_meta'
[1.457s] Level 1:colcon.colcon_core.package_identification:_identify(FYP-AI-Model/ultralytics/yolo/data/__pycache__) by extensions ['ros']
[1.457s] Level 1:colcon.colcon_core.package_identification:_identify(FYP-AI-Model/ultralytics/yolo/data/__pycache__) by extension 'ros'
[1.457s] Level 1:colcon.colcon_core.package_identification:_identify(FYP-AI-Model/ultralytics/yolo/data/__pycache__) by extensions ['cmake', 'python']
[1.457s] Level 1:colcon.colcon_core.package_identification:_identify(FYP-AI-Model/ultralytics/yolo/data/__pycache__) by extension 'cmake'
[1.457s] Level 1:colcon.colcon_core.package_identification:_identify(FYP-AI-Model/ultralytics/yolo/data/__pycache__) by extension 'python'
[1.458s] Level 1:colcon.colcon_core.package_identification:_identify(FYP-AI-Model/ultralytics/yolo/data/__pycache__) by extensions ['python_setup_py']
[1.458s] Level 1:colcon.colcon_core.package_identification:_identify(FYP-AI-Model/ultralytics/yolo/data/__pycache__) by extension 'python_setup_py'
[1.459s] Level 1:colcon.colcon_core.package_identification:_identify(FYP-AI-Model/ultralytics/yolo/data/dataloaders) by extensions ['ignore', 'ignore_ament_install']
[1.459s] Level 1:colcon.colcon_core.package_identification:_identify(FYP-AI-Model/ultralytics/yolo/data/dataloaders) by extension 'ignore'
[1.459s] Level 1:colcon.colcon_core.package_identification:_identify(FYP-AI-Model/ultralytics/yolo/data/dataloaders) by extension 'ignore_ament_install'
[1.459s] Level 1:colcon.colcon_core.package_identification:_identify(FYP-AI-Model/ultralytics/yolo/data/dataloaders) by extensions ['colcon_pkg']
[1.459s] Level 1:colcon.colcon_core.package_identification:_identify(FYP-AI-Model/ultralytics/yolo/data/dataloaders) by extension 'colcon_pkg'
[1.460s] Level 1:colcon.colcon_core.package_identification:_identify(FYP-AI-Model/ultralytics/yolo/data/dataloaders) by extensions ['colcon_meta']
[1.460s] Level 1:colcon.colcon_core.package_identification:_identify(FYP-AI-Model/ultralytics/yolo/data/dataloaders) by extension 'colcon_meta'
[1.460s] Level 1:colcon.colcon_core.package_identification:_identify(FYP-AI-Model/ultralytics/yolo/data/dataloaders) by extensions ['ros']
[1.460s] Level 1:colcon.colcon_core.package_identification:_identify(FYP-AI-Model/ultralytics/yolo/data/dataloaders) by extension 'ros'
[1.460s] Level 1:colcon.colcon_core.package_identification:_identify(FYP-AI-Model/ultralytics/yolo/data/dataloaders) by extensions ['cmake', 'python']
[1.461s] Level 1:colcon.colcon_core.package_identification:_identify(FYP-AI-Model/ultralytics/yolo/data/dataloaders) by extension 'cmake'
[1.461s] Level 1:colcon.colcon_core.package_identification:_identify(FYP-AI-Model/ultralytics/yolo/data/dataloaders) by extension 'python'
[1.461s] Level 1:colcon.colcon_core.package_identification:_identify(FYP-AI-Model/ultralytics/yolo/data/dataloaders) by extensions ['python_setup_py']
[1.461s] Level 1:colcon.colcon_core.package_identification:_identify(FYP-AI-Model/ultralytics/yolo/data/dataloaders) by extension 'python_setup_py'
[1.462s] Level 1:colcon.colcon_core.package_identification:_identify(FYP-AI-Model/ultralytics/yolo/data/dataloaders/__pycache__) by extensions ['ignore', 'ignore_ament_install']
[1.462s] Level 1:colcon.colcon_core.package_identification:_identify(FYP-AI-Model/ultralytics/yolo/data/dataloaders/__pycache__) by extension 'ignore'
[1.463s] Level 1:colcon.colcon_core.package_identification:_identify(FYP-AI-Model/ultralytics/yolo/data/dataloaders/__pycache__) by extension 'ignore_ament_install'
[1.463s] Level 1:colcon.colcon_core.package_identification:_identify(FYP-AI-Model/ultralytics/yolo/data/dataloaders/__pycache__) by extensions ['colcon_pkg']
[1.463s] Level 1:colcon.colcon_core.package_identification:_identify(FYP-AI-Model/ultralytics/yolo/data/dataloaders/__pycache__) by extension 'colcon_pkg'
[1.463s] Level 1:colcon.colcon_core.package_identification:_identify(FYP-AI-Model/ultralytics/yolo/data/dataloaders/__pycache__) by extensions ['colcon_meta']
[1.463s] Level 1:colcon.colcon_core.package_identification:_identify(FYP-AI-Model/ultralytics/yolo/data/dataloaders/__pycache__) by extension 'colcon_meta'
[1.463s] Level 1:colcon.colcon_core.package_identification:_identify(FYP-AI-Model/ultralytics/yolo/data/dataloaders/__pycache__) by extensions ['ros']
[1.463s] Level 1:colcon.colcon_core.package_identification:_identify(FYP-AI-Model/ultralytics/yolo/data/dataloaders/__pycache__) by extension 'ros'
[1.463s] Level 1:colcon.colcon_core.package_identification:_identify(FYP-AI-Model/ultralytics/yolo/data/dataloaders/__pycache__) by extensions ['cmake', 'python']
[1.463s] Level 1:colcon.colcon_core.package_identification:_identify(FYP-AI-Model/ultralytics/yolo/data/dataloaders/__pycache__) by extension 'cmake'
[1.463s] Level 1:colcon.colcon_core.package_identification:_identify(FYP-AI-Model/ultralytics/yolo/data/dataloaders/__pycache__) by extension 'python'
[1.464s] Level 1:colcon.colcon_core.package_identification:_identify(FYP-AI-Model/ultralytics/yolo/data/dataloaders/__pycache__) by extensions ['python_setup_py']
[1.464s] Level 1:colcon.colcon_core.package_identification:_identify(FYP-AI-Model/ultralytics/yolo/data/dataloaders/__pycache__) by extension 'python_setup_py'
[1.464s] Level 1:colcon.colcon_core.package_identification:_identify(FYP-AI-Model/ultralytics/yolo/data/datasets) by extensions ['ignore', 'ignore_ament_install']
[1.465s] Level 1:colcon.colcon_core.package_identification:_identify(FYP-AI-Model/ultralytics/yolo/data/datasets) by extension 'ignore'
[1.465s] Level 1:colcon.colcon_core.package_identification:_identify(FYP-AI-Model/ultralytics/yolo/data/datasets) by extension 'ignore_ament_install'
[1.465s] Level 1:colcon.colcon_core.package_identification:_identify(FYP-AI-Model/ultralytics/yolo/data/datasets) by extensions ['colcon_pkg']
[1.465s] Level 1:colcon.colcon_core.package_identification:_identify(FYP-AI-Model/ultralytics/yolo/data/datasets) by extension 'colcon_pkg'
[1.465s] Level 1:colcon.colcon_core.package_identification:_identify(FYP-AI-Model/ultralytics/yolo/data/datasets) by extensions ['colcon_meta']
[1.465s] Level 1:colcon.colcon_core.package_identification:_identify(FYP-AI-Model/ultralytics/yolo/data/datasets) by extension 'colcon_meta'
[1.466s] Level 1:colcon.colcon_core.package_identification:_identify(FYP-AI-Model/ultralytics/yolo/data/datasets) by extensions ['ros']
[1.466s] Level 1:colcon.colcon_core.package_identification:_identify(FYP-AI-Model/ultralytics/yolo/data/datasets) by extension 'ros'
[1.466s] Level 1:colcon.colcon_core.package_identification:_identify(FYP-AI-Model/ultralytics/yolo/data/datasets) by extensions ['cmake', 'python']
[1.466s] Level 1:colcon.colcon_core.package_identification:_identify(FYP-AI-Model/ultralytics/yolo/data/datasets) by extension 'cmake'
[1.466s] Level 1:colcon.colcon_core.package_identification:_identify(FYP-AI-Model/ultralytics/yolo/data/datasets) by extension 'python'
[1.466s] Level 1:colcon.colcon_core.package_identification:_identify(FYP-AI-Model/ultralytics/yolo/data/datasets) by extensions ['python_setup_py']
[1.466s] Level 1:colcon.colcon_core.package_identification:_identify(FYP-AI-Model/ultralytics/yolo/data/datasets) by extension 'python_setup_py'
[1.467s] Level 1:colcon.colcon_core.package_identification:_identify(FYP-AI-Model/ultralytics/yolo/data/scripts) by extensions ['ignore', 'ignore_ament_install']
[1.467s] Level 1:colcon.colcon_core.package_identification:_identify(FYP-AI-Model/ultralytics/yolo/data/scripts) by extension 'ignore'
[1.467s] Level 1:colcon.colcon_core.package_identification:_identify(FYP-AI-Model/ultralytics/yolo/data/scripts) by extension 'ignore_ament_install'
[1.468s] Level 1:colcon.colcon_core.package_identification:_identify(FYP-AI-Model/ultralytics/yolo/data/scripts) by extensions ['colcon_pkg']
[1.468s] Level 1:colcon.colcon_core.package_identification:_identify(FYP-AI-Model/ultralytics/yolo/data/scripts) by extension 'colcon_pkg'
[1.468s] Level 1:colcon.colcon_core.package_identification:_identify(FYP-AI-Model/ultralytics/yolo/data/scripts) by extensions ['colcon_meta']
[1.468s] Level 1:colcon.colcon_core.package_identification:_identify(FYP-AI-Model/ultralytics/yolo/data/scripts) by extension 'colcon_meta'
[1.468s] Level 1:colcon.colcon_core.package_identification:_identify(FYP-AI-Model/ultralytics/yolo/data/scripts) by extensions ['ros']
[1.468s] Level 1:colcon.colcon_core.package_identification:_identify(FYP-AI-Model/ultralytics/yolo/data/scripts) by extension 'ros'
[1.469s] Level 1:colcon.colcon_core.package_identification:_identify(FYP-AI-Model/ultralytics/yolo/data/scripts) by extensions ['cmake', 'python']
[1.469s] Level 1:colcon.colcon_core.package_identification:_identify(FYP-AI-Model/ultralytics/yolo/data/scripts) by extension 'cmake'
[1.469s] Level 1:colcon.colcon_core.package_identification:_identify(FYP-AI-Model/ultralytics/yolo/data/scripts) by extension 'python'
[1.469s] Level 1:colcon.colcon_core.package_identification:_identify(FYP-AI-Model/ultralytics/yolo/data/scripts) by extensions ['python_setup_py']
[1.469s] Level 1:colcon.colcon_core.package_identification:_identify(FYP-AI-Model/ultralytics/yolo/data/scripts) by extension 'python_setup_py'
[1.470s] Level 1:colcon.colcon_core.package_identification:_identify(FYP-AI-Model/ultralytics/yolo/engine) by extensions ['ignore', 'ignore_ament_install']
[1.471s] Level 1:colcon.colcon_core.package_identification:_identify(FYP-AI-Model/ultralytics/yolo/engine) by extension 'ignore'
[1.471s] Level 1:colcon.colcon_core.package_identification:_identify(FYP-AI-Model/ultralytics/yolo/engine) by extension 'ignore_ament_install'
[1.471s] Level 1:colcon.colcon_core.package_identification:_identify(FYP-AI-Model/ultralytics/yolo/engine) by extensions ['colcon_pkg']
[1.472s] Level 1:colcon.colcon_core.package_identification:_identify(FYP-AI-Model/ultralytics/yolo/engine) by extension 'colcon_pkg'
[1.472s] Level 1:colcon.colcon_core.package_identification:_identify(FYP-AI-Model/ultralytics/yolo/engine) by extensions ['colcon_meta']
[1.472s] Level 1:colcon.colcon_core.package_identification:_identify(FYP-AI-Model/ultralytics/yolo/engine) by extension 'colcon_meta'
[1.472s] Level 1:colcon.colcon_core.package_identification:_identify(FYP-AI-Model/ultralytics/yolo/engine) by extensions ['ros']
[1.472s] Level 1:colcon.colcon_core.package_identification:_identify(FYP-AI-Model/ultralytics/yolo/engine) by extension 'ros'
[1.473s] Level 1:colcon.colcon_core.package_identification:_identify(FYP-AI-Model/ultralytics/yolo/engine) by extensions ['cmake', 'python']
[1.473s] Level 1:colcon.colcon_core.package_identification:_identify(FYP-AI-Model/ultralytics/yolo/engine) by extension 'cmake'
[1.473s] Level 1:colcon.colcon_core.package_identification:_identify(FYP-AI-Model/ultralytics/yolo/engine) by extension 'python'
[1.473s] Level 1:colcon.colcon_core.package_identification:_identify(FYP-AI-Model/ultralytics/yolo/engine) by extensions ['python_setup_py']
[1.474s] Level 1:colcon.colcon_core.package_identification:_identify(FYP-AI-Model/ultralytics/yolo/engine) by extension 'python_setup_py'
[1.475s] Level 1:colcon.colcon_core.package_identification:_identify(FYP-AI-Model/ultralytics/yolo/engine/__pycache__) by extensions ['ignore', 'ignore_ament_install']
[1.475s] Level 1:colcon.colcon_core.package_identification:_identify(FYP-AI-Model/ultralytics/yolo/engine/__pycache__) by extension 'ignore'
[1.476s] Level 1:colcon.colcon_core.package_identification:_identify(FYP-AI-Model/ultralytics/yolo/engine/__pycache__) by extension 'ignore_ament_install'
[1.476s] Level 1:colcon.colcon_core.package_identification:_identify(FYP-AI-Model/ultralytics/yolo/engine/__pycache__) by extensions ['colcon_pkg']
[1.476s] Level 1:colcon.colcon_core.package_identification:_identify(FYP-AI-Model/ultralytics/yolo/engine/__pycache__) by extension 'colcon_pkg'
[1.476s] Level 1:colcon.colcon_core.package_identification:_identify(FYP-AI-Model/ultralytics/yolo/engine/__pycache__) by extensions ['colcon_meta']
[1.476s] Level 1:colcon.colcon_core.package_identification:_identify(FYP-AI-Model/ultralytics/yolo/engine/__pycache__) by extension 'colcon_meta'
[1.476s] Level 1:colcon.colcon_core.package_identification:_identify(FYP-AI-Model/ultralytics/yolo/engine/__pycache__) by extensions ['ros']
[1.476s] Level 1:colcon.colcon_core.package_identification:_identify(FYP-AI-Model/ultralytics/yolo/engine/__pycache__) by extension 'ros'
[1.476s] Level 1:colcon.colcon_core.package_identification:_identify(FYP-AI-Model/ultralytics/yolo/engine/__pycache__) by extensions ['cmake', 'python']
[1.477s] Level 1:colcon.colcon_core.package_identification:_identify(FYP-AI-Model/ultralytics/yolo/engine/__pycache__) by extension 'cmake'
[1.477s] Level 1:colcon.colcon_core.package_identification:_identify(FYP-AI-Model/ultralytics/yolo/engine/__pycache__) by extension 'python'
[1.477s] Level 1:colcon.colcon_core.package_identification:_identify(FYP-AI-Model/ultralytics/yolo/engine/__pycache__) by extensions ['python_setup_py']
[1.477s] Level 1:colcon.colcon_core.package_identification:_identify(FYP-AI-Model/ultralytics/yolo/engine/__pycache__) by extension 'python_setup_py'
[1.478s] Level 1:colcon.colcon_core.package_identification:_identify(FYP-AI-Model/ultralytics/yolo/utils) by extensions ['ignore', 'ignore_ament_install']
[1.478s] Level 1:colcon.colcon_core.package_identification:_identify(FYP-AI-Model/ultralytics/yolo/utils) by extension 'ignore'
[1.478s] Level 1:colcon.colcon_core.package_identification:_identify(FYP-AI-Model/ultralytics/yolo/utils) by extension 'ignore_ament_install'
[1.478s] Level 1:colcon.colcon_core.package_identification:_identify(FYP-AI-Model/ultralytics/yolo/utils) by extensions ['colcon_pkg']
[1.478s] Level 1:colcon.colcon_core.package_identification:_identify(FYP-AI-Model/ultralytics/yolo/utils) by extension 'colcon_pkg'
[1.479s] Level 1:colcon.colcon_core.package_identification:_identify(FYP-AI-Model/ultralytics/yolo/utils) by extensions ['colcon_meta']
[1.479s] Level 1:colcon.colcon_core.package_identification:_identify(FYP-AI-Model/ultralytics/yolo/utils) by extension 'colcon_meta'
[1.479s] Level 1:colcon.colcon_core.package_identification:_identify(FYP-AI-Model/ultralytics/yolo/utils) by extensions ['ros']
[1.479s] Level 1:colcon.colcon_core.package_identification:_identify(FYP-AI-Model/ultralytics/yolo/utils) by extension 'ros'
[1.479s] Level 1:colcon.colcon_core.package_identification:_identify(FYP-AI-Model/ultralytics/yolo/utils) by extensions ['cmake', 'python']
[1.479s] Level 1:colcon.colcon_core.package_identification:_identify(FYP-AI-Model/ultralytics/yolo/utils) by extension 'cmake'
[1.479s] Level 1:colcon.colcon_core.package_identification:_identify(FYP-AI-Model/ultralytics/yolo/utils) by extension 'python'
[1.479s] Level 1:colcon.colcon_core.package_identification:_identify(FYP-AI-Model/ultralytics/yolo/utils) by extensions ['python_setup_py']
[1.479s] Level 1:colcon.colcon_core.package_identification:_identify(FYP-AI-Model/ultralytics/yolo/utils) by extension 'python_setup_py'
[1.480s] Level 1:colcon.colcon_core.package_identification:_identify(FYP-AI-Model/ultralytics/yolo/utils/__pycache__) by extensions ['ignore', 'ignore_ament_install']
[1.480s] Level 1:colcon.colcon_core.package_identification:_identify(FYP-AI-Model/ultralytics/yolo/utils/__pycache__) by extension 'ignore'
[1.481s] Level 1:colcon.colcon_core.package_identification:_identify(FYP-AI-Model/ultralytics/yolo/utils/__pycache__) by extension 'ignore_ament_install'
[1.481s] Level 1:colcon.colcon_core.package_identification:_identify(FYP-AI-Model/ultralytics/yolo/utils/__pycache__) by extensions ['colcon_pkg']
[1.481s] Level 1:colcon.colcon_core.package_identification:_identify(FYP-AI-Model/ultralytics/yolo/utils/__pycache__) by extension 'colcon_pkg'
[1.481s] Level 1:colcon.colcon_core.package_identification:_identify(FYP-AI-Model/ultralytics/yolo/utils/__pycache__) by extensions ['colcon_meta']
[1.481s] Level 1:colcon.colcon_core.package_identification:_identify(FYP-AI-Model/ultralytics/yolo/utils/__pycache__) by extension 'colcon_meta'
[1.481s] Level 1:colcon.colcon_core.package_identification:_identify(FYP-AI-Model/ultralytics/yolo/utils/__pycache__) by extensions ['ros']
[1.481s] Level 1:colcon.colcon_core.package_identification:_identify(FYP-AI-Model/ultralytics/yolo/utils/__pycache__) by extension 'ros'
[1.482s] Level 1:colcon.colcon_core.package_identification:_identify(FYP-AI-Model/ultralytics/yolo/utils/__pycache__) by extensions ['cmake', 'python']
[1.482s] Level 1:colcon.colcon_core.package_identification:_identify(FYP-AI-Model/ultralytics/yolo/utils/__pycache__) by extension 'cmake'
[1.482s] Level 1:colcon.colcon_core.package_identification:_identify(FYP-AI-Model/ultralytics/yolo/utils/__pycache__) by extension 'python'
[1.482s] Level 1:colcon.colcon_core.package_identification:_identify(FYP-AI-Model/ultralytics/yolo/utils/__pycache__) by extensions ['python_setup_py']
[1.482s] Level 1:colcon.colcon_core.package_identification:_identify(FYP-AI-Model/ultralytics/yolo/utils/__pycache__) by extension 'python_setup_py'
[1.483s] Level 1:colcon.colcon_core.package_identification:_identify(FYP-AI-Model/ultralytics/yolo/utils/callbacks) by extensions ['ignore', 'ignore_ament_install']
[1.483s] Level 1:colcon.colcon_core.package_identification:_identify(FYP-AI-Model/ultralytics/yolo/utils/callbacks) by extension 'ignore'
[1.483s] Level 1:colcon.colcon_core.package_identification:_identify(FYP-AI-Model/ultralytics/yolo/utils/callbacks) by extension 'ignore_ament_install'
[1.483s] Level 1:colcon.colcon_core.package_identification:_identify(FYP-AI-Model/ultralytics/yolo/utils/callbacks) by extensions ['colcon_pkg']
[1.484s] Level 1:colcon.colcon_core.package_identification:_identify(FYP-AI-Model/ultralytics/yolo/utils/callbacks) by extension 'colcon_pkg'
[1.484s] Level 1:colcon.colcon_core.package_identification:_identify(FYP-AI-Model/ultralytics/yolo/utils/callbacks) by extensions ['colcon_meta']
[1.484s] Level 1:colcon.colcon_core.package_identification:_identify(FYP-AI-Model/ultralytics/yolo/utils/callbacks) by extension 'colcon_meta'
[1.484s] Level 1:colcon.colcon_core.package_identification:_identify(FYP-AI-Model/ultralytics/yolo/utils/callbacks) by extensions ['ros']
[1.484s] Level 1:colcon.colcon_core.package_identification:_identify(FYP-AI-Model/ultralytics/yolo/utils/callbacks) by extension 'ros'
[1.484s] Level 1:colcon.colcon_core.package_identification:_identify(FYP-AI-Model/ultralytics/yolo/utils/callbacks) by extensions ['cmake', 'python']
[1.484s] Level 1:colcon.colcon_core.package_identification:_identify(FYP-AI-Model/ultralytics/yolo/utils/callbacks) by extension 'cmake'
[1.484s] Level 1:colcon.colcon_core.package_identification:_identify(FYP-AI-Model/ultralytics/yolo/utils/callbacks) by extension 'python'
[1.484s] Level 1:colcon.colcon_core.package_identification:_identify(FYP-AI-Model/ultralytics/yolo/utils/callbacks) by extensions ['python_setup_py']
[1.484s] Level 1:colcon.colcon_core.package_identification:_identify(FYP-AI-Model/ultralytics/yolo/utils/callbacks) by extension 'python_setup_py'
[1.485s] Level 1:colcon.colcon_core.package_identification:_identify(FYP-AI-Model/ultralytics/yolo/utils/callbacks/__pycache__) by extensions ['ignore', 'ignore_ament_install']
[1.486s] Level 1:colcon.colcon_core.package_identification:_identify(FYP-AI-Model/ultralytics/yolo/utils/callbacks/__pycache__) by extension 'ignore'
[1.486s] Level 1:colcon.colcon_core.package_identification:_identify(FYP-AI-Model/ultralytics/yolo/utils/callbacks/__pycache__) by extension 'ignore_ament_install'
[1.486s] Level 1:colcon.colcon_core.package_identification:_identify(FYP-AI-Model/ultralytics/yolo/utils/callbacks/__pycache__) by extensions ['colcon_pkg']
[1.486s] Level 1:colcon.colcon_core.package_identification:_identify(FYP-AI-Model/ultralytics/yolo/utils/callbacks/__pycache__) by extension 'colcon_pkg'
[1.486s] Level 1:colcon.colcon_core.package_identification:_identify(FYP-AI-Model/ultralytics/yolo/utils/callbacks/__pycache__) by extensions ['colcon_meta']
[1.486s] Level 1:colcon.colcon_core.package_identification:_identify(FYP-AI-Model/ultralytics/yolo/utils/callbacks/__pycache__) by extension 'colcon_meta'
[1.486s] Level 1:colcon.colcon_core.package_identification:_identify(FYP-AI-Model/ultralytics/yolo/utils/callbacks/__pycache__) by extensions ['ros']
[1.486s] Level 1:colcon.colcon_core.package_identification:_identify(FYP-AI-Model/ultralytics/yolo/utils/callbacks/__pycache__) by extension 'ros'
[1.486s] Level 1:colcon.colcon_core.package_identification:_identify(FYP-AI-Model/ultralytics/yolo/utils/callbacks/__pycache__) by extensions ['cmake', 'python']
[1.487s] Level 1:colcon.colcon_core.package_identification:_identify(FYP-AI-Model/ultralytics/yolo/utils/callbacks/__pycache__) by extension 'cmake'
[1.487s] Level 1:colcon.colcon_core.package_identification:_identify(FYP-AI-Model/ultralytics/yolo/utils/callbacks/__pycache__) by extension 'python'
[1.487s] Level 1:colcon.colcon_core.package_identification:_identify(FYP-AI-Model/ultralytics/yolo/utils/callbacks/__pycache__) by extensions ['python_setup_py']
[1.487s] Level 1:colcon.colcon_core.package_identification:_identify(FYP-AI-Model/ultralytics/yolo/utils/callbacks/__pycache__) by extension 'python_setup_py'
[1.488s] Level 1:colcon.colcon_core.package_identification:_identify(FYP-AI-Model/ultralytics/yolo/v8) by extensions ['ignore', 'ignore_ament_install']
[1.488s] Level 1:colcon.colcon_core.package_identification:_identify(FYP-AI-Model/ultralytics/yolo/v8) by extension 'ignore'
[1.488s] Level 1:colcon.colcon_core.package_identification:_identify(FYP-AI-Model/ultralytics/yolo/v8) by extension 'ignore_ament_install'
[1.488s] Level 1:colcon.colcon_core.package_identification:_identify(FYP-AI-Model/ultralytics/yolo/v8) by extensions ['colcon_pkg']
[1.489s] Level 1:colcon.colcon_core.package_identification:_identify(FYP-AI-Model/ultralytics/yolo/v8) by extension 'colcon_pkg'
[1.489s] Level 1:colcon.colcon_core.package_identification:_identify(FYP-AI-Model/ultralytics/yolo/v8) by extensions ['colcon_meta']
[1.489s] Level 1:colcon.colcon_core.package_identification:_identify(FYP-AI-Model/ultralytics/yolo/v8) by extension 'colcon_meta'
[1.489s] Level 1:colcon.colcon_core.package_identification:_identify(FYP-AI-Model/ultralytics/yolo/v8) by extensions ['ros']
[1.489s] Level 1:colcon.colcon_core.package_identification:_identify(FYP-AI-Model/ultralytics/yolo/v8) by extension 'ros'
[1.489s] Level 1:colcon.colcon_core.package_identification:_identify(FYP-AI-Model/ultralytics/yolo/v8) by extensions ['cmake', 'python']
[1.490s] Level 1:colcon.colcon_core.package_identification:_identify(FYP-AI-Model/ultralytics/yolo/v8) by extension 'cmake'
[1.490s] Level 1:colcon.colcon_core.package_identification:_identify(FYP-AI-Model/ultralytics/yolo/v8) by extension 'python'
[1.490s] Level 1:colcon.colcon_core.package_identification:_identify(FYP-AI-Model/ultralytics/yolo/v8) by extensions ['python_setup_py']
[1.490s] Level 1:colcon.colcon_core.package_identification:_identify(FYP-AI-Model/ultralytics/yolo/v8) by extension 'python_setup_py'
[1.491s] Level 1:colcon.colcon_core.package_identification:_identify(FYP-AI-Model/ultralytics/yolo/v8/detect) by extensions ['ignore', 'ignore_ament_install']
[1.491s] Level 1:colcon.colcon_core.package_identification:_identify(FYP-AI-Model/ultralytics/yolo/v8/detect) by extension 'ignore'
[1.491s] Level 1:colcon.colcon_core.package_identification:_identify(FYP-AI-Model/ultralytics/yolo/v8/detect) by extension 'ignore_ament_install'
[1.491s] Level 1:colcon.colcon_core.package_identification:_identify(FYP-AI-Model/ultralytics/yolo/v8/detect) by extensions ['colcon_pkg']
[1.491s] Level 1:colcon.colcon_core.package_identification:_identify(FYP-AI-Model/ultralytics/yolo/v8/detect) by extension 'colcon_pkg'
[1.492s] Level 1:colcon.colcon_core.package_identification:_identify(FYP-AI-Model/ultralytics/yolo/v8/detect) by extensions ['colcon_meta']
[1.492s] Level 1:colcon.colcon_core.package_identification:_identify(FYP-AI-Model/ultralytics/yolo/v8/detect) by extension 'colcon_meta'
[1.492s] Level 1:colcon.colcon_core.package_identification:_identify(FYP-AI-Model/ultralytics/yolo/v8/detect) by extensions ['ros']
[1.492s] Level 1:colcon.colcon_core.package_identification:_identify(FYP-AI-Model/ultralytics/yolo/v8/detect) by extension 'ros'
[1.492s] Level 1:colcon.colcon_core.package_identification:_identify(FYP-AI-Model/ultralytics/yolo/v8/detect) by extensions ['cmake', 'python']
[1.492s] Level 1:colcon.colcon_core.package_identification:_identify(FYP-AI-Model/ultralytics/yolo/v8/detect) by extension 'cmake'
[1.492s] Level 1:colcon.colcon_core.package_identification:_identify(FYP-AI-Model/ultralytics/yolo/v8/detect) by extension 'python'
[1.492s] Level 1:colcon.colcon_core.package_identification:_identify(FYP-AI-Model/ultralytics/yolo/v8/detect) by extensions ['python_setup_py']
[1.492s] Level 1:colcon.colcon_core.package_identification:_identify(FYP-AI-Model/ultralytics/yolo/v8/detect) by extension 'python_setup_py'
[1.493s] Level 1:colcon.colcon_core.package_identification:_identify(FYP-AI-Model/ultralytics/yolo/v8/detect/__pycache__) by extensions ['ignore', 'ignore_ament_install']
[1.493s] Level 1:colcon.colcon_core.package_identification:_identify(FYP-AI-Model/ultralytics/yolo/v8/detect/__pycache__) by extension 'ignore'
[1.494s] Level 1:colcon.colcon_core.package_identification:_identify(FYP-AI-Model/ultralytics/yolo/v8/detect/__pycache__) by extension 'ignore_ament_install'
[1.494s] Level 1:colcon.colcon_core.package_identification:_identify(FYP-AI-Model/ultralytics/yolo/v8/detect/__pycache__) by extensions ['colcon_pkg']
[1.494s] Level 1:colcon.colcon_core.package_identification:_identify(FYP-AI-Model/ultralytics/yolo/v8/detect/__pycache__) by extension 'colcon_pkg'
[1.494s] Level 1:colcon.colcon_core.package_identification:_identify(FYP-AI-Model/ultralytics/yolo/v8/detect/__pycache__) by extensions ['colcon_meta']
[1.494s] Level 1:colcon.colcon_core.package_identification:_identify(FYP-AI-Model/ultralytics/yolo/v8/detect/__pycache__) by extension 'colcon_meta'
[1.494s] Level 1:colcon.colcon_core.package_identification:_identify(FYP-AI-Model/ultralytics/yolo/v8/detect/__pycache__) by extensions ['ros']
[1.494s] Level 1:colcon.colcon_core.package_identification:_identify(FYP-AI-Model/ultralytics/yolo/v8/detect/__pycache__) by extension 'ros'
[1.495s] Level 1:colcon.colcon_core.package_identification:_identify(FYP-AI-Model/ultralytics/yolo/v8/detect/__pycache__) by extensions ['cmake', 'python']
[1.495s] Level 1:colcon.colcon_core.package_identification:_identify(FYP-AI-Model/ultralytics/yolo/v8/detect/__pycache__) by extension 'cmake'
[1.495s] Level 1:colcon.colcon_core.package_identification:_identify(FYP-AI-Model/ultralytics/yolo/v8/detect/__pycache__) by extension 'python'
[1.495s] Level 1:colcon.colcon_core.package_identification:_identify(FYP-AI-Model/ultralytics/yolo/v8/detect/__pycache__) by extensions ['python_setup_py']
[1.495s] Level 1:colcon.colcon_core.package_identification:_identify(FYP-AI-Model/ultralytics/yolo/v8/detect/__pycache__) by extension 'python_setup_py'
[1.496s] Level 1:colcon.colcon_core.package_identification:_identify(build) by extensions ['ignore', 'ignore_ament_install']
[1.496s] Level 1:colcon.colcon_core.package_identification:_identify(build) by extension 'ignore'
[1.496s] Level 1:colcon.colcon_core.package_identification:_identify(build) ignored
[1.497s] Level 1:colcon.colcon_core.package_identification:_identify(fxb_ws) by extensions ['ignore', 'ignore_ament_install']
[1.498s] Level 1:colcon.colcon_core.package_identification:_identify(fxb_ws) by extension 'ignore'
[1.498s] Level 1:colcon.colcon_core.package_identification:_identify(fxb_ws) by extension 'ignore_ament_install'
[1.498s] Level 1:colcon.colcon_core.package_identification:_identify(fxb_ws) by extensions ['colcon_pkg']
[1.498s] Level 1:colcon.colcon_core.package_identification:_identify(fxb_ws) by extension 'colcon_pkg'
[1.498s] Level 1:colcon.colcon_core.package_identification:_identify(fxb_ws) by extensions ['colcon_meta']
[1.498s] Level 1:colcon.colcon_core.package_identification:_identify(fxb_ws) by extension 'colcon_meta'
[1.499s] Level 1:colcon.colcon_core.package_identification:_identify(fxb_ws) by extensions ['ros']
[1.499s] Level 1:colcon.colcon_core.package_identification:_identify(fxb_ws) by extension 'ros'
[1.499s] Level 1:colcon.colcon_core.package_identification:_identify(fxb_ws) by extensions ['cmake', 'python']
[1.499s] Level 1:colcon.colcon_core.package_identification:_identify(fxb_ws) by extension 'cmake'
[1.499s] Level 1:colcon.colcon_core.package_identification:_identify(fxb_ws) by extension 'python'
[1.499s] Level 1:colcon.colcon_core.package_identification:_identify(fxb_ws) by extensions ['python_setup_py']
[1.499s] Level 1:colcon.colcon_core.package_identification:_identify(fxb_ws) by extension 'python_setup_py'
[1.500s] Level 1:colcon.colcon_core.package_identification:_identify(fxb_ws/FYP-AI-Model) by extensions ['ignore', 'ignore_ament_install']
[1.500s] Level 1:colcon.colcon_core.package_identification:_identify(fxb_ws/FYP-AI-Model) by extension 'ignore'
[1.500s] Level 1:colcon.colcon_core.package_identification:_identify(fxb_ws/FYP-AI-Model) by extension 'ignore_ament_install'
[1.501s] Level 1:colcon.colcon_core.package_identification:_identify(fxb_ws/FYP-AI-Model) by extensions ['colcon_pkg']
[1.501s] Level 1:colcon.colcon_core.package_identification:_identify(fxb_ws/FYP-AI-Model) by extension 'colcon_pkg'
[1.501s] Level 1:colcon.colcon_core.package_identification:_identify(fxb_ws/FYP-AI-Model) by extensions ['colcon_meta']
[1.501s] Level 1:colcon.colcon_core.package_identification:_identify(fxb_ws/FYP-AI-Model) by extension 'colcon_meta'
[1.501s] Level 1:colcon.colcon_core.package_identification:_identify(fxb_ws/FYP-AI-Model) by extensions ['ros']
[1.501s] Level 1:colcon.colcon_core.package_identification:_identify(fxb_ws/FYP-AI-Model) by extension 'ros'
[1.501s] Level 1:colcon.colcon_core.package_identification:_identify(fxb_ws/FYP-AI-Model) by extensions ['cmake', 'python']
[1.501s] Level 1:colcon.colcon_core.package_identification:_identify(fxb_ws/FYP-AI-Model) by extension 'cmake'
[1.502s] Level 1:colcon.colcon_core.package_identification:_identify(fxb_ws/FYP-AI-Model) by extension 'python'
[1.502s] Level 1:colcon.colcon_core.package_identification:_identify(fxb_ws/FYP-AI-Model) by extensions ['python_setup_py']
[1.502s] Level 1:colcon.colcon_core.package_identification:_identify(fxb_ws/FYP-AI-Model) by extension 'python_setup_py'
[1.503s] Level 1:colcon.colcon_core.package_identification:_identify(install) by extensions ['ignore', 'ignore_ament_install']
[1.503s] Level 1:colcon.colcon_core.package_identification:_identify(install) by extension 'ignore'
[1.503s] Level 1:colcon.colcon_core.package_identification:_identify(install) ignored
[1.503s] Level 1:colcon.colcon_core.package_identification:_identify(log) by extensions ['ignore', 'ignore_ament_install']
[1.503s] Level 1:colcon.colcon_core.package_identification:_identify(log) by extension 'ignore'
[1.503s] Level 1:colcon.colcon_core.package_identification:_identify(log) ignored
[1.504s] Level 1:colcon.colcon_core.package_identification:_identify(src) by extensions ['ignore', 'ignore_ament_install']
[1.504s] Level 1:colcon.colcon_core.package_identification:_identify(src) by extension 'ignore'
[1.504s] Level 1:colcon.colcon_core.package_identification:_identify(src) by extension 'ignore_ament_install'
[1.504s] Level 1:colcon.colcon_core.package_identification:_identify(src) by extensions ['colcon_pkg']
[1.504s] Level 1:colcon.colcon_core.package_identification:_identify(src) by extension 'colcon_pkg'
[1.504s] Level 1:colcon.colcon_core.package_identification:_identify(src) by extensions ['colcon_meta']
[1.504s] Level 1:colcon.colcon_core.package_identification:_identify(src) by extension 'colcon_meta'
[1.505s] Level 1:colcon.colcon_core.package_identification:_identify(src) by extensions ['ros']
[1.505s] Level 1:colcon.colcon_core.package_identification:_identify(src) by extension 'ros'
[1.505s] Level 1:colcon.colcon_core.package_identification:_identify(src) by extensions ['cmake', 'python']
[1.505s] Level 1:colcon.colcon_core.package_identification:_identify(src) by extension 'cmake'
[1.505s] Level 1:colcon.colcon_core.package_identification:_identify(src) by extension 'python'
[1.506s] Level 1:colcon.colcon_core.package_identification:_identify(src) by extensions ['python_setup_py']
[1.506s] Level 1:colcon.colcon_core.package_identification:_identify(src) by extension 'python_setup_py'
[1.506s] Level 1:colcon.colcon_core.package_identification:_identify(src/bringup) by extensions ['ignore', 'ignore_ament_install']
[1.506s] Level 1:colcon.colcon_core.package_identification:_identify(src/bringup) by extension 'ignore'
[1.506s] Level 1:colcon.colcon_core.package_identification:_identify(src/bringup) by extension 'ignore_ament_install'
[1.506s] Level 1:colcon.colcon_core.package_identification:_identify(src/bringup) by extensions ['colcon_pkg']
[1.506s] Level 1:colcon.colcon_core.package_identification:_identify(src/bringup) by extension 'colcon_pkg'
[1.507s] Level 1:colcon.colcon_core.package_identification:_identify(src/bringup) by extensions ['colcon_meta']
[1.507s] Level 1:colcon.colcon_core.package_identification:_identify(src/bringup) by extension 'colcon_meta'
[1.507s] Level 1:colcon.colcon_core.package_identification:_identify(src/bringup) by extensions ['ros']
[1.507s] Level 1:colcon.colcon_core.package_identification:_identify(src/bringup) by extension 'ros'
[1.519s] DEBUG:colcon.colcon_core.package_identification:Package 'src/bringup' with type 'ros.ament_python' and name 'bringup'
[1.520s] Level 1:colcon.colcon_core.package_identification:_identify(src/build) by extensions ['ignore', 'ignore_ament_install']
[1.520s] Level 1:colcon.colcon_core.package_identification:_identify(src/build) by extension 'ignore'
[1.520s] Level 1:colcon.colcon_core.package_identification:_identify(src/build) ignored
[1.521s] Level 1:colcon.colcon_core.package_identification:_identify(src/camera_node) by extensions ['ignore', 'ignore_ament_install']
[1.521s] Level 1:colcon.colcon_core.package_identification:_identify(src/camera_node) by extension 'ignore'
[1.522s] Level 1:colcon.colcon_core.package_identification:_identify(src/camera_node) by extension 'ignore_ament_install'
[1.522s] Level 1:colcon.colcon_core.package_identification:_identify(src/camera_node) by extensions ['colcon_pkg']
[1.522s] Level 1:colcon.colcon_core.package_identification:_identify(src/camera_node) by extension 'colcon_pkg'
[1.522s] Level 1:colcon.colcon_core.package_identification:_identify(src/camera_node) by extensions ['colcon_meta']
[1.522s] Level 1:colcon.colcon_core.package_identification:_identify(src/camera_node) by extension 'colcon_meta'
[1.522s] Level 1:colcon.colcon_core.package_identification:_identify(src/camera_node) by extensions ['ros']
[1.523s] Level 1:colcon.colcon_core.package_identification:_identify(src/camera_node) by extension 'ros'
[1.526s] DEBUG:colcon.colcon_core.package_identification:Package 'src/camera_node' with type 'ros.ament_python' and name 'camera_node'
[1.527s] Level 1:colcon.colcon_core.package_identification:_identify(src/comm_node) by extensions ['ignore', 'ignore_ament_install']
[1.527s] Level 1:colcon.colcon_core.package_identification:_identify(src/comm_node) by extension 'ignore'
[1.527s] Level 1:colcon.colcon_core.package_identification:_identify(src/comm_node) by extension 'ignore_ament_install'
[1.528s] Level 1:colcon.colcon_core.package_identification:_identify(src/comm_node) by extensions ['colcon_pkg']
[1.528s] Level 1:colcon.colcon_core.package_identification:_identify(src/comm_node) by extension 'colcon_pkg'
[1.528s] Level 1:colcon.colcon_core.package_identification:_identify(src/comm_node) by extensions ['colcon_meta']
[1.528s] Level 1:colcon.colcon_core.package_identification:_identify(src/comm_node) by extension 'colcon_meta'
[1.528s] Level 1:colcon.colcon_core.package_identification:_identify(src/comm_node) by extensions ['ros']
[1.528s] Level 1:colcon.colcon_core.package_identification:_identify(src/comm_node) by extension 'ros'
[1.531s] DEBUG:colcon.colcon_core.package_identification:Package 'src/comm_node' with type 'ros.ament_python' and name 'comm_node'
[1.532s] Level 1:colcon.colcon_core.package_identification:_identify(src/fire_confidence_node) by extensions ['ignore', 'ignore_ament_install']
[1.533s] Level 1:colcon.colcon_core.package_identification:_identify(src/fire_confidence_node) by extension 'ignore'
[1.533s] Level 1:colcon.colcon_core.package_identification:_identify(src/fire_confidence_node) by extension 'ignore_ament_install'
[1.533s] Level 1:colcon.colcon_core.package_identification:_identify(src/fire_confidence_node) by extensions ['colcon_pkg']
[1.533s] Level 1:colcon.colcon_core.package_identification:_identify(src/fire_confidence_node) by extension 'colcon_pkg'
[1.533s] Level 1:colcon.colcon_core.package_identification:_identify(src/fire_confidence_node) by extensions ['colcon_meta']
[1.534s] Level 1:colcon.colcon_core.package_identification:_identify(src/fire_confidence_node) by extension 'colcon_meta'
[1.534s] Level 1:colcon.colcon_core.package_identification:_identify(src/fire_confidence_node) by extensions ['ros']
[1.534s] Level 1:colcon.colcon_core.package_identification:_identify(src/fire_confidence_node) by extension 'ros'
[1.535s] DEBUG:colcon.colcon_core.package_identification:Package 'src/fire_confidence_node' with type 'ros.catkin' and name 'fire_confidence_node'
[1.536s] Level 1:colcon.colcon_core.package_identification:_identify(src/install) by extensions ['ignore', 'ignore_ament_install']
[1.537s] Level 1:colcon.colcon_core.package_identification:_identify(src/install) by extension 'ignore'
[1.537s] Level 1:colcon.colcon_core.package_identification:_identify(src/install) ignored
[1.538s] Level 1:colcon.colcon_core.package_identification:_identify(src/lidar_node) by extensions ['ignore', 'ignore_ament_install']
[1.538s] Level 1:colcon.colcon_core.package_identification:_identify(src/lidar_node) by extension 'ignore'
[1.538s] Level 1:colcon.colcon_core.package_identification:_identify(src/lidar_node) by extension 'ignore_ament_install'
[1.538s] Level 1:colcon.colcon_core.package_identification:_identify(src/lidar_node) by extensions ['colcon_pkg']
[1.539s] Level 1:colcon.colcon_core.package_identification:_identify(src/lidar_node) by extension 'colcon_pkg'
[1.539s] Level 1:colcon.colcon_core.package_identification:_identify(src/lidar_node) by extensions ['colcon_meta']
[1.539s] Level 1:colcon.colcon_core.package_identification:_identify(src/lidar_node) by extension 'colcon_meta'
[1.539s] Level 1:colcon.colcon_core.package_identification:_identify(src/lidar_node) by extensions ['ros']
[1.539s] Level 1:colcon.colcon_core.package_identification:_identify(src/lidar_node) by extension 'ros'
[1.540s] DEBUG:colcon.colcon_core.package_identification:Package 'src/lidar_node' with type 'ros.ament_python' and name 'lidar_node'
[1.541s] Level 1:colcon.colcon_core.package_identification:_identify(src/log) by extensions ['ignore', 'ignore_ament_install']
[1.542s] Level 1:colcon.colcon_core.package_identification:_identify(src/log) by extension 'ignore'
[1.542s] Level 1:colcon.colcon_core.package_identification:_identify(src/log) ignored
[1.543s] Level 1:colcon.colcon_core.package_identification:_identify(src/motor_control_node) by extensions ['ignore', 'ignore_ament_install']
[1.543s] Level 1:colcon.colcon_core.package_identification:_identify(src/motor_control_node) by extension 'ignore'
[1.543s] Level 1:colcon.colcon_core.package_identification:_identify(src/motor_control_node) by extension 'ignore_ament_install'
[1.543s] Level 1:colcon.colcon_core.package_identification:_identify(src/motor_control_node) by extensions ['colcon_pkg']
[1.544s] Level 1:colcon.colcon_core.package_identification:_identify(src/motor_control_node) by extension 'colcon_pkg'
[1.544s] Level 1:colcon.colcon_core.package_identification:_identify(src/motor_control_node) by extensions ['colcon_meta']
[1.544s] Level 1:colcon.colcon_core.package_identification:_identify(src/motor_control_node) by extension 'colcon_meta'
[1.544s] Level 1:colcon.colcon_core.package_identification:_identify(src/motor_control_node) by extensions ['ros']
[1.544s] Level 1:colcon.colcon_core.package_identification:_identify(src/motor_control_node) by extension 'ros'
[1.546s] DEBUG:colcon.colcon_core.package_identification:Package 'src/motor_control_node' with type 'ros.ament_python' and name 'motor_control_node'
[1.547s] Level 1:colcon.colcon_core.package_identification:_identify(src/navigation) by extensions ['ignore', 'ignore_ament_install']
[1.548s] Level 1:colcon.colcon_core.package_identification:_identify(src/navigation) by extension 'ignore'
[1.548s] Level 1:colcon.colcon_core.package_identification:_identify(src/navigation) by extension 'ignore_ament_install'
[1.548s] Level 1:colcon.colcon_core.package_identification:_identify(src/navigation) by extensions ['colcon_pkg']
[1.548s] Level 1:colcon.colcon_core.package_identification:_identify(src/navigation) by extension 'colcon_pkg'
[1.548s] Level 1:colcon.colcon_core.package_identification:_identify(src/navigation) by extensions ['colcon_meta']
[1.548s] Level 1:colcon.colcon_core.package_identification:_identify(src/navigation) by extension 'colcon_meta'
[1.548s] Level 1:colcon.colcon_core.package_identification:_identify(src/navigation) by extensions ['ros']
[1.548s] Level 1:colcon.colcon_core.package_identification:_identify(src/navigation) by extension 'ros'
[1.550s] DEBUG:colcon.colcon_core.package_identification:Package 'src/navigation' with type 'ros.ament_python' and name 'navigation'
[1.551s] Level 1:colcon.colcon_core.package_identification:_identify(src/sensor_fusion_node) by extensions ['ignore', 'ignore_ament_install']
[1.551s] Level 1:colcon.colcon_core.package_identification:_identify(src/sensor_fusion_node) by extension 'ignore'
[1.551s] Level 1:colcon.colcon_core.package_identification:_identify(src/sensor_fusion_node) by extension 'ignore_ament_install'
[1.552s] Level 1:colcon.colcon_core.package_identification:_identify(src/sensor_fusion_node) by extensions ['colcon_pkg']
[1.552s] Level 1:colcon.colcon_core.package_identification:_identify(src/sensor_fusion_node) by extension 'colcon_pkg'
[1.552s] Level 1:colcon.colcon_core.package_identification:_identify(src/sensor_fusion_node) by extensions ['colcon_meta']
[1.552s] Level 1:colcon.colcon_core.package_identification:_identify(src/sensor_fusion_node) by extension 'colcon_meta'
[1.552s] Level 1:colcon.colcon_core.package_identification:_identify(src/sensor_fusion_node) by extensions ['ros']
[1.552s] Level 1:colcon.colcon_core.package_identification:_identify(src/sensor_fusion_node) by extension 'ros'
[1.554s] DEBUG:colcon.colcon_core.package_identification:Package 'src/sensor_fusion_node' with type 'ros.ament_python' and name 'sensor_fusion_node'
[1.555s] Level 1:colcon.colcon_core.package_identification:_identify(src/sim_robot) by extensions ['ignore', 'ignore_ament_install']
[1.555s] Level 1:colcon.colcon_core.package_identification:_identify(src/sim_robot) by extension 'ignore'
[1.555s] Level 1:colcon.colcon_core.package_identification:_identify(src/sim_robot) by extension 'ignore_ament_install'
[1.555s] Level 1:colcon.colcon_core.package_identification:_identify(src/sim_robot) by extensions ['colcon_pkg']
[1.555s] Level 1:colcon.colcon_core.package_identification:_identify(src/sim_robot) by extension 'colcon_pkg'
[1.555s] Level 1:colcon.colcon_core.package_identification:_identify(src/sim_robot) by extensions ['colcon_meta']
[1.555s] Level 1:colcon.colcon_core.package_identification:_identify(src/sim_robot) by extension 'colcon_meta'
[1.555s] Level 1:colcon.colcon_core.package_identification:_identify(src/sim_robot) by extensions ['ros']
[1.555s] Level 1:colcon.colcon_core.package_identification:_identify(src/sim_robot) by extension 'ros'
[1.558s] DEBUG:colcon.colcon_core.package_identification:Package 'src/sim_robot' with type 'ros.ament_python' and name 'sim_robot'
[1.558s] Level 1:colcon.colcon_core.package_identification:_identify(src/smoke_sensor_node) by extensions ['ignore', 'ignore_ament_install']
[1.559s] Level 1:colcon.colcon_core.package_identification:_identify(src/smoke_sensor_node) by extension 'ignore'
[1.559s] Level 1:colcon.colcon_core.package_identification:_identify(src/smoke_sensor_node) by extension 'ignore_ament_install'
[1.559s] Level 1:colcon.colcon_core.package_identification:_identify(src/smoke_sensor_node) by extensions ['colcon_pkg']
[1.559s] Level 1:colcon.colcon_core.package_identification:_identify(src/smoke_sensor_node) by extension 'colcon_pkg'
[1.559s] Level 1:colcon.colcon_core.package_identification:_identify(src/smoke_sensor_node) by extensions ['colcon_meta']
[1.559s] Level 1:colcon.colcon_core.package_identification:_identify(src/smoke_sensor_node) by extension 'colcon_meta'
[1.560s] Level 1:colcon.colcon_core.package_identification:_identify(src/smoke_sensor_node) by extensions ['ros']
[1.560s] Level 1:colcon.colcon_core.package_identification:_identify(src/smoke_sensor_node) by extension 'ros'
[1.561s] DEBUG:colcon.colcon_core.package_identification:Package 'src/smoke_sensor_node' with type 'ros.ament_python' and name 'smoke_sensor_node'
[1.562s] Level 1:colcon.colcon_core.package_identification:_identify(src/state_machine_node) by extensions ['ignore', 'ignore_ament_install']
[1.562s] Level 1:colcon.colcon_core.package_identification:_identify(src/state_machine_node) by extension 'ignore'
[1.562s] Level 1:colcon.colcon_core.package_identification:_identify(src/state_machine_node) by extension 'ignore_ament_install'
[1.563s] Level 1:colcon.colcon_core.package_identification:_identify(src/state_machine_node) by extensions ['colcon_pkg']
[1.563s] Level 1:colcon.colcon_core.package_identification:_identify(src/state_machine_node) by extension 'colcon_pkg'
[1.563s] Level 1:colcon.colcon_core.package_identification:_identify(src/state_machine_node) by extensions ['colcon_meta']
[1.563s] Level 1:colcon.colcon_core.package_identification:_identify(src/state_machine_node) by extension 'colcon_meta'
[1.563s] Level 1:colcon.colcon_core.package_identification:_identify(src/state_machine_node) by extensions ['ros']
[1.563s] Level 1:colcon.colcon_core.package_identification:_identify(src/state_machine_node) by extension 'ros'
[1.565s] DEBUG:colcon.colcon_core.package_identification:Package 'src/state_machine_node' with type 'ros.ament_python' and name 'state_machine_node'
[1.566s] Level 1:colcon.colcon_core.package_identification:_identify(src/suppression_node) by extensions ['ignore', 'ignore_ament_install']
[1.566s] Level 1:colcon.colcon_core.package_identification:_identify(src/suppression_node) by extension 'ignore'
[1.566s] Level 1:colcon.colcon_core.package_identification:_identify(src/suppression_node) by extension 'ignore_ament_install'
[1.566s] Level 1:colcon.colcon_core.package_identification:_identify(src/suppression_node) by extensions ['colcon_pkg']
[1.567s] Level 1:colcon.colcon_core.package_identification:_identify(src/suppression_node) by extension 'colcon_pkg'
[1.567s] Level 1:colcon.colcon_core.package_identification:_identify(src/suppression_node) by extensions ['colcon_meta']
[1.567s] Level 1:colcon.colcon_core.package_identification:_identify(src/suppression_node) by extension 'colcon_meta'
[1.567s] Level 1:colcon.colcon_core.package_identification:_identify(src/suppression_node) by extensions ['ros']
[1.567s] Level 1:colcon.colcon_core.package_identification:_identify(src/suppression_node) by extension 'ros'
[1.569s] DEBUG:colcon.colcon_core.package_identification:Package 'src/suppression_node' with type 'ros.ament_python' and name 'suppression_node'
[1.570s] Level 1:colcon.colcon_core.package_identification:_identify(src/yolo_inference) by extensions ['ignore', 'ignore_ament_install']
[1.570s] Level 1:colcon.colcon_core.package_identification:_identify(src/yolo_inference) by extension 'ignore'
[1.570s] Level 1:colcon.colcon_core.package_identification:_identify(src/yolo_inference) by extension 'ignore_ament_install'
[1.570s] Level 1:colcon.colcon_core.package_identification:_identify(src/yolo_inference) by extensions ['colcon_pkg']
[1.570s] Level 1:colcon.colcon_core.package_identification:_identify(src/yolo_inference) by extension 'colcon_pkg'
[1.571s] Level 1:colcon.colcon_core.package_identification:_identify(src/yolo_inference) by extensions ['colcon_meta']
[1.571s] Level 1:colcon.colcon_core.package_identification:_identify(src/yolo_inference) by extension 'colcon_meta'
[1.571s] Level 1:colcon.colcon_core.package_identification:_identify(src/yolo_inference) by extensions ['ros']
[1.571s] Level 1:colcon.colcon_core.package_identification:_identify(src/yolo_inference) by extension 'ros'
[1.573s] DEBUG:colcon.colcon_core.package_identification:Package 'src/yolo_inference' with type 'ros.ament_python' and name 'yolo_inference'
[1.573s] Level 1:colcon.colcon_core.package_discovery:discover_packages(recursive) using defaults
[1.574s] Level 1:colcon.colcon_core.package_discovery:discover_packages(ignore) discover
[1.574s] Level 1:colcon.colcon_core.package_discovery:discover_packages(ignore) using defaults
[1.574s] Level 1:colcon.colcon_core.package_discovery:discover_packages(path) discover
[1.574s] Level 1:colcon.colcon_core.package_discovery:discover_packages(path) using defaults
[1.688s] INFO:colcon.colcon_core.package_selection:Skipping not selected package 'camera_node' in 'src/camera_node'
[1.688s] INFO:colcon.colcon_core.package_selection:Skipping not selected package 'comm_node' in 'src/comm_node'
[1.689s] INFO:colcon.colcon_core.package_selection:Skipping not selected package 'fire_confidence_node' in 'src/fire_confidence_node'
[1.689s] INFO:colcon.colcon_core.package_selection:Skipping not selected package 'lidar_node' in 'src/lidar_node'
[1.689s] INFO:colcon.colcon_core.package_selection:Skipping not selected package 'motor_control_node' in 'src/motor_control_node'
[1.689s] INFO:colcon.colcon_core.package_selection:Skipping not selected package 'navigation' in 'src/navigation'
[1.689s] INFO:colcon.colcon_core.package_selection:Skipping not selected package 'sensor_fusion_node' in 'src/sensor_fusion_node'
[1.689s] INFO:colcon.colcon_core.package_selection:Skipping not selected package 'sim_robot' in 'src/sim_robot'
[1.689s] INFO:colcon.colcon_core.package_selection:Skipping not selected package 'smoke_sensor_node' in 'src/smoke_sensor_node'
[1.689s] INFO:colcon.colcon_core.package_selection:Skipping not selected package 'state_machine_node' in 'src/state_machine_node'
[1.689s] INFO:colcon.colcon_core.package_selection:Skipping not selected package 'suppression_node' in 'src/suppression_node'
[1.689s] INFO:colcon.colcon_core.package_selection:Skipping not selected package 'yolo_inference' in 'src/yolo_inference'
[1.691s] Level 1:colcon.colcon_core.package_discovery:discover_packages(prefix_path) check parameters
[1.691s] Level 1:colcon.colcon_core.package_discovery:discover_packages(prefix_path) discover
[1.717s] DEBUG:colcon.colcon_installed_package_information.package_discovery:Found 380 installed packages in /opt/ros/jazzy
[1.721s] Level 1:colcon.colcon_core.package_discovery:discover_packages(prefix_path) using defaults
[2.060s] Level 5:colcon.colcon_core.verb:set package 'bringup' build argument 'cmake_args' from command line to 'None'
[2.061s] Level 5:colcon.colcon_core.verb:set package 'bringup' build argument 'cmake_target' from command line to 'None'
[2.061s] Level 5:colcon.colcon_core.verb:set package 'bringup' build argument 'cmake_target_skip_unavailable' from command line to 'False'
[2.061s] Level 5:colcon.colcon_core.verb:set package 'bringup' build argument 'cmake_clean_cache' from command line to 'False'
[2.061s] Level 5:colcon.colcon_core.verb:set package 'bringup' build argument 'cmake_clean_first' from command line to 'False'
[2.061s] Level 5:colcon.colcon_core.verb:set package 'bringup' build argument 'cmake_force_configure' from command line to 'False'
[2.061s] Level 5:colcon.colcon_core.verb:set package 'bringup' build argument 'ament_cmake_args' from command line to 'None'
[2.061s] Level 5:colcon.colcon_core.verb:set package 'bringup' build argument 'catkin_cmake_args' from command line to 'None'
[2.061s] Level 5:colcon.colcon_core.verb:set package 'bringup' build argument 'catkin_skip_building_tests' from command line to 'False'
[2.061s] DEBUG:colcon.colcon_core.verb:Building package 'bringup' with the following arguments: {'ament_cmake_args': None, 'build_base': '/home/nathaniel/fxb_ws/build/bringup', 'catkin_cmake_args': None, 'catkin_skip_building_tests': False, 'cmake_args': None, 'cmake_clean_cache': False, 'cmake_clean_first': False, 'cmake_force_configure': False, 'cmake_target': None, 'cmake_target_skip_unavailable': False, 'install_base': '/home/nathaniel/fxb_ws/install/bringup', 'merge_install': False, 'path': '/home/nathaniel/fxb_ws/src/bringup', 'symlink_install': False, 'test_result_base': None}
[2.062s] INFO:colcon.colcon_core.executor:Executing jobs using 'parallel' executor
[2.064s] DEBUG:colcon.colcon_parallel_executor.executor.parallel:run_until_complete
[2.064s] INFO:colcon.colcon_ros.task.ament_python.build:Building ROS package in '/home/nathaniel/fxb_ws/src/bringup' with build type 'ament_python'
[2.064s] Level 1:colcon.colcon_core.shell:create_environment_hook('bringup', 'ament_prefix_path')
[2.081s] INFO:colcon.colcon_core.plugin_system:Skipping extension 'colcon_core.shell.bat': Not used on non-Windows systems
[2.082s] INFO:colcon.colcon_core.shell:Creating environment hook '/home/nathaniel/fxb_ws/install/bringup/share/bringup/hook/ament_prefix_path.ps1'
[2.085s] INFO:colcon.colcon_core.shell:Creating environment descriptor '/home/nathaniel/fxb_ws/install/bringup/share/bringup/hook/ament_prefix_path.dsv'
[2.089s] INFO:colcon.colcon_core.shell:Creating environment hook '/home/nathaniel/fxb_ws/install/bringup/share/bringup/hook/ament_prefix_path.sh'
[2.091s] INFO:colcon.colcon_core.shell:Skip shell extension 'powershell' for command environment: Not usable outside of PowerShell
[2.091s] DEBUG:colcon.colcon_core.shell:Skip shell extension 'dsv' for command environment
[2.097s] ERROR:colcon.colcon_ros.task.ament_python.build:Failed to find the following files:
- /home/nathaniel/fxb_ws/install/fire_confidence_node/share/fire_confidence_node/package.sh
Check that the following packages have been built:
- fire_confidence_node
[2.098s] DEBUG:colcon.colcon_parallel_executor.executor.parallel:closing loop
[2.098s] DEBUG:colcon.colcon_parallel_executor.executor.parallel:loop closed
[2.098s] DEBUG:colcon.colcon_parallel_executor.executor.parallel:run_until_complete finished with '1'
[2.099s] DEBUG:colcon.colcon_core.event_reactor:joining thread
[2.190s] INFO:colcon.colcon_core.plugin_system:Skipping extension 'colcon_notification.desktop_notification.notify_send': Could not find 'notify-send'
[2.190s] INFO:colcon.colcon_core.plugin_system:Skipping extension 'colcon_notification.desktop_notification.terminal_notifier': Not used on non-Darwin systems
[2.190s] INFO:colcon.colcon_core.plugin_system:Skipping extension 'colcon_notification.desktop_notification.win32': Not used on non-Windows systems
[2.190s] INFO:colcon.colcon_notification.desktop_notification:Sending desktop notification using 'notify2'
[2.269s] DEBUG:colcon.colcon_notification.desktop_notification.notify2:Failed to initialize notify2: org.freedesktop.DBus.Error.ServiceUnknown: The name org.freedesktop.Notifications was not provided by any .service files
[2.269s] DEBUG:colcon.colcon_core.event_reactor:joined thread
[2.270s] INFO:colcon.colcon_core.shell:Creating prefix script '/home/nathaniel/fxb_ws/install/local_setup.ps1'
[2.272s] INFO:colcon.colcon_core.shell:Creating prefix util module '/home/nathaniel/fxb_ws/install/_local_setup_util_ps1.py'
[2.275s] INFO:colcon.colcon_core.shell:Creating prefix chain script '/home/nathaniel/fxb_ws/install/setup.ps1'
[2.277s] INFO:colcon.colcon_core.shell:Creating prefix script '/home/nathaniel/fxb_ws/install/local_setup.sh'
[2.280s] INFO:colcon.colcon_core.shell:Creating prefix util module '/home/nathaniel/fxb_ws/install/_local_setup_util_sh.py'
[2.281s] INFO:colcon.colcon_core.shell:Creating prefix chain script '/home/nathaniel/fxb_ws/install/setup.sh'
[2.284s] INFO:colcon.colcon_core.shell:Creating prefix script '/home/nathaniel/fxb_ws/install/local_setup.bash'
[2.287s] INFO:colcon.colcon_core.shell:Creating prefix chain script '/home/nathaniel/fxb_ws/install/setup.bash'
[2.289s] INFO:colcon.colcon_core.shell:Creating prefix script '/home/nathaniel/fxb_ws/install/local_setup.zsh'
[2.292s] INFO:colcon.colcon_core.shell:Creating prefix chain script '/home/nathaniel/fxb_ws/install/setup.zsh'
