[0.220s] DEBUG:colcon:Command line arguments: ['/usr/bin/colcon', 'build', '--packages-select', 'motor_control_node']
[0.220s] DEBUG:colcon:Parsed command line arguments: Namespace(log_base=None, log_level=None, verb_name='build', build_base='build', install_base='install', merge_install=False, symlink_install=False, test_result_base=None, continue_on_error=False, executor='parallel', parallel_workers=8, event_handlers=None, ignore_user_meta=False, metas=['./colcon.meta'], base_paths=['.'], packages_ignore=None, packages_ignore_regex=None, paths=None, packages_up_to=None, packages_up_to_regex=None, packages_above=None, packages_above_and_dependencies=None, packages_above_depth=None, packages_select_by_dep=None, packages_skip_by_dep=None, packages_skip_up_to=None, packages_select_build_failed=False, packages_skip_build_finished=False, packages_select_test_failures=False, packages_skip_test_passed=False, packages_select=['motor_control_node'], packages_skip=None, packages_select_regex=None, packages_skip_regex=None, packages_start=None, packages_end=None, allow_overriding=[], cmake_args=None, cmake_target=None, cmake_target_skip_unavailable=False, cmake_clean_cache=False, cmake_clean_first=False, cmake_force_configure=False, ament_cmake_args=None, catkin_cmake_args=None, catkin_skip_building_tests=False, mixin_files=None, mixin=None, verb_parser=<colcon_mixin.mixin.mixin_argument.MixinArgumentDecorator object at 0x7afe2d2a5190>, verb_extension=<colcon_core.verb.build.BuildVerb object at 0x7afe2d3cf890>, main=<bound method BuildVerb.main of <colcon_core.verb.build.BuildVerb object at 0x7afe2d3cf890>>, mixin_verb=('build',))
[0.293s] Level 1:colcon.colcon_core.package_discovery:discover_packages(colcon_meta) check parameters
[0.293s] Level 1:colcon.colcon_core.package_discovery:discover_packages(recursive) check parameters
[0.293s] Level 1:colcon.colcon_core.package_discovery:discover_packages(ignore) check parameters
[0.293s] Level 1:colcon.colcon_core.package_discovery:discover_packages(path) check parameters
[0.293s] Level 1:colcon.colcon_core.package_discovery:discover_packages(colcon_meta) discover
[0.293s] Level 1:colcon.colcon_core.package_discovery:discover_packages(recursive) discover
[0.293s] INFO:colcon.colcon_core.package_discovery:Crawling recursively for packages in '/home/nathaniel/fxb_ws/src'
[0.294s] Level 1:colcon.colcon_core.package_identification:_identify(.) by extensions ['ignore', 'ignore_ament_install']
[0.294s] Level 1:colcon.colcon_core.package_identification:_identify(.) by extension 'ignore'
[0.294s] Level 1:colcon.colcon_core.package_identification:_identify(.) by extension 'ignore_ament_install'
[0.294s] Level 1:colcon.colcon_core.package_identification:_identify(.) by extensions ['colcon_pkg']
[0.294s] Level 1:colcon.colcon_core.package_identification:_identify(.) by extension 'colcon_pkg'
[0.294s] Level 1:colcon.colcon_core.package_identification:_identify(.) by extensions ['colcon_meta']
[0.294s] Level 1:colcon.colcon_core.package_identification:_identify(.) by extension 'colcon_meta'
[0.294s] Level 1:colcon.colcon_core.package_identification:_identify(.) by extensions ['ros']
[0.294s] Level 1:colcon.colcon_core.package_identification:_identify(.) by extension 'ros'
[0.335s] Level 1:colcon.colcon_core.package_identification:_identify(.) by extensions ['cmake', 'python']
[0.335s] Level 1:colcon.colcon_core.package_identification:_identify(.) by extension 'cmake'
[0.335s] Level 1:colcon.colcon_core.package_identification:_identify(.) by extension 'python'
[0.335s] Level 1:colcon.colcon_core.package_identification:_identify(.) by extensions ['python_setup_py']
[0.335s] Level 1:colcon.colcon_core.package_identification:_identify(.) by extension 'python_setup_py'
[0.336s] Level 1:colcon.colcon_core.package_identification:_identify(bringup) by extensions ['ignore', 'ignore_ament_install']
[0.336s] Level 1:colcon.colcon_core.package_identification:_identify(bringup) by extension 'ignore'
[0.336s] Level 1:colcon.colcon_core.package_identification:_identify(bringup) by extension 'ignore_ament_install'
[0.336s] Level 1:colcon.colcon_core.package_identification:_identify(bringup) by extensions ['colcon_pkg']
[0.336s] Level 1:colcon.colcon_core.package_identification:_identify(bringup) by extension 'colcon_pkg'
[0.336s] Level 1:colcon.colcon_core.package_identification:_identify(bringup) by extensions ['colcon_meta']
[0.336s] Level 1:colcon.colcon_core.package_identification:_identify(bringup) by extension 'colcon_meta'
[0.336s] Level 1:colcon.colcon_core.package_identification:_identify(bringup) by extensions ['ros']
[0.336s] Level 1:colcon.colcon_core.package_identification:_identify(bringup) by extension 'ros'
[0.339s] DEBUG:colcon.colcon_core.package_identification:Package 'bringup' with type 'ros.ament_python' and name 'bringup'
[0.340s] Level 1:colcon.colcon_core.package_identification:_identify(build) by extensions ['ignore', 'ignore_ament_install']
[0.340s] Level 1:colcon.colcon_core.package_identification:_identify(build) by extension 'ignore'
[0.340s] Level 1:colcon.colcon_core.package_identification:_identify(build) ignored
[0.340s] Level 1:colcon.colcon_core.package_identification:_identify(camera_node) by extensions ['ignore', 'ignore_ament_install']
[0.340s] Level 1:colcon.colcon_core.package_identification:_identify(camera_node) by extension 'ignore'
[0.340s] Level 1:colcon.colcon_core.package_identification:_identify(camera_node) by extension 'ignore_ament_install'
[0.340s] Level 1:colcon.colcon_core.package_identification:_identify(camera_node) by extensions ['colcon_pkg']
[0.340s] Level 1:colcon.colcon_core.package_identification:_identify(camera_node) by extension 'colcon_pkg'
[0.340s] Level 1:colcon.colcon_core.package_identification:_identify(camera_node) by extensions ['colcon_meta']
[0.341s] Level 1:colcon.colcon_core.package_identification:_identify(camera_node) by extension 'colcon_meta'
[0.341s] Level 1:colcon.colcon_core.package_identification:_identify(camera_node) by extensions ['ros']
[0.341s] Level 1:colcon.colcon_core.package_identification:_identify(camera_node) by extension 'ros'
[0.341s] DEBUG:colcon.colcon_core.package_identification:Package 'camera_node' with type 'ros.ament_python' and name 'camera_node'
[0.341s] Level 1:colcon.colcon_core.package_identification:_identify(comm_node) by extensions ['ignore', 'ignore_ament_install']
[0.342s] Level 1:colcon.colcon_core.package_identification:_identify(comm_node) by extension 'ignore'
[0.342s] Level 1:colcon.colcon_core.package_identification:_identify(comm_node) by extension 'ignore_ament_install'
[0.342s] Level 1:colcon.colcon_core.package_identification:_identify(comm_node) by extensions ['colcon_pkg']
[0.342s] Level 1:colcon.colcon_core.package_identification:_identify(comm_node) by extension 'colcon_pkg'
[0.342s] Level 1:colcon.colcon_core.package_identification:_identify(comm_node) by extensions ['colcon_meta']
[0.342s] Level 1:colcon.colcon_core.package_identification:_identify(comm_node) by extension 'colcon_meta'
[0.342s] Level 1:colcon.colcon_core.package_identification:_identify(comm_node) by extensions ['ros']
[0.342s] Level 1:colcon.colcon_core.package_identification:_identify(comm_node) by extension 'ros'
[0.343s] DEBUG:colcon.colcon_core.package_identification:Package 'comm_node' with type 'ros.ament_python' and name 'comm_node'
[0.343s] Level 1:colcon.colcon_core.package_identification:_identify(install) by extensions ['ignore', 'ignore_ament_install']
[0.343s] Level 1:colcon.colcon_core.package_identification:_identify(install) by extension 'ignore'
[0.343s] Level 1:colcon.colcon_core.package_identification:_identify(install) ignored
[0.343s] Level 1:colcon.colcon_core.package_identification:_identify(lidar_node) by extensions ['ignore', 'ignore_ament_install']
[0.343s] Level 1:colcon.colcon_core.package_identification:_identify(lidar_node) by extension 'ignore'
[0.343s] Level 1:colcon.colcon_core.package_identification:_identify(lidar_node) by extension 'ignore_ament_install'
[0.343s] Level 1:colcon.colcon_core.package_identification:_identify(lidar_node) by extensions ['colcon_pkg']
[0.343s] Level 1:colcon.colcon_core.package_identification:_identify(lidar_node) by extension 'colcon_pkg'
[0.343s] Level 1:colcon.colcon_core.package_identification:_identify(lidar_node) by extensions ['colcon_meta']
[0.343s] Level 1:colcon.colcon_core.package_identification:_identify(lidar_node) by extension 'colcon_meta'
[0.343s] Level 1:colcon.colcon_core.package_identification:_identify(lidar_node) by extensions ['ros']
[0.343s] Level 1:colcon.colcon_core.package_identification:_identify(lidar_node) by extension 'ros'
[0.344s] DEBUG:colcon.colcon_core.package_identification:Package 'lidar_node' with type 'ros.ament_python' and name 'lidar_node'
[0.344s] Level 1:colcon.colcon_core.package_identification:_identify(log) by extensions ['ignore', 'ignore_ament_install']
[0.345s] Level 1:colcon.colcon_core.package_identification:_identify(log) by extension 'ignore'
[0.345s] Level 1:colcon.colcon_core.package_identification:_identify(log) ignored
[0.345s] Level 1:colcon.colcon_core.package_identification:_identify(motor_control_node) by extensions ['ignore', 'ignore_ament_install']
[0.345s] Level 1:colcon.colcon_core.package_identification:_identify(motor_control_node) by extension 'ignore'
[0.345s] Level 1:colcon.colcon_core.package_identification:_identify(motor_control_node) by extension 'ignore_ament_install'
[0.345s] Level 1:colcon.colcon_core.package_identification:_identify(motor_control_node) by extensions ['colcon_pkg']
[0.345s] Level 1:colcon.colcon_core.package_identification:_identify(motor_control_node) by extension 'colcon_pkg'
[0.345s] Level 1:colcon.colcon_core.package_identification:_identify(motor_control_node) by extensions ['colcon_meta']
[0.345s] Level 1:colcon.colcon_core.package_identification:_identify(motor_control_node) by extension 'colcon_meta'
[0.345s] Level 1:colcon.colcon_core.package_identification:_identify(motor_control_node) by extensions ['ros']
[0.345s] Level 1:colcon.colcon_core.package_identification:_identify(motor_control_node) by extension 'ros'
[0.346s] DEBUG:colcon.colcon_core.package_identification:Package 'motor_control_node' with type 'ros.ament_python' and name 'motor_control_node'
[0.346s] Level 1:colcon.colcon_core.package_identification:_identify(navigation) by extensions ['ignore', 'ignore_ament_install']
[0.346s] Level 1:colcon.colcon_core.package_identification:_identify(navigation) by extension 'ignore'
[0.346s] Level 1:colcon.colcon_core.package_identification:_identify(navigation) by extension 'ignore_ament_install'
[0.346s] Level 1:colcon.colcon_core.package_identification:_identify(navigation) by extensions ['colcon_pkg']
[0.346s] Level 1:colcon.colcon_core.package_identification:_identify(navigation) by extension 'colcon_pkg'
[0.346s] Level 1:colcon.colcon_core.package_identification:_identify(navigation) by extensions ['colcon_meta']
[0.346s] Level 1:colcon.colcon_core.package_identification:_identify(navigation) by extension 'colcon_meta'
[0.347s] Level 1:colcon.colcon_core.package_identification:_identify(navigation) by extensions ['ros']
[0.347s] Level 1:colcon.colcon_core.package_identification:_identify(navigation) by extension 'ros'
[0.347s] DEBUG:colcon.colcon_core.package_identification:Package 'navigation' with type 'ros.ament_python' and name 'navigation'
[0.347s] Level 1:colcon.colcon_core.package_identification:_identify(sensor_fusion_node) by extensions ['ignore', 'ignore_ament_install']
[0.348s] Level 1:colcon.colcon_core.package_identification:_identify(sensor_fusion_node) by extension 'ignore'
[0.348s] Level 1:colcon.colcon_core.package_identification:_identify(sensor_fusion_node) by extension 'ignore_ament_install'
[0.348s] Level 1:colcon.colcon_core.package_identification:_identify(sensor_fusion_node) by extensions ['colcon_pkg']
[0.348s] Level 1:colcon.colcon_core.package_identification:_identify(sensor_fusion_node) by extension 'colcon_pkg'
[0.348s] Level 1:colcon.colcon_core.package_identification:_identify(sensor_fusion_node) by extensions ['colcon_meta']
[0.348s] Level 1:colcon.colcon_core.package_identification:_identify(sensor_fusion_node) by extension 'colcon_meta'
[0.348s] Level 1:colcon.colcon_core.package_identification:_identify(sensor_fusion_node) by extensions ['ros']
[0.348s] Level 1:colcon.colcon_core.package_identification:_identify(sensor_fusion_node) by extension 'ros'
[0.348s] DEBUG:colcon.colcon_core.package_identification:Package 'sensor_fusion_node' with type 'ros.ament_python' and name 'sensor_fusion_node'
[0.348s] Level 1:colcon.colcon_core.package_identification:_identify(sim_robot) by extensions ['ignore', 'ignore_ament_install']
[0.349s] Level 1:colcon.colcon_core.package_identification:_identify(sim_robot) by extension 'ignore'
[0.349s] Level 1:colcon.colcon_core.package_identification:_identify(sim_robot) by extension 'ignore_ament_install'
[0.349s] Level 1:colcon.colcon_core.package_identification:_identify(sim_robot) by extensions ['colcon_pkg']
[0.349s] Level 1:colcon.colcon_core.package_identification:_identify(sim_robot) by extension 'colcon_pkg'
[0.349s] Level 1:colcon.colcon_core.package_identification:_identify(sim_robot) by extensions ['colcon_meta']
[0.349s] Level 1:colcon.colcon_core.package_identification:_identify(sim_robot) by extension 'colcon_meta'
[0.349s] Level 1:colcon.colcon_core.package_identification:_identify(sim_robot) by extensions ['ros']
[0.349s] Level 1:colcon.colcon_core.package_identification:_identify(sim_robot) by extension 'ros'
[0.350s] DEBUG:colcon.colcon_core.package_identification:Package 'sim_robot' with type 'ros.ament_python' and name 'sim_robot'
[0.350s] Level 1:colcon.colcon_core.package_identification:_identify(slam_node) by extensions ['ignore', 'ignore_ament_install']
[0.350s] Level 1:colcon.colcon_core.package_identification:_identify(slam_node) by extension 'ignore'
[0.350s] Level 1:colcon.colcon_core.package_identification:_identify(slam_node) by extension 'ignore_ament_install'
[0.350s] Level 1:colcon.colcon_core.package_identification:_identify(slam_node) by extensions ['colcon_pkg']
[0.350s] Level 1:colcon.colcon_core.package_identification:_identify(slam_node) by extension 'colcon_pkg'
[0.350s] Level 1:colcon.colcon_core.package_identification:_identify(slam_node) by extensions ['colcon_meta']
[0.350s] Level 1:colcon.colcon_core.package_identification:_identify(slam_node) by extension 'colcon_meta'
[0.350s] Level 1:colcon.colcon_core.package_identification:_identify(slam_node) by extensions ['ros']
[0.350s] Level 1:colcon.colcon_core.package_identification:_identify(slam_node) by extension 'ros'
[0.351s] DEBUG:colcon.colcon_core.package_identification:Package 'slam_node' with type 'ros.ament_python' and name 'slam_node'
[0.351s] Level 1:colcon.colcon_core.package_identification:_identify(smoke_sensor_node) by extensions ['ignore', 'ignore_ament_install']
[0.351s] Level 1:colcon.colcon_core.package_identification:_identify(smoke_sensor_node) by extension 'ignore'
[0.351s] Level 1:colcon.colcon_core.package_identification:_identify(smoke_sensor_node) by extension 'ignore_ament_install'
[0.351s] Level 1:colcon.colcon_core.package_identification:_identify(smoke_sensor_node) by extensions ['colcon_pkg']
[0.351s] Level 1:colcon.colcon_core.package_identification:_identify(smoke_sensor_node) by extension 'colcon_pkg'
[0.351s] Level 1:colcon.colcon_core.package_identification:_identify(smoke_sensor_node) by extensions ['colcon_meta']
[0.351s] Level 1:colcon.colcon_core.package_identification:_identify(smoke_sensor_node) by extension 'colcon_meta'
[0.351s] Level 1:colcon.colcon_core.package_identification:_identify(smoke_sensor_node) by extensions ['ros']
[0.351s] Level 1:colcon.colcon_core.package_identification:_identify(smoke_sensor_node) by extension 'ros'
[0.352s] DEBUG:colcon.colcon_core.package_identification:Package 'smoke_sensor_node' with type 'ros.ament_python' and name 'smoke_sensor_node'
[0.352s] Level 1:colcon.colcon_core.package_identification:_identify(state_machine_node) by extensions ['ignore', 'ignore_ament_install']
[0.352s] Level 1:colcon.colcon_core.package_identification:_identify(state_machine_node) by extension 'ignore'
[0.352s] Level 1:colcon.colcon_core.package_identification:_identify(state_machine_node) by extension 'ignore_ament_install'
[0.353s] Level 1:colcon.colcon_core.package_identification:_identify(state_machine_node) by extensions ['colcon_pkg']
[0.353s] Level 1:colcon.colcon_core.package_identification:_identify(state_machine_node) by extension 'colcon_pkg'
[0.353s] Level 1:colcon.colcon_core.package_identification:_identify(state_machine_node) by extensions ['colcon_meta']
[0.353s] Level 1:colcon.colcon_core.package_identification:_identify(state_machine_node) by extension 'colcon_meta'
[0.353s] Level 1:colcon.colcon_core.package_identification:_identify(state_machine_node) by extensions ['ros']
[0.353s] Level 1:colcon.colcon_core.package_identification:_identify(state_machine_node) by extension 'ros'
[0.353s] DEBUG:colcon.colcon_core.package_identification:Package 'state_machine_node' with type 'ros.ament_python' and name 'state_machine_node'
[0.353s] Level 1:colcon.colcon_core.package_identification:_identify(suppression_node) by extensions ['ignore', 'ignore_ament_install']
[0.353s] Level 1:colcon.colcon_core.package_identification:_identify(suppression_node) by extension 'ignore'
[0.354s] Level 1:colcon.colcon_core.package_identification:_identify(suppression_node) by extension 'ignore_ament_install'
[0.354s] Level 1:colcon.colcon_core.package_identification:_identify(suppression_node) by extensions ['colcon_pkg']
[0.354s] Level 1:colcon.colcon_core.package_identification:_identify(suppression_node) by extension 'colcon_pkg'
[0.354s] Level 1:colcon.colcon_core.package_identification:_identify(suppression_node) by extensions ['colcon_meta']
[0.354s] Level 1:colcon.colcon_core.package_identification:_identify(suppression_node) by extension 'colcon_meta'
[0.354s] Level 1:colcon.colcon_core.package_identification:_identify(suppression_node) by extensions ['ros']
[0.354s] Level 1:colcon.colcon_core.package_identification:_identify(suppression_node) by extension 'ros'
[0.354s] DEBUG:colcon.colcon_core.package_identification:Package 'suppression_node' with type 'ros.ament_python' and name 'suppression_node'
[0.355s] Level 1:colcon.colcon_core.package_identification:_identify(yolo_inference) by extensions ['ignore', 'ignore_ament_install']
[0.355s] Level 1:colcon.colcon_core.package_identification:_identify(yolo_inference) by extension 'ignore'
[0.355s] Level 1:colcon.colcon_core.package_identification:_identify(yolo_inference) by extension 'ignore_ament_install'
[0.355s] Level 1:colcon.colcon_core.package_identification:_identify(yolo_inference) by extensions ['colcon_pkg']
[0.355s] Level 1:colcon.colcon_core.package_identification:_identify(yolo_inference) by extension 'colcon_pkg'
[0.355s] Level 1:colcon.colcon_core.package_identification:_identify(yolo_inference) by extensions ['colcon_meta']
[0.355s] Level 1:colcon.colcon_core.package_identification:_identify(yolo_inference) by extension 'colcon_meta'
[0.355s] Level 1:colcon.colcon_core.package_identification:_identify(yolo_inference) by extensions ['ros']
[0.355s] Level 1:colcon.colcon_core.package_identification:_identify(yolo_inference) by extension 'ros'
[0.356s] DEBUG:colcon.colcon_core.package_identification:Package 'yolo_inference' with type 'ros.ament_python' and name 'yolo_inference'
[0.356s] Level 1:colcon.colcon_core.package_discovery:discover_packages(recursive) using defaults
[0.356s] Level 1:colcon.colcon_core.package_discovery:discover_packages(ignore) discover
[0.356s] Level 1:colcon.colcon_core.package_discovery:discover_packages(ignore) using defaults
[0.356s] Level 1:colcon.colcon_core.package_discovery:discover_packages(path) discover
[0.356s] Level 1:colcon.colcon_core.package_discovery:discover_packages(path) using defaults
[0.382s] INFO:colcon.colcon_core.package_selection:Skipping not selected package 'bringup' in 'bringup'
[0.382s] INFO:colcon.colcon_core.package_selection:Skipping not selected package 'camera_node' in 'camera_node'
[0.383s] INFO:colcon.colcon_core.package_selection:Skipping not selected package 'comm_node' in 'comm_node'
[0.383s] INFO:colcon.colcon_core.package_selection:Skipping not selected package 'lidar_node' in 'lidar_node'
[0.383s] INFO:colcon.colcon_core.package_selection:Skipping not selected package 'navigation' in 'navigation'
[0.383s] INFO:colcon.colcon_core.package_selection:Skipping not selected package 'sensor_fusion_node' in 'sensor_fusion_node'
[0.383s] INFO:colcon.colcon_core.package_selection:Skipping not selected package 'sim_robot' in 'sim_robot'
[0.383s] INFO:colcon.colcon_core.package_selection:Skipping not selected package 'slam_node' in 'slam_node'
[0.383s] INFO:colcon.colcon_core.package_selection:Skipping not selected package 'smoke_sensor_node' in 'smoke_sensor_node'
[0.383s] INFO:colcon.colcon_core.package_selection:Skipping not selected package 'state_machine_node' in 'state_machine_node'
[0.383s] INFO:colcon.colcon_core.package_selection:Skipping not selected package 'suppression_node' in 'suppression_node'
[0.383s] INFO:colcon.colcon_core.package_selection:Skipping not selected package 'yolo_inference' in 'yolo_inference'
[0.383s] Level 1:colcon.colcon_core.package_discovery:discover_packages(prefix_path) check parameters
[0.383s] Level 1:colcon.colcon_core.package_discovery:discover_packages(prefix_path) discover
[0.386s] WARNING:colcon.colcon_ros.prefix_path.ament:The path '/home/nathaniel/fxb_ws/src/install/slam_node' in the environment variable AMENT_PREFIX_PATH doesn't exist
[0.386s] WARNING:colcon.colcon_ros.prefix_path.ament:The path '/home/nathaniel/fxb_ws/install/slam_node' in the environment variable AMENT_PREFIX_PATH doesn't exist
[0.386s] WARNING:colcon.colcon_ros.prefix_path.ament:The path '/home/nathaniel/fxb_ws/install/lidar_node' in the environment variable AMENT_PREFIX_PATH doesn't exist
[0.386s] WARNING:colcon.colcon_ros.prefix_path.ament:The path '/home/nathaniel/fxb_ws/install/yolo_inference' in the environment variable AMENT_PREFIX_PATH doesn't exist
[0.386s] WARNING:colcon.colcon_ros.prefix_path.ament:The path '/home/nathaniel/fxb_ws/install/suppression_node' in the environment variable AMENT_PREFIX_PATH doesn't exist
[0.387s] WARNING:colcon.colcon_ros.prefix_path.ament:The path '/home/nathaniel/fxb_ws/install/smoke_sensor_node' in the environment variable AMENT_PREFIX_PATH doesn't exist
[0.387s] WARNING:colcon.colcon_ros.prefix_path.ament:The path '/home/nathaniel/fxb_ws/install/slam_toolbox_launcher' in the environment variable AMENT_PREFIX_PATH doesn't exist
[0.387s] WARNING:colcon.colcon_ros.prefix_path.ament:The path '/home/nathaniel/fxb_ws/install/sim_robot' in the environment variable AMENT_PREFIX_PATH doesn't exist
[0.387s] WARNING:colcon.colcon_ros.prefix_path.ament:The path '/home/nathaniel/fxb_ws/install/navigation' in the environment variable AMENT_PREFIX_PATH doesn't exist
[0.387s] WARNING:colcon.colcon_ros.prefix_path.ament:The path '/home/nathaniel/fxb_ws/install/motor_control' in the environment variable AMENT_PREFIX_PATH doesn't exist
[0.387s] WARNING:colcon.colcon_ros.prefix_path.ament:The path '/home/nathaniel/fxb_ws/install/comm_node' in the environment variable AMENT_PREFIX_PATH doesn't exist
[0.387s] WARNING:colcon.colcon_ros.prefix_path.ament:The path '/home/nathaniel/fxb_ws/install/camera_node' in the environment variable AMENT_PREFIX_PATH doesn't exist
[0.387s] WARNING:colcon.colcon_ros.prefix_path.ament:The path '/home/nathaniel/fxb_ws/install/bringup' in the environment variable AMENT_PREFIX_PATH doesn't exist
[0.389s] DEBUG:colcon.colcon_installed_package_information.package_discovery:Found 0 installed packages in /home/nathaniel/fxb_ws/src/install
[0.390s] DEBUG:colcon.colcon_installed_package_information.package_discovery:Found 1 installed packages in /home/nathaniel/fxb_ws/install
[0.392s] DEBUG:colcon.colcon_installed_package_information.package_discovery:Found 380 installed packages in /opt/ros/jazzy
[0.394s] Level 1:colcon.colcon_core.package_discovery:discover_packages(prefix_path) using defaults
[0.526s] Level 5:colcon.colcon_core.verb:set package 'motor_control_node' build argument 'cmake_args' from command line to 'None'
[0.526s] Level 5:colcon.colcon_core.verb:set package 'motor_control_node' build argument 'cmake_target' from command line to 'None'
[0.526s] Level 5:colcon.colcon_core.verb:set package 'motor_control_node' build argument 'cmake_target_skip_unavailable' from command line to 'False'
[0.526s] Level 5:colcon.colcon_core.verb:set package 'motor_control_node' build argument 'cmake_clean_cache' from command line to 'False'
[0.526s] Level 5:colcon.colcon_core.verb:set package 'motor_control_node' build argument 'cmake_clean_first' from command line to 'False'
[0.526s] Level 5:colcon.colcon_core.verb:set package 'motor_control_node' build argument 'cmake_force_configure' from command line to 'False'
[0.526s] Level 5:colcon.colcon_core.verb:set package 'motor_control_node' build argument 'ament_cmake_args' from command line to 'None'
[0.526s] Level 5:colcon.colcon_core.verb:set package 'motor_control_node' build argument 'catkin_cmake_args' from command line to 'None'
[0.526s] Level 5:colcon.colcon_core.verb:set package 'motor_control_node' build argument 'catkin_skip_building_tests' from command line to 'False'
[0.526s] DEBUG:colcon.colcon_core.verb:Building package 'motor_control_node' with the following arguments: {'ament_cmake_args': None, 'build_base': '/home/nathaniel/fxb_ws/src/build/motor_control_node', 'catkin_cmake_args': None, 'catkin_skip_building_tests': False, 'cmake_args': None, 'cmake_clean_cache': False, 'cmake_clean_first': False, 'cmake_force_configure': False, 'cmake_target': None, 'cmake_target_skip_unavailable': False, 'install_base': '/home/nathaniel/fxb_ws/src/install/motor_control_node', 'merge_install': False, 'path': '/home/nathaniel/fxb_ws/src/motor_control_node', 'symlink_install': False, 'test_result_base': None}
[0.526s] INFO:colcon.colcon_core.executor:Executing jobs using 'parallel' executor
[0.527s] DEBUG:colcon.colcon_parallel_executor.executor.parallel:run_until_complete
[0.527s] INFO:colcon.colcon_ros.task.ament_python.build:Building ROS package in '/home/nathaniel/fxb_ws/src/motor_control_node' with build type 'ament_python'
[0.528s] Level 1:colcon.colcon_core.shell:create_environment_hook('motor_control_node', 'ament_prefix_path')
[0.532s] INFO:colcon.colcon_core.plugin_system:Skipping extension 'colcon_core.shell.bat': Not used on non-Windows systems
[0.532s] INFO:colcon.colcon_core.shell:Creating environment hook '/home/nathaniel/fxb_ws/src/install/motor_control_node/share/motor_control_node/hook/ament_prefix_path.ps1'
[0.538s] INFO:colcon.colcon_core.shell:Creating environment descriptor '/home/nathaniel/fxb_ws/src/install/motor_control_node/share/motor_control_node/hook/ament_prefix_path.dsv'
[0.539s] INFO:colcon.colcon_core.shell:Creating environment hook '/home/nathaniel/fxb_ws/src/install/motor_control_node/share/motor_control_node/hook/ament_prefix_path.sh'
[0.540s] INFO:colcon.colcon_core.shell:Skip shell extension 'powershell' for command environment: Not usable outside of PowerShell
[0.540s] DEBUG:colcon.colcon_core.shell:Skip shell extension 'dsv' for command environment
[0.898s] INFO:colcon.colcon_core.task.python.build:Building Python package in '/home/nathaniel/fxb_ws/src/motor_control_node'
[0.898s] INFO:colcon.colcon_core.shell:Skip shell extension 'powershell' for command environment: Not usable outside of PowerShell
[0.898s] DEBUG:colcon.colcon_core.shell:Skip shell extension 'dsv' for command environment
[1.828s] DEBUG:colcon.colcon_core.event_handler.log_command:Invoking command in '/home/nathaniel/fxb_ws/src/motor_control_node': PYTHONPATH=/home/nathaniel/fxb_ws/src/build/motor_control_node/prefix_override:/usr/lib/python3/dist-packages/colcon_core/task/python/colcon_distutils_commands:/home/nathaniel/fxb_ws/src/install/motor_control_node/lib/python3.12/site-packages:${PYTHONPATH} VIRTUAL_ENV_PROMPT=(.venv) /usr/bin/python3 -W ignore:setup.py install is deprecated -W ignore:easy_install command is deprecated setup.py egg_info --egg-base ../build/motor_control_node build --build-base /home/nathaniel/fxb_ws/src/build/motor_control_node/build install --record /home/nathaniel/fxb_ws/src/build/motor_control_node/install.log --single-version-externally-managed install_data
[2.798s] DEBUG:colcon.colcon_core.event_handler.log_command:Invoked command in '/home/nathaniel/fxb_ws/src/motor_control_node' returned '0': PYTHONPATH=/home/nathaniel/fxb_ws/src/build/motor_control_node/prefix_override:/usr/lib/python3/dist-packages/colcon_core/task/python/colcon_distutils_commands:/home/nathaniel/fxb_ws/src/install/motor_control_node/lib/python3.12/site-packages:${PYTHONPATH} VIRTUAL_ENV_PROMPT=(.venv) /usr/bin/python3 -W ignore:setup.py install is deprecated -W ignore:easy_install command is deprecated setup.py egg_info --egg-base ../build/motor_control_node build --build-base /home/nathaniel/fxb_ws/src/build/motor_control_node/build install --record /home/nathaniel/fxb_ws/src/build/motor_control_node/install.log --single-version-externally-managed install_data
[2.802s] Level 1:colcon.colcon_core.environment:checking '/home/nathaniel/fxb_ws/src/install/motor_control_node' for CMake module files
[2.803s] Level 1:colcon.colcon_core.environment:checking '/home/nathaniel/fxb_ws/src/install/motor_control_node' for CMake config files
[2.804s] Level 1:colcon.colcon_core.environment:checking '/home/nathaniel/fxb_ws/src/install/motor_control_node/lib'
[2.805s] Level 1:colcon.colcon_core.environment:checking '/home/nathaniel/fxb_ws/src/install/motor_control_node/bin'
[2.805s] Level 1:colcon.colcon_core.environment:checking '/home/nathaniel/fxb_ws/src/install/motor_control_node/lib/pkgconfig/motor_control_node.pc'
[2.805s] Level 1:colcon.colcon_core.environment:checking '/home/nathaniel/fxb_ws/src/install/motor_control_node/lib/python3.12/site-packages'
[2.806s] Level 1:colcon.colcon_core.shell:create_environment_hook('motor_control_node', 'pythonpath')
[2.806s] INFO:colcon.colcon_core.shell:Creating environment hook '/home/nathaniel/fxb_ws/src/install/motor_control_node/share/motor_control_node/hook/pythonpath.ps1'
[2.806s] INFO:colcon.colcon_core.shell:Creating environment descriptor '/home/nathaniel/fxb_ws/src/install/motor_control_node/share/motor_control_node/hook/pythonpath.dsv'
[2.807s] INFO:colcon.colcon_core.shell:Creating environment hook '/home/nathaniel/fxb_ws/src/install/motor_control_node/share/motor_control_node/hook/pythonpath.sh'
[2.808s] Level 1:colcon.colcon_core.environment:checking '/home/nathaniel/fxb_ws/src/install/motor_control_node/bin'
[2.808s] Level 1:colcon.colcon_core.environment:create_environment_scripts_only(motor_control_node)
[2.808s] INFO:colcon.colcon_core.shell:Creating package script '/home/nathaniel/fxb_ws/src/install/motor_control_node/share/motor_control_node/package.ps1'
[2.809s] INFO:colcon.colcon_core.shell:Creating package descriptor '/home/nathaniel/fxb_ws/src/install/motor_control_node/share/motor_control_node/package.dsv'
[2.810s] INFO:colcon.colcon_core.shell:Creating package script '/home/nathaniel/fxb_ws/src/install/motor_control_node/share/motor_control_node/package.sh'
[2.811s] INFO:colcon.colcon_core.shell:Creating package script '/home/nathaniel/fxb_ws/src/install/motor_control_node/share/motor_control_node/package.bash'
[2.812s] INFO:colcon.colcon_core.shell:Creating package script '/home/nathaniel/fxb_ws/src/install/motor_control_node/share/motor_control_node/package.zsh'
[2.813s] Level 1:colcon.colcon_core.environment:create_file_with_runtime_dependencies(/home/nathaniel/fxb_ws/src/install/motor_control_node/share/colcon-core/packages/motor_control_node)
[2.815s] DEBUG:colcon.colcon_parallel_executor.executor.parallel:closing loop
[2.816s] DEBUG:colcon.colcon_parallel_executor.executor.parallel:loop closed
[2.817s] DEBUG:colcon.colcon_parallel_executor.executor.parallel:run_until_complete finished with '0'
[2.817s] DEBUG:colcon.colcon_core.event_reactor:joining thread
[2.869s] INFO:colcon.colcon_core.plugin_system:Skipping extension 'colcon_notification.desktop_notification.notify_send': Could not find 'notify-send'
[2.870s] INFO:colcon.colcon_core.plugin_system:Skipping extension 'colcon_notification.desktop_notification.terminal_notifier': Not used on non-Darwin systems
[2.870s] INFO:colcon.colcon_core.plugin_system:Skipping extension 'colcon_notification.desktop_notification.win32': Not used on non-Windows systems
[2.870s] INFO:colcon.colcon_notification.desktop_notification:Sending desktop notification using 'notify2'
[2.872s] DEBUG:colcon.colcon_notification.desktop_notification.notify2:Failed to initialize notify2: org.freedesktop.DBus.Error.ServiceUnknown: The name org.freedesktop.Notifications was not provided by any .service files
[2.872s] DEBUG:colcon.colcon_core.event_reactor:joined thread
[2.873s] INFO:colcon.colcon_core.shell:Creating prefix script '/home/nathaniel/fxb_ws/src/install/local_setup.ps1'
[2.874s] INFO:colcon.colcon_core.shell:Creating prefix util module '/home/nathaniel/fxb_ws/src/install/_local_setup_util_ps1.py'
[2.876s] INFO:colcon.colcon_core.shell:Creating prefix chain script '/home/nathaniel/fxb_ws/src/install/setup.ps1'
[2.878s] INFO:colcon.colcon_core.shell:Creating prefix script '/home/nathaniel/fxb_ws/src/install/local_setup.sh'
[2.878s] INFO:colcon.colcon_core.shell:Creating prefix util module '/home/nathaniel/fxb_ws/src/install/_local_setup_util_sh.py'
[2.879s] INFO:colcon.colcon_core.shell:Creating prefix chain script '/home/nathaniel/fxb_ws/src/install/setup.sh'
[2.881s] INFO:colcon.colcon_core.shell:Creating prefix script '/home/nathaniel/fxb_ws/src/install/local_setup.bash'
[2.882s] INFO:colcon.colcon_core.shell:Creating prefix chain script '/home/nathaniel/fxb_ws/src/install/setup.bash'
[2.883s] INFO:colcon.colcon_core.shell:Creating prefix script '/home/nathaniel/fxb_ws/src/install/local_setup.zsh'
[2.884s] INFO:colcon.colcon_core.shell:Creating prefix chain script '/home/nathaniel/fxb_ws/src/install/setup.zsh'
