[0.035s] Invoking command in '/home/nathaniel/fxb_ws/src/build/firebot_description': CMAKE_PREFIX_PATH=${CMAKE_PREFIX_PATH}:/home/nathaniel/fxb_ws/install/bringup:/home/nathaniel/fxb_ws/install/yolo_inference:/home/nathaniel/fxb_ws/install/suppression_node:/home/nathaniel/fxb_ws/install/state_machine_node:/home/nathaniel/fxb_ws/install/smoke_sensor_node:/home/nathaniel/fxb_ws/install/sensor_fusion_node:/home/nathaniel/fxb_ws/install/motor_control_node:/home/nathaniel/fxb_ws/install/camera_node:/opt/ros/jazzy /usr/bin/cmake /home/nathaniel/fxb_ws/src/firebot_description -DCMAKE_INSTALL_PREFIX=/home/nathaniel/fxb_ws/src/install/firebot_description
[0.498s] -- The C compiler identification is GNU 13.3.0
[1.125s] -- The CXX compiler identification is GNU 13.3.0
[1.513s] -- Detecting C compiler ABI info
[1.782s] -- Detecting C compiler ABI info - done
[1.794s] -- Check for working C compiler: /usr/bin/cc - skipped
[1.795s] -- Detecting C compile features
[1.796s] -- Detecting C compile features - done
[1.880s] -- Detecting CXX compiler ABI info
[2.141s] -- Detecting CXX compiler ABI info - done
[2.154s] -- Check for working CXX compiler: /usr/bin/c++ - skipped
[2.155s] -- Detecting CXX compile features
[2.155s] -- Detecting CXX compile features - done
[2.210s] -- Found ament_cmake: 2.5.4 (/opt/ros/jazzy/share/ament_cmake/cmake)
[2.497s] -- Found Python3: /usr/bin/python3 (found version "3.12.3") found components: Interpreter 
[2.754s] -- Found xacro: 2.0.13 (/opt/ros/jazzy/share/xacro/cmake)
[2.761s] -- Found robot_state_publisher: 3.3.3 (/opt/ros/jazzy/share/robot_state_publisher/cmake)
[3.012s] -- Found rosidl_generator_c: 4.6.5 (/opt/ros/jazzy/share/rosidl_generator_c/cmake)
[3.059s] -- Found rosidl_generator_cpp: 4.6.5 (/opt/ros/jazzy/share/rosidl_generator_cpp/cmake)
[3.124s] -- Using all available rosidl_typesupport_c: rosidl_typesupport_fastrtps_c;rosidl_typesupport_introspection_c
[3.182s] -- Using all available rosidl_typesupport_cpp: rosidl_typesupport_fastrtps_cpp;rosidl_typesupport_introspection_cpp
[3.482s] -- Found rmw_implementation_cmake: 7.3.2 (/opt/ros/jazzy/share/rmw_implementation_cmake/cmake)
[3.496s] -- Found rmw_fastrtps_cpp: 8.4.2 (/opt/ros/jazzy/share/rmw_fastrtps_cpp/cmake)
[3.739s] -- Found OpenSSL: /usr/lib/x86_64-linux-gnu/libcrypto.so (found version "3.0.13")  
[3.939s] -- Found FastRTPS: /opt/ros/jazzy/include (Required is at least version "2.13") 
[4.073s] -- Using RMW implementation 'rmw_fastrtps_cpp' as default
[5.165s] -- Found ament_lint_auto: 0.17.2 (/opt/ros/jazzy/share/ament_lint_auto/cmake)
[5.456s] -- Added test 'flake8' to check Python code syntax and style conventions
[5.456s] -- Configured 'flake8' exclude dirs and/or files: 
[5.460s] -- Added test 'lint_cmake' to check CMake code style
[5.465s] -- Added test 'pep257' to check Python code against some of the docstring style conventions in PEP 257
[5.469s] -- Added test 'xmllint' to check XML markup files
[5.479s] -- Configuring done (5.3s)
[5.493s] -- Generating done (0.0s)
[5.500s] -- Build files have been written to: /home/nathaniel/fxb_ws/src/build/firebot_description
[5.522s] Invoked command in '/home/nathaniel/fxb_ws/src/build/firebot_description' returned '0': CMAKE_PREFIX_PATH=${CMAKE_PREFIX_PATH}:/home/nathaniel/fxb_ws/install/bringup:/home/nathaniel/fxb_ws/install/yolo_inference:/home/nathaniel/fxb_ws/install/suppression_node:/home/nathaniel/fxb_ws/install/state_machine_node:/home/nathaniel/fxb_ws/install/smoke_sensor_node:/home/nathaniel/fxb_ws/install/sensor_fusion_node:/home/nathaniel/fxb_ws/install/motor_control_node:/home/nathaniel/fxb_ws/install/camera_node:/opt/ros/jazzy /usr/bin/cmake /home/nathaniel/fxb_ws/src/firebot_description -DCMAKE_INSTALL_PREFIX=/home/nathaniel/fxb_ws/src/install/firebot_description
[5.525s] Invoking command in '/home/nathaniel/fxb_ws/src/build/firebot_description': CMAKE_PREFIX_PATH=${CMAKE_PREFIX_PATH}:/home/nathaniel/fxb_ws/install/bringup:/home/nathaniel/fxb_ws/install/yolo_inference:/home/nathaniel/fxb_ws/install/suppression_node:/home/nathaniel/fxb_ws/install/state_machine_node:/home/nathaniel/fxb_ws/install/smoke_sensor_node:/home/nathaniel/fxb_ws/install/sensor_fusion_node:/home/nathaniel/fxb_ws/install/motor_control_node:/home/nathaniel/fxb_ws/install/camera_node:/opt/ros/jazzy /usr/bin/cmake --build /home/nathaniel/fxb_ws/src/build/firebot_description -- -j8 -l8
[5.608s] Invoked command in '/home/nathaniel/fxb_ws/src/build/firebot_description' returned '0': CMAKE_PREFIX_PATH=${CMAKE_PREFIX_PATH}:/home/nathaniel/fxb_ws/install/bringup:/home/nathaniel/fxb_ws/install/yolo_inference:/home/nathaniel/fxb_ws/install/suppression_node:/home/nathaniel/fxb_ws/install/state_machine_node:/home/nathaniel/fxb_ws/install/smoke_sensor_node:/home/nathaniel/fxb_ws/install/sensor_fusion_node:/home/nathaniel/fxb_ws/install/motor_control_node:/home/nathaniel/fxb_ws/install/camera_node:/opt/ros/jazzy /usr/bin/cmake --build /home/nathaniel/fxb_ws/src/build/firebot_description -- -j8 -l8
[5.632s] Invoking command in '/home/nathaniel/fxb_ws/src/build/firebot_description': CMAKE_PREFIX_PATH=${CMAKE_PREFIX_PATH}:/home/nathaniel/fxb_ws/install/bringup:/home/nathaniel/fxb_ws/install/yolo_inference:/home/nathaniel/fxb_ws/install/suppression_node:/home/nathaniel/fxb_ws/install/state_machine_node:/home/nathaniel/fxb_ws/install/smoke_sensor_node:/home/nathaniel/fxb_ws/install/sensor_fusion_node:/home/nathaniel/fxb_ws/install/motor_control_node:/home/nathaniel/fxb_ws/install/camera_node:/opt/ros/jazzy /usr/bin/cmake --install /home/nathaniel/fxb_ws/src/build/firebot_description
[5.648s] -- Install configuration: ""
[5.651s] -- Installing: /home/nathaniel/fxb_ws/src/install/firebot_description/share/ament_index/resource_index/package_run_dependencies/firebot_description
[5.652s] -- Installing: /home/nathaniel/fxb_ws/src/install/firebot_description/share/ament_index/resource_index/parent_prefix_path/firebot_description
[5.653s] -- Installing: /home/nathaniel/fxb_ws/src/install/firebot_description/share/firebot_description/environment/ament_prefix_path.sh
[5.653s] -- Installing: /home/nathaniel/fxb_ws/src/install/firebot_description/share/firebot_description/environment/ament_prefix_path.dsv
[5.654s] -- Installing: /home/nathaniel/fxb_ws/src/install/firebot_description/share/firebot_description/environment/path.sh
[5.655s] -- Installing: /home/nathaniel/fxb_ws/src/install/firebot_description/share/firebot_description/environment/path.dsv
[5.655s] -- Installing: /home/nathaniel/fxb_ws/src/install/firebot_description/share/firebot_description/local_setup.bash
[5.656s] -- Installing: /home/nathaniel/fxb_ws/src/install/firebot_description/share/firebot_description/local_setup.sh
[5.656s] -- Installing: /home/nathaniel/fxb_ws/src/install/firebot_description/share/firebot_description/local_setup.zsh
[5.656s] -- Installing: /home/nathaniel/fxb_ws/src/install/firebot_description/share/firebot_description/local_setup.dsv
[5.656s] -- Installing: /home/nathaniel/fxb_ws/src/install/firebot_description/share/firebot_description/package.dsv
[5.657s] -- Installing: /home/nathaniel/fxb_ws/src/install/firebot_description/share/ament_index/resource_index/packages/firebot_description
[5.658s] -- Installing: /home/nathaniel/fxb_ws/src/install/firebot_description/share/firebot_description/cmake/firebot_descriptionConfig.cmake
[5.659s] -- Installing: /home/nathaniel/fxb_ws/src/install/firebot_description/share/firebot_description/cmake/firebot_descriptionConfig-version.cmake
[5.659s] -- Installing: /home/nathaniel/fxb_ws/src/install/firebot_description/share/firebot_description/package.xml
[5.662s] Invoked command in '/home/nathaniel/fxb_ws/src/build/firebot_description' returned '0': CMAKE_PREFIX_PATH=${CMAKE_PREFIX_PATH}:/home/nathaniel/fxb_ws/install/bringup:/home/nathaniel/fxb_ws/install/yolo_inference:/home/nathaniel/fxb_ws/install/suppression_node:/home/nathaniel/fxb_ws/install/state_machine_node:/home/nathaniel/fxb_ws/install/smoke_sensor_node:/home/nathaniel/fxb_ws/install/sensor_fusion_node:/home/nathaniel/fxb_ws/install/motor_control_node:/home/nathaniel/fxb_ws/install/camera_node:/opt/ros/jazzy /usr/bin/cmake --install /home/nathaniel/fxb_ws/src/build/firebot_description
