[0.468s] Invoking command in '/home/nathaniel/fxb_ws/build/fire_confidence_node': /usr/bin/cmake --build /home/nathaniel/fxb_ws/build/fire_confidence_node -- -j8 -l8
[2.188s] Built target ament_cmake_python_copy_fire_confidence_node_setup
[2.189s] Built target ament_cmake_python_copy_fire_confidence_node
[2.190s] running egg_info
[2.190s] writing fire_confidence_node.egg-info/PKG-INFO
[2.190s] writing dependency_links to fire_confidence_node.egg-info/dependency_links.txt
[2.192s] writing top-level names to fire_confidence_node.egg-info/top_level.txt
[2.192s] reading manifest file 'fire_confidence_node.egg-info/SOURCES.txt'
[2.192s] writing manifest file 'fire_confidence_node.egg-info/SOURCES.txt'
[2.192s] Built target ament_cmake_python_build_fire_confidence_node_egg
[2.192s] Invoked command in '/home/nathaniel/fxb_ws/build/fire_confidence_node' returned '0': /usr/bin/cmake --build /home/nathaniel/fxb_ws/build/fire_confidence_node -- -j8 -l8
[2.208s] Invoking command in '/home/nathaniel/fxb_ws/build/fire_confidence_node': /usr/bin/cmake --install /home/nathaniel/fxb_ws/build/fire_confidence_node
[2.601s] [31mCMake Error at cmake_install.cmake:70 (file):
[2.601s]   file INSTALL cannot find
[2.602s]   "/home/nathaniel/fxb_ws/src/fire_confidence_node/fire_confidence_publisher.py":
[2.602s]   No such file or directory.
[2.602s] 
[2.603s] [0m
[2.603s] -- Install configuration: ""
[2.603s] -- Up-to-date: /home/nathaniel/fxb_ws/install/fire_confidence_node/share/fire_confidence_node/environment/pythonpath.sh
[2.603s] -- Up-to-date: /home/nathaniel/fxb_ws/install/fire_confidence_node/share/fire_confidence_node/environment/pythonpath.dsv
[2.605s] -- Up-to-date: /home/nathaniel/fxb_ws/install/fire_confidence_node/lib/python3.12/site-packages/fire_confidence_node-0.1.0-py3.12.egg-info
[2.605s] -- Installing: /home/nathaniel/fxb_ws/install/fire_confidence_node/lib/python3.12/site-packages/fire_confidence_node-0.1.0-py3.12.egg-info/top_level.txt
[2.605s] -- Installing: /home/nathaniel/fxb_ws/install/fire_confidence_node/lib/python3.12/site-packages/fire_confidence_node-0.1.0-py3.12.egg-info/PKG-INFO
[2.606s] -- Installing: /home/nathaniel/fxb_ws/install/fire_confidence_node/lib/python3.12/site-packages/fire_confidence_node-0.1.0-py3.12.egg-info/SOURCES.txt
[2.607s] -- Installing: /home/nathaniel/fxb_ws/install/fire_confidence_node/lib/python3.12/site-packages/fire_confidence_node-0.1.0-py3.12.egg-info/dependency_links.txt
[2.607s] -- Up-to-date: /home/nathaniel/fxb_ws/install/fire_confidence_node/lib/python3.12/site-packages/fire_confidence_node
[2.608s] -- Up-to-date: /home/nathaniel/fxb_ws/install/fire_confidence_node/lib/python3.12/site-packages/fire_confidence_node/__init__.py
[2.608s] -- Installing: /home/nathaniel/fxb_ws/install/fire_confidence_node/lib/python3.12/site-packages/fire_confidence_node/fire_confidence_node.py
[2.608s] Listing '/home/nathaniel/fxb_ws/install/fire_confidence_node/lib/python3.12/site-packages/fire_confidence_node'...
[2.609s] Compiling '/home/nathaniel/fxb_ws/install/fire_confidence_node/lib/python3.12/site-packages/fire_confidence_node/fire_confidence_node.py'...
[2.643s] Invoked command in '/home/nathaniel/fxb_ws/build/fire_confidence_node' returned '1': /usr/bin/cmake --install /home/nathaniel/fxb_ws/build/fire_confidence_node
