running egg_info
creating ../../build/diff_drive_odometry_node/diff_drive_odometry_node.egg-info
writing ../../build/diff_drive_odometry_node/diff_drive_odometry_node.egg-info/PKG-INFO
writing dependency_links to ../../build/diff_drive_odometry_node/diff_drive_odometry_node.egg-info/dependency_links.txt
writing entry points to ../../build/diff_drive_odometry_node/diff_drive_odometry_node.egg-info/entry_points.txt
writing requirements to ../../build/diff_drive_odometry_node/diff_drive_odometry_node.egg-info/requires.txt
writing top-level names to ../../build/diff_drive_odometry_node/diff_drive_odometry_node.egg-info/top_level.txt
writing manifest file '../../build/diff_drive_odometry_node/diff_drive_odometry_node.egg-info/SOURCES.txt'
reading manifest file '../../build/diff_drive_odometry_node/diff_drive_odometry_node.egg-info/SOURCES.txt'
writing manifest file '../../build/diff_drive_odometry_node/diff_drive_odometry_node.egg-info/SOURCES.txt'
running build
running build_py
creating /home/nathaniel/fxb_ws/build/diff_drive_odometry_node/build
creating /home/nathaniel/fxb_ws/build/diff_drive_odometry_node/build/lib
creating /home/nathaniel/fxb_ws/build/diff_drive_odometry_node/build/lib/diff_drive_odometry_node
copying diff_drive_odometry_node/diff_drive_odometry_node.py -> /home/nathaniel/fxb_ws/build/diff_drive_odometry_node/build/lib/diff_drive_odometry_node
copying diff_drive_odometry_node/__init__.py -> /home/nathaniel/fxb_ws/build/diff_drive_odometry_node/build/lib/diff_drive_odometry_node
running install
running install_lib
creating /home/nathaniel/fxb_ws/install/diff_drive_odometry_node/lib/python3.12/site-packages/diff_drive_odometry_node
copying /home/nathaniel/fxb_ws/build/diff_drive_odometry_node/build/lib/diff_drive_odometry_node/diff_drive_odometry_node.py -> /home/nathaniel/fxb_ws/install/diff_drive_odometry_node/lib/python3.12/site-packages/diff_drive_odometry_node
copying /home/nathaniel/fxb_ws/build/diff_drive_odometry_node/build/lib/diff_drive_odometry_node/__init__.py -> /home/nathaniel/fxb_ws/install/diff_drive_odometry_node/lib/python3.12/site-packages/diff_drive_odometry_node
byte-compiling /home/nathaniel/fxb_ws/install/diff_drive_odometry_node/lib/python3.12/site-packages/diff_drive_odometry_node/diff_drive_odometry_node.py to diff_drive_odometry_node.cpython-312.pyc
byte-compiling /home/nathaniel/fxb_ws/install/diff_drive_odometry_node/lib/python3.12/site-packages/diff_drive_odometry_node/__init__.py to __init__.cpython-312.pyc
running install_data
creating /home/nathaniel/fxb_ws/install/diff_drive_odometry_node/share/ament_index
creating /home/nathaniel/fxb_ws/install/diff_drive_odometry_node/share/ament_index/resource_index
creating /home/nathaniel/fxb_ws/install/diff_drive_odometry_node/share/ament_index/resource_index/packages
copying resource/diff_drive_odometry_node -> /home/nathaniel/fxb_ws/install/diff_drive_odometry_node/share/ament_index/resource_index/packages
copying package.xml -> /home/nathaniel/fxb_ws/install/diff_drive_odometry_node/share/diff_drive_odometry_node
creating /home/nathaniel/fxb_ws/install/diff_drive_odometry_node/share/diff_drive_odometry_node/launch
copying launch/diff_drive_odometry.launch.py -> /home/nathaniel/fxb_ws/install/diff_drive_odometry_node/share/diff_drive_odometry_node/launch
running install_egg_info
Copying ../../build/diff_drive_odometry_node/diff_drive_odometry_node.egg-info to /home/nathaniel/fxb_ws/install/diff_drive_odometry_node/lib/python3.12/site-packages/diff_drive_odometry_node-0.0.1-py3.12.egg-info
running install_scripts
Installing diff_drive_odometry_node script to /home/nathaniel/fxb_ws/install/diff_drive_odometry_node/lib/diff_drive_odometry_node
writing list of installed files to '/home/nathaniel/fxb_ws/build/diff_drive_odometry_node/install.log'
