[6.233s] Invoking command in '/home/nathaniel/fxb_ws/src/sensor_fusion_node': PYTHONPATH=/home/nathaniel/fxb_ws/build/sensor_fusion_node/prefix_override:/usr/lib/python3/dist-packages/colcon_core/task/python/colcon_distutils_commands:/home/nathaniel/fxb_ws/install/sensor_fusion_node/lib/python3.12/site-packages:${PYTHONPATH} /usr/bin/python3 -W ignore:setup.py install is deprecated -W ignore:easy_install command is deprecated setup.py egg_info --egg-base ../../build/sensor_fusion_node build --build-base /home/nathaniel/fxb_ws/build/sensor_fusion_node/build install --record /home/nathaniel/fxb_ws/build/sensor_fusion_node/install.log --single-version-externally-managed install_data
[8.610s] running egg_info
[8.611s] writing ../../build/sensor_fusion_node/sensor_fusion_node.egg-info/PKG-INFO
[8.612s] writing dependency_links to ../../build/sensor_fusion_node/sensor_fusion_node.egg-info/dependency_links.txt
[8.612s] writing entry points to ../../build/sensor_fusion_node/sensor_fusion_node.egg-info/entry_points.txt
[8.613s] writing requirements to ../../build/sensor_fusion_node/sensor_fusion_node.egg-info/requires.txt
[8.613s] writing top-level names to ../../build/sensor_fusion_node/sensor_fusion_node.egg-info/top_level.txt
[8.613s] reading manifest file '../../build/sensor_fusion_node/sensor_fusion_node.egg-info/SOURCES.txt'
[8.613s] writing manifest file '../../build/sensor_fusion_node/sensor_fusion_node.egg-info/SOURCES.txt'
[8.614s] running build
[8.615s] running build_py
[8.616s] copying sensor_fusion_node/sensor_fusion_node.py -> /home/nathaniel/fxb_ws/build/sensor_fusion_node/build/lib/sensor_fusion_node
[8.616s] running install
[8.616s] running install_lib
[8.616s] copying /home/nathaniel/fxb_ws/build/sensor_fusion_node/build/lib/sensor_fusion_node/sensor_fusion_node.py -> /home/nathaniel/fxb_ws/install/sensor_fusion_node/lib/python3.12/site-packages/sensor_fusion_node
[8.617s] byte-compiling /home/nathaniel/fxb_ws/install/sensor_fusion_node/lib/python3.12/site-packages/sensor_fusion_node/sensor_fusion_node.py to sensor_fusion_node.cpython-312.pyc
[8.617s] running install_data
[8.617s] running install_egg_info
[8.617s] removing '/home/nathaniel/fxb_ws/install/sensor_fusion_node/lib/python3.12/site-packages/sensor_fusion_node-0.0.1-py3.12.egg-info' (and everything under it)
[8.618s] Copying ../../build/sensor_fusion_node/sensor_fusion_node.egg-info to /home/nathaniel/fxb_ws/install/sensor_fusion_node/lib/python3.12/site-packages/sensor_fusion_node-0.0.1-py3.12.egg-info
[8.618s] running install_scripts
[8.618s] Installing sensor_fusion_node script to /home/nathaniel/fxb_ws/install/sensor_fusion_node/lib/sensor_fusion_node
[8.619s] writing list of installed files to '/home/nathaniel/fxb_ws/build/sensor_fusion_node/install.log'
[8.912s] Invoked command in '/home/nathaniel/fxb_ws/src/sensor_fusion_node' returned '0': PYTHONPATH=/home/nathaniel/fxb_ws/build/sensor_fusion_node/prefix_override:/usr/lib/python3/dist-packages/colcon_core/task/python/colcon_distutils_commands:/home/nathaniel/fxb_ws/install/sensor_fusion_node/lib/python3.12/site-packages:${PYTHONPATH} /usr/bin/python3 -W ignore:setup.py install is deprecated -W ignore:easy_install command is deprecated setup.py egg_info --egg-base ../../build/sensor_fusion_node build --build-base /home/nathaniel/fxb_ws/build/sensor_fusion_node/build install --record /home/nathaniel/fxb_ws/build/sensor_fusion_node/install.log --single-version-externally-managed install_data
