[0.459s] DEBUG:colcon:Command line arguments: ['/usr/bin/colcon', 'build', '--packages-select', 'firebot_description']
[0.460s] DEBUG:colcon:Parsed command line arguments: Namespace(log_base=None, log_level=None, verb_name='build', build_base='build', install_base='install', merge_install=False, symlink_install=False, test_result_base=None, continue_on_error=False, executor='parallel', parallel_workers=8, event_handlers=None, ignore_user_meta=False, metas=['./colcon.meta'], base_paths=['.'], packages_ignore=None, packages_ignore_regex=None, paths=None, packages_up_to=None, packages_up_to_regex=None, packages_above=None, packages_above_and_dependencies=None, packages_above_depth=None, packages_select_by_dep=None, packages_skip_by_dep=None, packages_skip_up_to=None, packages_select_build_failed=False, packages_skip_build_finished=False, packages_select_test_failures=False, packages_skip_test_passed=False, packages_select=['firebot_description'], packages_skip=None, packages_select_regex=None, packages_skip_regex=None, packages_start=None, packages_end=None, allow_overriding=[], cmake_args=None, cmake_target=None, cmake_target_skip_unavailable=False, cmake_clean_cache=False, cmake_clean_first=False, cmake_force_configure=False, ament_cmake_args=None, catkin_cmake_args=None, catkin_skip_building_tests=False, mixin_files=None, mixin=None, verb_parser=<colcon_mixin.mixin.mixin_argument.MixinArgumentDecorator object at 0x7827f2292f60>, verb_extension=<colcon_core.verb.build.BuildVerb object at 0x7827f2292c90>, main=<bound method BuildVerb.main of <colcon_core.verb.build.BuildVerb object at 0x7827f2292c90>>, mixin_verb=('build',))
[0.576s] Level 1:colcon.colcon_core.package_discovery:discover_packages(colcon_meta) check parameters
[0.576s] Level 1:colcon.colcon_core.package_discovery:discover_packages(recursive) check parameters
[0.576s] Level 1:colcon.colcon_core.package_discovery:discover_packages(ignore) check parameters
[0.576s] Level 1:colcon.colcon_core.package_discovery:discover_packages(path) check parameters
[0.576s] Level 1:colcon.colcon_core.package_discovery:discover_packages(colcon_meta) discover
[0.576s] Level 1:colcon.colcon_core.package_discovery:discover_packages(recursive) discover
[0.576s] INFO:colcon.colcon_core.package_discovery:Crawling recursively for packages in '/home/nathaniel/fxb_ws/src'
[0.577s] Level 1:colcon.colcon_core.package_identification:_identify(.) by extensions ['ignore', 'ignore_ament_install']
[0.577s] Level 1:colcon.colcon_core.package_identification:_identify(.) by extension 'ignore'
[0.577s] Level 1:colcon.colcon_core.package_identification:_identify(.) by extension 'ignore_ament_install'
[0.577s] Level 1:colcon.colcon_core.package_identification:_identify(.) by extensions ['colcon_pkg']
[0.577s] Level 1:colcon.colcon_core.package_identification:_identify(.) by extension 'colcon_pkg'
[0.577s] Level 1:colcon.colcon_core.package_identification:_identify(.) by extensions ['colcon_meta']
[0.577s] Level 1:colcon.colcon_core.package_identification:_identify(.) by extension 'colcon_meta'
[0.577s] Level 1:colcon.colcon_core.package_identification:_identify(.) by extensions ['ros']
[0.577s] Level 1:colcon.colcon_core.package_identification:_identify(.) by extension 'ros'
[0.639s] Level 1:colcon.colcon_core.package_identification:_identify(.) by extensions ['cmake', 'python']
[0.640s] Level 1:colcon.colcon_core.package_identification:_identify(.) by extension 'cmake'
[0.640s] Level 1:colcon.colcon_core.package_identification:_identify(.) by extension 'python'
[0.640s] Level 1:colcon.colcon_core.package_identification:_identify(.) by extensions ['python_setup_py']
[0.640s] Level 1:colcon.colcon_core.package_identification:_identify(.) by extension 'python_setup_py'
[0.641s] Level 1:colcon.colcon_core.package_identification:_identify(bringup) by extensions ['ignore', 'ignore_ament_install']
[0.641s] Level 1:colcon.colcon_core.package_identification:_identify(bringup) by extension 'ignore'
[0.641s] Level 1:colcon.colcon_core.package_identification:_identify(bringup) by extension 'ignore_ament_install'
[0.641s] Level 1:colcon.colcon_core.package_identification:_identify(bringup) by extensions ['colcon_pkg']
[0.641s] Level 1:colcon.colcon_core.package_identification:_identify(bringup) by extension 'colcon_pkg'
[0.641s] Level 1:colcon.colcon_core.package_identification:_identify(bringup) by extensions ['colcon_meta']
[0.641s] Level 1:colcon.colcon_core.package_identification:_identify(bringup) by extension 'colcon_meta'
[0.641s] Level 1:colcon.colcon_core.package_identification:_identify(bringup) by extensions ['ros']
[0.641s] Level 1:colcon.colcon_core.package_identification:_identify(bringup) by extension 'ros'
[0.647s] DEBUG:colcon.colcon_core.package_identification:Package 'bringup' with type 'ros.ament_python' and name 'bringup'
[0.648s] Level 1:colcon.colcon_core.package_identification:_identify(build) by extensions ['ignore', 'ignore_ament_install']
[0.648s] Level 1:colcon.colcon_core.package_identification:_identify(build) by extension 'ignore'
[0.648s] Level 1:colcon.colcon_core.package_identification:_identify(build) ignored
[0.649s] Level 1:colcon.colcon_core.package_identification:_identify(camera_node) by extensions ['ignore', 'ignore_ament_install']
[0.649s] Level 1:colcon.colcon_core.package_identification:_identify(camera_node) by extension 'ignore'
[0.649s] Level 1:colcon.colcon_core.package_identification:_identify(camera_node) by extension 'ignore_ament_install'
[0.649s] Level 1:colcon.colcon_core.package_identification:_identify(camera_node) by extensions ['colcon_pkg']
[0.650s] Level 1:colcon.colcon_core.package_identification:_identify(camera_node) by extension 'colcon_pkg'
[0.650s] Level 1:colcon.colcon_core.package_identification:_identify(camera_node) by extensions ['colcon_meta']
[0.650s] Level 1:colcon.colcon_core.package_identification:_identify(camera_node) by extension 'colcon_meta'
[0.650s] Level 1:colcon.colcon_core.package_identification:_identify(camera_node) by extensions ['ros']
[0.650s] Level 1:colcon.colcon_core.package_identification:_identify(camera_node) by extension 'ros'
[0.651s] DEBUG:colcon.colcon_core.package_identification:Package 'camera_node' with type 'ros.ament_python' and name 'camera_node'
[0.652s] Level 1:colcon.colcon_core.package_identification:_identify(comm_node) by extensions ['ignore', 'ignore_ament_install']
[0.652s] Level 1:colcon.colcon_core.package_identification:_identify(comm_node) by extension 'ignore'
[0.652s] Level 1:colcon.colcon_core.package_identification:_identify(comm_node) by extension 'ignore_ament_install'
[0.652s] Level 1:colcon.colcon_core.package_identification:_identify(comm_node) by extensions ['colcon_pkg']
[0.652s] Level 1:colcon.colcon_core.package_identification:_identify(comm_node) by extension 'colcon_pkg'
[0.653s] Level 1:colcon.colcon_core.package_identification:_identify(comm_node) by extensions ['colcon_meta']
[0.653s] Level 1:colcon.colcon_core.package_identification:_identify(comm_node) by extension 'colcon_meta'
[0.653s] Level 1:colcon.colcon_core.package_identification:_identify(comm_node) by extensions ['ros']
[0.653s] Level 1:colcon.colcon_core.package_identification:_identify(comm_node) by extension 'ros'
[0.654s] DEBUG:colcon.colcon_core.package_identification:Package 'comm_node' with type 'ros.ament_python' and name 'comm_node'
[0.655s] Level 1:colcon.colcon_core.package_identification:_identify(diff_drive_odometry_node) by extensions ['ignore', 'ignore_ament_install']
[0.655s] Level 1:colcon.colcon_core.package_identification:_identify(diff_drive_odometry_node) by extension 'ignore'
[0.655s] Level 1:colcon.colcon_core.package_identification:_identify(diff_drive_odometry_node) by extension 'ignore_ament_install'
[0.655s] Level 1:colcon.colcon_core.package_identification:_identify(diff_drive_odometry_node) by extensions ['colcon_pkg']
[0.655s] Level 1:colcon.colcon_core.package_identification:_identify(diff_drive_odometry_node) by extension 'colcon_pkg'
[0.655s] Level 1:colcon.colcon_core.package_identification:_identify(diff_drive_odometry_node) by extensions ['colcon_meta']
[0.655s] Level 1:colcon.colcon_core.package_identification:_identify(diff_drive_odometry_node) by extension 'colcon_meta'
[0.655s] Level 1:colcon.colcon_core.package_identification:_identify(diff_drive_odometry_node) by extensions ['ros']
[0.655s] Level 1:colcon.colcon_core.package_identification:_identify(diff_drive_odometry_node) by extension 'ros'
[0.656s] DEBUG:colcon.colcon_core.package_identification:Package 'diff_drive_odometry_node' with type 'ros.ament_python' and name 'diff_drive_odometry_node'
[0.657s] Level 1:colcon.colcon_core.package_identification:_identify(fire_confidence_node) by extensions ['ignore', 'ignore_ament_install']
[0.657s] Level 1:colcon.colcon_core.package_identification:_identify(fire_confidence_node) by extension 'ignore'
[0.657s] Level 1:colcon.colcon_core.package_identification:_identify(fire_confidence_node) by extension 'ignore_ament_install'
[0.658s] Level 1:colcon.colcon_core.package_identification:_identify(fire_confidence_node) by extensions ['colcon_pkg']
[0.658s] Level 1:colcon.colcon_core.package_identification:_identify(fire_confidence_node) by extension 'colcon_pkg'
[0.658s] Level 1:colcon.colcon_core.package_identification:_identify(fire_confidence_node) by extensions ['colcon_meta']
[0.658s] Level 1:colcon.colcon_core.package_identification:_identify(fire_confidence_node) by extension 'colcon_meta'
[0.658s] Level 1:colcon.colcon_core.package_identification:_identify(fire_confidence_node) by extensions ['ros']
[0.658s] Level 1:colcon.colcon_core.package_identification:_identify(fire_confidence_node) by extension 'ros'
[0.659s] DEBUG:colcon.colcon_core.package_identification:Package 'fire_confidence_node' with type 'ros.catkin' and name 'fire_confidence_node'
[0.659s] Level 1:colcon.colcon_core.package_identification:_identify(firebot_description) by extensions ['ignore', 'ignore_ament_install']
[0.659s] Level 1:colcon.colcon_core.package_identification:_identify(firebot_description) by extension 'ignore'
[0.659s] Level 1:colcon.colcon_core.package_identification:_identify(firebot_description) by extension 'ignore_ament_install'
[0.660s] Level 1:colcon.colcon_core.package_identification:_identify(firebot_description) by extensions ['colcon_pkg']
[0.660s] Level 1:colcon.colcon_core.package_identification:_identify(firebot_description) by extension 'colcon_pkg'
[0.660s] Level 1:colcon.colcon_core.package_identification:_identify(firebot_description) by extensions ['colcon_meta']
[0.660s] Level 1:colcon.colcon_core.package_identification:_identify(firebot_description) by extension 'colcon_meta'
[0.660s] Level 1:colcon.colcon_core.package_identification:_identify(firebot_description) by extensions ['ros']
[0.660s] Level 1:colcon.colcon_core.package_identification:_identify(firebot_description) by extension 'ros'
[0.661s] DEBUG:colcon.colcon_core.package_identification:Package 'firebot_description' with type 'ros.ament_cmake' and name 'firebot_description'
[0.662s] Level 1:colcon.colcon_core.package_identification:_identify(install) by extensions ['ignore', 'ignore_ament_install']
[0.662s] Level 1:colcon.colcon_core.package_identification:_identify(install) by extension 'ignore'
[0.662s] Level 1:colcon.colcon_core.package_identification:_identify(install) ignored
[0.663s] Level 1:colcon.colcon_core.package_identification:_identify(lidar_node) by extensions ['ignore', 'ignore_ament_install']
[0.663s] Level 1:colcon.colcon_core.package_identification:_identify(lidar_node) by extension 'ignore'
[0.663s] Level 1:colcon.colcon_core.package_identification:_identify(lidar_node) by extension 'ignore_ament_install'
[0.663s] Level 1:colcon.colcon_core.package_identification:_identify(lidar_node) by extensions ['colcon_pkg']
[0.663s] Level 1:colcon.colcon_core.package_identification:_identify(lidar_node) by extension 'colcon_pkg'
[0.663s] Level 1:colcon.colcon_core.package_identification:_identify(lidar_node) by extensions ['colcon_meta']
[0.663s] Level 1:colcon.colcon_core.package_identification:_identify(lidar_node) by extension 'colcon_meta'
[0.663s] Level 1:colcon.colcon_core.package_identification:_identify(lidar_node) by extensions ['ros']
[0.663s] Level 1:colcon.colcon_core.package_identification:_identify(lidar_node) by extension 'ros'
[0.664s] DEBUG:colcon.colcon_core.package_identification:Package 'lidar_node' with type 'ros.ament_python' and name 'lidar_node'
[0.665s] Level 1:colcon.colcon_core.package_identification:_identify(log) by extensions ['ignore', 'ignore_ament_install']
[0.665s] Level 1:colcon.colcon_core.package_identification:_identify(log) by extension 'ignore'
[0.665s] Level 1:colcon.colcon_core.package_identification:_identify(log) ignored
[0.666s] Level 1:colcon.colcon_core.package_identification:_identify(motor_control_node) by extensions ['ignore', 'ignore_ament_install']
[0.666s] Level 1:colcon.colcon_core.package_identification:_identify(motor_control_node) by extension 'ignore'
[0.666s] Level 1:colcon.colcon_core.package_identification:_identify(motor_control_node) by extension 'ignore_ament_install'
[0.666s] Level 1:colcon.colcon_core.package_identification:_identify(motor_control_node) by extensions ['colcon_pkg']
[0.666s] Level 1:colcon.colcon_core.package_identification:_identify(motor_control_node) by extension 'colcon_pkg'
[0.666s] Level 1:colcon.colcon_core.package_identification:_identify(motor_control_node) by extensions ['colcon_meta']
[0.666s] Level 1:colcon.colcon_core.package_identification:_identify(motor_control_node) by extension 'colcon_meta'
[0.666s] Level 1:colcon.colcon_core.package_identification:_identify(motor_control_node) by extensions ['ros']
[0.666s] Level 1:colcon.colcon_core.package_identification:_identify(motor_control_node) by extension 'ros'
[0.667s] DEBUG:colcon.colcon_core.package_identification:Package 'motor_control_node' with type 'ros.ament_python' and name 'motor_control_node'
[0.668s] Level 1:colcon.colcon_core.package_identification:_identify(sensor_fusion_node) by extensions ['ignore', 'ignore_ament_install']
[0.668s] Level 1:colcon.colcon_core.package_identification:_identify(sensor_fusion_node) by extension 'ignore'
[0.668s] Level 1:colcon.colcon_core.package_identification:_identify(sensor_fusion_node) by extension 'ignore_ament_install'
[0.668s] Level 1:colcon.colcon_core.package_identification:_identify(sensor_fusion_node) by extensions ['colcon_pkg']
[0.669s] Level 1:colcon.colcon_core.package_identification:_identify(sensor_fusion_node) by extension 'colcon_pkg'
[0.669s] Level 1:colcon.colcon_core.package_identification:_identify(sensor_fusion_node) by extensions ['colcon_meta']
[0.669s] Level 1:colcon.colcon_core.package_identification:_identify(sensor_fusion_node) by extension 'colcon_meta'
[0.669s] Level 1:colcon.colcon_core.package_identification:_identify(sensor_fusion_node) by extensions ['ros']
[0.669s] Level 1:colcon.colcon_core.package_identification:_identify(sensor_fusion_node) by extension 'ros'
[0.670s] DEBUG:colcon.colcon_core.package_identification:Package 'sensor_fusion_node' with type 'ros.ament_python' and name 'sensor_fusion_node'
[0.670s] Level 1:colcon.colcon_core.package_identification:_identify(smoke_sensor_node) by extensions ['ignore', 'ignore_ament_install']
[0.671s] Level 1:colcon.colcon_core.package_identification:_identify(smoke_sensor_node) by extension 'ignore'
[0.671s] Level 1:colcon.colcon_core.package_identification:_identify(smoke_sensor_node) by extension 'ignore_ament_install'
[0.671s] Level 1:colcon.colcon_core.package_identification:_identify(smoke_sensor_node) by extensions ['colcon_pkg']
[0.671s] Level 1:colcon.colcon_core.package_identification:_identify(smoke_sensor_node) by extension 'colcon_pkg'
[0.671s] Level 1:colcon.colcon_core.package_identification:_identify(smoke_sensor_node) by extensions ['colcon_meta']
[0.671s] Level 1:colcon.colcon_core.package_identification:_identify(smoke_sensor_node) by extension 'colcon_meta'
[0.671s] Level 1:colcon.colcon_core.package_identification:_identify(smoke_sensor_node) by extensions ['ros']
[0.671s] Level 1:colcon.colcon_core.package_identification:_identify(smoke_sensor_node) by extension 'ros'
[0.673s] DEBUG:colcon.colcon_core.package_identification:Package 'smoke_sensor_node' with type 'ros.ament_python' and name 'smoke_sensor_node'
[0.673s] Level 1:colcon.colcon_core.package_identification:_identify(state_machine_node) by extensions ['ignore', 'ignore_ament_install']
[0.673s] Level 1:colcon.colcon_core.package_identification:_identify(state_machine_node) by extension 'ignore'
[0.674s] Level 1:colcon.colcon_core.package_identification:_identify(state_machine_node) by extension 'ignore_ament_install'
[0.674s] Level 1:colcon.colcon_core.package_identification:_identify(state_machine_node) by extensions ['colcon_pkg']
[0.674s] Level 1:colcon.colcon_core.package_identification:_identify(state_machine_node) by extension 'colcon_pkg'
[0.674s] Level 1:colcon.colcon_core.package_identification:_identify(state_machine_node) by extensions ['colcon_meta']
[0.674s] Level 1:colcon.colcon_core.package_identification:_identify(state_machine_node) by extension 'colcon_meta'
[0.674s] Level 1:colcon.colcon_core.package_identification:_identify(state_machine_node) by extensions ['ros']
[0.674s] Level 1:colcon.colcon_core.package_identification:_identify(state_machine_node) by extension 'ros'
[0.675s] DEBUG:colcon.colcon_core.package_identification:Package 'state_machine_node' with type 'ros.ament_python' and name 'state_machine_node'
[0.676s] Level 1:colcon.colcon_core.package_identification:_identify(suppression_node) by extensions ['ignore', 'ignore_ament_install']
[0.676s] Level 1:colcon.colcon_core.package_identification:_identify(suppression_node) by extension 'ignore'
[0.676s] Level 1:colcon.colcon_core.package_identification:_identify(suppression_node) by extension 'ignore_ament_install'
[0.676s] Level 1:colcon.colcon_core.package_identification:_identify(suppression_node) by extensions ['colcon_pkg']
[0.676s] Level 1:colcon.colcon_core.package_identification:_identify(suppression_node) by extension 'colcon_pkg'
[0.677s] Level 1:colcon.colcon_core.package_identification:_identify(suppression_node) by extensions ['colcon_meta']
[0.677s] Level 1:colcon.colcon_core.package_identification:_identify(suppression_node) by extension 'colcon_meta'
[0.677s] Level 1:colcon.colcon_core.package_identification:_identify(suppression_node) by extensions ['ros']
[0.677s] Level 1:colcon.colcon_core.package_identification:_identify(suppression_node) by extension 'ros'
[0.678s] DEBUG:colcon.colcon_core.package_identification:Package 'suppression_node' with type 'ros.ament_python' and name 'suppression_node'
[0.679s] Level 1:colcon.colcon_core.package_identification:_identify(yolo_inference) by extensions ['ignore', 'ignore_ament_install']
[0.679s] Level 1:colcon.colcon_core.package_identification:_identify(yolo_inference) by extension 'ignore'
[0.679s] Level 1:colcon.colcon_core.package_identification:_identify(yolo_inference) by extension 'ignore_ament_install'
[0.679s] Level 1:colcon.colcon_core.package_identification:_identify(yolo_inference) by extensions ['colcon_pkg']
[0.679s] Level 1:colcon.colcon_core.package_identification:_identify(yolo_inference) by extension 'colcon_pkg'
[0.679s] Level 1:colcon.colcon_core.package_identification:_identify(yolo_inference) by extensions ['colcon_meta']
[0.680s] Level 1:colcon.colcon_core.package_identification:_identify(yolo_inference) by extension 'colcon_meta'
[0.680s] Level 1:colcon.colcon_core.package_identification:_identify(yolo_inference) by extensions ['ros']
[0.680s] Level 1:colcon.colcon_core.package_identification:_identify(yolo_inference) by extension 'ros'
[0.682s] DEBUG:colcon.colcon_core.package_identification:Package 'yolo_inference' with type 'ros.ament_python' and name 'yolo_inference'
[0.682s] Level 1:colcon.colcon_core.package_discovery:discover_packages(recursive) using defaults
[0.682s] Level 1:colcon.colcon_core.package_discovery:discover_packages(ignore) discover
[0.682s] Level 1:colcon.colcon_core.package_discovery:discover_packages(ignore) using defaults
[0.682s] Level 1:colcon.colcon_core.package_discovery:discover_packages(path) discover
[0.682s] Level 1:colcon.colcon_core.package_discovery:discover_packages(path) using defaults
[0.745s] INFO:colcon.colcon_core.package_selection:Skipping not selected package 'camera_node' in 'camera_node'
[0.745s] INFO:colcon.colcon_core.package_selection:Skipping not selected package 'comm_node' in 'comm_node'
[0.745s] INFO:colcon.colcon_core.package_selection:Skipping not selected package 'diff_drive_odometry_node' in 'diff_drive_odometry_node'
[0.745s] INFO:colcon.colcon_core.package_selection:Skipping not selected package 'fire_confidence_node' in 'fire_confidence_node'
[0.745s] INFO:colcon.colcon_core.package_selection:Skipping not selected package 'lidar_node' in 'lidar_node'
[0.745s] INFO:colcon.colcon_core.package_selection:Skipping not selected package 'motor_control_node' in 'motor_control_node'
[0.745s] INFO:colcon.colcon_core.package_selection:Skipping not selected package 'sensor_fusion_node' in 'sensor_fusion_node'
[0.745s] INFO:colcon.colcon_core.package_selection:Skipping not selected package 'smoke_sensor_node' in 'smoke_sensor_node'
[0.745s] INFO:colcon.colcon_core.package_selection:Skipping not selected package 'state_machine_node' in 'state_machine_node'
[0.745s] INFO:colcon.colcon_core.package_selection:Skipping not selected package 'suppression_node' in 'suppression_node'
[0.745s] INFO:colcon.colcon_core.package_selection:Skipping not selected package 'yolo_inference' in 'yolo_inference'
[0.745s] INFO:colcon.colcon_core.package_selection:Skipping not selected package 'bringup' in 'bringup'
[0.747s] Level 1:colcon.colcon_core.package_discovery:discover_packages(prefix_path) check parameters
[0.747s] Level 1:colcon.colcon_core.package_discovery:discover_packages(prefix_path) discover
[0.759s] DEBUG:colcon.colcon_installed_package_information.package_discovery:Found 2 installed packages in /home/nathaniel/fxb_ws/src/install
[0.760s] DEBUG:colcon.colcon_installed_package_information.package_discovery:Found 9 installed packages in /home/nathaniel/fxb_ws/install
[0.764s] DEBUG:colcon.colcon_installed_package_information.package_discovery:Found 380 installed packages in /opt/ros/jazzy
[0.767s] Level 1:colcon.colcon_core.package_discovery:discover_packages(prefix_path) using defaults
[0.969s] Level 5:colcon.colcon_core.verb:set package 'firebot_description' build argument 'cmake_args' from command line to 'None'
[0.970s] Level 5:colcon.colcon_core.verb:set package 'firebot_description' build argument 'cmake_target' from command line to 'None'
[0.970s] Level 5:colcon.colcon_core.verb:set package 'firebot_description' build argument 'cmake_target_skip_unavailable' from command line to 'False'
[0.970s] Level 5:colcon.colcon_core.verb:set package 'firebot_description' build argument 'cmake_clean_cache' from command line to 'False'
[0.970s] Level 5:colcon.colcon_core.verb:set package 'firebot_description' build argument 'cmake_clean_first' from command line to 'False'
[0.970s] Level 5:colcon.colcon_core.verb:set package 'firebot_description' build argument 'cmake_force_configure' from command line to 'False'
[0.970s] Level 5:colcon.colcon_core.verb:set package 'firebot_description' build argument 'ament_cmake_args' from command line to 'None'
[0.970s] Level 5:colcon.colcon_core.verb:set package 'firebot_description' build argument 'catkin_cmake_args' from command line to 'None'
[0.970s] Level 5:colcon.colcon_core.verb:set package 'firebot_description' build argument 'catkin_skip_building_tests' from command line to 'False'
[0.970s] DEBUG:colcon.colcon_core.verb:Building package 'firebot_description' with the following arguments: {'ament_cmake_args': None, 'build_base': '/home/nathaniel/fxb_ws/src/build/firebot_description', 'catkin_cmake_args': None, 'catkin_skip_building_tests': False, 'cmake_args': None, 'cmake_clean_cache': False, 'cmake_clean_first': False, 'cmake_force_configure': False, 'cmake_target': None, 'cmake_target_skip_unavailable': False, 'install_base': '/home/nathaniel/fxb_ws/src/install/firebot_description', 'merge_install': False, 'path': '/home/nathaniel/fxb_ws/src/firebot_description', 'symlink_install': False, 'test_result_base': None}
[0.970s] INFO:colcon.colcon_core.executor:Executing jobs using 'parallel' executor
[0.972s] DEBUG:colcon.colcon_parallel_executor.executor.parallel:run_until_complete
[0.973s] INFO:colcon.colcon_ros.task.ament_cmake.build:Building ROS package in '/home/nathaniel/fxb_ws/src/firebot_description' with build type 'ament_cmake'
[0.973s] INFO:colcon.colcon_cmake.task.cmake.build:Building CMake package in '/home/nathaniel/fxb_ws/src/firebot_description'
[0.981s] INFO:colcon.colcon_core.plugin_system:Skipping extension 'colcon_core.shell.bat': Not used on non-Windows systems
[0.981s] INFO:colcon.colcon_core.shell:Skip shell extension 'powershell' for command environment: Not usable outside of PowerShell
[0.982s] DEBUG:colcon.colcon_core.shell:Skip shell extension 'dsv' for command environment
[1.001s] DEBUG:colcon.colcon_core.event_handler.log_command:Invoking command in '/home/nathaniel/fxb_ws/src/build/firebot_description': CMAKE_PREFIX_PATH=${CMAKE_PREFIX_PATH}:/home/nathaniel/fxb_ws/src/install/motor_control_node:/home/nathaniel/fxb_ws/install/bringup:/home/nathaniel/fxb_ws/install/yolo_inference:/home/nathaniel/fxb_ws/install/suppression_node:/home/nathaniel/fxb_ws/install/state_machine_node:/home/nathaniel/fxb_ws/install/smoke_sensor_node:/home/nathaniel/fxb_ws/install/sensor_fusion_node:/home/nathaniel/fxb_ws/install/motor_control_node:/home/nathaniel/fxb_ws/install/camera_node:/opt/ros/jazzy /usr/bin/cmake --build /home/nathaniel/fxb_ws/src/build/firebot_description -- -j8 -l8
[3.157s] DEBUG:colcon.colcon_core.event_handler.log_command:Invoked command in '/home/nathaniel/fxb_ws/src/build/firebot_description' returned '0': CMAKE_PREFIX_PATH=${CMAKE_PREFIX_PATH}:/home/nathaniel/fxb_ws/src/install/motor_control_node:/home/nathaniel/fxb_ws/install/bringup:/home/nathaniel/fxb_ws/install/yolo_inference:/home/nathaniel/fxb_ws/install/suppression_node:/home/nathaniel/fxb_ws/install/state_machine_node:/home/nathaniel/fxb_ws/install/smoke_sensor_node:/home/nathaniel/fxb_ws/install/sensor_fusion_node:/home/nathaniel/fxb_ws/install/motor_control_node:/home/nathaniel/fxb_ws/install/camera_node:/opt/ros/jazzy /usr/bin/cmake --build /home/nathaniel/fxb_ws/src/build/firebot_description -- -j8 -l8
[3.170s] DEBUG:colcon.colcon_core.event_handler.log_command:Invoking command in '/home/nathaniel/fxb_ws/src/build/firebot_description': CMAKE_PREFIX_PATH=${CMAKE_PREFIX_PATH}:/home/nathaniel/fxb_ws/src/install/motor_control_node:/home/nathaniel/fxb_ws/install/bringup:/home/nathaniel/fxb_ws/install/yolo_inference:/home/nathaniel/fxb_ws/install/suppression_node:/home/nathaniel/fxb_ws/install/state_machine_node:/home/nathaniel/fxb_ws/install/smoke_sensor_node:/home/nathaniel/fxb_ws/install/sensor_fusion_node:/home/nathaniel/fxb_ws/install/motor_control_node:/home/nathaniel/fxb_ws/install/camera_node:/opt/ros/jazzy /usr/bin/cmake --install /home/nathaniel/fxb_ws/src/build/firebot_description
[3.188s] Level 1:colcon.colcon_core.environment:create_environment_scripts_only(firebot_description)
[3.190s] DEBUG:colcon.colcon_core.event_handler.log_command:Invoked command in '/home/nathaniel/fxb_ws/src/build/firebot_description' returned '0': CMAKE_PREFIX_PATH=${CMAKE_PREFIX_PATH}:/home/nathaniel/fxb_ws/src/install/motor_control_node:/home/nathaniel/fxb_ws/install/bringup:/home/nathaniel/fxb_ws/install/yolo_inference:/home/nathaniel/fxb_ws/install/suppression_node:/home/nathaniel/fxb_ws/install/state_machine_node:/home/nathaniel/fxb_ws/install/smoke_sensor_node:/home/nathaniel/fxb_ws/install/sensor_fusion_node:/home/nathaniel/fxb_ws/install/motor_control_node:/home/nathaniel/fxb_ws/install/camera_node:/opt/ros/jazzy /usr/bin/cmake --install /home/nathaniel/fxb_ws/src/build/firebot_description
[3.202s] Level 1:colcon.colcon_core.environment:checking '/home/nathaniel/fxb_ws/src/install/firebot_description' for CMake module files
[3.203s] Level 1:colcon.colcon_core.environment:checking '/home/nathaniel/fxb_ws/src/install/firebot_description' for CMake config files
[3.204s] Level 1:colcon.colcon_core.shell:create_environment_hook('firebot_description', 'cmake_prefix_path')
[3.205s] INFO:colcon.colcon_core.shell:Creating environment hook '/home/nathaniel/fxb_ws/src/install/firebot_description/share/firebot_description/hook/cmake_prefix_path.ps1'
[3.206s] INFO:colcon.colcon_core.shell:Creating environment descriptor '/home/nathaniel/fxb_ws/src/install/firebot_description/share/firebot_description/hook/cmake_prefix_path.dsv'
[3.207s] INFO:colcon.colcon_core.shell:Creating environment hook '/home/nathaniel/fxb_ws/src/install/firebot_description/share/firebot_description/hook/cmake_prefix_path.sh'
[3.209s] Level 1:colcon.colcon_core.environment:checking '/home/nathaniel/fxb_ws/src/install/firebot_description/bin'
[3.209s] Level 1:colcon.colcon_core.environment:checking '/home/nathaniel/fxb_ws/src/install/firebot_description/lib/pkgconfig/firebot_description.pc'
[3.209s] Level 1:colcon.colcon_core.environment:checking '/home/nathaniel/fxb_ws/src/install/firebot_description/lib/python3.12/site-packages'
[3.209s] Level 1:colcon.colcon_core.environment:checking '/home/nathaniel/fxb_ws/src/install/firebot_description/bin'
[3.210s] INFO:colcon.colcon_core.shell:Creating package script '/home/nathaniel/fxb_ws/src/install/firebot_description/share/firebot_description/package.ps1'
[3.211s] INFO:colcon.colcon_core.shell:Creating package descriptor '/home/nathaniel/fxb_ws/src/install/firebot_description/share/firebot_description/package.dsv'
[3.213s] INFO:colcon.colcon_core.shell:Creating package script '/home/nathaniel/fxb_ws/src/install/firebot_description/share/firebot_description/package.sh'
[3.214s] INFO:colcon.colcon_core.shell:Creating package script '/home/nathaniel/fxb_ws/src/install/firebot_description/share/firebot_description/package.bash'
[3.216s] INFO:colcon.colcon_core.shell:Creating package script '/home/nathaniel/fxb_ws/src/install/firebot_description/share/firebot_description/package.zsh'
[3.217s] Level 1:colcon.colcon_core.environment:create_file_with_runtime_dependencies(/home/nathaniel/fxb_ws/src/install/firebot_description/share/colcon-core/packages/firebot_description)
[3.218s] Level 1:colcon.colcon_core.environment:create_environment_scripts_only(firebot_description)
[3.218s] Level 1:colcon.colcon_core.environment:checking '/home/nathaniel/fxb_ws/src/install/firebot_description' for CMake module files
[3.219s] Level 1:colcon.colcon_core.environment:checking '/home/nathaniel/fxb_ws/src/install/firebot_description' for CMake config files
[3.219s] Level 1:colcon.colcon_core.shell:create_environment_hook('firebot_description', 'cmake_prefix_path')
[3.219s] INFO:colcon.colcon_core.shell:Creating environment hook '/home/nathaniel/fxb_ws/src/install/firebot_description/share/firebot_description/hook/cmake_prefix_path.ps1'
[3.220s] INFO:colcon.colcon_core.shell:Creating environment descriptor '/home/nathaniel/fxb_ws/src/install/firebot_description/share/firebot_description/hook/cmake_prefix_path.dsv'
[3.220s] INFO:colcon.colcon_core.shell:Creating environment hook '/home/nathaniel/fxb_ws/src/install/firebot_description/share/firebot_description/hook/cmake_prefix_path.sh'
[3.221s] Level 1:colcon.colcon_core.environment:checking '/home/nathaniel/fxb_ws/src/install/firebot_description/bin'
[3.221s] Level 1:colcon.colcon_core.environment:checking '/home/nathaniel/fxb_ws/src/install/firebot_description/lib/pkgconfig/firebot_description.pc'
[3.221s] Level 1:colcon.colcon_core.environment:checking '/home/nathaniel/fxb_ws/src/install/firebot_description/lib/python3.12/site-packages'
[3.221s] Level 1:colcon.colcon_core.environment:checking '/home/nathaniel/fxb_ws/src/install/firebot_description/bin'
[3.222s] INFO:colcon.colcon_core.shell:Creating package script '/home/nathaniel/fxb_ws/src/install/firebot_description/share/firebot_description/package.ps1'
[3.223s] INFO:colcon.colcon_core.shell:Creating package descriptor '/home/nathaniel/fxb_ws/src/install/firebot_description/share/firebot_description/package.dsv'
[3.223s] INFO:colcon.colcon_core.shell:Creating package script '/home/nathaniel/fxb_ws/src/install/firebot_description/share/firebot_description/package.sh'
[3.224s] INFO:colcon.colcon_core.shell:Creating package script '/home/nathaniel/fxb_ws/src/install/firebot_description/share/firebot_description/package.bash'
[3.224s] INFO:colcon.colcon_core.shell:Creating package script '/home/nathaniel/fxb_ws/src/install/firebot_description/share/firebot_description/package.zsh'
[3.225s] Level 1:colcon.colcon_core.environment:create_file_with_runtime_dependencies(/home/nathaniel/fxb_ws/src/install/firebot_description/share/colcon-core/packages/firebot_description)
[3.225s] DEBUG:colcon.colcon_parallel_executor.executor.parallel:closing loop
[3.226s] DEBUG:colcon.colcon_parallel_executor.executor.parallel:loop closed
[3.227s] DEBUG:colcon.colcon_parallel_executor.executor.parallel:run_until_complete finished with '0'
[3.227s] DEBUG:colcon.colcon_core.event_reactor:joining thread
[3.277s] INFO:colcon.colcon_core.plugin_system:Skipping extension 'colcon_notification.desktop_notification.notify_send': Could not find 'notify-send'
[3.277s] INFO:colcon.colcon_core.plugin_system:Skipping extension 'colcon_notification.desktop_notification.terminal_notifier': Not used on non-Darwin systems
[3.277s] INFO:colcon.colcon_core.plugin_system:Skipping extension 'colcon_notification.desktop_notification.win32': Not used on non-Windows systems
[3.277s] INFO:colcon.colcon_notification.desktop_notification:Sending desktop notification using 'notify2'
[3.279s] DEBUG:colcon.colcon_notification.desktop_notification.notify2:Failed to initialize notify2: org.freedesktop.DBus.Error.ServiceUnknown: The name org.freedesktop.Notifications was not provided by any .service files
[3.280s] DEBUG:colcon.colcon_core.event_reactor:joined thread
[3.280s] INFO:colcon.colcon_core.shell:Creating prefix script '/home/nathaniel/fxb_ws/src/install/local_setup.ps1'
[3.281s] INFO:colcon.colcon_core.shell:Creating prefix util module '/home/nathaniel/fxb_ws/src/install/_local_setup_util_ps1.py'
[3.283s] INFO:colcon.colcon_core.shell:Creating prefix chain script '/home/nathaniel/fxb_ws/src/install/setup.ps1'
[3.286s] INFO:colcon.colcon_core.shell:Creating prefix script '/home/nathaniel/fxb_ws/src/install/local_setup.sh'
[3.287s] INFO:colcon.colcon_core.shell:Creating prefix util module '/home/nathaniel/fxb_ws/src/install/_local_setup_util_sh.py'
[3.288s] INFO:colcon.colcon_core.shell:Creating prefix chain script '/home/nathaniel/fxb_ws/src/install/setup.sh'
[3.290s] INFO:colcon.colcon_core.shell:Creating prefix script '/home/nathaniel/fxb_ws/src/install/local_setup.bash'
[3.292s] INFO:colcon.colcon_core.shell:Creating prefix chain script '/home/nathaniel/fxb_ws/src/install/setup.bash'
[3.294s] INFO:colcon.colcon_core.shell:Creating prefix script '/home/nathaniel/fxb_ws/src/install/local_setup.zsh'
[3.295s] INFO:colcon.colcon_core.shell:Creating prefix chain script '/home/nathaniel/fxb_ws/src/install/setup.zsh'
