[1.298s] Invoking command in '/home/nathaniel/fxb_ws/src/motor_control_node': PYTHONPATH=/home/nathaniel/fxb_ws/src/build/motor_control_node/prefix_override:/usr/lib/python3/dist-packages/colcon_core/task/python/colcon_distutils_commands:/home/nathaniel/fxb_ws/src/install/motor_control_node/lib/python3.12/site-packages:${PYTHONPATH} VIRTUAL_ENV_PROMPT=(.venv) /usr/bin/python3 -W ignore:setup.py install is deprecated -W ignore:easy_install command is deprecated setup.py egg_info --egg-base ../build/motor_control_node build --build-base /home/nathaniel/fxb_ws/src/build/motor_control_node/build install --record /home/nathaniel/fxb_ws/src/build/motor_control_node/install.log --single-version-externally-managed install_data
[1.709s] running egg_info
[1.709s] creating ../build/motor_control_node/motor_control_node.egg-info
[1.740s] writing ../build/motor_control_node/motor_control_node.egg-info/PKG-INFO
[1.740s] writing dependency_links to ../build/motor_control_node/motor_control_node.egg-info/dependency_links.txt
[1.741s] writing entry points to ../build/motor_control_node/motor_control_node.egg-info/entry_points.txt
[1.741s] writing requirements to ../build/motor_control_node/motor_control_node.egg-info/requires.txt
[1.741s] writing top-level names to ../build/motor_control_node/motor_control_node.egg-info/top_level.txt
[1.741s] writing manifest file '../build/motor_control_node/motor_control_node.egg-info/SOURCES.txt'
[1.812s] reading manifest file '../build/motor_control_node/motor_control_node.egg-info/SOURCES.txt'
[1.813s] writing manifest file '../build/motor_control_node/motor_control_node.egg-info/SOURCES.txt'
[1.813s] running build
[1.814s] running build_py
[1.814s] creating /home/nathaniel/fxb_ws/src/build/motor_control_node/build
[1.814s] creating /home/nathaniel/fxb_ws/src/build/motor_control_node/build/lib
[1.815s] creating /home/nathaniel/fxb_ws/src/build/motor_control_node/build/lib/motor_control_node
[1.817s] copying motor_control_node/__init__.py -> /home/nathaniel/fxb_ws/src/build/motor_control_node/build/lib/motor_control_node
[1.817s] copying motor_control_node/motor_control_node.py -> /home/nathaniel/fxb_ws/src/build/motor_control_node/build/lib/motor_control_node
[1.817s] running install
[1.829s] running install_lib
[1.872s] creating /home/nathaniel/fxb_ws/src/install/motor_control_node/lib/python3.12/site-packages/motor_control_node
[1.872s] copying /home/nathaniel/fxb_ws/src/build/motor_control_node/build/lib/motor_control_node/__init__.py -> /home/nathaniel/fxb_ws/src/install/motor_control_node/lib/python3.12/site-packages/motor_control_node
[1.873s] copying /home/nathaniel/fxb_ws/src/build/motor_control_node/build/lib/motor_control_node/motor_control_node.py -> /home/nathaniel/fxb_ws/src/install/motor_control_node/lib/python3.12/site-packages/motor_control_node
[1.873s] byte-compiling /home/nathaniel/fxb_ws/src/install/motor_control_node/lib/python3.12/site-packages/motor_control_node/__init__.py to __init__.cpython-312.pyc
[1.874s] byte-compiling /home/nathaniel/fxb_ws/src/install/motor_control_node/lib/python3.12/site-packages/motor_control_node/motor_control_node.py to motor_control_node.cpython-312.pyc
[1.875s] running install_data
[1.875s] creating /home/nathaniel/fxb_ws/src/install/motor_control_node/share/ament_index
[1.876s] creating /home/nathaniel/fxb_ws/src/install/motor_control_node/share/ament_index/resource_index
[1.876s] creating /home/nathaniel/fxb_ws/src/install/motor_control_node/share/ament_index/resource_index/packages
[1.877s] copying resource/motor_control_node -> /home/nathaniel/fxb_ws/src/install/motor_control_node/share/ament_index/resource_index/packages
[1.877s] copying package.xml -> /home/nathaniel/fxb_ws/src/install/motor_control_node/share/motor_control_node
[1.877s] creating /home/nathaniel/fxb_ws/src/install/motor_control_node/share/motor_control_node/launch
[1.878s] copying launch/motor_control.launch.py -> /home/nathaniel/fxb_ws/src/install/motor_control_node/share/motor_control_node/launch
[1.878s] running install_egg_info
[1.916s] Copying ../build/motor_control_node/motor_control_node.egg-info to /home/nathaniel/fxb_ws/src/install/motor_control_node/lib/python3.12/site-packages/motor_control_node-0.0.0-py3.12.egg-info
[1.918s] running install_scripts
[2.192s] Installing motor_control_node script to /home/nathaniel/fxb_ws/src/install/motor_control_node/lib/motor_control
[2.193s] writing list of installed files to '/home/nathaniel/fxb_ws/src/build/motor_control_node/install.log'
[2.268s] Invoked command in '/home/nathaniel/fxb_ws/src/motor_control_node' returned '0': PYTHONPATH=/home/nathaniel/fxb_ws/src/build/motor_control_node/prefix_override:/usr/lib/python3/dist-packages/colcon_core/task/python/colcon_distutils_commands:/home/nathaniel/fxb_ws/src/install/motor_control_node/lib/python3.12/site-packages:${PYTHONPATH} VIRTUAL_ENV_PROMPT=(.venv) /usr/bin/python3 -W ignore:setup.py install is deprecated -W ignore:easy_install command is deprecated setup.py egg_info --egg-base ../build/motor_control_node build --build-base /home/nathaniel/fxb_ws/src/build/motor_control_node/build install --record /home/nathaniel/fxb_ws/src/build/motor_control_node/install.log --single-version-externally-managed install_data
