[0.505s] DEBUG:colcon:Command line arguments: ['/usr/bin/colcon', 'build', '--packages-select', 'firebot_description']
[0.506s] DEBUG:colcon:Parsed command line arguments: Namespace(log_base=None, log_level=None, verb_name='build', build_base='build', install_base='install', merge_install=False, symlink_install=False, test_result_base=None, continue_on_error=False, executor='parallel', parallel_workers=8, event_handlers=None, ignore_user_meta=False, metas=['./colcon.meta'], base_paths=['.'], packages_ignore=None, packages_ignore_regex=None, paths=None, packages_up_to=None, packages_up_to_regex=None, packages_above=None, packages_above_and_dependencies=None, packages_above_depth=None, packages_select_by_dep=None, packages_skip_by_dep=None, packages_skip_up_to=None, packages_select_build_failed=False, packages_skip_build_finished=False, packages_select_test_failures=False, packages_skip_test_passed=False, packages_select=['firebot_description'], packages_skip=None, packages_select_regex=None, packages_skip_regex=None, packages_start=None, packages_end=None, allow_overriding=[], cmake_args=None, cmake_target=None, cmake_target_skip_unavailable=False, cmake_clean_cache=False, cmake_clean_first=False, cmake_force_configure=False, ament_cmake_args=None, catkin_cmake_args=None, catkin_skip_building_tests=False, mixin_files=None, mixin=None, verb_parser=<colcon_mixin.mixin.mixin_argument.MixinArgumentDecorator object at 0x734a36792b40>, verb_extension=<colcon_core.verb.build.BuildVerb object at 0x734a36792b10>, main=<bound method BuildVerb.main of <colcon_core.verb.build.BuildVerb object at 0x734a36792b10>>, mixin_verb=('build',))
[3.555s] Level 1:colcon.colcon_core.package_discovery:discover_packages(colcon_meta) check parameters
[3.556s] Level 1:colcon.colcon_core.package_discovery:discover_packages(recursive) check parameters
[3.556s] Level 1:colcon.colcon_core.package_discovery:discover_packages(ignore) check parameters
[3.556s] Level 1:colcon.colcon_core.package_discovery:discover_packages(path) check parameters
[3.556s] Level 1:colcon.colcon_core.package_discovery:discover_packages(colcon_meta) discover
[3.556s] Level 1:colcon.colcon_core.package_discovery:discover_packages(recursive) discover
[3.556s] INFO:colcon.colcon_core.package_discovery:Crawling recursively for packages in '/home/nathaniel/fxb_ws'
[3.556s] Level 1:colcon.colcon_core.package_identification:_identify(.) by extensions ['ignore', 'ignore_ament_install']
[3.556s] Level 1:colcon.colcon_core.package_identification:_identify(.) by extension 'ignore'
[3.556s] Level 1:colcon.colcon_core.package_identification:_identify(.) by extension 'ignore_ament_install'
[3.556s] Level 1:colcon.colcon_core.package_identification:_identify(.) by extensions ['colcon_pkg']
[3.556s] Level 1:colcon.colcon_core.package_identification:_identify(.) by extension 'colcon_pkg'
[3.556s] Level 1:colcon.colcon_core.package_identification:_identify(.) by extensions ['colcon_meta']
[3.556s] Level 1:colcon.colcon_core.package_identification:_identify(.) by extension 'colcon_meta'
[3.556s] Level 1:colcon.colcon_core.package_identification:_identify(.) by extensions ['ros']
[3.556s] Level 1:colcon.colcon_core.package_identification:_identify(.) by extension 'ros'
[3.623s] Level 1:colcon.colcon_core.package_identification:_identify(.) by extensions ['cmake', 'python']
[3.623s] Level 1:colcon.colcon_core.package_identification:_identify(.) by extension 'cmake'
[3.623s] Level 1:colcon.colcon_core.package_identification:_identify(.) by extension 'python'
[3.623s] Level 1:colcon.colcon_core.package_identification:_identify(.) by extensions ['python_setup_py']
[3.623s] Level 1:colcon.colcon_core.package_identification:_identify(.) by extension 'python_setup_py'
[3.624s] Level 1:colcon.colcon_core.package_identification:_identify(FYP-AI-Model) by extensions ['ignore', 'ignore_ament_install']
[3.624s] Level 1:colcon.colcon_core.package_identification:_identify(FYP-AI-Model) by extension 'ignore'
[3.624s] Level 1:colcon.colcon_core.package_identification:_identify(FYP-AI-Model) by extension 'ignore_ament_install'
[3.624s] Level 1:colcon.colcon_core.package_identification:_identify(FYP-AI-Model) by extensions ['colcon_pkg']
[3.624s] Level 1:colcon.colcon_core.package_identification:_identify(FYP-AI-Model) by extension 'colcon_pkg'
[3.624s] Level 1:colcon.colcon_core.package_identification:_identify(FYP-AI-Model) by extensions ['colcon_meta']
[3.624s] Level 1:colcon.colcon_core.package_identification:_identify(FYP-AI-Model) by extension 'colcon_meta'
[3.624s] Level 1:colcon.colcon_core.package_identification:_identify(FYP-AI-Model) by extensions ['ros']
[3.624s] Level 1:colcon.colcon_core.package_identification:_identify(FYP-AI-Model) by extension 'ros'
[3.624s] Level 1:colcon.colcon_core.package_identification:_identify(FYP-AI-Model) by extensions ['cmake', 'python']
[3.624s] Level 1:colcon.colcon_core.package_identification:_identify(FYP-AI-Model) by extension 'cmake'
[3.624s] Level 1:colcon.colcon_core.package_identification:_identify(FYP-AI-Model) by extension 'python'
[3.624s] Level 1:colcon.colcon_core.package_identification:_identify(FYP-AI-Model) by extensions ['python_setup_py']
[3.624s] Level 1:colcon.colcon_core.package_identification:_identify(FYP-AI-Model) by extension 'python_setup_py'
[3.625s] Level 1:colcon.colcon_core.package_identification:_identify(FYP-AI-Model/runs) by extensions ['ignore', 'ignore_ament_install']
[3.625s] Level 1:colcon.colcon_core.package_identification:_identify(FYP-AI-Model/runs) by extension 'ignore'
[3.626s] Level 1:colcon.colcon_core.package_identification:_identify(FYP-AI-Model/runs) by extension 'ignore_ament_install'
[3.626s] Level 1:colcon.colcon_core.package_identification:_identify(FYP-AI-Model/runs) by extensions ['colcon_pkg']
[3.626s] Level 1:colcon.colcon_core.package_identification:_identify(FYP-AI-Model/runs) by extension 'colcon_pkg'
[3.626s] Level 1:colcon.colcon_core.package_identification:_identify(FYP-AI-Model/runs) by extensions ['colcon_meta']
[3.626s] Level 1:colcon.colcon_core.package_identification:_identify(FYP-AI-Model/runs) by extension 'colcon_meta'
[3.626s] Level 1:colcon.colcon_core.package_identification:_identify(FYP-AI-Model/runs) by extensions ['ros']
[3.626s] Level 1:colcon.colcon_core.package_identification:_identify(FYP-AI-Model/runs) by extension 'ros'
[3.626s] Level 1:colcon.colcon_core.package_identification:_identify(FYP-AI-Model/runs) by extensions ['cmake', 'python']
[3.626s] Level 1:colcon.colcon_core.package_identification:_identify(FYP-AI-Model/runs) by extension 'cmake'
[3.626s] Level 1:colcon.colcon_core.package_identification:_identify(FYP-AI-Model/runs) by extension 'python'
[3.626s] Level 1:colcon.colcon_core.package_identification:_identify(FYP-AI-Model/runs) by extensions ['python_setup_py']
[3.626s] Level 1:colcon.colcon_core.package_identification:_identify(FYP-AI-Model/runs) by extension 'python_setup_py'
[3.627s] Level 1:colcon.colcon_core.package_identification:_identify(FYP-AI-Model/runs/detect) by extensions ['ignore', 'ignore_ament_install']
[3.627s] Level 1:colcon.colcon_core.package_identification:_identify(FYP-AI-Model/runs/detect) by extension 'ignore'
[3.627s] Level 1:colcon.colcon_core.package_identification:_identify(FYP-AI-Model/runs/detect) by extension 'ignore_ament_install'
[3.627s] Level 1:colcon.colcon_core.package_identification:_identify(FYP-AI-Model/runs/detect) by extensions ['colcon_pkg']
[3.627s] Level 1:colcon.colcon_core.package_identification:_identify(FYP-AI-Model/runs/detect) by extension 'colcon_pkg'
[3.627s] Level 1:colcon.colcon_core.package_identification:_identify(FYP-AI-Model/runs/detect) by extensions ['colcon_meta']
[3.627s] Level 1:colcon.colcon_core.package_identification:_identify(FYP-AI-Model/runs/detect) by extension 'colcon_meta'
[3.627s] Level 1:colcon.colcon_core.package_identification:_identify(FYP-AI-Model/runs/detect) by extensions ['ros']
[3.627s] Level 1:colcon.colcon_core.package_identification:_identify(FYP-AI-Model/runs/detect) by extension 'ros'
[3.627s] Level 1:colcon.colcon_core.package_identification:_identify(FYP-AI-Model/runs/detect) by extensions ['cmake', 'python']
[3.628s] Level 1:colcon.colcon_core.package_identification:_identify(FYP-AI-Model/runs/detect) by extension 'cmake'
[3.628s] Level 1:colcon.colcon_core.package_identification:_identify(FYP-AI-Model/runs/detect) by extension 'python'
[3.628s] Level 1:colcon.colcon_core.package_identification:_identify(FYP-AI-Model/runs/detect) by extensions ['python_setup_py']
[3.628s] Level 1:colcon.colcon_core.package_identification:_identify(FYP-AI-Model/runs/detect) by extension 'python_setup_py'
[3.628s] Level 1:colcon.colcon_core.package_identification:_identify(FYP-AI-Model/runs/detect/predict) by extensions ['ignore', 'ignore_ament_install']
[3.628s] Level 1:colcon.colcon_core.package_identification:_identify(FYP-AI-Model/runs/detect/predict) by extension 'ignore'
[3.628s] Level 1:colcon.colcon_core.package_identification:_identify(FYP-AI-Model/runs/detect/predict) by extension 'ignore_ament_install'
[3.628s] Level 1:colcon.colcon_core.package_identification:_identify(FYP-AI-Model/runs/detect/predict) by extensions ['colcon_pkg']
[3.628s] Level 1:colcon.colcon_core.package_identification:_identify(FYP-AI-Model/runs/detect/predict) by extension 'colcon_pkg'
[3.629s] Level 1:colcon.colcon_core.package_identification:_identify(FYP-AI-Model/runs/detect/predict) by extensions ['colcon_meta']
[3.629s] Level 1:colcon.colcon_core.package_identification:_identify(FYP-AI-Model/runs/detect/predict) by extension 'colcon_meta'
[3.629s] Level 1:colcon.colcon_core.package_identification:_identify(FYP-AI-Model/runs/detect/predict) by extensions ['ros']
[3.629s] Level 1:colcon.colcon_core.package_identification:_identify(FYP-AI-Model/runs/detect/predict) by extension 'ros'
[3.629s] Level 1:colcon.colcon_core.package_identification:_identify(FYP-AI-Model/runs/detect/predict) by extensions ['cmake', 'python']
[3.629s] Level 1:colcon.colcon_core.package_identification:_identify(FYP-AI-Model/runs/detect/predict) by extension 'cmake'
[3.629s] Level 1:colcon.colcon_core.package_identification:_identify(FYP-AI-Model/runs/detect/predict) by extension 'python'
[3.629s] Level 1:colcon.colcon_core.package_identification:_identify(FYP-AI-Model/runs/detect/predict) by extensions ['python_setup_py']
[3.629s] Level 1:colcon.colcon_core.package_identification:_identify(FYP-AI-Model/runs/detect/predict) by extension 'python_setup_py'
[3.630s] Level 1:colcon.colcon_core.package_identification:_identify(FYP-AI-Model/ultralytics) by extensions ['ignore', 'ignore_ament_install']
[3.630s] Level 1:colcon.colcon_core.package_identification:_identify(FYP-AI-Model/ultralytics) by extension 'ignore'
[3.630s] Level 1:colcon.colcon_core.package_identification:_identify(FYP-AI-Model/ultralytics) by extension 'ignore_ament_install'
[3.630s] Level 1:colcon.colcon_core.package_identification:_identify(FYP-AI-Model/ultralytics) by extensions ['colcon_pkg']
[3.630s] Level 1:colcon.colcon_core.package_identification:_identify(FYP-AI-Model/ultralytics) by extension 'colcon_pkg'
[3.630s] Level 1:colcon.colcon_core.package_identification:_identify(FYP-AI-Model/ultralytics) by extensions ['colcon_meta']
[3.630s] Level 1:colcon.colcon_core.package_identification:_identify(FYP-AI-Model/ultralytics) by extension 'colcon_meta'
[3.630s] Level 1:colcon.colcon_core.package_identification:_identify(FYP-AI-Model/ultralytics) by extensions ['ros']
[3.630s] Level 1:colcon.colcon_core.package_identification:_identify(FYP-AI-Model/ultralytics) by extension 'ros'
[3.630s] Level 1:colcon.colcon_core.package_identification:_identify(FYP-AI-Model/ultralytics) by extensions ['cmake', 'python']
[3.630s] Level 1:colcon.colcon_core.package_identification:_identify(FYP-AI-Model/ultralytics) by extension 'cmake'
[3.630s] Level 1:colcon.colcon_core.package_identification:_identify(FYP-AI-Model/ultralytics) by extension 'python'
[3.631s] Level 1:colcon.colcon_core.package_identification:_identify(FYP-AI-Model/ultralytics) by extensions ['python_setup_py']
[3.631s] Level 1:colcon.colcon_core.package_identification:_identify(FYP-AI-Model/ultralytics) by extension 'python_setup_py'
[3.631s] Level 1:colcon.colcon_core.package_identification:_identify(FYP-AI-Model/ultralytics/__pycache__) by extensions ['ignore', 'ignore_ament_install']
[3.631s] Level 1:colcon.colcon_core.package_identification:_identify(FYP-AI-Model/ultralytics/__pycache__) by extension 'ignore'
[3.631s] Level 1:colcon.colcon_core.package_identification:_identify(FYP-AI-Model/ultralytics/__pycache__) by extension 'ignore_ament_install'
[3.632s] Level 1:colcon.colcon_core.package_identification:_identify(FYP-AI-Model/ultralytics/__pycache__) by extensions ['colcon_pkg']
[3.632s] Level 1:colcon.colcon_core.package_identification:_identify(FYP-AI-Model/ultralytics/__pycache__) by extension 'colcon_pkg'
[3.632s] Level 1:colcon.colcon_core.package_identification:_identify(FYP-AI-Model/ultralytics/__pycache__) by extensions ['colcon_meta']
[3.632s] Level 1:colcon.colcon_core.package_identification:_identify(FYP-AI-Model/ultralytics/__pycache__) by extension 'colcon_meta'
[3.632s] Level 1:colcon.colcon_core.package_identification:_identify(FYP-AI-Model/ultralytics/__pycache__) by extensions ['ros']
[3.632s] Level 1:colcon.colcon_core.package_identification:_identify(FYP-AI-Model/ultralytics/__pycache__) by extension 'ros'
[3.632s] Level 1:colcon.colcon_core.package_identification:_identify(FYP-AI-Model/ultralytics/__pycache__) by extensions ['cmake', 'python']
[3.632s] Level 1:colcon.colcon_core.package_identification:_identify(FYP-AI-Model/ultralytics/__pycache__) by extension 'cmake'
[3.632s] Level 1:colcon.colcon_core.package_identification:_identify(FYP-AI-Model/ultralytics/__pycache__) by extension 'python'
[3.632s] Level 1:colcon.colcon_core.package_identification:_identify(FYP-AI-Model/ultralytics/__pycache__) by extensions ['python_setup_py']
[3.632s] Level 1:colcon.colcon_core.package_identification:_identify(FYP-AI-Model/ultralytics/__pycache__) by extension 'python_setup_py'
[3.633s] Level 1:colcon.colcon_core.package_identification:_identify(FYP-AI-Model/ultralytics/hub) by extensions ['ignore', 'ignore_ament_install']
[3.633s] Level 1:colcon.colcon_core.package_identification:_identify(FYP-AI-Model/ultralytics/hub) by extension 'ignore'
[3.633s] Level 1:colcon.colcon_core.package_identification:_identify(FYP-AI-Model/ultralytics/hub) by extension 'ignore_ament_install'
[3.633s] Level 1:colcon.colcon_core.package_identification:_identify(FYP-AI-Model/ultralytics/hub) by extensions ['colcon_pkg']
[3.633s] Level 1:colcon.colcon_core.package_identification:_identify(FYP-AI-Model/ultralytics/hub) by extension 'colcon_pkg'
[3.633s] Level 1:colcon.colcon_core.package_identification:_identify(FYP-AI-Model/ultralytics/hub) by extensions ['colcon_meta']
[3.633s] Level 1:colcon.colcon_core.package_identification:_identify(FYP-AI-Model/ultralytics/hub) by extension 'colcon_meta'
[3.633s] Level 1:colcon.colcon_core.package_identification:_identify(FYP-AI-Model/ultralytics/hub) by extensions ['ros']
[3.633s] Level 1:colcon.colcon_core.package_identification:_identify(FYP-AI-Model/ultralytics/hub) by extension 'ros'
[3.634s] Level 1:colcon.colcon_core.package_identification:_identify(FYP-AI-Model/ultralytics/hub) by extensions ['cmake', 'python']
[3.634s] Level 1:colcon.colcon_core.package_identification:_identify(FYP-AI-Model/ultralytics/hub) by extension 'cmake'
[3.634s] Level 1:colcon.colcon_core.package_identification:_identify(FYP-AI-Model/ultralytics/hub) by extension 'python'
[3.634s] Level 1:colcon.colcon_core.package_identification:_identify(FYP-AI-Model/ultralytics/hub) by extensions ['python_setup_py']
[3.634s] Level 1:colcon.colcon_core.package_identification:_identify(FYP-AI-Model/ultralytics/hub) by extension 'python_setup_py'
[3.635s] Level 1:colcon.colcon_core.package_identification:_identify(FYP-AI-Model/ultralytics/hub/__pycache__) by extensions ['ignore', 'ignore_ament_install']
[3.635s] Level 1:colcon.colcon_core.package_identification:_identify(FYP-AI-Model/ultralytics/hub/__pycache__) by extension 'ignore'
[3.635s] Level 1:colcon.colcon_core.package_identification:_identify(FYP-AI-Model/ultralytics/hub/__pycache__) by extension 'ignore_ament_install'
[3.635s] Level 1:colcon.colcon_core.package_identification:_identify(FYP-AI-Model/ultralytics/hub/__pycache__) by extensions ['colcon_pkg']
[3.635s] Level 1:colcon.colcon_core.package_identification:_identify(FYP-AI-Model/ultralytics/hub/__pycache__) by extension 'colcon_pkg'
[3.635s] Level 1:colcon.colcon_core.package_identification:_identify(FYP-AI-Model/ultralytics/hub/__pycache__) by extensions ['colcon_meta']
[3.635s] Level 1:colcon.colcon_core.package_identification:_identify(FYP-AI-Model/ultralytics/hub/__pycache__) by extension 'colcon_meta'
[3.635s] Level 1:colcon.colcon_core.package_identification:_identify(FYP-AI-Model/ultralytics/hub/__pycache__) by extensions ['ros']
[3.635s] Level 1:colcon.colcon_core.package_identification:_identify(FYP-AI-Model/ultralytics/hub/__pycache__) by extension 'ros'
[3.635s] Level 1:colcon.colcon_core.package_identification:_identify(FYP-AI-Model/ultralytics/hub/__pycache__) by extensions ['cmake', 'python']
[3.636s] Level 1:colcon.colcon_core.package_identification:_identify(FYP-AI-Model/ultralytics/hub/__pycache__) by extension 'cmake'
[3.636s] Level 1:colcon.colcon_core.package_identification:_identify(FYP-AI-Model/ultralytics/hub/__pycache__) by extension 'python'
[3.636s] Level 1:colcon.colcon_core.package_identification:_identify(FYP-AI-Model/ultralytics/hub/__pycache__) by extensions ['python_setup_py']
[3.636s] Level 1:colcon.colcon_core.package_identification:_identify(FYP-AI-Model/ultralytics/hub/__pycache__) by extension 'python_setup_py'
[3.636s] Level 1:colcon.colcon_core.package_identification:_identify(FYP-AI-Model/ultralytics/models) by extensions ['ignore', 'ignore_ament_install']
[3.637s] Level 1:colcon.colcon_core.package_identification:_identify(FYP-AI-Model/ultralytics/models) by extension 'ignore'
[3.637s] Level 1:colcon.colcon_core.package_identification:_identify(FYP-AI-Model/ultralytics/models) by extension 'ignore_ament_install'
[3.637s] Level 1:colcon.colcon_core.package_identification:_identify(FYP-AI-Model/ultralytics/models) by extensions ['colcon_pkg']
[3.637s] Level 1:colcon.colcon_core.package_identification:_identify(FYP-AI-Model/ultralytics/models) by extension 'colcon_pkg'
[3.637s] Level 1:colcon.colcon_core.package_identification:_identify(FYP-AI-Model/ultralytics/models) by extensions ['colcon_meta']
[3.637s] Level 1:colcon.colcon_core.package_identification:_identify(FYP-AI-Model/ultralytics/models) by extension 'colcon_meta'
[3.637s] Level 1:colcon.colcon_core.package_identification:_identify(FYP-AI-Model/ultralytics/models) by extensions ['ros']
[3.637s] Level 1:colcon.colcon_core.package_identification:_identify(FYP-AI-Model/ultralytics/models) by extension 'ros'
[3.638s] Level 1:colcon.colcon_core.package_identification:_identify(FYP-AI-Model/ultralytics/models) by extensions ['cmake', 'python']
[3.638s] Level 1:colcon.colcon_core.package_identification:_identify(FYP-AI-Model/ultralytics/models) by extension 'cmake'
[3.638s] Level 1:colcon.colcon_core.package_identification:_identify(FYP-AI-Model/ultralytics/models) by extension 'python'
[3.638s] Level 1:colcon.colcon_core.package_identification:_identify(FYP-AI-Model/ultralytics/models) by extensions ['python_setup_py']
[3.638s] Level 1:colcon.colcon_core.package_identification:_identify(FYP-AI-Model/ultralytics/models) by extension 'python_setup_py'
[3.638s] Level 1:colcon.colcon_core.package_identification:_identify(FYP-AI-Model/ultralytics/models/v3) by extensions ['ignore', 'ignore_ament_install']
[3.639s] Level 1:colcon.colcon_core.package_identification:_identify(FYP-AI-Model/ultralytics/models/v3) by extension 'ignore'
[3.639s] Level 1:colcon.colcon_core.package_identification:_identify(FYP-AI-Model/ultralytics/models/v3) by extension 'ignore_ament_install'
[3.639s] Level 1:colcon.colcon_core.package_identification:_identify(FYP-AI-Model/ultralytics/models/v3) by extensions ['colcon_pkg']
[3.639s] Level 1:colcon.colcon_core.package_identification:_identify(FYP-AI-Model/ultralytics/models/v3) by extension 'colcon_pkg'
[3.639s] Level 1:colcon.colcon_core.package_identification:_identify(FYP-AI-Model/ultralytics/models/v3) by extensions ['colcon_meta']
[3.639s] Level 1:colcon.colcon_core.package_identification:_identify(FYP-AI-Model/ultralytics/models/v3) by extension 'colcon_meta'
[3.639s] Level 1:colcon.colcon_core.package_identification:_identify(FYP-AI-Model/ultralytics/models/v3) by extensions ['ros']
[3.639s] Level 1:colcon.colcon_core.package_identification:_identify(FYP-AI-Model/ultralytics/models/v3) by extension 'ros'
[3.639s] Level 1:colcon.colcon_core.package_identification:_identify(FYP-AI-Model/ultralytics/models/v3) by extensions ['cmake', 'python']
[3.639s] Level 1:colcon.colcon_core.package_identification:_identify(FYP-AI-Model/ultralytics/models/v3) by extension 'cmake'
[3.639s] Level 1:colcon.colcon_core.package_identification:_identify(FYP-AI-Model/ultralytics/models/v3) by extension 'python'
[3.639s] Level 1:colcon.colcon_core.package_identification:_identify(FYP-AI-Model/ultralytics/models/v3) by extensions ['python_setup_py']
[3.639s] Level 1:colcon.colcon_core.package_identification:_identify(FYP-AI-Model/ultralytics/models/v3) by extension 'python_setup_py'
[3.640s] Level 1:colcon.colcon_core.package_identification:_identify(FYP-AI-Model/ultralytics/models/v5) by extensions ['ignore', 'ignore_ament_install']
[3.640s] Level 1:colcon.colcon_core.package_identification:_identify(FYP-AI-Model/ultralytics/models/v5) by extension 'ignore'
[3.640s] Level 1:colcon.colcon_core.package_identification:_identify(FYP-AI-Model/ultralytics/models/v5) by extension 'ignore_ament_install'
[3.640s] Level 1:colcon.colcon_core.package_identification:_identify(FYP-AI-Model/ultralytics/models/v5) by extensions ['colcon_pkg']
[3.640s] Level 1:colcon.colcon_core.package_identification:_identify(FYP-AI-Model/ultralytics/models/v5) by extension 'colcon_pkg'
[3.640s] Level 1:colcon.colcon_core.package_identification:_identify(FYP-AI-Model/ultralytics/models/v5) by extensions ['colcon_meta']
[3.640s] Level 1:colcon.colcon_core.package_identification:_identify(FYP-AI-Model/ultralytics/models/v5) by extension 'colcon_meta'
[3.641s] Level 1:colcon.colcon_core.package_identification:_identify(FYP-AI-Model/ultralytics/models/v5) by extensions ['ros']
[3.641s] Level 1:colcon.colcon_core.package_identification:_identify(FYP-AI-Model/ultralytics/models/v5) by extension 'ros'
[3.641s] Level 1:colcon.colcon_core.package_identification:_identify(FYP-AI-Model/ultralytics/models/v5) by extensions ['cmake', 'python']
[3.641s] Level 1:colcon.colcon_core.package_identification:_identify(FYP-AI-Model/ultralytics/models/v5) by extension 'cmake'
[3.641s] Level 1:colcon.colcon_core.package_identification:_identify(FYP-AI-Model/ultralytics/models/v5) by extension 'python'
[3.641s] Level 1:colcon.colcon_core.package_identification:_identify(FYP-AI-Model/ultralytics/models/v5) by extensions ['python_setup_py']
[3.641s] Level 1:colcon.colcon_core.package_identification:_identify(FYP-AI-Model/ultralytics/models/v5) by extension 'python_setup_py'
[3.641s] Level 1:colcon.colcon_core.package_identification:_identify(FYP-AI-Model/ultralytics/models/v8) by extensions ['ignore', 'ignore_ament_install']
[3.642s] Level 1:colcon.colcon_core.package_identification:_identify(FYP-AI-Model/ultralytics/models/v8) by extension 'ignore'
[3.642s] Level 1:colcon.colcon_core.package_identification:_identify(FYP-AI-Model/ultralytics/models/v8) by extension 'ignore_ament_install'
[3.642s] Level 1:colcon.colcon_core.package_identification:_identify(FYP-AI-Model/ultralytics/models/v8) by extensions ['colcon_pkg']
[3.642s] Level 1:colcon.colcon_core.package_identification:_identify(FYP-AI-Model/ultralytics/models/v8) by extension 'colcon_pkg'
[3.642s] Level 1:colcon.colcon_core.package_identification:_identify(FYP-AI-Model/ultralytics/models/v8) by extensions ['colcon_meta']
[3.642s] Level 1:colcon.colcon_core.package_identification:_identify(FYP-AI-Model/ultralytics/models/v8) by extension 'colcon_meta'
[3.642s] Level 1:colcon.colcon_core.package_identification:_identify(FYP-AI-Model/ultralytics/models/v8) by extensions ['ros']
[3.642s] Level 1:colcon.colcon_core.package_identification:_identify(FYP-AI-Model/ultralytics/models/v8) by extension 'ros'
[3.642s] Level 1:colcon.colcon_core.package_identification:_identify(FYP-AI-Model/ultralytics/models/v8) by extensions ['cmake', 'python']
[3.642s] Level 1:colcon.colcon_core.package_identification:_identify(FYP-AI-Model/ultralytics/models/v8) by extension 'cmake'
[3.642s] Level 1:colcon.colcon_core.package_identification:_identify(FYP-AI-Model/ultralytics/models/v8) by extension 'python'
[3.642s] Level 1:colcon.colcon_core.package_identification:_identify(FYP-AI-Model/ultralytics/models/v8) by extensions ['python_setup_py']
[3.642s] Level 1:colcon.colcon_core.package_identification:_identify(FYP-AI-Model/ultralytics/models/v8) by extension 'python_setup_py'
[3.643s] Level 1:colcon.colcon_core.package_identification:_identify(FYP-AI-Model/ultralytics/models/v8/cls) by extensions ['ignore', 'ignore_ament_install']
[3.643s] Level 1:colcon.colcon_core.package_identification:_identify(FYP-AI-Model/ultralytics/models/v8/cls) by extension 'ignore'
[3.643s] Level 1:colcon.colcon_core.package_identification:_identify(FYP-AI-Model/ultralytics/models/v8/cls) by extension 'ignore_ament_install'
[3.643s] Level 1:colcon.colcon_core.package_identification:_identify(FYP-AI-Model/ultralytics/models/v8/cls) by extensions ['colcon_pkg']
[3.643s] Level 1:colcon.colcon_core.package_identification:_identify(FYP-AI-Model/ultralytics/models/v8/cls) by extension 'colcon_pkg'
[3.643s] Level 1:colcon.colcon_core.package_identification:_identify(FYP-AI-Model/ultralytics/models/v8/cls) by extensions ['colcon_meta']
[3.643s] Level 1:colcon.colcon_core.package_identification:_identify(FYP-AI-Model/ultralytics/models/v8/cls) by extension 'colcon_meta'
[3.643s] Level 1:colcon.colcon_core.package_identification:_identify(FYP-AI-Model/ultralytics/models/v8/cls) by extensions ['ros']
[3.643s] Level 1:colcon.colcon_core.package_identification:_identify(FYP-AI-Model/ultralytics/models/v8/cls) by extension 'ros'
[3.644s] Level 1:colcon.colcon_core.package_identification:_identify(FYP-AI-Model/ultralytics/models/v8/cls) by extensions ['cmake', 'python']
[3.644s] Level 1:colcon.colcon_core.package_identification:_identify(FYP-AI-Model/ultralytics/models/v8/cls) by extension 'cmake'
[3.644s] Level 1:colcon.colcon_core.package_identification:_identify(FYP-AI-Model/ultralytics/models/v8/cls) by extension 'python'
[3.644s] Level 1:colcon.colcon_core.package_identification:_identify(FYP-AI-Model/ultralytics/models/v8/cls) by extensions ['python_setup_py']
[3.644s] Level 1:colcon.colcon_core.package_identification:_identify(FYP-AI-Model/ultralytics/models/v8/cls) by extension 'python_setup_py'
[3.644s] Level 1:colcon.colcon_core.package_identification:_identify(FYP-AI-Model/ultralytics/models/v8/seg) by extensions ['ignore', 'ignore_ament_install']
[3.644s] Level 1:colcon.colcon_core.package_identification:_identify(FYP-AI-Model/ultralytics/models/v8/seg) by extension 'ignore'
[3.644s] Level 1:colcon.colcon_core.package_identification:_identify(FYP-AI-Model/ultralytics/models/v8/seg) by extension 'ignore_ament_install'
[3.645s] Level 1:colcon.colcon_core.package_identification:_identify(FYP-AI-Model/ultralytics/models/v8/seg) by extensions ['colcon_pkg']
[3.645s] Level 1:colcon.colcon_core.package_identification:_identify(FYP-AI-Model/ultralytics/models/v8/seg) by extension 'colcon_pkg'
[3.645s] Level 1:colcon.colcon_core.package_identification:_identify(FYP-AI-Model/ultralytics/models/v8/seg) by extensions ['colcon_meta']
[3.645s] Level 1:colcon.colcon_core.package_identification:_identify(FYP-AI-Model/ultralytics/models/v8/seg) by extension 'colcon_meta'
[3.645s] Level 1:colcon.colcon_core.package_identification:_identify(FYP-AI-Model/ultralytics/models/v8/seg) by extensions ['ros']
[3.645s] Level 1:colcon.colcon_core.package_identification:_identify(FYP-AI-Model/ultralytics/models/v8/seg) by extension 'ros'
[3.645s] Level 1:colcon.colcon_core.package_identification:_identify(FYP-AI-Model/ultralytics/models/v8/seg) by extensions ['cmake', 'python']
[3.645s] Level 1:colcon.colcon_core.package_identification:_identify(FYP-AI-Model/ultralytics/models/v8/seg) by extension 'cmake'
[3.645s] Level 1:colcon.colcon_core.package_identification:_identify(FYP-AI-Model/ultralytics/models/v8/seg) by extension 'python'
[3.645s] Level 1:colcon.colcon_core.package_identification:_identify(FYP-AI-Model/ultralytics/models/v8/seg) by extensions ['python_setup_py']
[3.645s] Level 1:colcon.colcon_core.package_identification:_identify(FYP-AI-Model/ultralytics/models/v8/seg) by extension 'python_setup_py'
[3.646s] Level 1:colcon.colcon_core.package_identification:_identify(FYP-AI-Model/ultralytics/nn) by extensions ['ignore', 'ignore_ament_install']
[3.646s] Level 1:colcon.colcon_core.package_identification:_identify(FYP-AI-Model/ultralytics/nn) by extension 'ignore'
[3.646s] Level 1:colcon.colcon_core.package_identification:_identify(FYP-AI-Model/ultralytics/nn) by extension 'ignore_ament_install'
[3.646s] Level 1:colcon.colcon_core.package_identification:_identify(FYP-AI-Model/ultralytics/nn) by extensions ['colcon_pkg']
[3.646s] Level 1:colcon.colcon_core.package_identification:_identify(FYP-AI-Model/ultralytics/nn) by extension 'colcon_pkg'
[3.646s] Level 1:colcon.colcon_core.package_identification:_identify(FYP-AI-Model/ultralytics/nn) by extensions ['colcon_meta']
[3.646s] Level 1:colcon.colcon_core.package_identification:_identify(FYP-AI-Model/ultralytics/nn) by extension 'colcon_meta'
[3.646s] Level 1:colcon.colcon_core.package_identification:_identify(FYP-AI-Model/ultralytics/nn) by extensions ['ros']
[3.646s] Level 1:colcon.colcon_core.package_identification:_identify(FYP-AI-Model/ultralytics/nn) by extension 'ros'
[3.646s] Level 1:colcon.colcon_core.package_identification:_identify(FYP-AI-Model/ultralytics/nn) by extensions ['cmake', 'python']
[3.646s] Level 1:colcon.colcon_core.package_identification:_identify(FYP-AI-Model/ultralytics/nn) by extension 'cmake'
[3.646s] Level 1:colcon.colcon_core.package_identification:_identify(FYP-AI-Model/ultralytics/nn) by extension 'python'
[3.647s] Level 1:colcon.colcon_core.package_identification:_identify(FYP-AI-Model/ultralytics/nn) by extensions ['python_setup_py']
[3.647s] Level 1:colcon.colcon_core.package_identification:_identify(FYP-AI-Model/ultralytics/nn) by extension 'python_setup_py'
[3.647s] Level 1:colcon.colcon_core.package_identification:_identify(FYP-AI-Model/ultralytics/nn/__pycache__) by extensions ['ignore', 'ignore_ament_install']
[3.647s] Level 1:colcon.colcon_core.package_identification:_identify(FYP-AI-Model/ultralytics/nn/__pycache__) by extension 'ignore'
[3.648s] Level 1:colcon.colcon_core.package_identification:_identify(FYP-AI-Model/ultralytics/nn/__pycache__) by extension 'ignore_ament_install'
[3.648s] Level 1:colcon.colcon_core.package_identification:_identify(FYP-AI-Model/ultralytics/nn/__pycache__) by extensions ['colcon_pkg']
[3.648s] Level 1:colcon.colcon_core.package_identification:_identify(FYP-AI-Model/ultralytics/nn/__pycache__) by extension 'colcon_pkg'
[3.648s] Level 1:colcon.colcon_core.package_identification:_identify(FYP-AI-Model/ultralytics/nn/__pycache__) by extensions ['colcon_meta']
[3.648s] Level 1:colcon.colcon_core.package_identification:_identify(FYP-AI-Model/ultralytics/nn/__pycache__) by extension 'colcon_meta'
[3.648s] Level 1:colcon.colcon_core.package_identification:_identify(FYP-AI-Model/ultralytics/nn/__pycache__) by extensions ['ros']
[3.648s] Level 1:colcon.colcon_core.package_identification:_identify(FYP-AI-Model/ultralytics/nn/__pycache__) by extension 'ros'
[3.648s] Level 1:colcon.colcon_core.package_identification:_identify(FYP-AI-Model/ultralytics/nn/__pycache__) by extensions ['cmake', 'python']
[3.648s] Level 1:colcon.colcon_core.package_identification:_identify(FYP-AI-Model/ultralytics/nn/__pycache__) by extension 'cmake'
[3.648s] Level 1:colcon.colcon_core.package_identification:_identify(FYP-AI-Model/ultralytics/nn/__pycache__) by extension 'python'
[3.648s] Level 1:colcon.colcon_core.package_identification:_identify(FYP-AI-Model/ultralytics/nn/__pycache__) by extensions ['python_setup_py']
[3.649s] Level 1:colcon.colcon_core.package_identification:_identify(FYP-AI-Model/ultralytics/nn/__pycache__) by extension 'python_setup_py'
[3.649s] Level 1:colcon.colcon_core.package_identification:_identify(FYP-AI-Model/ultralytics/yolo) by extensions ['ignore', 'ignore_ament_install']
[3.649s] Level 1:colcon.colcon_core.package_identification:_identify(FYP-AI-Model/ultralytics/yolo) by extension 'ignore'
[3.649s] Level 1:colcon.colcon_core.package_identification:_identify(FYP-AI-Model/ultralytics/yolo) by extension 'ignore_ament_install'
[3.650s] Level 1:colcon.colcon_core.package_identification:_identify(FYP-AI-Model/ultralytics/yolo) by extensions ['colcon_pkg']
[3.650s] Level 1:colcon.colcon_core.package_identification:_identify(FYP-AI-Model/ultralytics/yolo) by extension 'colcon_pkg'
[3.650s] Level 1:colcon.colcon_core.package_identification:_identify(FYP-AI-Model/ultralytics/yolo) by extensions ['colcon_meta']
[3.650s] Level 1:colcon.colcon_core.package_identification:_identify(FYP-AI-Model/ultralytics/yolo) by extension 'colcon_meta'
[3.650s] Level 1:colcon.colcon_core.package_identification:_identify(FYP-AI-Model/ultralytics/yolo) by extensions ['ros']
[3.650s] Level 1:colcon.colcon_core.package_identification:_identify(FYP-AI-Model/ultralytics/yolo) by extension 'ros'
[3.650s] Level 1:colcon.colcon_core.package_identification:_identify(FYP-AI-Model/ultralytics/yolo) by extensions ['cmake', 'python']
[3.650s] Level 1:colcon.colcon_core.package_identification:_identify(FYP-AI-Model/ultralytics/yolo) by extension 'cmake'
[3.650s] Level 1:colcon.colcon_core.package_identification:_identify(FYP-AI-Model/ultralytics/yolo) by extension 'python'
[3.650s] Level 1:colcon.colcon_core.package_identification:_identify(FYP-AI-Model/ultralytics/yolo) by extensions ['python_setup_py']
[3.650s] Level 1:colcon.colcon_core.package_identification:_identify(FYP-AI-Model/ultralytics/yolo) by extension 'python_setup_py'
[3.651s] Level 1:colcon.colcon_core.package_identification:_identify(FYP-AI-Model/ultralytics/yolo/configs) by extensions ['ignore', 'ignore_ament_install']
[3.651s] Level 1:colcon.colcon_core.package_identification:_identify(FYP-AI-Model/ultralytics/yolo/configs) by extension 'ignore'
[3.651s] Level 1:colcon.colcon_core.package_identification:_identify(FYP-AI-Model/ultralytics/yolo/configs) by extension 'ignore_ament_install'
[3.651s] Level 1:colcon.colcon_core.package_identification:_identify(FYP-AI-Model/ultralytics/yolo/configs) by extensions ['colcon_pkg']
[3.651s] Level 1:colcon.colcon_core.package_identification:_identify(FYP-AI-Model/ultralytics/yolo/configs) by extension 'colcon_pkg'
[3.652s] Level 1:colcon.colcon_core.package_identification:_identify(FYP-AI-Model/ultralytics/yolo/configs) by extensions ['colcon_meta']
[3.652s] Level 1:colcon.colcon_core.package_identification:_identify(FYP-AI-Model/ultralytics/yolo/configs) by extension 'colcon_meta'
[3.652s] Level 1:colcon.colcon_core.package_identification:_identify(FYP-AI-Model/ultralytics/yolo/configs) by extensions ['ros']
[3.652s] Level 1:colcon.colcon_core.package_identification:_identify(FYP-AI-Model/ultralytics/yolo/configs) by extension 'ros'
[3.652s] Level 1:colcon.colcon_core.package_identification:_identify(FYP-AI-Model/ultralytics/yolo/configs) by extensions ['cmake', 'python']
[3.652s] Level 1:colcon.colcon_core.package_identification:_identify(FYP-AI-Model/ultralytics/yolo/configs) by extension 'cmake'
[3.652s] Level 1:colcon.colcon_core.package_identification:_identify(FYP-AI-Model/ultralytics/yolo/configs) by extension 'python'
[3.652s] Level 1:colcon.colcon_core.package_identification:_identify(FYP-AI-Model/ultralytics/yolo/configs) by extensions ['python_setup_py']
[3.652s] Level 1:colcon.colcon_core.package_identification:_identify(FYP-AI-Model/ultralytics/yolo/configs) by extension 'python_setup_py'
[3.653s] Level 1:colcon.colcon_core.package_identification:_identify(FYP-AI-Model/ultralytics/yolo/configs/__pycache__) by extensions ['ignore', 'ignore_ament_install']
[3.653s] Level 1:colcon.colcon_core.package_identification:_identify(FYP-AI-Model/ultralytics/yolo/configs/__pycache__) by extension 'ignore'
[3.653s] Level 1:colcon.colcon_core.package_identification:_identify(FYP-AI-Model/ultralytics/yolo/configs/__pycache__) by extension 'ignore_ament_install'
[3.653s] Level 1:colcon.colcon_core.package_identification:_identify(FYP-AI-Model/ultralytics/yolo/configs/__pycache__) by extensions ['colcon_pkg']
[3.653s] Level 1:colcon.colcon_core.package_identification:_identify(FYP-AI-Model/ultralytics/yolo/configs/__pycache__) by extension 'colcon_pkg'
[3.653s] Level 1:colcon.colcon_core.package_identification:_identify(FYP-AI-Model/ultralytics/yolo/configs/__pycache__) by extensions ['colcon_meta']
[3.653s] Level 1:colcon.colcon_core.package_identification:_identify(FYP-AI-Model/ultralytics/yolo/configs/__pycache__) by extension 'colcon_meta'
[3.653s] Level 1:colcon.colcon_core.package_identification:_identify(FYP-AI-Model/ultralytics/yolo/configs/__pycache__) by extensions ['ros']
[3.653s] Level 1:colcon.colcon_core.package_identification:_identify(FYP-AI-Model/ultralytics/yolo/configs/__pycache__) by extension 'ros'
[3.653s] Level 1:colcon.colcon_core.package_identification:_identify(FYP-AI-Model/ultralytics/yolo/configs/__pycache__) by extensions ['cmake', 'python']
[3.653s] Level 1:colcon.colcon_core.package_identification:_identify(FYP-AI-Model/ultralytics/yolo/configs/__pycache__) by extension 'cmake'
[3.653s] Level 1:colcon.colcon_core.package_identification:_identify(FYP-AI-Model/ultralytics/yolo/configs/__pycache__) by extension 'python'
[3.653s] Level 1:colcon.colcon_core.package_identification:_identify(FYP-AI-Model/ultralytics/yolo/configs/__pycache__) by extensions ['python_setup_py']
[3.653s] Level 1:colcon.colcon_core.package_identification:_identify(FYP-AI-Model/ultralytics/yolo/configs/__pycache__) by extension 'python_setup_py'
[3.654s] Level 1:colcon.colcon_core.package_identification:_identify(FYP-AI-Model/ultralytics/yolo/data) by extensions ['ignore', 'ignore_ament_install']
[3.654s] Level 1:colcon.colcon_core.package_identification:_identify(FYP-AI-Model/ultralytics/yolo/data) by extension 'ignore'
[3.654s] Level 1:colcon.colcon_core.package_identification:_identify(FYP-AI-Model/ultralytics/yolo/data) by extension 'ignore_ament_install'
[3.654s] Level 1:colcon.colcon_core.package_identification:_identify(FYP-AI-Model/ultralytics/yolo/data) by extensions ['colcon_pkg']
[3.654s] Level 1:colcon.colcon_core.package_identification:_identify(FYP-AI-Model/ultralytics/yolo/data) by extension 'colcon_pkg'
[3.655s] Level 1:colcon.colcon_core.package_identification:_identify(FYP-AI-Model/ultralytics/yolo/data) by extensions ['colcon_meta']
[3.655s] Level 1:colcon.colcon_core.package_identification:_identify(FYP-AI-Model/ultralytics/yolo/data) by extension 'colcon_meta'
[3.655s] Level 1:colcon.colcon_core.package_identification:_identify(FYP-AI-Model/ultralytics/yolo/data) by extensions ['ros']
[3.655s] Level 1:colcon.colcon_core.package_identification:_identify(FYP-AI-Model/ultralytics/yolo/data) by extension 'ros'
[3.655s] Level 1:colcon.colcon_core.package_identification:_identify(FYP-AI-Model/ultralytics/yolo/data) by extensions ['cmake', 'python']
[3.655s] Level 1:colcon.colcon_core.package_identification:_identify(FYP-AI-Model/ultralytics/yolo/data) by extension 'cmake'
[3.655s] Level 1:colcon.colcon_core.package_identification:_identify(FYP-AI-Model/ultralytics/yolo/data) by extension 'python'
[3.655s] Level 1:colcon.colcon_core.package_identification:_identify(FYP-AI-Model/ultralytics/yolo/data) by extensions ['python_setup_py']
[3.655s] Level 1:colcon.colcon_core.package_identification:_identify(FYP-AI-Model/ultralytics/yolo/data) by extension 'python_setup_py'
[3.656s] Level 1:colcon.colcon_core.package_identification:_identify(FYP-AI-Model/ultralytics/yolo/data/__pycache__) by extensions ['ignore', 'ignore_ament_install']
[3.656s] Level 1:colcon.colcon_core.package_identification:_identify(FYP-AI-Model/ultralytics/yolo/data/__pycache__) by extension 'ignore'
[3.656s] Level 1:colcon.colcon_core.package_identification:_identify(FYP-AI-Model/ultralytics/yolo/data/__pycache__) by extension 'ignore_ament_install'
[3.656s] Level 1:colcon.colcon_core.package_identification:_identify(FYP-AI-Model/ultralytics/yolo/data/__pycache__) by extensions ['colcon_pkg']
[3.656s] Level 1:colcon.colcon_core.package_identification:_identify(FYP-AI-Model/ultralytics/yolo/data/__pycache__) by extension 'colcon_pkg'
[3.656s] Level 1:colcon.colcon_core.package_identification:_identify(FYP-AI-Model/ultralytics/yolo/data/__pycache__) by extensions ['colcon_meta']
[3.656s] Level 1:colcon.colcon_core.package_identification:_identify(FYP-AI-Model/ultralytics/yolo/data/__pycache__) by extension 'colcon_meta'
[3.656s] Level 1:colcon.colcon_core.package_identification:_identify(FYP-AI-Model/ultralytics/yolo/data/__pycache__) by extensions ['ros']
[3.656s] Level 1:colcon.colcon_core.package_identification:_identify(FYP-AI-Model/ultralytics/yolo/data/__pycache__) by extension 'ros'
[3.656s] Level 1:colcon.colcon_core.package_identification:_identify(FYP-AI-Model/ultralytics/yolo/data/__pycache__) by extensions ['cmake', 'python']
[3.656s] Level 1:colcon.colcon_core.package_identification:_identify(FYP-AI-Model/ultralytics/yolo/data/__pycache__) by extension 'cmake'
[3.657s] Level 1:colcon.colcon_core.package_identification:_identify(FYP-AI-Model/ultralytics/yolo/data/__pycache__) by extension 'python'
[3.657s] Level 1:colcon.colcon_core.package_identification:_identify(FYP-AI-Model/ultralytics/yolo/data/__pycache__) by extensions ['python_setup_py']
[3.657s] Level 1:colcon.colcon_core.package_identification:_identify(FYP-AI-Model/ultralytics/yolo/data/__pycache__) by extension 'python_setup_py'
[3.657s] Level 1:colcon.colcon_core.package_identification:_identify(FYP-AI-Model/ultralytics/yolo/data/dataloaders) by extensions ['ignore', 'ignore_ament_install']
[3.657s] Level 1:colcon.colcon_core.package_identification:_identify(FYP-AI-Model/ultralytics/yolo/data/dataloaders) by extension 'ignore'
[3.657s] Level 1:colcon.colcon_core.package_identification:_identify(FYP-AI-Model/ultralytics/yolo/data/dataloaders) by extension 'ignore_ament_install'
[3.657s] Level 1:colcon.colcon_core.package_identification:_identify(FYP-AI-Model/ultralytics/yolo/data/dataloaders) by extensions ['colcon_pkg']
[3.657s] Level 1:colcon.colcon_core.package_identification:_identify(FYP-AI-Model/ultralytics/yolo/data/dataloaders) by extension 'colcon_pkg'
[3.658s] Level 1:colcon.colcon_core.package_identification:_identify(FYP-AI-Model/ultralytics/yolo/data/dataloaders) by extensions ['colcon_meta']
[3.658s] Level 1:colcon.colcon_core.package_identification:_identify(FYP-AI-Model/ultralytics/yolo/data/dataloaders) by extension 'colcon_meta'
[3.658s] Level 1:colcon.colcon_core.package_identification:_identify(FYP-AI-Model/ultralytics/yolo/data/dataloaders) by extensions ['ros']
[3.658s] Level 1:colcon.colcon_core.package_identification:_identify(FYP-AI-Model/ultralytics/yolo/data/dataloaders) by extension 'ros'
[3.658s] Level 1:colcon.colcon_core.package_identification:_identify(FYP-AI-Model/ultralytics/yolo/data/dataloaders) by extensions ['cmake', 'python']
[3.658s] Level 1:colcon.colcon_core.package_identification:_identify(FYP-AI-Model/ultralytics/yolo/data/dataloaders) by extension 'cmake'
[3.658s] Level 1:colcon.colcon_core.package_identification:_identify(FYP-AI-Model/ultralytics/yolo/data/dataloaders) by extension 'python'
[3.658s] Level 1:colcon.colcon_core.package_identification:_identify(FYP-AI-Model/ultralytics/yolo/data/dataloaders) by extensions ['python_setup_py']
[3.658s] Level 1:colcon.colcon_core.package_identification:_identify(FYP-AI-Model/ultralytics/yolo/data/dataloaders) by extension 'python_setup_py'
[3.658s] Level 1:colcon.colcon_core.package_identification:_identify(FYP-AI-Model/ultralytics/yolo/data/dataloaders/__pycache__) by extensions ['ignore', 'ignore_ament_install']
[3.659s] Level 1:colcon.colcon_core.package_identification:_identify(FYP-AI-Model/ultralytics/yolo/data/dataloaders/__pycache__) by extension 'ignore'
[3.659s] Level 1:colcon.colcon_core.package_identification:_identify(FYP-AI-Model/ultralytics/yolo/data/dataloaders/__pycache__) by extension 'ignore_ament_install'
[3.659s] Level 1:colcon.colcon_core.package_identification:_identify(FYP-AI-Model/ultralytics/yolo/data/dataloaders/__pycache__) by extensions ['colcon_pkg']
[3.659s] Level 1:colcon.colcon_core.package_identification:_identify(FYP-AI-Model/ultralytics/yolo/data/dataloaders/__pycache__) by extension 'colcon_pkg'
[3.659s] Level 1:colcon.colcon_core.package_identification:_identify(FYP-AI-Model/ultralytics/yolo/data/dataloaders/__pycache__) by extensions ['colcon_meta']
[3.659s] Level 1:colcon.colcon_core.package_identification:_identify(FYP-AI-Model/ultralytics/yolo/data/dataloaders/__pycache__) by extension 'colcon_meta'
[3.659s] Level 1:colcon.colcon_core.package_identification:_identify(FYP-AI-Model/ultralytics/yolo/data/dataloaders/__pycache__) by extensions ['ros']
[3.659s] Level 1:colcon.colcon_core.package_identification:_identify(FYP-AI-Model/ultralytics/yolo/data/dataloaders/__pycache__) by extension 'ros'
[3.659s] Level 1:colcon.colcon_core.package_identification:_identify(FYP-AI-Model/ultralytics/yolo/data/dataloaders/__pycache__) by extensions ['cmake', 'python']
[3.659s] Level 1:colcon.colcon_core.package_identification:_identify(FYP-AI-Model/ultralytics/yolo/data/dataloaders/__pycache__) by extension 'cmake'
[3.659s] Level 1:colcon.colcon_core.package_identification:_identify(FYP-AI-Model/ultralytics/yolo/data/dataloaders/__pycache__) by extension 'python'
[3.659s] Level 1:colcon.colcon_core.package_identification:_identify(FYP-AI-Model/ultralytics/yolo/data/dataloaders/__pycache__) by extensions ['python_setup_py']
[3.659s] Level 1:colcon.colcon_core.package_identification:_identify(FYP-AI-Model/ultralytics/yolo/data/dataloaders/__pycache__) by extension 'python_setup_py'
[3.660s] Level 1:colcon.colcon_core.package_identification:_identify(FYP-AI-Model/ultralytics/yolo/data/datasets) by extensions ['ignore', 'ignore_ament_install']
[3.660s] Level 1:colcon.colcon_core.package_identification:_identify(FYP-AI-Model/ultralytics/yolo/data/datasets) by extension 'ignore'
[3.660s] Level 1:colcon.colcon_core.package_identification:_identify(FYP-AI-Model/ultralytics/yolo/data/datasets) by extension 'ignore_ament_install'
[3.660s] Level 1:colcon.colcon_core.package_identification:_identify(FYP-AI-Model/ultralytics/yolo/data/datasets) by extensions ['colcon_pkg']
[3.660s] Level 1:colcon.colcon_core.package_identification:_identify(FYP-AI-Model/ultralytics/yolo/data/datasets) by extension 'colcon_pkg'
[3.660s] Level 1:colcon.colcon_core.package_identification:_identify(FYP-AI-Model/ultralytics/yolo/data/datasets) by extensions ['colcon_meta']
[3.660s] Level 1:colcon.colcon_core.package_identification:_identify(FYP-AI-Model/ultralytics/yolo/data/datasets) by extension 'colcon_meta'
[3.660s] Level 1:colcon.colcon_core.package_identification:_identify(FYP-AI-Model/ultralytics/yolo/data/datasets) by extensions ['ros']
[3.660s] Level 1:colcon.colcon_core.package_identification:_identify(FYP-AI-Model/ultralytics/yolo/data/datasets) by extension 'ros'
[3.661s] Level 1:colcon.colcon_core.package_identification:_identify(FYP-AI-Model/ultralytics/yolo/data/datasets) by extensions ['cmake', 'python']
[3.661s] Level 1:colcon.colcon_core.package_identification:_identify(FYP-AI-Model/ultralytics/yolo/data/datasets) by extension 'cmake'
[3.661s] Level 1:colcon.colcon_core.package_identification:_identify(FYP-AI-Model/ultralytics/yolo/data/datasets) by extension 'python'
[3.661s] Level 1:colcon.colcon_core.package_identification:_identify(FYP-AI-Model/ultralytics/yolo/data/datasets) by extensions ['python_setup_py']
[3.661s] Level 1:colcon.colcon_core.package_identification:_identify(FYP-AI-Model/ultralytics/yolo/data/datasets) by extension 'python_setup_py'
[3.661s] Level 1:colcon.colcon_core.package_identification:_identify(FYP-AI-Model/ultralytics/yolo/data/scripts) by extensions ['ignore', 'ignore_ament_install']
[3.662s] Level 1:colcon.colcon_core.package_identification:_identify(FYP-AI-Model/ultralytics/yolo/data/scripts) by extension 'ignore'
[3.662s] Level 1:colcon.colcon_core.package_identification:_identify(FYP-AI-Model/ultralytics/yolo/data/scripts) by extension 'ignore_ament_install'
[3.662s] Level 1:colcon.colcon_core.package_identification:_identify(FYP-AI-Model/ultralytics/yolo/data/scripts) by extensions ['colcon_pkg']
[3.662s] Level 1:colcon.colcon_core.package_identification:_identify(FYP-AI-Model/ultralytics/yolo/data/scripts) by extension 'colcon_pkg'
[3.662s] Level 1:colcon.colcon_core.package_identification:_identify(FYP-AI-Model/ultralytics/yolo/data/scripts) by extensions ['colcon_meta']
[3.662s] Level 1:colcon.colcon_core.package_identification:_identify(FYP-AI-Model/ultralytics/yolo/data/scripts) by extension 'colcon_meta'
[3.663s] Level 1:colcon.colcon_core.package_identification:_identify(FYP-AI-Model/ultralytics/yolo/data/scripts) by extensions ['ros']
[3.663s] Level 1:colcon.colcon_core.package_identification:_identify(FYP-AI-Model/ultralytics/yolo/data/scripts) by extension 'ros'
[3.663s] Level 1:colcon.colcon_core.package_identification:_identify(FYP-AI-Model/ultralytics/yolo/data/scripts) by extensions ['cmake', 'python']
[3.663s] Level 1:colcon.colcon_core.package_identification:_identify(FYP-AI-Model/ultralytics/yolo/data/scripts) by extension 'cmake'
[3.663s] Level 1:colcon.colcon_core.package_identification:_identify(FYP-AI-Model/ultralytics/yolo/data/scripts) by extension 'python'
[3.663s] Level 1:colcon.colcon_core.package_identification:_identify(FYP-AI-Model/ultralytics/yolo/data/scripts) by extensions ['python_setup_py']
[3.663s] Level 1:colcon.colcon_core.package_identification:_identify(FYP-AI-Model/ultralytics/yolo/data/scripts) by extension 'python_setup_py'
[3.664s] Level 1:colcon.colcon_core.package_identification:_identify(FYP-AI-Model/ultralytics/yolo/engine) by extensions ['ignore', 'ignore_ament_install']
[3.664s] Level 1:colcon.colcon_core.package_identification:_identify(FYP-AI-Model/ultralytics/yolo/engine) by extension 'ignore'
[3.664s] Level 1:colcon.colcon_core.package_identification:_identify(FYP-AI-Model/ultralytics/yolo/engine) by extension 'ignore_ament_install'
[3.664s] Level 1:colcon.colcon_core.package_identification:_identify(FYP-AI-Model/ultralytics/yolo/engine) by extensions ['colcon_pkg']
[3.664s] Level 1:colcon.colcon_core.package_identification:_identify(FYP-AI-Model/ultralytics/yolo/engine) by extension 'colcon_pkg'
[3.664s] Level 1:colcon.colcon_core.package_identification:_identify(FYP-AI-Model/ultralytics/yolo/engine) by extensions ['colcon_meta']
[3.664s] Level 1:colcon.colcon_core.package_identification:_identify(FYP-AI-Model/ultralytics/yolo/engine) by extension 'colcon_meta'
[3.664s] Level 1:colcon.colcon_core.package_identification:_identify(FYP-AI-Model/ultralytics/yolo/engine) by extensions ['ros']
[3.664s] Level 1:colcon.colcon_core.package_identification:_identify(FYP-AI-Model/ultralytics/yolo/engine) by extension 'ros'
[3.664s] Level 1:colcon.colcon_core.package_identification:_identify(FYP-AI-Model/ultralytics/yolo/engine) by extensions ['cmake', 'python']
[3.664s] Level 1:colcon.colcon_core.package_identification:_identify(FYP-AI-Model/ultralytics/yolo/engine) by extension 'cmake'
[3.664s] Level 1:colcon.colcon_core.package_identification:_identify(FYP-AI-Model/ultralytics/yolo/engine) by extension 'python'
[3.664s] Level 1:colcon.colcon_core.package_identification:_identify(FYP-AI-Model/ultralytics/yolo/engine) by extensions ['python_setup_py']
[3.664s] Level 1:colcon.colcon_core.package_identification:_identify(FYP-AI-Model/ultralytics/yolo/engine) by extension 'python_setup_py'
[3.665s] Level 1:colcon.colcon_core.package_identification:_identify(FYP-AI-Model/ultralytics/yolo/engine/__pycache__) by extensions ['ignore', 'ignore_ament_install']
[3.665s] Level 1:colcon.colcon_core.package_identification:_identify(FYP-AI-Model/ultralytics/yolo/engine/__pycache__) by extension 'ignore'
[3.665s] Level 1:colcon.colcon_core.package_identification:_identify(FYP-AI-Model/ultralytics/yolo/engine/__pycache__) by extension 'ignore_ament_install'
[3.665s] Level 1:colcon.colcon_core.package_identification:_identify(FYP-AI-Model/ultralytics/yolo/engine/__pycache__) by extensions ['colcon_pkg']
[3.666s] Level 1:colcon.colcon_core.package_identification:_identify(FYP-AI-Model/ultralytics/yolo/engine/__pycache__) by extension 'colcon_pkg'
[3.666s] Level 1:colcon.colcon_core.package_identification:_identify(FYP-AI-Model/ultralytics/yolo/engine/__pycache__) by extensions ['colcon_meta']
[3.666s] Level 1:colcon.colcon_core.package_identification:_identify(FYP-AI-Model/ultralytics/yolo/engine/__pycache__) by extension 'colcon_meta'
[3.666s] Level 1:colcon.colcon_core.package_identification:_identify(FYP-AI-Model/ultralytics/yolo/engine/__pycache__) by extensions ['ros']
[3.666s] Level 1:colcon.colcon_core.package_identification:_identify(FYP-AI-Model/ultralytics/yolo/engine/__pycache__) by extension 'ros'
[3.666s] Level 1:colcon.colcon_core.package_identification:_identify(FYP-AI-Model/ultralytics/yolo/engine/__pycache__) by extensions ['cmake', 'python']
[3.666s] Level 1:colcon.colcon_core.package_identification:_identify(FYP-AI-Model/ultralytics/yolo/engine/__pycache__) by extension 'cmake'
[3.666s] Level 1:colcon.colcon_core.package_identification:_identify(FYP-AI-Model/ultralytics/yolo/engine/__pycache__) by extension 'python'
[3.666s] Level 1:colcon.colcon_core.package_identification:_identify(FYP-AI-Model/ultralytics/yolo/engine/__pycache__) by extensions ['python_setup_py']
[3.666s] Level 1:colcon.colcon_core.package_identification:_identify(FYP-AI-Model/ultralytics/yolo/engine/__pycache__) by extension 'python_setup_py'
[3.667s] Level 1:colcon.colcon_core.package_identification:_identify(FYP-AI-Model/ultralytics/yolo/utils) by extensions ['ignore', 'ignore_ament_install']
[3.667s] Level 1:colcon.colcon_core.package_identification:_identify(FYP-AI-Model/ultralytics/yolo/utils) by extension 'ignore'
[3.667s] Level 1:colcon.colcon_core.package_identification:_identify(FYP-AI-Model/ultralytics/yolo/utils) by extension 'ignore_ament_install'
[3.667s] Level 1:colcon.colcon_core.package_identification:_identify(FYP-AI-Model/ultralytics/yolo/utils) by extensions ['colcon_pkg']
[3.667s] Level 1:colcon.colcon_core.package_identification:_identify(FYP-AI-Model/ultralytics/yolo/utils) by extension 'colcon_pkg'
[3.667s] Level 1:colcon.colcon_core.package_identification:_identify(FYP-AI-Model/ultralytics/yolo/utils) by extensions ['colcon_meta']
[3.667s] Level 1:colcon.colcon_core.package_identification:_identify(FYP-AI-Model/ultralytics/yolo/utils) by extension 'colcon_meta'
[3.667s] Level 1:colcon.colcon_core.package_identification:_identify(FYP-AI-Model/ultralytics/yolo/utils) by extensions ['ros']
[3.668s] Level 1:colcon.colcon_core.package_identification:_identify(FYP-AI-Model/ultralytics/yolo/utils) by extension 'ros'
[3.668s] Level 1:colcon.colcon_core.package_identification:_identify(FYP-AI-Model/ultralytics/yolo/utils) by extensions ['cmake', 'python']
[3.668s] Level 1:colcon.colcon_core.package_identification:_identify(FYP-AI-Model/ultralytics/yolo/utils) by extension 'cmake'
[3.668s] Level 1:colcon.colcon_core.package_identification:_identify(FYP-AI-Model/ultralytics/yolo/utils) by extension 'python'
[3.668s] Level 1:colcon.colcon_core.package_identification:_identify(FYP-AI-Model/ultralytics/yolo/utils) by extensions ['python_setup_py']
[3.668s] Level 1:colcon.colcon_core.package_identification:_identify(FYP-AI-Model/ultralytics/yolo/utils) by extension 'python_setup_py'
[3.668s] Level 1:colcon.colcon_core.package_identification:_identify(FYP-AI-Model/ultralytics/yolo/utils/__pycache__) by extensions ['ignore', 'ignore_ament_install']
[3.669s] Level 1:colcon.colcon_core.package_identification:_identify(FYP-AI-Model/ultralytics/yolo/utils/__pycache__) by extension 'ignore'
[3.669s] Level 1:colcon.colcon_core.package_identification:_identify(FYP-AI-Model/ultralytics/yolo/utils/__pycache__) by extension 'ignore_ament_install'
[3.669s] Level 1:colcon.colcon_core.package_identification:_identify(FYP-AI-Model/ultralytics/yolo/utils/__pycache__) by extensions ['colcon_pkg']
[3.669s] Level 1:colcon.colcon_core.package_identification:_identify(FYP-AI-Model/ultralytics/yolo/utils/__pycache__) by extension 'colcon_pkg'
[3.669s] Level 1:colcon.colcon_core.package_identification:_identify(FYP-AI-Model/ultralytics/yolo/utils/__pycache__) by extensions ['colcon_meta']
[3.669s] Level 1:colcon.colcon_core.package_identification:_identify(FYP-AI-Model/ultralytics/yolo/utils/__pycache__) by extension 'colcon_meta'
[3.669s] Level 1:colcon.colcon_core.package_identification:_identify(FYP-AI-Model/ultralytics/yolo/utils/__pycache__) by extensions ['ros']
[3.669s] Level 1:colcon.colcon_core.package_identification:_identify(FYP-AI-Model/ultralytics/yolo/utils/__pycache__) by extension 'ros'
[3.669s] Level 1:colcon.colcon_core.package_identification:_identify(FYP-AI-Model/ultralytics/yolo/utils/__pycache__) by extensions ['cmake', 'python']
[3.669s] Level 1:colcon.colcon_core.package_identification:_identify(FYP-AI-Model/ultralytics/yolo/utils/__pycache__) by extension 'cmake'
[3.670s] Level 1:colcon.colcon_core.package_identification:_identify(FYP-AI-Model/ultralytics/yolo/utils/__pycache__) by extension 'python'
[3.670s] Level 1:colcon.colcon_core.package_identification:_identify(FYP-AI-Model/ultralytics/yolo/utils/__pycache__) by extensions ['python_setup_py']
[3.670s] Level 1:colcon.colcon_core.package_identification:_identify(FYP-AI-Model/ultralytics/yolo/utils/__pycache__) by extension 'python_setup_py'
[3.670s] Level 1:colcon.colcon_core.package_identification:_identify(FYP-AI-Model/ultralytics/yolo/utils/callbacks) by extensions ['ignore', 'ignore_ament_install']
[3.670s] Level 1:colcon.colcon_core.package_identification:_identify(FYP-AI-Model/ultralytics/yolo/utils/callbacks) by extension 'ignore'
[3.670s] Level 1:colcon.colcon_core.package_identification:_identify(FYP-AI-Model/ultralytics/yolo/utils/callbacks) by extension 'ignore_ament_install'
[3.671s] Level 1:colcon.colcon_core.package_identification:_identify(FYP-AI-Model/ultralytics/yolo/utils/callbacks) by extensions ['colcon_pkg']
[3.671s] Level 1:colcon.colcon_core.package_identification:_identify(FYP-AI-Model/ultralytics/yolo/utils/callbacks) by extension 'colcon_pkg'
[3.671s] Level 1:colcon.colcon_core.package_identification:_identify(FYP-AI-Model/ultralytics/yolo/utils/callbacks) by extensions ['colcon_meta']
[3.671s] Level 1:colcon.colcon_core.package_identification:_identify(FYP-AI-Model/ultralytics/yolo/utils/callbacks) by extension 'colcon_meta'
[3.671s] Level 1:colcon.colcon_core.package_identification:_identify(FYP-AI-Model/ultralytics/yolo/utils/callbacks) by extensions ['ros']
[3.671s] Level 1:colcon.colcon_core.package_identification:_identify(FYP-AI-Model/ultralytics/yolo/utils/callbacks) by extension 'ros'
[3.671s] Level 1:colcon.colcon_core.package_identification:_identify(FYP-AI-Model/ultralytics/yolo/utils/callbacks) by extensions ['cmake', 'python']
[3.671s] Level 1:colcon.colcon_core.package_identification:_identify(FYP-AI-Model/ultralytics/yolo/utils/callbacks) by extension 'cmake'
[3.671s] Level 1:colcon.colcon_core.package_identification:_identify(FYP-AI-Model/ultralytics/yolo/utils/callbacks) by extension 'python'
[3.671s] Level 1:colcon.colcon_core.package_identification:_identify(FYP-AI-Model/ultralytics/yolo/utils/callbacks) by extensions ['python_setup_py']
[3.671s] Level 1:colcon.colcon_core.package_identification:_identify(FYP-AI-Model/ultralytics/yolo/utils/callbacks) by extension 'python_setup_py'
[3.672s] Level 1:colcon.colcon_core.package_identification:_identify(FYP-AI-Model/ultralytics/yolo/utils/callbacks/__pycache__) by extensions ['ignore', 'ignore_ament_install']
[3.672s] Level 1:colcon.colcon_core.package_identification:_identify(FYP-AI-Model/ultralytics/yolo/utils/callbacks/__pycache__) by extension 'ignore'
[3.672s] Level 1:colcon.colcon_core.package_identification:_identify(FYP-AI-Model/ultralytics/yolo/utils/callbacks/__pycache__) by extension 'ignore_ament_install'
[3.672s] Level 1:colcon.colcon_core.package_identification:_identify(FYP-AI-Model/ultralytics/yolo/utils/callbacks/__pycache__) by extensions ['colcon_pkg']
[3.672s] Level 1:colcon.colcon_core.package_identification:_identify(FYP-AI-Model/ultralytics/yolo/utils/callbacks/__pycache__) by extension 'colcon_pkg'
[3.672s] Level 1:colcon.colcon_core.package_identification:_identify(FYP-AI-Model/ultralytics/yolo/utils/callbacks/__pycache__) by extensions ['colcon_meta']
[3.672s] Level 1:colcon.colcon_core.package_identification:_identify(FYP-AI-Model/ultralytics/yolo/utils/callbacks/__pycache__) by extension 'colcon_meta'
[3.672s] Level 1:colcon.colcon_core.package_identification:_identify(FYP-AI-Model/ultralytics/yolo/utils/callbacks/__pycache__) by extensions ['ros']
[3.672s] Level 1:colcon.colcon_core.package_identification:_identify(FYP-AI-Model/ultralytics/yolo/utils/callbacks/__pycache__) by extension 'ros'
[3.672s] Level 1:colcon.colcon_core.package_identification:_identify(FYP-AI-Model/ultralytics/yolo/utils/callbacks/__pycache__) by extensions ['cmake', 'python']
[3.672s] Level 1:colcon.colcon_core.package_identification:_identify(FYP-AI-Model/ultralytics/yolo/utils/callbacks/__pycache__) by extension 'cmake'
[3.672s] Level 1:colcon.colcon_core.package_identification:_identify(FYP-AI-Model/ultralytics/yolo/utils/callbacks/__pycache__) by extension 'python'
[3.672s] Level 1:colcon.colcon_core.package_identification:_identify(FYP-AI-Model/ultralytics/yolo/utils/callbacks/__pycache__) by extensions ['python_setup_py']
[3.672s] Level 1:colcon.colcon_core.package_identification:_identify(FYP-AI-Model/ultralytics/yolo/utils/callbacks/__pycache__) by extension 'python_setup_py'
[3.673s] Level 1:colcon.colcon_core.package_identification:_identify(FYP-AI-Model/ultralytics/yolo/v8) by extensions ['ignore', 'ignore_ament_install']
[3.673s] Level 1:colcon.colcon_core.package_identification:_identify(FYP-AI-Model/ultralytics/yolo/v8) by extension 'ignore'
[3.673s] Level 1:colcon.colcon_core.package_identification:_identify(FYP-AI-Model/ultralytics/yolo/v8) by extension 'ignore_ament_install'
[3.673s] Level 1:colcon.colcon_core.package_identification:_identify(FYP-AI-Model/ultralytics/yolo/v8) by extensions ['colcon_pkg']
[3.673s] Level 1:colcon.colcon_core.package_identification:_identify(FYP-AI-Model/ultralytics/yolo/v8) by extension 'colcon_pkg'
[3.673s] Level 1:colcon.colcon_core.package_identification:_identify(FYP-AI-Model/ultralytics/yolo/v8) by extensions ['colcon_meta']
[3.673s] Level 1:colcon.colcon_core.package_identification:_identify(FYP-AI-Model/ultralytics/yolo/v8) by extension 'colcon_meta'
[3.674s] Level 1:colcon.colcon_core.package_identification:_identify(FYP-AI-Model/ultralytics/yolo/v8) by extensions ['ros']
[3.674s] Level 1:colcon.colcon_core.package_identification:_identify(FYP-AI-Model/ultralytics/yolo/v8) by extension 'ros'
[3.674s] Level 1:colcon.colcon_core.package_identification:_identify(FYP-AI-Model/ultralytics/yolo/v8) by extensions ['cmake', 'python']
[3.674s] Level 1:colcon.colcon_core.package_identification:_identify(FYP-AI-Model/ultralytics/yolo/v8) by extension 'cmake'
[3.674s] Level 1:colcon.colcon_core.package_identification:_identify(FYP-AI-Model/ultralytics/yolo/v8) by extension 'python'
[3.674s] Level 1:colcon.colcon_core.package_identification:_identify(FYP-AI-Model/ultralytics/yolo/v8) by extensions ['python_setup_py']
[3.674s] Level 1:colcon.colcon_core.package_identification:_identify(FYP-AI-Model/ultralytics/yolo/v8) by extension 'python_setup_py'
[3.674s] Level 1:colcon.colcon_core.package_identification:_identify(FYP-AI-Model/ultralytics/yolo/v8/detect) by extensions ['ignore', 'ignore_ament_install']
[3.675s] Level 1:colcon.colcon_core.package_identification:_identify(FYP-AI-Model/ultralytics/yolo/v8/detect) by extension 'ignore'
[3.675s] Level 1:colcon.colcon_core.package_identification:_identify(FYP-AI-Model/ultralytics/yolo/v8/detect) by extension 'ignore_ament_install'
[3.675s] Level 1:colcon.colcon_core.package_identification:_identify(FYP-AI-Model/ultralytics/yolo/v8/detect) by extensions ['colcon_pkg']
[3.675s] Level 1:colcon.colcon_core.package_identification:_identify(FYP-AI-Model/ultralytics/yolo/v8/detect) by extension 'colcon_pkg'
[3.675s] Level 1:colcon.colcon_core.package_identification:_identify(FYP-AI-Model/ultralytics/yolo/v8/detect) by extensions ['colcon_meta']
[3.675s] Level 1:colcon.colcon_core.package_identification:_identify(FYP-AI-Model/ultralytics/yolo/v8/detect) by extension 'colcon_meta'
[3.675s] Level 1:colcon.colcon_core.package_identification:_identify(FYP-AI-Model/ultralytics/yolo/v8/detect) by extensions ['ros']
[3.675s] Level 1:colcon.colcon_core.package_identification:_identify(FYP-AI-Model/ultralytics/yolo/v8/detect) by extension 'ros'
[3.675s] Level 1:colcon.colcon_core.package_identification:_identify(FYP-AI-Model/ultralytics/yolo/v8/detect) by extensions ['cmake', 'python']
[3.675s] Level 1:colcon.colcon_core.package_identification:_identify(FYP-AI-Model/ultralytics/yolo/v8/detect) by extension 'cmake'
[3.675s] Level 1:colcon.colcon_core.package_identification:_identify(FYP-AI-Model/ultralytics/yolo/v8/detect) by extension 'python'
[3.675s] Level 1:colcon.colcon_core.package_identification:_identify(FYP-AI-Model/ultralytics/yolo/v8/detect) by extensions ['python_setup_py']
[3.675s] Level 1:colcon.colcon_core.package_identification:_identify(FYP-AI-Model/ultralytics/yolo/v8/detect) by extension 'python_setup_py'
[3.676s] Level 1:colcon.colcon_core.package_identification:_identify(FYP-AI-Model/ultralytics/yolo/v8/detect/__pycache__) by extensions ['ignore', 'ignore_ament_install']
[3.676s] Level 1:colcon.colcon_core.package_identification:_identify(FYP-AI-Model/ultralytics/yolo/v8/detect/__pycache__) by extension 'ignore'
[3.676s] Level 1:colcon.colcon_core.package_identification:_identify(FYP-AI-Model/ultralytics/yolo/v8/detect/__pycache__) by extension 'ignore_ament_install'
[3.676s] Level 1:colcon.colcon_core.package_identification:_identify(FYP-AI-Model/ultralytics/yolo/v8/detect/__pycache__) by extensions ['colcon_pkg']
[3.676s] Level 1:colcon.colcon_core.package_identification:_identify(FYP-AI-Model/ultralytics/yolo/v8/detect/__pycache__) by extension 'colcon_pkg'
[3.676s] Level 1:colcon.colcon_core.package_identification:_identify(FYP-AI-Model/ultralytics/yolo/v8/detect/__pycache__) by extensions ['colcon_meta']
[3.676s] Level 1:colcon.colcon_core.package_identification:_identify(FYP-AI-Model/ultralytics/yolo/v8/detect/__pycache__) by extension 'colcon_meta'
[3.676s] Level 1:colcon.colcon_core.package_identification:_identify(FYP-AI-Model/ultralytics/yolo/v8/detect/__pycache__) by extensions ['ros']
[3.677s] Level 1:colcon.colcon_core.package_identification:_identify(FYP-AI-Model/ultralytics/yolo/v8/detect/__pycache__) by extension 'ros'
[3.677s] Level 1:colcon.colcon_core.package_identification:_identify(FYP-AI-Model/ultralytics/yolo/v8/detect/__pycache__) by extensions ['cmake', 'python']
[3.677s] Level 1:colcon.colcon_core.package_identification:_identify(FYP-AI-Model/ultralytics/yolo/v8/detect/__pycache__) by extension 'cmake'
[3.677s] Level 1:colcon.colcon_core.package_identification:_identify(FYP-AI-Model/ultralytics/yolo/v8/detect/__pycache__) by extension 'python'
[3.677s] Level 1:colcon.colcon_core.package_identification:_identify(FYP-AI-Model/ultralytics/yolo/v8/detect/__pycache__) by extensions ['python_setup_py']
[3.677s] Level 1:colcon.colcon_core.package_identification:_identify(FYP-AI-Model/ultralytics/yolo/v8/detect/__pycache__) by extension 'python_setup_py'
[3.678s] Level 1:colcon.colcon_core.package_identification:_identify(build) by extensions ['ignore', 'ignore_ament_install']
[3.679s] Level 1:colcon.colcon_core.package_identification:_identify(build) by extension 'ignore'
[3.679s] Level 1:colcon.colcon_core.package_identification:_identify(build) ignored
[3.679s] Level 1:colcon.colcon_core.package_identification:_identify(fxb_ws) by extensions ['ignore', 'ignore_ament_install']
[3.679s] Level 1:colcon.colcon_core.package_identification:_identify(fxb_ws) by extension 'ignore'
[3.679s] Level 1:colcon.colcon_core.package_identification:_identify(fxb_ws) by extension 'ignore_ament_install'
[3.680s] Level 1:colcon.colcon_core.package_identification:_identify(fxb_ws) by extensions ['colcon_pkg']
[3.680s] Level 1:colcon.colcon_core.package_identification:_identify(fxb_ws) by extension 'colcon_pkg'
[3.680s] Level 1:colcon.colcon_core.package_identification:_identify(fxb_ws) by extensions ['colcon_meta']
[3.680s] Level 1:colcon.colcon_core.package_identification:_identify(fxb_ws) by extension 'colcon_meta'
[3.680s] Level 1:colcon.colcon_core.package_identification:_identify(fxb_ws) by extensions ['ros']
[3.680s] Level 1:colcon.colcon_core.package_identification:_identify(fxb_ws) by extension 'ros'
[3.680s] Level 1:colcon.colcon_core.package_identification:_identify(fxb_ws) by extensions ['cmake', 'python']
[3.680s] Level 1:colcon.colcon_core.package_identification:_identify(fxb_ws) by extension 'cmake'
[3.680s] Level 1:colcon.colcon_core.package_identification:_identify(fxb_ws) by extension 'python'
[3.680s] Level 1:colcon.colcon_core.package_identification:_identify(fxb_ws) by extensions ['python_setup_py']
[3.680s] Level 1:colcon.colcon_core.package_identification:_identify(fxb_ws) by extension 'python_setup_py'
[3.680s] Level 1:colcon.colcon_core.package_identification:_identify(fxb_ws/FYP-AI-Model) by extensions ['ignore', 'ignore_ament_install']
[3.681s] Level 1:colcon.colcon_core.package_identification:_identify(fxb_ws/FYP-AI-Model) by extension 'ignore'
[3.681s] Level 1:colcon.colcon_core.package_identification:_identify(fxb_ws/FYP-AI-Model) by extension 'ignore_ament_install'
[3.681s] Level 1:colcon.colcon_core.package_identification:_identify(fxb_ws/FYP-AI-Model) by extensions ['colcon_pkg']
[3.681s] Level 1:colcon.colcon_core.package_identification:_identify(fxb_ws/FYP-AI-Model) by extension 'colcon_pkg'
[3.682s] Level 1:colcon.colcon_core.package_identification:_identify(fxb_ws/FYP-AI-Model) by extensions ['colcon_meta']
[3.682s] Level 1:colcon.colcon_core.package_identification:_identify(fxb_ws/FYP-AI-Model) by extension 'colcon_meta'
[3.682s] Level 1:colcon.colcon_core.package_identification:_identify(fxb_ws/FYP-AI-Model) by extensions ['ros']
[3.682s] Level 1:colcon.colcon_core.package_identification:_identify(fxb_ws/FYP-AI-Model) by extension 'ros'
[3.682s] Level 1:colcon.colcon_core.package_identification:_identify(fxb_ws/FYP-AI-Model) by extensions ['cmake', 'python']
[3.682s] Level 1:colcon.colcon_core.package_identification:_identify(fxb_ws/FYP-AI-Model) by extension 'cmake'
[3.682s] Level 1:colcon.colcon_core.package_identification:_identify(fxb_ws/FYP-AI-Model) by extension 'python'
[3.682s] Level 1:colcon.colcon_core.package_identification:_identify(fxb_ws/FYP-AI-Model) by extensions ['python_setup_py']
[3.682s] Level 1:colcon.colcon_core.package_identification:_identify(fxb_ws/FYP-AI-Model) by extension 'python_setup_py'
[3.683s] Level 1:colcon.colcon_core.package_identification:_identify(install) by extensions ['ignore', 'ignore_ament_install']
[3.683s] Level 1:colcon.colcon_core.package_identification:_identify(install) by extension 'ignore'
[3.683s] Level 1:colcon.colcon_core.package_identification:_identify(install) ignored
[3.683s] Level 1:colcon.colcon_core.package_identification:_identify(log) by extensions ['ignore', 'ignore_ament_install']
[3.684s] Level 1:colcon.colcon_core.package_identification:_identify(log) by extension 'ignore'
[3.684s] Level 1:colcon.colcon_core.package_identification:_identify(log) ignored
[3.684s] Level 1:colcon.colcon_core.package_identification:_identify(src) by extensions ['ignore', 'ignore_ament_install']
[3.684s] Level 1:colcon.colcon_core.package_identification:_identify(src) by extension 'ignore'
[3.684s] Level 1:colcon.colcon_core.package_identification:_identify(src) by extension 'ignore_ament_install'
[3.684s] Level 1:colcon.colcon_core.package_identification:_identify(src) by extensions ['colcon_pkg']
[3.684s] Level 1:colcon.colcon_core.package_identification:_identify(src) by extension 'colcon_pkg'
[3.684s] Level 1:colcon.colcon_core.package_identification:_identify(src) by extensions ['colcon_meta']
[3.684s] Level 1:colcon.colcon_core.package_identification:_identify(src) by extension 'colcon_meta'
[3.685s] Level 1:colcon.colcon_core.package_identification:_identify(src) by extensions ['ros']
[3.685s] Level 1:colcon.colcon_core.package_identification:_identify(src) by extension 'ros'
[3.685s] Level 1:colcon.colcon_core.package_identification:_identify(src) by extensions ['cmake', 'python']
[3.685s] Level 1:colcon.colcon_core.package_identification:_identify(src) by extension 'cmake'
[3.685s] Level 1:colcon.colcon_core.package_identification:_identify(src) by extension 'python'
[3.685s] Level 1:colcon.colcon_core.package_identification:_identify(src) by extensions ['python_setup_py']
[3.685s] Level 1:colcon.colcon_core.package_identification:_identify(src) by extension 'python_setup_py'
[3.686s] Level 1:colcon.colcon_core.package_identification:_identify(src/bringup) by extensions ['ignore', 'ignore_ament_install']
[3.686s] Level 1:colcon.colcon_core.package_identification:_identify(src/bringup) by extension 'ignore'
[3.686s] Level 1:colcon.colcon_core.package_identification:_identify(src/bringup) by extension 'ignore_ament_install'
[3.686s] Level 1:colcon.colcon_core.package_identification:_identify(src/bringup) by extensions ['colcon_pkg']
[3.687s] Level 1:colcon.colcon_core.package_identification:_identify(src/bringup) by extension 'colcon_pkg'
[3.687s] Level 1:colcon.colcon_core.package_identification:_identify(src/bringup) by extensions ['colcon_meta']
[3.687s] Level 1:colcon.colcon_core.package_identification:_identify(src/bringup) by extension 'colcon_meta'
[3.687s] Level 1:colcon.colcon_core.package_identification:_identify(src/bringup) by extensions ['ros']
[3.687s] Level 1:colcon.colcon_core.package_identification:_identify(src/bringup) by extension 'ros'
[3.695s] DEBUG:colcon.colcon_core.package_identification:Package 'src/bringup' with type 'ros.ament_python' and name 'bringup'
[3.696s] Level 1:colcon.colcon_core.package_identification:_identify(src/build) by extensions ['ignore', 'ignore_ament_install']
[3.696s] Level 1:colcon.colcon_core.package_identification:_identify(src/build) by extension 'ignore'
[3.696s] Level 1:colcon.colcon_core.package_identification:_identify(src/build) ignored
[3.698s] Level 1:colcon.colcon_core.package_identification:_identify(src/camera_node) by extensions ['ignore', 'ignore_ament_install']
[3.698s] Level 1:colcon.colcon_core.package_identification:_identify(src/camera_node) by extension 'ignore'
[3.698s] Level 1:colcon.colcon_core.package_identification:_identify(src/camera_node) by extension 'ignore_ament_install'
[3.698s] Level 1:colcon.colcon_core.package_identification:_identify(src/camera_node) by extensions ['colcon_pkg']
[3.698s] Level 1:colcon.colcon_core.package_identification:_identify(src/camera_node) by extension 'colcon_pkg'
[3.698s] Level 1:colcon.colcon_core.package_identification:_identify(src/camera_node) by extensions ['colcon_meta']
[3.698s] Level 1:colcon.colcon_core.package_identification:_identify(src/camera_node) by extension 'colcon_meta'
[3.698s] Level 1:colcon.colcon_core.package_identification:_identify(src/camera_node) by extensions ['ros']
[3.698s] Level 1:colcon.colcon_core.package_identification:_identify(src/camera_node) by extension 'ros'
[3.700s] DEBUG:colcon.colcon_core.package_identification:Package 'src/camera_node' with type 'ros.ament_python' and name 'camera_node'
[3.701s] Level 1:colcon.colcon_core.package_identification:_identify(src/comm_node) by extensions ['ignore', 'ignore_ament_install']
[3.701s] Level 1:colcon.colcon_core.package_identification:_identify(src/comm_node) by extension 'ignore'
[3.701s] Level 1:colcon.colcon_core.package_identification:_identify(src/comm_node) by extension 'ignore_ament_install'
[3.701s] Level 1:colcon.colcon_core.package_identification:_identify(src/comm_node) by extensions ['colcon_pkg']
[3.701s] Level 1:colcon.colcon_core.package_identification:_identify(src/comm_node) by extension 'colcon_pkg'
[3.701s] Level 1:colcon.colcon_core.package_identification:_identify(src/comm_node) by extensions ['colcon_meta']
[3.701s] Level 1:colcon.colcon_core.package_identification:_identify(src/comm_node) by extension 'colcon_meta'
[3.701s] Level 1:colcon.colcon_core.package_identification:_identify(src/comm_node) by extensions ['ros']
[3.701s] Level 1:colcon.colcon_core.package_identification:_identify(src/comm_node) by extension 'ros'
[3.703s] DEBUG:colcon.colcon_core.package_identification:Package 'src/comm_node' with type 'ros.ament_python' and name 'comm_node'
[3.703s] Level 1:colcon.colcon_core.package_identification:_identify(src/description) by extensions ['ignore', 'ignore_ament_install']
[3.703s] Level 1:colcon.colcon_core.package_identification:_identify(src/description) by extension 'ignore'
[3.703s] Level 1:colcon.colcon_core.package_identification:_identify(src/description) by extension 'ignore_ament_install'
[3.704s] Level 1:colcon.colcon_core.package_identification:_identify(src/description) by extensions ['colcon_pkg']
[3.704s] Level 1:colcon.colcon_core.package_identification:_identify(src/description) by extension 'colcon_pkg'
[3.704s] Level 1:colcon.colcon_core.package_identification:_identify(src/description) by extensions ['colcon_meta']
[3.704s] Level 1:colcon.colcon_core.package_identification:_identify(src/description) by extension 'colcon_meta'
[3.704s] Level 1:colcon.colcon_core.package_identification:_identify(src/description) by extensions ['ros']
[3.704s] Level 1:colcon.colcon_core.package_identification:_identify(src/description) by extension 'ros'
[3.705s] DEBUG:colcon.colcon_core.package_identification:Package 'src/description' with type 'ros.ament_python' and name 'sim_robot'
[3.706s] Level 1:colcon.colcon_core.package_identification:_identify(src/diff_drive_odometry_node) by extensions ['ignore', 'ignore_ament_install']
[3.706s] Level 1:colcon.colcon_core.package_identification:_identify(src/diff_drive_odometry_node) by extension 'ignore'
[3.706s] Level 1:colcon.colcon_core.package_identification:_identify(src/diff_drive_odometry_node) by extension 'ignore_ament_install'
[3.706s] Level 1:colcon.colcon_core.package_identification:_identify(src/diff_drive_odometry_node) by extensions ['colcon_pkg']
[3.707s] Level 1:colcon.colcon_core.package_identification:_identify(src/diff_drive_odometry_node) by extension 'colcon_pkg'
[3.707s] Level 1:colcon.colcon_core.package_identification:_identify(src/diff_drive_odometry_node) by extensions ['colcon_meta']
[3.707s] Level 1:colcon.colcon_core.package_identification:_identify(src/diff_drive_odometry_node) by extension 'colcon_meta'
[3.707s] Level 1:colcon.colcon_core.package_identification:_identify(src/diff_drive_odometry_node) by extensions ['ros']
[3.707s] Level 1:colcon.colcon_core.package_identification:_identify(src/diff_drive_odometry_node) by extension 'ros'
[3.708s] DEBUG:colcon.colcon_core.package_identification:Package 'src/diff_drive_odometry_node' with type 'ros.ament_python' and name 'diff_drive_odometry_node'
[3.709s] Level 1:colcon.colcon_core.package_identification:_identify(src/fire_confidence_node) by extensions ['ignore', 'ignore_ament_install']
[3.709s] Level 1:colcon.colcon_core.package_identification:_identify(src/fire_confidence_node) by extension 'ignore'
[3.709s] Level 1:colcon.colcon_core.package_identification:_identify(src/fire_confidence_node) by extension 'ignore_ament_install'
[3.709s] Level 1:colcon.colcon_core.package_identification:_identify(src/fire_confidence_node) by extensions ['colcon_pkg']
[3.709s] Level 1:colcon.colcon_core.package_identification:_identify(src/fire_confidence_node) by extension 'colcon_pkg'
[3.709s] Level 1:colcon.colcon_core.package_identification:_identify(src/fire_confidence_node) by extensions ['colcon_meta']
[3.709s] Level 1:colcon.colcon_core.package_identification:_identify(src/fire_confidence_node) by extension 'colcon_meta'
[3.709s] Level 1:colcon.colcon_core.package_identification:_identify(src/fire_confidence_node) by extensions ['ros']
[3.709s] Level 1:colcon.colcon_core.package_identification:_identify(src/fire_confidence_node) by extension 'ros'
[3.710s] DEBUG:colcon.colcon_core.package_identification:Package 'src/fire_confidence_node' with type 'ros.catkin' and name 'fire_confidence_node'
[3.711s] Level 1:colcon.colcon_core.package_identification:_identify(src/install) by extensions ['ignore', 'ignore_ament_install']
[3.711s] Level 1:colcon.colcon_core.package_identification:_identify(src/install) by extension 'ignore'
[3.712s] Level 1:colcon.colcon_core.package_identification:_identify(src/install) ignored
[3.712s] Level 1:colcon.colcon_core.package_identification:_identify(src/lidar_node) by extensions ['ignore', 'ignore_ament_install']
[3.713s] Level 1:colcon.colcon_core.package_identification:_identify(src/lidar_node) by extension 'ignore'
[3.713s] Level 1:colcon.colcon_core.package_identification:_identify(src/lidar_node) by extension 'ignore_ament_install'
[3.713s] Level 1:colcon.colcon_core.package_identification:_identify(src/lidar_node) by extensions ['colcon_pkg']
[3.713s] Level 1:colcon.colcon_core.package_identification:_identify(src/lidar_node) by extension 'colcon_pkg'
[3.714s] Level 1:colcon.colcon_core.package_identification:_identify(src/lidar_node) by extensions ['colcon_meta']
[3.714s] Level 1:colcon.colcon_core.package_identification:_identify(src/lidar_node) by extension 'colcon_meta'
[3.714s] Level 1:colcon.colcon_core.package_identification:_identify(src/lidar_node) by extensions ['ros']
[3.714s] Level 1:colcon.colcon_core.package_identification:_identify(src/lidar_node) by extension 'ros'
[3.715s] DEBUG:colcon.colcon_core.package_identification:Package 'src/lidar_node' with type 'ros.ament_python' and name 'lidar_node'
[3.716s] Level 1:colcon.colcon_core.package_identification:_identify(src/log) by extensions ['ignore', 'ignore_ament_install']
[3.716s] Level 1:colcon.colcon_core.package_identification:_identify(src/log) by extension 'ignore'
[3.716s] Level 1:colcon.colcon_core.package_identification:_identify(src/log) ignored
[3.717s] Level 1:colcon.colcon_core.package_identification:_identify(src/motor_control_node) by extensions ['ignore', 'ignore_ament_install']
[3.717s] Level 1:colcon.colcon_core.package_identification:_identify(src/motor_control_node) by extension 'ignore'
[3.717s] Level 1:colcon.colcon_core.package_identification:_identify(src/motor_control_node) by extension 'ignore_ament_install'
[3.717s] Level 1:colcon.colcon_core.package_identification:_identify(src/motor_control_node) by extensions ['colcon_pkg']
[3.717s] Level 1:colcon.colcon_core.package_identification:_identify(src/motor_control_node) by extension 'colcon_pkg'
[3.717s] Level 1:colcon.colcon_core.package_identification:_identify(src/motor_control_node) by extensions ['colcon_meta']
[3.717s] Level 1:colcon.colcon_core.package_identification:_identify(src/motor_control_node) by extension 'colcon_meta'
[3.718s] Level 1:colcon.colcon_core.package_identification:_identify(src/motor_control_node) by extensions ['ros']
[3.718s] Level 1:colcon.colcon_core.package_identification:_identify(src/motor_control_node) by extension 'ros'
[3.719s] DEBUG:colcon.colcon_core.package_identification:Package 'src/motor_control_node' with type 'ros.ament_python' and name 'motor_control_node'
[3.719s] Level 1:colcon.colcon_core.package_identification:_identify(src/sensor_fusion_node) by extensions ['ignore', 'ignore_ament_install']
[3.720s] Level 1:colcon.colcon_core.package_identification:_identify(src/sensor_fusion_node) by extension 'ignore'
[3.720s] Level 1:colcon.colcon_core.package_identification:_identify(src/sensor_fusion_node) by extension 'ignore_ament_install'
[3.720s] Level 1:colcon.colcon_core.package_identification:_identify(src/sensor_fusion_node) by extensions ['colcon_pkg']
[3.720s] Level 1:colcon.colcon_core.package_identification:_identify(src/sensor_fusion_node) by extension 'colcon_pkg'
[3.720s] Level 1:colcon.colcon_core.package_identification:_identify(src/sensor_fusion_node) by extensions ['colcon_meta']
[3.720s] Level 1:colcon.colcon_core.package_identification:_identify(src/sensor_fusion_node) by extension 'colcon_meta'
[3.720s] Level 1:colcon.colcon_core.package_identification:_identify(src/sensor_fusion_node) by extensions ['ros']
[3.720s] Level 1:colcon.colcon_core.package_identification:_identify(src/sensor_fusion_node) by extension 'ros'
[3.721s] DEBUG:colcon.colcon_core.package_identification:Package 'src/sensor_fusion_node' with type 'ros.ament_python' and name 'sensor_fusion_node'
[3.722s] Level 1:colcon.colcon_core.package_identification:_identify(src/smoke_sensor_node) by extensions ['ignore', 'ignore_ament_install']
[3.722s] Level 1:colcon.colcon_core.package_identification:_identify(src/smoke_sensor_node) by extension 'ignore'
[3.722s] Level 1:colcon.colcon_core.package_identification:_identify(src/smoke_sensor_node) by extension 'ignore_ament_install'
[3.723s] Level 1:colcon.colcon_core.package_identification:_identify(src/smoke_sensor_node) by extensions ['colcon_pkg']
[3.723s] Level 1:colcon.colcon_core.package_identification:_identify(src/smoke_sensor_node) by extension 'colcon_pkg'
[3.723s] Level 1:colcon.colcon_core.package_identification:_identify(src/smoke_sensor_node) by extensions ['colcon_meta']
[3.723s] Level 1:colcon.colcon_core.package_identification:_identify(src/smoke_sensor_node) by extension 'colcon_meta'
[3.723s] Level 1:colcon.colcon_core.package_identification:_identify(src/smoke_sensor_node) by extensions ['ros']
[3.723s] Level 1:colcon.colcon_core.package_identification:_identify(src/smoke_sensor_node) by extension 'ros'
[3.724s] DEBUG:colcon.colcon_core.package_identification:Package 'src/smoke_sensor_node' with type 'ros.ament_python' and name 'smoke_sensor_node'
[3.725s] Level 1:colcon.colcon_core.package_identification:_identify(src/state_machine_node) by extensions ['ignore', 'ignore_ament_install']
[3.725s] Level 1:colcon.colcon_core.package_identification:_identify(src/state_machine_node) by extension 'ignore'
[3.726s] Level 1:colcon.colcon_core.package_identification:_identify(src/state_machine_node) by extension 'ignore_ament_install'
[3.726s] Level 1:colcon.colcon_core.package_identification:_identify(src/state_machine_node) by extensions ['colcon_pkg']
[3.726s] Level 1:colcon.colcon_core.package_identification:_identify(src/state_machine_node) by extension 'colcon_pkg'
[3.726s] Level 1:colcon.colcon_core.package_identification:_identify(src/state_machine_node) by extensions ['colcon_meta']
[3.726s] Level 1:colcon.colcon_core.package_identification:_identify(src/state_machine_node) by extension 'colcon_meta'
[3.726s] Level 1:colcon.colcon_core.package_identification:_identify(src/state_machine_node) by extensions ['ros']
[3.726s] Level 1:colcon.colcon_core.package_identification:_identify(src/state_machine_node) by extension 'ros'
[3.728s] DEBUG:colcon.colcon_core.package_identification:Package 'src/state_machine_node' with type 'ros.ament_python' and name 'state_machine_node'
[3.729s] Level 1:colcon.colcon_core.package_identification:_identify(src/suppression_node) by extensions ['ignore', 'ignore_ament_install']
[3.729s] Level 1:colcon.colcon_core.package_identification:_identify(src/suppression_node) by extension 'ignore'
[3.729s] Level 1:colcon.colcon_core.package_identification:_identify(src/suppression_node) by extension 'ignore_ament_install'
[3.729s] Level 1:colcon.colcon_core.package_identification:_identify(src/suppression_node) by extensions ['colcon_pkg']
[3.729s] Level 1:colcon.colcon_core.package_identification:_identify(src/suppression_node) by extension 'colcon_pkg'
[3.729s] Level 1:colcon.colcon_core.package_identification:_identify(src/suppression_node) by extensions ['colcon_meta']
[3.729s] Level 1:colcon.colcon_core.package_identification:_identify(src/suppression_node) by extension 'colcon_meta'
[3.730s] Level 1:colcon.colcon_core.package_identification:_identify(src/suppression_node) by extensions ['ros']
[3.730s] Level 1:colcon.colcon_core.package_identification:_identify(src/suppression_node) by extension 'ros'
[3.731s] DEBUG:colcon.colcon_core.package_identification:Package 'src/suppression_node' with type 'ros.ament_python' and name 'suppression_node'
[3.731s] Level 1:colcon.colcon_core.package_identification:_identify(src/yolo_inference) by extensions ['ignore', 'ignore_ament_install']
[3.732s] Level 1:colcon.colcon_core.package_identification:_identify(src/yolo_inference) by extension 'ignore'
[3.732s] Level 1:colcon.colcon_core.package_identification:_identify(src/yolo_inference) by extension 'ignore_ament_install'
[3.732s] Level 1:colcon.colcon_core.package_identification:_identify(src/yolo_inference) by extensions ['colcon_pkg']
[3.732s] Level 1:colcon.colcon_core.package_identification:_identify(src/yolo_inference) by extension 'colcon_pkg'
[3.732s] Level 1:colcon.colcon_core.package_identification:_identify(src/yolo_inference) by extensions ['colcon_meta']
[3.732s] Level 1:colcon.colcon_core.package_identification:_identify(src/yolo_inference) by extension 'colcon_meta'
[3.732s] Level 1:colcon.colcon_core.package_identification:_identify(src/yolo_inference) by extensions ['ros']
[3.732s] Level 1:colcon.colcon_core.package_identification:_identify(src/yolo_inference) by extension 'ros'
[3.733s] DEBUG:colcon.colcon_core.package_identification:Package 'src/yolo_inference' with type 'ros.ament_python' and name 'yolo_inference'
[3.733s] Level 1:colcon.colcon_core.package_discovery:discover_packages(recursive) using defaults
[3.733s] Level 1:colcon.colcon_core.package_discovery:discover_packages(ignore) discover
[3.733s] Level 1:colcon.colcon_core.package_discovery:discover_packages(ignore) using defaults
[3.733s] Level 1:colcon.colcon_core.package_discovery:discover_packages(path) discover
[3.733s] Level 1:colcon.colcon_core.package_discovery:discover_packages(path) using defaults
[3.734s] WARNING:colcon.colcon_core.package_selection:ignoring unknown package 'firebot_description' in --packages-select
[3.795s] INFO:colcon.colcon_core.package_selection:Skipping not selected package 'camera_node' in 'src/camera_node'
[3.795s] INFO:colcon.colcon_core.package_selection:Skipping not selected package 'comm_node' in 'src/comm_node'
[3.796s] INFO:colcon.colcon_core.package_selection:Skipping not selected package 'diff_drive_odometry_node' in 'src/diff_drive_odometry_node'
[3.796s] INFO:colcon.colcon_core.package_selection:Skipping not selected package 'fire_confidence_node' in 'src/fire_confidence_node'
[3.796s] INFO:colcon.colcon_core.package_selection:Skipping not selected package 'lidar_node' in 'src/lidar_node'
[3.796s] INFO:colcon.colcon_core.package_selection:Skipping not selected package 'motor_control_node' in 'src/motor_control_node'
[3.796s] INFO:colcon.colcon_core.package_selection:Skipping not selected package 'sensor_fusion_node' in 'src/sensor_fusion_node'
[3.796s] INFO:colcon.colcon_core.package_selection:Skipping not selected package 'sim_robot' in 'src/description'
[3.796s] INFO:colcon.colcon_core.package_selection:Skipping not selected package 'smoke_sensor_node' in 'src/smoke_sensor_node'
[3.796s] INFO:colcon.colcon_core.package_selection:Skipping not selected package 'state_machine_node' in 'src/state_machine_node'
[3.796s] INFO:colcon.colcon_core.package_selection:Skipping not selected package 'suppression_node' in 'src/suppression_node'
[3.796s] INFO:colcon.colcon_core.package_selection:Skipping not selected package 'yolo_inference' in 'src/yolo_inference'
[3.796s] INFO:colcon.colcon_core.package_selection:Skipping not selected package 'bringup' in 'src/bringup'
[3.797s] Level 1:colcon.colcon_core.package_discovery:discover_packages(prefix_path) check parameters
[3.797s] Level 1:colcon.colcon_core.package_discovery:discover_packages(prefix_path) discover
[3.808s] DEBUG:colcon.colcon_installed_package_information.package_discovery:Found 9 installed packages in /home/nathaniel/fxb_ws/install
[3.812s] DEBUG:colcon.colcon_installed_package_information.package_discovery:Found 380 installed packages in /opt/ros/jazzy
[3.814s] Level 1:colcon.colcon_core.package_discovery:discover_packages(prefix_path) using defaults
[4.023s] INFO:colcon.colcon_core.executor:Executing jobs using 'parallel' executor
[4.024s] DEBUG:colcon.colcon_parallel_executor.executor.parallel:run_until_complete
[4.024s] DEBUG:colcon.colcon_parallel_executor.executor.parallel:closing loop
[4.025s] DEBUG:colcon.colcon_parallel_executor.executor.parallel:loop closed
[4.025s] DEBUG:colcon.colcon_parallel_executor.executor.parallel:run_until_complete finished with '0'
[4.025s] DEBUG:colcon.colcon_core.event_reactor:joining thread
[4.073s] INFO:colcon.colcon_core.plugin_system:Skipping extension 'colcon_notification.desktop_notification.notify_send': Could not find 'notify-send'
[4.073s] INFO:colcon.colcon_core.plugin_system:Skipping extension 'colcon_notification.desktop_notification.terminal_notifier': Not used on non-Darwin systems
[4.073s] INFO:colcon.colcon_core.plugin_system:Skipping extension 'colcon_notification.desktop_notification.win32': Not used on non-Windows systems
[4.073s] INFO:colcon.colcon_notification.desktop_notification:Sending desktop notification using 'notify2'
[4.076s] DEBUG:colcon.colcon_notification.desktop_notification.notify2:Failed to initialize notify2: org.freedesktop.DBus.Error.ServiceUnknown: The name org.freedesktop.Notifications was not provided by any .service files
[4.076s] DEBUG:colcon.colcon_core.event_reactor:joined thread
[4.084s] INFO:colcon.colcon_core.plugin_system:Skipping extension 'colcon_core.shell.bat': Not used on non-Windows systems
[4.085s] INFO:colcon.colcon_core.shell:Creating prefix script '/home/nathaniel/fxb_ws/install/local_setup.ps1'
[4.087s] INFO:colcon.colcon_core.shell:Creating prefix util module '/home/nathaniel/fxb_ws/install/_local_setup_util_ps1.py'
[4.090s] INFO:colcon.colcon_core.shell:Creating prefix chain script '/home/nathaniel/fxb_ws/install/setup.ps1'
[4.092s] INFO:colcon.colcon_core.shell:Creating prefix script '/home/nathaniel/fxb_ws/install/local_setup.sh'
[4.093s] INFO:colcon.colcon_core.shell:Creating prefix util module '/home/nathaniel/fxb_ws/install/_local_setup_util_sh.py'
[4.095s] INFO:colcon.colcon_core.shell:Creating prefix chain script '/home/nathaniel/fxb_ws/install/setup.sh'
[4.097s] INFO:colcon.colcon_core.shell:Creating prefix script '/home/nathaniel/fxb_ws/install/local_setup.bash'
[4.098s] INFO:colcon.colcon_core.shell:Creating prefix chain script '/home/nathaniel/fxb_ws/install/setup.bash'
[4.100s] INFO:colcon.colcon_core.shell:Creating prefix script '/home/nathaniel/fxb_ws/install/local_setup.zsh'
[4.101s] INFO:colcon.colcon_core.shell:Creating prefix chain script '/home/nathaniel/fxb_ws/install/setup.zsh'
