[5.977s] Invoking command in '/home/nathaniel/fxb_ws/src/suppression_node': PYTHONPATH=/home/nathaniel/fxb_ws/build/suppression_node/prefix_override:/usr/lib/python3/dist-packages/colcon_core/task/python/colcon_distutils_commands:/home/nathaniel/fxb_ws/install/suppression_node/lib/python3.12/site-packages:${PYTHONPATH} /usr/bin/python3 -W ignore:setup.py install is deprecated -W ignore:easy_install command is deprecated setup.py egg_info --egg-base ../../build/suppression_node build --build-base /home/nathaniel/fxb_ws/build/suppression_node/build install --record /home/nathaniel/fxb_ws/build/suppression_node/install.log --single-version-externally-managed install_data
[7.507s] running egg_info
[7.713s] writing ../../build/suppression_node/suppression_node.egg-info/PKG-INFO
[7.719s] writing dependency_links to ../../build/suppression_node/suppression_node.egg-info/dependency_links.txt
[7.720s] writing entry points to ../../build/suppression_node/suppression_node.egg-info/entry_points.txt
[7.720s] writing requirements to ../../build/suppression_node/suppression_node.egg-info/requires.txt
[7.720s] writing top-level names to ../../build/suppression_node/suppression_node.egg-info/top_level.txt
[7.951s] reading manifest file '../../build/suppression_node/suppression_node.egg-info/SOURCES.txt'
[7.955s] writing manifest file '../../build/suppression_node/suppression_node.egg-info/SOURCES.txt'
[7.956s] running build
[7.957s] running build_py
[7.957s] running install
[7.981s] running install_lib
[8.095s] running install_data
[8.095s] running install_egg_info
[8.195s] removing '/home/nathaniel/fxb_ws/install/suppression_node/lib/python3.12/site-packages/suppression_node-0.0.0-py3.12.egg-info' (and everything under it)
[8.204s] Copying ../../build/suppression_node/suppression_node.egg-info to /home/nathaniel/fxb_ws/install/suppression_node/lib/python3.12/site-packages/suppression_node-0.0.0-py3.12.egg-info
[8.206s] running install_scripts
[9.059s] Installing suppression_node script to /home/nathaniel/fxb_ws/install/suppression_node/lib/suppression_node
[9.061s] writing list of installed files to '/home/nathaniel/fxb_ws/build/suppression_node/install.log'
