[0.027s] Invoking command in '/home/nathaniel/fxb_ws/src/build/firebot_description': CMAKE_PREFIX_PATH=${CMAKE_PREFIX_PATH}:/home/nathaniel/fxb_ws/src/install/motor_control_node:/home/nathaniel/fxb_ws/install/bringup:/home/nathaniel/fxb_ws/install/yolo_inference:/home/nathaniel/fxb_ws/install/suppression_node:/home/nathaniel/fxb_ws/install/state_machine_node:/home/nathaniel/fxb_ws/install/smoke_sensor_node:/home/nathaniel/fxb_ws/install/sensor_fusion_node:/home/nathaniel/fxb_ws/install/motor_control_node:/home/nathaniel/fxb_ws/install/camera_node:/opt/ros/jazzy /usr/bin/cmake --build /home/nathaniel/fxb_ws/src/build/firebot_description -- -j8 -l8
[0.182s] -- Found ament_cmake: 2.5.4 (/opt/ros/jazzy/share/ament_cmake/cmake)
[0.619s] -- Found xacro: 2.0.13 (/opt/ros/jazzy/share/xacro/cmake)
[0.621s] -- Found robot_state_publisher: 3.3.3 (/opt/ros/jazzy/share/robot_state_publisher/cmake)
[0.824s] -- Found rosidl_generator_c: 4.6.5 (/opt/ros/jazzy/share/rosidl_generator_c/cmake)
[0.848s] -- Found rosidl_generator_cpp: 4.6.5 (/opt/ros/jazzy/share/rosidl_generator_cpp/cmake)
[0.880s] -- Using all available rosidl_typesupport_c: rosidl_typesupport_fastrtps_c;rosidl_typesupport_introspection_c
[0.911s] -- Using all available rosidl_typesupport_cpp: rosidl_typesupport_fastrtps_cpp;rosidl_typesupport_introspection_cpp
[1.064s] -- Found rmw_implementation_cmake: 7.3.2 (/opt/ros/jazzy/share/rmw_implementation_cmake/cmake)
[1.070s] -- Found rmw_fastrtps_cpp: 8.4.2 (/opt/ros/jazzy/share/rmw_fastrtps_cpp/cmake)
[1.295s] -- Using RMW implementation 'rmw_fastrtps_cpp' as default
[1.909s] -- Found ament_lint_auto: 0.17.2 (/opt/ros/jazzy/share/ament_lint_auto/cmake)
[2.095s] -- Added test 'flake8' to check Python code syntax and style conventions
[2.095s] -- Configured 'flake8' exclude dirs and/or files: 
[2.096s] -- Added test 'lint_cmake' to check CMake code style
[2.097s] -- Added test 'pep257' to check Python code against some of the docstring style conventions in PEP 257
[2.100s] -- Added test 'xmllint' to check XML markup files
[2.103s] -- Configuring done (1.9s)
[2.124s] -- Generating done (0.0s)
[2.131s] -- Build files have been written to: /home/nathaniel/fxb_ws/src/build/firebot_description
[2.183s] Invoked command in '/home/nathaniel/fxb_ws/src/build/firebot_description' returned '0': CMAKE_PREFIX_PATH=${CMAKE_PREFIX_PATH}:/home/nathaniel/fxb_ws/src/install/motor_control_node:/home/nathaniel/fxb_ws/install/bringup:/home/nathaniel/fxb_ws/install/yolo_inference:/home/nathaniel/fxb_ws/install/suppression_node:/home/nathaniel/fxb_ws/install/state_machine_node:/home/nathaniel/fxb_ws/install/smoke_sensor_node:/home/nathaniel/fxb_ws/install/sensor_fusion_node:/home/nathaniel/fxb_ws/install/motor_control_node:/home/nathaniel/fxb_ws/install/camera_node:/opt/ros/jazzy /usr/bin/cmake --build /home/nathaniel/fxb_ws/src/build/firebot_description -- -j8 -l8
[2.196s] Invoking command in '/home/nathaniel/fxb_ws/src/build/firebot_description': CMAKE_PREFIX_PATH=${CMAKE_PREFIX_PATH}:/home/nathaniel/fxb_ws/src/install/motor_control_node:/home/nathaniel/fxb_ws/install/bringup:/home/nathaniel/fxb_ws/install/yolo_inference:/home/nathaniel/fxb_ws/install/suppression_node:/home/nathaniel/fxb_ws/install/state_machine_node:/home/nathaniel/fxb_ws/install/smoke_sensor_node:/home/nathaniel/fxb_ws/install/sensor_fusion_node:/home/nathaniel/fxb_ws/install/motor_control_node:/home/nathaniel/fxb_ws/install/camera_node:/opt/ros/jazzy /usr/bin/cmake --install /home/nathaniel/fxb_ws/src/build/firebot_description
[2.209s] -- Install configuration: ""
[2.209s] -- Up-to-date: /home/nathaniel/fxb_ws/src/install/firebot_description/share/ament_index/resource_index/package_run_dependencies/firebot_description
[2.210s] -- Installing: /home/nathaniel/fxb_ws/src/install/firebot_description/share/ament_index/resource_index/parent_prefix_path/firebot_description
[2.210s] -- Up-to-date: /home/nathaniel/fxb_ws/src/install/firebot_description/share/firebot_description/environment/ament_prefix_path.sh
[2.210s] -- Up-to-date: /home/nathaniel/fxb_ws/src/install/firebot_description/share/firebot_description/environment/ament_prefix_path.dsv
[2.211s] -- Up-to-date: /home/nathaniel/fxb_ws/src/install/firebot_description/share/firebot_description/environment/path.sh
[2.211s] -- Up-to-date: /home/nathaniel/fxb_ws/src/install/firebot_description/share/firebot_description/environment/path.dsv
[2.211s] -- Up-to-date: /home/nathaniel/fxb_ws/src/install/firebot_description/share/firebot_description/local_setup.bash
[2.211s] -- Up-to-date: /home/nathaniel/fxb_ws/src/install/firebot_description/share/firebot_description/local_setup.sh
[2.212s] -- Up-to-date: /home/nathaniel/fxb_ws/src/install/firebot_description/share/firebot_description/local_setup.zsh
[2.212s] -- Up-to-date: /home/nathaniel/fxb_ws/src/install/firebot_description/share/firebot_description/local_setup.dsv
[2.212s] -- Installing: /home/nathaniel/fxb_ws/src/install/firebot_description/share/firebot_description/package.dsv
[2.212s] -- Up-to-date: /home/nathaniel/fxb_ws/src/install/firebot_description/share/ament_index/resource_index/packages/firebot_description
[2.212s] -- Up-to-date: /home/nathaniel/fxb_ws/src/install/firebot_description/share/firebot_description/cmake/firebot_descriptionConfig.cmake
[2.213s] -- Up-to-date: /home/nathaniel/fxb_ws/src/install/firebot_description/share/firebot_description/cmake/firebot_descriptionConfig-version.cmake
[2.213s] -- Up-to-date: /home/nathaniel/fxb_ws/src/install/firebot_description/share/firebot_description/package.xml
[2.213s] -- Installing: /home/nathaniel/fxb_ws/src/install/firebot_description/share/firebot_description/launch
[2.213s] -- Installing: /home/nathaniel/fxb_ws/src/install/firebot_description/share/firebot_description/launch/description.launch.py
[2.217s] Invoked command in '/home/nathaniel/fxb_ws/src/build/firebot_description' returned '0': CMAKE_PREFIX_PATH=${CMAKE_PREFIX_PATH}:/home/nathaniel/fxb_ws/src/install/motor_control_node:/home/nathaniel/fxb_ws/install/bringup:/home/nathaniel/fxb_ws/install/yolo_inference:/home/nathaniel/fxb_ws/install/suppression_node:/home/nathaniel/fxb_ws/install/state_machine_node:/home/nathaniel/fxb_ws/install/smoke_sensor_node:/home/nathaniel/fxb_ws/install/sensor_fusion_node:/home/nathaniel/fxb_ws/install/motor_control_node:/home/nathaniel/fxb_ws/install/camera_node:/opt/ros/jazzy /usr/bin/cmake --install /home/nathaniel/fxb_ws/src/build/firebot_description
