[6.142s] Invoking command in '/home/nathaniel/fxb_ws/src/smoke_sensor_node': PYTHONPATH=/home/nathaniel/fxb_ws/build/smoke_sensor_node/prefix_override:/usr/lib/python3/dist-packages/colcon_core/task/python/colcon_distutils_commands:/home/nathaniel/fxb_ws/install/smoke_sensor_node/lib/python3.12/site-packages:${PYTHONPATH} /usr/bin/python3 -W ignore:setup.py install is deprecated -W ignore:easy_install command is deprecated setup.py egg_info --egg-base ../../build/smoke_sensor_node build --build-base /home/nathaniel/fxb_ws/build/smoke_sensor_node/build install --record /home/nathaniel/fxb_ws/build/smoke_sensor_node/install.log --single-version-externally-managed install_data
[8.034s] running egg_info
[8.154s] writing ../../build/smoke_sensor_node/smoke_sensor_node.egg-info/PKG-INFO
[8.159s] writing dependency_links to ../../build/smoke_sensor_node/smoke_sensor_node.egg-info/dependency_links.txt
[8.160s] writing entry points to ../../build/smoke_sensor_node/smoke_sensor_node.egg-info/entry_points.txt
[8.160s] writing requirements to ../../build/smoke_sensor_node/smoke_sensor_node.egg-info/requires.txt
[8.161s] writing top-level names to ../../build/smoke_sensor_node/smoke_sensor_node.egg-info/top_level.txt
[8.404s] reading manifest file '../../build/smoke_sensor_node/smoke_sensor_node.egg-info/SOURCES.txt'
[8.410s] writing manifest file '../../build/smoke_sensor_node/smoke_sensor_node.egg-info/SOURCES.txt'
[8.410s] running build
[8.411s] running build_py
[8.419s] running install
[8.465s] running install_lib
[8.610s] running install_data
[8.611s] running install_egg_info
[8.765s] removing '/home/nathaniel/fxb_ws/install/smoke_sensor_node/lib/python3.12/site-packages/smoke_sensor_node-0.0.0-py3.12.egg-info' (and everything under it)
[8.833s] Copying ../../build/smoke_sensor_node/smoke_sensor_node.egg-info to /home/nathaniel/fxb_ws/install/smoke_sensor_node/lib/python3.12/site-packages/smoke_sensor_node-0.0.0-py3.12.egg-info
[8.834s] running install_scripts
[9.430s] Installing smoke_sensor_node script to /home/nathaniel/fxb_ws/install/smoke_sensor_node/lib/smoke_sensor_node
[9.431s] writing list of installed files to '/home/nathaniel/fxb_ws/build/smoke_sensor_node/install.log'
