[0.028s] Invoking command in '/home/nathaniel/fxb_ws/src/build/firebot_description': CMAKE_PREFIX_PATH=${CMAKE_PREFIX_PATH}:/home/nathaniel/fxb_ws/src/install/motor_control_node:/home/nathaniel/fxb_ws/install/bringup:/home/nathaniel/fxb_ws/install/yolo_inference:/home/nathaniel/fxb_ws/install/suppression_node:/home/nathaniel/fxb_ws/install/state_machine_node:/home/nathaniel/fxb_ws/install/smoke_sensor_node:/home/nathaniel/fxb_ws/install/sensor_fusion_node:/home/nathaniel/fxb_ws/install/motor_control_node:/home/nathaniel/fxb_ws/install/camera_node:/opt/ros/jazzy /usr/bin/cmake --build /home/nathaniel/fxb_ws/src/build/firebot_description -- -j8 -l8
[0.197s] Invoked command in '/home/nathaniel/fxb_ws/src/build/firebot_description' returned '0': CMAKE_PREFIX_PATH=${CMAKE_PREFIX_PATH}:/home/nathaniel/fxb_ws/src/install/motor_control_node:/home/nathaniel/fxb_ws/install/bringup:/home/nathaniel/fxb_ws/install/yolo_inference:/home/nathaniel/fxb_ws/install/suppression_node:/home/nathaniel/fxb_ws/install/state_machine_node:/home/nathaniel/fxb_ws/install/smoke_sensor_node:/home/nathaniel/fxb_ws/install/sensor_fusion_node:/home/nathaniel/fxb_ws/install/motor_control_node:/home/nathaniel/fxb_ws/install/camera_node:/opt/ros/jazzy /usr/bin/cmake --build /home/nathaniel/fxb_ws/src/build/firebot_description -- -j8 -l8
[0.214s] Invoking command in '/home/nathaniel/fxb_ws/src/build/firebot_description': CMAKE_PREFIX_PATH=${CMAKE_PREFIX_PATH}:/home/nathaniel/fxb_ws/src/install/motor_control_node:/home/nathaniel/fxb_ws/install/bringup:/home/nathaniel/fxb_ws/install/yolo_inference:/home/nathaniel/fxb_ws/install/suppression_node:/home/nathaniel/fxb_ws/install/state_machine_node:/home/nathaniel/fxb_ws/install/smoke_sensor_node:/home/nathaniel/fxb_ws/install/sensor_fusion_node:/home/nathaniel/fxb_ws/install/motor_control_node:/home/nathaniel/fxb_ws/install/camera_node:/opt/ros/jazzy /usr/bin/cmake --install /home/nathaniel/fxb_ws/src/build/firebot_description
[0.228s] -- Install configuration: ""
[0.228s] -- Up-to-date: /home/nathaniel/fxb_ws/src/install/firebot_description/share/ament_index/resource_index/package_run_dependencies/firebot_description
[0.229s] -- Up-to-date: /home/nathaniel/fxb_ws/src/install/firebot_description/share/ament_index/resource_index/parent_prefix_path/firebot_description
[0.229s] -- Up-to-date: /home/nathaniel/fxb_ws/src/install/firebot_description/share/firebot_description/environment/ament_prefix_path.sh
[0.229s] -- Up-to-date: /home/nathaniel/fxb_ws/src/install/firebot_description/share/firebot_description/environment/ament_prefix_path.dsv
[0.229s] -- Up-to-date: /home/nathaniel/fxb_ws/src/install/firebot_description/share/firebot_description/environment/path.sh
[0.229s] -- Up-to-date: /home/nathaniel/fxb_ws/src/install/firebot_description/share/firebot_description/environment/path.dsv
[0.230s] -- Up-to-date: /home/nathaniel/fxb_ws/src/install/firebot_description/share/firebot_description/local_setup.bash
[0.230s] -- Up-to-date: /home/nathaniel/fxb_ws/src/install/firebot_description/share/firebot_description/local_setup.sh
[0.230s] -- Up-to-date: /home/nathaniel/fxb_ws/src/install/firebot_description/share/firebot_description/local_setup.zsh
[0.231s] -- Up-to-date: /home/nathaniel/fxb_ws/src/install/firebot_description/share/firebot_description/local_setup.dsv
[0.231s] -- Installing: /home/nathaniel/fxb_ws/src/install/firebot_description/share/firebot_description/package.dsv
[0.231s] -- Up-to-date: /home/nathaniel/fxb_ws/src/install/firebot_description/share/ament_index/resource_index/packages/firebot_description
[0.232s] -- Up-to-date: /home/nathaniel/fxb_ws/src/install/firebot_description/share/firebot_description/cmake/firebot_descriptionConfig.cmake
[0.232s] -- Up-to-date: /home/nathaniel/fxb_ws/src/install/firebot_description/share/firebot_description/cmake/firebot_descriptionConfig-version.cmake
[0.232s] -- Up-to-date: /home/nathaniel/fxb_ws/src/install/firebot_description/share/firebot_description/package.xml
[0.232s] -- Up-to-date: /home/nathaniel/fxb_ws/src/install/firebot_description/share/firebot_description/launch
[0.232s] -- Installing: /home/nathaniel/fxb_ws/src/install/firebot_description/share/firebot_description/launch/description.launch.py
[0.235s] Invoked command in '/home/nathaniel/fxb_ws/src/build/firebot_description' returned '0': CMAKE_PREFIX_PATH=${CMAKE_PREFIX_PATH}:/home/nathaniel/fxb_ws/src/install/motor_control_node:/home/nathaniel/fxb_ws/install/bringup:/home/nathaniel/fxb_ws/install/yolo_inference:/home/nathaniel/fxb_ws/install/suppression_node:/home/nathaniel/fxb_ws/install/state_machine_node:/home/nathaniel/fxb_ws/install/smoke_sensor_node:/home/nathaniel/fxb_ws/install/sensor_fusion_node:/home/nathaniel/fxb_ws/install/motor_control_node:/home/nathaniel/fxb_ws/install/camera_node:/opt/ros/jazzy /usr/bin/cmake --install /home/nathaniel/fxb_ws/src/build/firebot_description
