[7.108s] Invoking command in '/home/nathaniel/fxb_ws/src/smoke_sensor_node': PYTHONPATH=/home/nathaniel/fxb_ws/build/smoke_sensor_node/prefix_override:/usr/lib/python3/dist-packages/colcon_core/task/python/colcon_distutils_commands:/home/nathaniel/fxb_ws/install/smoke_sensor_node/lib/python3.12/site-packages:${PYTHONPATH} /usr/bin/python3 -W ignore:setup.py install is deprecated -W ignore:easy_install command is deprecated setup.py egg_info --egg-base ../../build/smoke_sensor_node build --build-base /home/nathaniel/fxb_ws/build/smoke_sensor_node/build install --record /home/nathaniel/fxb_ws/build/smoke_sensor_node/install.log --single-version-externally-managed install_data
[8.965s] running egg_info
[8.966s] writing ../../build/smoke_sensor_node/smoke_sensor_node.egg-info/PKG-INFO
[8.966s] writing dependency_links to ../../build/smoke_sensor_node/smoke_sensor_node.egg-info/dependency_links.txt
[8.967s] writing entry points to ../../build/smoke_sensor_node/smoke_sensor_node.egg-info/entry_points.txt
[8.967s] writing requirements to ../../build/smoke_sensor_node/smoke_sensor_node.egg-info/requires.txt
[8.968s] writing top-level names to ../../build/smoke_sensor_node/smoke_sensor_node.egg-info/top_level.txt
[8.969s] reading manifest file '../../build/smoke_sensor_node/smoke_sensor_node.egg-info/SOURCES.txt'
[8.969s] writing manifest file '../../build/smoke_sensor_node/smoke_sensor_node.egg-info/SOURCES.txt'
[8.969s] running build
[8.970s] running build_py
[8.974s] running install
[8.974s] running install_lib
[8.975s] running install_data
[8.975s] running install_egg_info
[8.978s] removing '/home/nathaniel/fxb_ws/install/smoke_sensor_node/lib/python3.12/site-packages/smoke_sensor_node-0.0.0-py3.12.egg-info' (and everything under it)
[8.979s] Copying ../../build/smoke_sensor_node/smoke_sensor_node.egg-info to /home/nathaniel/fxb_ws/install/smoke_sensor_node/lib/python3.12/site-packages/smoke_sensor_node-0.0.0-py3.12.egg-info
[8.979s] running install_scripts
[9.384s] Installing smoke_sensor_node script to /home/nathaniel/fxb_ws/install/smoke_sensor_node/lib/smoke_sensor_node
[9.385s] writing list of installed files to '/home/nathaniel/fxb_ws/build/smoke_sensor_node/install.log'
[10.630s] Invoked command in '/home/nathaniel/fxb_ws/src/smoke_sensor_node' returned '0': PYTHONPATH=/home/nathaniel/fxb_ws/build/smoke_sensor_node/prefix_override:/usr/lib/python3/dist-packages/colcon_core/task/python/colcon_distutils_commands:/home/nathaniel/fxb_ws/install/smoke_sensor_node/lib/python3.12/site-packages:${PYTHONPATH} /usr/bin/python3 -W ignore:setup.py install is deprecated -W ignore:easy_install command is deprecated setup.py egg_info --egg-base ../../build/smoke_sensor_node build --build-base /home/nathaniel/fxb_ws/build/smoke_sensor_node/build install --record /home/nathaniel/fxb_ws/build/smoke_sensor_node/install.log --single-version-externally-managed install_data
