[5.091s] Invoking command in '/home/nathaniel/fxb_ws/src/bringup': AMENT_PREFIX_PATH=/home/nathaniel/fxb_ws/install/yolo_inference:/home/nathaniel/fxb_ws/install/suppression_node:/home/nathaniel/fxb_ws/install/state_machine_node:/home/nathaniel/fxb_ws/install/smoke_sensor_node:/home/nathaniel/fxb_ws/install/sensor_fusion_node:/home/nathaniel/fxb_ws/install/motor_control_node:/home/nathaniel/fxb_ws/install/camera_node:/home/nathaniel/fxb_ws/install/bringup:/opt/ros/jazzy PYTHONPATH=/home/nathaniel/fxb_ws/build/bringup/prefix_override:/usr/lib/python3/dist-packages/colcon_core/task/python/colcon_distutils_commands:/home/nathaniel/fxb_ws/install/bringup/lib/python3.12/site-packages:/home/nathaniel/fxb_ws/install/yolo_inference/lib/python3.12/site-packages:/home/nathaniel/fxb_ws/install/suppression_node/lib/python3.12/site-packages:/home/nathaniel/fxb_ws/install/state_machine_node/lib/python3.12/site-packages:/home/nathaniel/fxb_ws/install/smoke_sensor_node/lib/python3.12/site-packages:/home/nathaniel/fxb_ws/install/sensor_fusion_node/lib/python3.12/site-packages:/home/nathaniel/fxb_ws/install/motor_control_node/lib/python3.12/site-packages:/home/nathaniel/fxb_ws/install/camera_node/lib/python3.12/site-packages:/home/nathaniel/fxb_ws/install/bringup/lib/python3.12/site-packages:/opt/ros/jazzy/lib/python3.12/site-packages /usr/bin/python3 -W ignore:setup.py install is deprecated -W ignore:easy_install command is deprecated setup.py egg_info --egg-base ../../build/bringup build --build-base /home/nathaniel/fxb_ws/build/bringup/build install --record /home/nathaniel/fxb_ws/build/bringup/install.log --single-version-externally-managed install_data
[5.859s] running egg_info
[5.915s] writing ../../build/bringup/bringup.egg-info/PKG-INFO
[5.920s] writing dependency_links to ../../build/bringup/bringup.egg-info/dependency_links.txt
[5.920s] writing requirements to ../../build/bringup/bringup.egg-info/requires.txt
[5.921s] writing top-level names to ../../build/bringup/bringup.egg-info/top_level.txt
[5.981s] reading manifest file '../../build/bringup/bringup.egg-info/SOURCES.txt'
[5.984s] writing manifest file '../../build/bringup/bringup.egg-info/SOURCES.txt'
[5.985s] running build
[5.985s] running install
[6.003s] running install_data
[6.003s] copying package.xml -> /home/nathaniel/fxb_ws/install/bringup/share/bringup
[6.005s] copying launch/nav2_launch.py -> /home/nathaniel/fxb_ws/install/bringup/share/bringup/launch
[6.006s] copying launch/bringup.launch.py -> /home/nathaniel/fxb_ws/install/bringup/share/bringup/launch
[6.007s] copying launch/slam_launch.py -> /home/nathaniel/fxb_ws/install/bringup/share/bringup/launch
[6.008s] creating /home/nathaniel/fxb_ws/install/bringup/share/bringup/config
[6.009s] copying config/slam_config.yaml -> /home/nathaniel/fxb_ws/install/bringup/share/bringup/config
[6.011s] copying config/nav2_params.yaml -> /home/nathaniel/fxb_ws/install/bringup/share/bringup/config
[6.012s] copying config/mapper_params_online_async.yaml -> /home/nathaniel/fxb_ws/install/bringup/share/bringup/config
[6.012s] creating /home/nathaniel/fxb_ws/install/bringup/share/bringup/maps
[6.014s] running install_egg_info
[6.137s] removing '/home/nathaniel/fxb_ws/install/bringup/lib/python3.12/site-packages/bringup-0.0.1-py3.12.egg-info' (and everything under it)
[6.139s] Copying ../../build/bringup/bringup.egg-info to /home/nathaniel/fxb_ws/install/bringup/lib/python3.12/site-packages/bringup-0.0.1-py3.12.egg-info
[6.146s] running install_scripts
[6.487s] writing list of installed files to '/home/nathaniel/fxb_ws/build/bringup/install.log'
[6.549s] Invoked command in '/home/nathaniel/fxb_ws/src/bringup' returned '0': AMENT_PREFIX_PATH=/home/nathaniel/fxb_ws/install/yolo_inference:/home/nathaniel/fxb_ws/install/suppression_node:/home/nathaniel/fxb_ws/install/state_machine_node:/home/nathaniel/fxb_ws/install/smoke_sensor_node:/home/nathaniel/fxb_ws/install/sensor_fusion_node:/home/nathaniel/fxb_ws/install/motor_control_node:/home/nathaniel/fxb_ws/install/camera_node:/home/nathaniel/fxb_ws/install/bringup:/opt/ros/jazzy PYTHONPATH=/home/nathaniel/fxb_ws/build/bringup/prefix_override:/usr/lib/python3/dist-packages/colcon_core/task/python/colcon_distutils_commands:/home/nathaniel/fxb_ws/install/bringup/lib/python3.12/site-packages:/home/nathaniel/fxb_ws/install/yolo_inference/lib/python3.12/site-packages:/home/nathaniel/fxb_ws/install/suppression_node/lib/python3.12/site-packages:/home/nathaniel/fxb_ws/install/state_machine_node/lib/python3.12/site-packages:/home/nathaniel/fxb_ws/install/smoke_sensor_node/lib/python3.12/site-packages:/home/nathaniel/fxb_ws/install/sensor_fusion_node/lib/python3.12/site-packages:/home/nathaniel/fxb_ws/install/motor_control_node/lib/python3.12/site-packages:/home/nathaniel/fxb_ws/install/camera_node/lib/python3.12/site-packages:/home/nathaniel/fxb_ws/install/bringup/lib/python3.12/site-packages:/opt/ros/jazzy/lib/python3.12/site-packages /usr/bin/python3 -W ignore:setup.py install is deprecated -W ignore:easy_install command is deprecated setup.py egg_info --egg-base ../../build/bringup build --build-base /home/nathaniel/fxb_ws/build/bringup/build install --record /home/nathaniel/fxb_ws/build/bringup/install.log --single-version-externally-managed install_data
