running egg_info
creating ../../build/motor_control_node/motor_control_node.egg-info
writing ../../build/motor_control_node/motor_control_node.egg-info/PKG-INFO
writing dependency_links to ../../build/motor_control_node/motor_control_node.egg-info/dependency_links.txt
writing entry points to ../../build/motor_control_node/motor_control_node.egg-info/entry_points.txt
writing requirements to ../../build/motor_control_node/motor_control_node.egg-info/requires.txt
writing top-level names to ../../build/motor_control_node/motor_control_node.egg-info/top_level.txt
writing manifest file '../../build/motor_control_node/motor_control_node.egg-info/SOURCES.txt'
reading manifest file '../../build/motor_control_node/motor_control_node.egg-info/SOURCES.txt'
writing manifest file '../../build/motor_control_node/motor_control_node.egg-info/SOURCES.txt'
running build
running build_py
creating /home/nathaniel/fxb_ws/build/motor_control_node/build
creating /home/nathaniel/fxb_ws/build/motor_control_node/build/lib
creating /home/nathaniel/fxb_ws/build/motor_control_node/build/lib/motor_control_node
copying motor_control_node/__init__.py -> /home/nathaniel/fxb_ws/build/motor_control_node/build/lib/motor_control_node
copying motor_control_node/motor_control_node.py -> /home/nathaniel/fxb_ws/build/motor_control_node/build/lib/motor_control_node
running install
running install_lib
creating /home/nathaniel/fxb_ws/install/motor_control_node/lib/python3.12/site-packages/motor_control_node
copying /home/nathaniel/fxb_ws/build/motor_control_node/build/lib/motor_control_node/__init__.py -> /home/nathaniel/fxb_ws/install/motor_control_node/lib/python3.12/site-packages/motor_control_node
copying /home/nathaniel/fxb_ws/build/motor_control_node/build/lib/motor_control_node/motor_control_node.py -> /home/nathaniel/fxb_ws/install/motor_control_node/lib/python3.12/site-packages/motor_control_node
byte-compiling /home/nathaniel/fxb_ws/install/motor_control_node/lib/python3.12/site-packages/motor_control_node/__init__.py to __init__.cpython-312.pyc
byte-compiling /home/nathaniel/fxb_ws/install/motor_control_node/lib/python3.12/site-packages/motor_control_node/motor_control_node.py to motor_control_node.cpython-312.pyc
running install_data
creating /home/nathaniel/fxb_ws/install/motor_control_node/share/ament_index
creating /home/nathaniel/fxb_ws/install/motor_control_node/share/ament_index/resource_index
creating /home/nathaniel/fxb_ws/install/motor_control_node/share/ament_index/resource_index/packages
copying resource/motor_control_node -> /home/nathaniel/fxb_ws/install/motor_control_node/share/ament_index/resource_index/packages
copying package.xml -> /home/nathaniel/fxb_ws/install/motor_control_node/share/motor_control_node
creating /home/nathaniel/fxb_ws/install/motor_control_node/share/motor_control_node/launch
copying launch/motor_control.launch.py -> /home/nathaniel/fxb_ws/install/motor_control_node/share/motor_control_node/launch
running install_egg_info
Copying ../../build/motor_control_node/motor_control_node.egg-info to /home/nathaniel/fxb_ws/install/motor_control_node/lib/python3.12/site-packages/motor_control_node-0.0.0-py3.12.egg-info
running install_scripts
Installing motor_control_node script to /home/nathaniel/fxb_ws/install/motor_control_node/lib/motor_control
writing list of installed files to '/home/nathaniel/fxb_ws/build/motor_control_node/install.log'
