running develop
running egg_info
creating fire_confidence_node.egg-info
writing fire_confidence_node.egg-info/PKG-INFO
writing dependency_links to fire_confidence_node.egg-info/dependency_links.txt
writing entry points to fire_confidence_node.egg-info/entry_points.txt
writing requirements to fire_confidence_node.egg-info/requires.txt
writing top-level names to fire_confidence_node.egg-info/top_level.txt
writing manifest file 'fire_confidence_node.egg-info/SOURCES.txt'
reading manifest file 'fire_confidence_node.egg-info/SOURCES.txt'
writing manifest file 'fire_confidence_node.egg-info/SOURCES.txt'
running build_ext
Creating /home/nathaniel/fxb_ws/install/fire_confidence_node/lib/python3.12/site-packages/fire-confidence-node.egg-link (link to .)
Installing fire_confidence_node script to /home/nathaniel/fxb_ws/install/fire_confidence_node/lib/fire_confidence_node

Installed /home/nathaniel/fxb_ws/build/fire_confidence_node
running symlink_data
creating /home/nathaniel/fxb_ws/install/fire_confidence_node/share/ament_index
creating /home/nathaniel/fxb_ws/install/fire_confidence_node/share/ament_index/resource_index
creating /home/nathaniel/fxb_ws/install/fire_confidence_node/share/ament_index/resource_index/packages
symbolically linking /home/nathaniel/fxb_ws/build/fire_confidence_node/resource/fire_confidence_node -> /home/nathaniel/fxb_ws/install/fire_confidence_node/share/ament_index/resource_index/packages
symbolically linking /home/nathaniel/fxb_ws/build/fire_confidence_node/package.xml -> /home/nathaniel/fxb_ws/install/fire_confidence_node/share/fire_confidence_node
creating /home/nathaniel/fxb_ws/install/fire_confidence_node/share/fire_confidence_node/launch
symbolically linking /home/nathaniel/fxb_ws/build/fire_confidence_node/launch/fire_confidence_node.launch.py -> /home/nathaniel/fxb_ws/install/fire_confidence_node/share/fire_confidence_node/launch
