[0.027s] Invoking command in '/home/nathaniel/fxb_ws/build/firebot_description': CMAKE_PREFIX_PATH=${CMAKE_PREFIX_PATH}:/home/nathaniel/fxb_ws/src/install/motor_control_node:/home/nathaniel/fxb_ws/install/bringup:/home/nathaniel/fxb_ws/install/yolo_inference:/home/nathaniel/fxb_ws/install/suppression_node:/home/nathaniel/fxb_ws/install/state_machine_node:/home/nathaniel/fxb_ws/install/smoke_sensor_node:/home/nathaniel/fxb_ws/install/sensor_fusion_node:/home/nathaniel/fxb_ws/install/motor_control_node:/home/nathaniel/fxb_ws/install/camera_node:/opt/ros/jazzy /usr/bin/cmake --build /home/nathaniel/fxb_ws/build/firebot_description -- -j8 -l8
[0.111s] Invoked command in '/home/nathaniel/fxb_ws/build/firebot_description' returned '0': CMAKE_PREFIX_PATH=${CMAKE_PREFIX_PATH}:/home/nathaniel/fxb_ws/src/install/motor_control_node:/home/nathaniel/fxb_ws/install/bringup:/home/nathaniel/fxb_ws/install/yolo_inference:/home/nathaniel/fxb_ws/install/suppression_node:/home/nathaniel/fxb_ws/install/state_machine_node:/home/nathaniel/fxb_ws/install/smoke_sensor_node:/home/nathaniel/fxb_ws/install/sensor_fusion_node:/home/nathaniel/fxb_ws/install/motor_control_node:/home/nathaniel/fxb_ws/install/camera_node:/opt/ros/jazzy /usr/bin/cmake --build /home/nathaniel/fxb_ws/build/firebot_description -- -j8 -l8
[0.133s] Invoking command in '/home/nathaniel/fxb_ws/build/firebot_description': CMAKE_PREFIX_PATH=${CMAKE_PREFIX_PATH}:/home/nathaniel/fxb_ws/src/install/motor_control_node:/home/nathaniel/fxb_ws/install/bringup:/home/nathaniel/fxb_ws/install/yolo_inference:/home/nathaniel/fxb_ws/install/suppression_node:/home/nathaniel/fxb_ws/install/state_machine_node:/home/nathaniel/fxb_ws/install/smoke_sensor_node:/home/nathaniel/fxb_ws/install/sensor_fusion_node:/home/nathaniel/fxb_ws/install/motor_control_node:/home/nathaniel/fxb_ws/install/camera_node:/opt/ros/jazzy /usr/bin/cmake --install /home/nathaniel/fxb_ws/build/firebot_description
[0.151s] -- Install configuration: ""
[0.151s] -- Up-to-date: /home/nathaniel/fxb_ws/install/firebot_description/share/ament_index/resource_index/package_run_dependencies/firebot_description
[0.151s] -- Up-to-date: /home/nathaniel/fxb_ws/install/firebot_description/share/ament_index/resource_index/parent_prefix_path/firebot_description
[0.152s] -- Up-to-date: /home/nathaniel/fxb_ws/install/firebot_description/share/firebot_description/environment/ament_prefix_path.sh
[0.152s] -- Up-to-date: /home/nathaniel/fxb_ws/install/firebot_description/share/firebot_description/environment/ament_prefix_path.dsv
[0.152s] -- Up-to-date: /home/nathaniel/fxb_ws/install/firebot_description/share/firebot_description/environment/path.sh
[0.153s] -- Up-to-date: /home/nathaniel/fxb_ws/install/firebot_description/share/firebot_description/environment/path.dsv
[0.153s] -- Up-to-date: /home/nathaniel/fxb_ws/install/firebot_description/share/firebot_description/local_setup.bash
[0.153s] -- Up-to-date: /home/nathaniel/fxb_ws/install/firebot_description/share/firebot_description/local_setup.sh
[0.153s] -- Up-to-date: /home/nathaniel/fxb_ws/install/firebot_description/share/firebot_description/local_setup.zsh
[0.153s] -- Up-to-date: /home/nathaniel/fxb_ws/install/firebot_description/share/firebot_description/local_setup.dsv
[0.154s] -- Up-to-date: /home/nathaniel/fxb_ws/install/firebot_description/share/firebot_description/package.dsv
[0.154s] -- Up-to-date: /home/nathaniel/fxb_ws/install/firebot_description/share/ament_index/resource_index/packages/firebot_description
[0.154s] -- Up-to-date: /home/nathaniel/fxb_ws/install/firebot_description/share/firebot_description/cmake/firebot_descriptionConfig.cmake
[0.154s] -- Up-to-date: /home/nathaniel/fxb_ws/install/firebot_description/share/firebot_description/cmake/firebot_descriptionConfig-version.cmake
[0.154s] -- Up-to-date: /home/nathaniel/fxb_ws/install/firebot_description/share/firebot_description/package.xml
[0.155s] -- Up-to-date: /home/nathaniel/fxb_ws/install/firebot_description/share/firebot_description/launch
[0.155s] -- Up-to-date: /home/nathaniel/fxb_ws/install/firebot_description/share/firebot_description/launch/description.launch.py
[0.156s] -- Up-to-date: /home/nathaniel/fxb_ws/install/firebot_description/share/firebot_description/urdf
[0.156s] -- Up-to-date: /home/nathaniel/fxb_ws/install/firebot_description/share/firebot_description/urdf/robot_core.xacro
[0.156s] -- Up-to-date: /home/nathaniel/fxb_ws/install/firebot_description/share/firebot_description/urdf/camera.xacro
[0.157s] -- Up-to-date: /home/nathaniel/fxb_ws/install/firebot_description/share/firebot_description/urdf/robot.urdf.xacro
[0.157s] -- Up-to-date: /home/nathaniel/fxb_ws/install/firebot_description/share/firebot_description/urdf/lidar.xacro
[0.158s] -- Up-to-date: /home/nathaniel/fxb_ws/install/firebot_description/share/firebot_description/launch
[0.158s] -- Up-to-date: /home/nathaniel/fxb_ws/install/firebot_description/share/firebot_description/launch/description.launch.py
[0.161s] Invoked command in '/home/nathaniel/fxb_ws/build/firebot_description' returned '0': CMAKE_PREFIX_PATH=${CMAKE_PREFIX_PATH}:/home/nathaniel/fxb_ws/src/install/motor_control_node:/home/nathaniel/fxb_ws/install/bringup:/home/nathaniel/fxb_ws/install/yolo_inference:/home/nathaniel/fxb_ws/install/suppression_node:/home/nathaniel/fxb_ws/install/state_machine_node:/home/nathaniel/fxb_ws/install/smoke_sensor_node:/home/nathaniel/fxb_ws/install/sensor_fusion_node:/home/nathaniel/fxb_ws/install/motor_control_node:/home/nathaniel/fxb_ws/install/camera_node:/opt/ros/jazzy /usr/bin/cmake --install /home/nathaniel/fxb_ws/build/firebot_description
