[2.246s] Invoking command in '/home/nathaniel/fxb_ws/src/state_machine_node': PYTHONPATH=/home/nathaniel/fxb_ws/build/state_machine_node/prefix_override:/usr/lib/python3/dist-packages/colcon_core/task/python/colcon_distutils_commands:/home/nathaniel/fxb_ws/install/state_machine_node/lib/python3.12/site-packages:${PYTHONPATH} /usr/bin/python3 -W ignore:setup.py install is deprecated -W ignore:easy_install command is deprecated setup.py egg_info --egg-base ../../build/state_machine_node build --build-base /home/nathaniel/fxb_ws/build/state_machine_node/build install --record /home/nathaniel/fxb_ws/build/state_machine_node/install.log --single-version-externally-managed install_data
[2.786s] running egg_info
[2.786s] creating ../../build/state_machine_node/state_machine_node.egg-info
[2.831s] writing ../../build/state_machine_node/state_machine_node.egg-info/PKG-INFO
[2.831s] writing dependency_links to ../../build/state_machine_node/state_machine_node.egg-info/dependency_links.txt
[2.832s] writing entry points to ../../build/state_machine_node/state_machine_node.egg-info/entry_points.txt
[2.832s] writing requirements to ../../build/state_machine_node/state_machine_node.egg-info/requires.txt
[2.832s] writing top-level names to ../../build/state_machine_node/state_machine_node.egg-info/top_level.txt
[2.833s] writing manifest file '../../build/state_machine_node/state_machine_node.egg-info/SOURCES.txt'
[2.939s] reading manifest file '../../build/state_machine_node/state_machine_node.egg-info/SOURCES.txt'
[2.940s] writing manifest file '../../build/state_machine_node/state_machine_node.egg-info/SOURCES.txt'
[2.941s] running build
[2.941s] running build_py
[2.942s] creating /home/nathaniel/fxb_ws/build/state_machine_node/build
[2.942s] creating /home/nathaniel/fxb_ws/build/state_machine_node/build/lib
[2.943s] creating /home/nathaniel/fxb_ws/build/state_machine_node/build/lib/state_machine_node
[2.943s] copying state_machine_node/__init__.py -> /home/nathaniel/fxb_ws/build/state_machine_node/build/lib/state_machine_node
[2.944s] copying state_machine_node/state_machine_node.py -> /home/nathaniel/fxb_ws/build/state_machine_node/build/lib/state_machine_node
[2.944s] running install
[2.956s] running install_lib
[3.004s] creating /home/nathaniel/fxb_ws/install/state_machine_node/lib/python3.12/site-packages/state_machine_node
[3.006s] copying /home/nathaniel/fxb_ws/build/state_machine_node/build/lib/state_machine_node/__init__.py -> /home/nathaniel/fxb_ws/install/state_machine_node/lib/python3.12/site-packages/state_machine_node
[3.007s] copying /home/nathaniel/fxb_ws/build/state_machine_node/build/lib/state_machine_node/state_machine_node.py -> /home/nathaniel/fxb_ws/install/state_machine_node/lib/python3.12/site-packages/state_machine_node
[3.008s] byte-compiling /home/nathaniel/fxb_ws/install/state_machine_node/lib/python3.12/site-packages/state_machine_node/__init__.py to __init__.cpython-312.pyc
[3.010s] byte-compiling /home/nathaniel/fxb_ws/install/state_machine_node/lib/python3.12/site-packages/state_machine_node/state_machine_node.py to state_machine_node.cpython-312.pyc
[3.012s] running install_data
[3.012s] creating /home/nathaniel/fxb_ws/install/state_machine_node/share/ament_index
[3.013s] creating /home/nathaniel/fxb_ws/install/state_machine_node/share/ament_index/resource_index
[3.013s] creating /home/nathaniel/fxb_ws/install/state_machine_node/share/ament_index/resource_index/packages
[3.014s] copying resource/state_machine_node -> /home/nathaniel/fxb_ws/install/state_machine_node/share/ament_index/resource_index/packages
[3.015s] copying package.xml -> /home/nathaniel/fxb_ws/install/state_machine_node/share/state_machine_node
[3.015s] creating /home/nathaniel/fxb_ws/install/state_machine_node/share/state_machine_node/launch
[3.015s] copying launch/state_machine.launch.py -> /home/nathaniel/fxb_ws/install/state_machine_node/share/state_machine_node/launch
[3.016s] running install_egg_info
[3.064s] Copying ../../build/state_machine_node/state_machine_node.egg-info to /home/nathaniel/fxb_ws/install/state_machine_node/lib/python3.12/site-packages/state_machine_node-0.0.1-py3.12.egg-info
[3.070s] running install_scripts
[3.381s] Installing state_machine_node script to /home/nathaniel/fxb_ws/install/state_machine_node/lib/state_machine_node
[3.382s] writing list of installed files to '/home/nathaniel/fxb_ws/build/state_machine_node/install.log'
[3.449s] Invoked command in '/home/nathaniel/fxb_ws/src/state_machine_node' returned '0': PYTHONPATH=/home/nathaniel/fxb_ws/build/state_machine_node/prefix_override:/usr/lib/python3/dist-packages/colcon_core/task/python/colcon_distutils_commands:/home/nathaniel/fxb_ws/install/state_machine_node/lib/python3.12/site-packages:${PYTHONPATH} /usr/bin/python3 -W ignore:setup.py install is deprecated -W ignore:easy_install command is deprecated setup.py egg_info --egg-base ../../build/state_machine_node build --build-base /home/nathaniel/fxb_ws/build/state_machine_node/build install --record /home/nathaniel/fxb_ws/build/state_machine_node/install.log --single-version-externally-managed install_data
