[5.405s] Invoking command in '/home/nathaniel/fxb_ws/src/motor_control_node': PYTHONPATH=/home/nathaniel/fxb_ws/build/motor_control_node/prefix_override:/usr/lib/python3/dist-packages/colcon_core/task/python/colcon_distutils_commands:/home/nathaniel/fxb_ws/install/motor_control_node/lib/python3.12/site-packages:${PYTHONPATH} /usr/bin/python3 -W ignore:setup.py install is deprecated -W ignore:easy_install command is deprecated setup.py egg_info --egg-base ../../build/motor_control_node build --build-base /home/nathaniel/fxb_ws/build/motor_control_node/build install --record /home/nathaniel/fxb_ws/build/motor_control_node/install.log --single-version-externally-managed install_data
[7.140s] running egg_info
[7.269s] writing ../../build/motor_control_node/motor_control_node.egg-info/PKG-INFO
[7.270s] writing dependency_links to ../../build/motor_control_node/motor_control_node.egg-info/dependency_links.txt
[7.276s] writing entry points to ../../build/motor_control_node/motor_control_node.egg-info/entry_points.txt
[7.279s] writing requirements to ../../build/motor_control_node/motor_control_node.egg-info/requires.txt
[7.280s] writing top-level names to ../../build/motor_control_node/motor_control_node.egg-info/top_level.txt
[7.527s] reading manifest file '../../build/motor_control_node/motor_control_node.egg-info/SOURCES.txt'
[7.531s] writing manifest file '../../build/motor_control_node/motor_control_node.egg-info/SOURCES.txt'
[7.531s] running build
[7.532s] running build_py
[7.532s] running install
[7.548s] running install_lib
[7.659s] running install_data
[7.660s] running install_egg_info
[7.795s] removing '/home/nathaniel/fxb_ws/install/motor_control_node/lib/python3.12/site-packages/motor_control_node-0.0.0-py3.12.egg-info' (and everything under it)
[7.798s] Copying ../../build/motor_control_node/motor_control_node.egg-info to /home/nathaniel/fxb_ws/install/motor_control_node/lib/python3.12/site-packages/motor_control_node-0.0.0-py3.12.egg-info
[7.802s] running install_scripts
[8.482s] Installing motor_control_node script to /home/nathaniel/fxb_ws/install/motor_control_node/lib/motor_control
[8.484s] writing list of installed files to '/home/nathaniel/fxb_ws/build/motor_control_node/install.log'
[9.043s] Invoked command in '/home/nathaniel/fxb_ws/src/motor_control_node' returned '0': PYTHONPATH=/home/nathaniel/fxb_ws/build/motor_control_node/prefix_override:/usr/lib/python3/dist-packages/colcon_core/task/python/colcon_distutils_commands:/home/nathaniel/fxb_ws/install/motor_control_node/lib/python3.12/site-packages:${PYTHONPATH} /usr/bin/python3 -W ignore:setup.py install is deprecated -W ignore:easy_install command is deprecated setup.py egg_info --egg-base ../../build/motor_control_node build --build-base /home/nathaniel/fxb_ws/build/motor_control_node/build install --record /home/nathaniel/fxb_ws/build/motor_control_node/install.log --single-version-externally-managed install_data
