running egg_info
creating ../../build/comm_node/comm_node.egg-info
writing ../../build/comm_node/comm_node.egg-info/PKG-INFO
writing dependency_links to ../../build/comm_node/comm_node.egg-info/dependency_links.txt
writing requirements to ../../build/comm_node/comm_node.egg-info/requires.txt
writing top-level names to ../../build/comm_node/comm_node.egg-info/top_level.txt
writing manifest file '../../build/comm_node/comm_node.egg-info/SOURCES.txt'
reading manifest file '../../build/comm_node/comm_node.egg-info/SOURCES.txt'
writing manifest file '../../build/comm_node/comm_node.egg-info/SOURCES.txt'
running build
running build_py
creating /home/nathaniel/fxb_ws/build/comm_node/build
creating /home/nathaniel/fxb_ws/build/comm_node/build/lib
creating /home/nathaniel/fxb_ws/build/comm_node/build/lib/comm_node
copying comm_node/__init__.py -> /home/nathaniel/fxb_ws/build/comm_node/build/lib/comm_node
running install
running install_lib
creating /home/nathaniel/fxb_ws/install/comm_node/lib/python3.12/site-packages/comm_node
copying /home/nathaniel/fxb_ws/build/comm_node/build/lib/comm_node/__init__.py -> /home/nathaniel/fxb_ws/install/comm_node/lib/python3.12/site-packages/comm_node
byte-compiling /home/nathaniel/fxb_ws/install/comm_node/lib/python3.12/site-packages/comm_node/__init__.py to __init__.cpython-312.pyc
running install_data
creating /home/nathaniel/fxb_ws/install/comm_node/share/ament_index
creating /home/nathaniel/fxb_ws/install/comm_node/share/ament_index/resource_index
creating /home/nathaniel/fxb_ws/install/comm_node/share/ament_index/resource_index/packages
copying resource/comm_node -> /home/nathaniel/fxb_ws/install/comm_node/share/ament_index/resource_index/packages
copying package.xml -> /home/nathaniel/fxb_ws/install/comm_node/share/comm_node
running install_egg_info
Copying ../../build/comm_node/comm_node.egg-info to /home/nathaniel/fxb_ws/install/comm_node/lib/python3.12/site-packages/comm_node-0.0.0-py3.12.egg-info
running install_scripts
writing list of installed files to '/home/nathaniel/fxb_ws/build/comm_node/install.log'
