[6.319s] Invoking command in '/home/nathaniel/fxb_ws/src/camera_node': PYTHONPATH=/home/nathaniel/fxb_ws/build/camera_node/prefix_override:/usr/lib/python3/dist-packages/colcon_core/task/python/colcon_distutils_commands:/home/nathaniel/fxb_ws/install/camera_node/lib/python3.12/site-packages:${PYTHONPATH} /usr/bin/python3 -W ignore:setup.py install is deprecated -W ignore:easy_install command is deprecated setup.py egg_info --egg-base ../../build/camera_node build --build-base /home/nathaniel/fxb_ws/build/camera_node/build install --record /home/nathaniel/fxb_ws/build/camera_node/install.log --single-version-externally-managed install_data
[7.297s] running egg_info
[7.299s] creating ../../build/camera_node/camera_node.egg-info
[7.377s] writing ../../build/camera_node/camera_node.egg-info/PKG-INFO
[7.377s] writing dependency_links to ../../build/camera_node/camera_node.egg-info/dependency_links.txt
[7.379s] writing entry points to ../../build/camera_node/camera_node.egg-info/entry_points.txt
[7.379s] writing requirements to ../../build/camera_node/camera_node.egg-info/requires.txt
[7.380s] writing top-level names to ../../build/camera_node/camera_node.egg-info/top_level.txt
[7.381s] writing manifest file '../../build/camera_node/camera_node.egg-info/SOURCES.txt'
[7.544s] reading manifest file '../../build/camera_node/camera_node.egg-info/SOURCES.txt'
[7.544s] writing manifest file '../../build/camera_node/camera_node.egg-info/SOURCES.txt'
[7.545s] running build
[7.545s] running build_py
[7.545s] creating /home/nathaniel/fxb_ws/build/camera_node/build
[7.546s] creating /home/nathaniel/fxb_ws/build/camera_node/build/lib
[7.546s] creating /home/nathaniel/fxb_ws/build/camera_node/build/lib/camera_node
[7.553s] copying camera_node/__init__.py -> /home/nathaniel/fxb_ws/build/camera_node/build/lib/camera_node
[7.553s] copying camera_node/camera_node.py -> /home/nathaniel/fxb_ws/build/camera_node/build/lib/camera_node
[7.566s] running install
[7.587s] running install_lib
[7.683s] creating /home/nathaniel/fxb_ws/install/camera_node/lib/python3.12/site-packages/camera_node
[7.684s] copying /home/nathaniel/fxb_ws/build/camera_node/build/lib/camera_node/__init__.py -> /home/nathaniel/fxb_ws/install/camera_node/lib/python3.12/site-packages/camera_node
[7.685s] copying /home/nathaniel/fxb_ws/build/camera_node/build/lib/camera_node/camera_node.py -> /home/nathaniel/fxb_ws/install/camera_node/lib/python3.12/site-packages/camera_node
[7.687s] byte-compiling /home/nathaniel/fxb_ws/install/camera_node/lib/python3.12/site-packages/camera_node/__init__.py to __init__.cpython-312.pyc
[7.689s] byte-compiling /home/nathaniel/fxb_ws/install/camera_node/lib/python3.12/site-packages/camera_node/camera_node.py to camera_node.cpython-312.pyc
[7.704s] running install_data
[7.704s] creating /home/nathaniel/fxb_ws/install/camera_node/share/ament_index
[7.705s] creating /home/nathaniel/fxb_ws/install/camera_node/share/ament_index/resource_index
[7.715s] creating /home/nathaniel/fxb_ws/install/camera_node/share/ament_index/resource_index/packages
[7.716s] copying resource/camera_node -> /home/nathaniel/fxb_ws/install/camera_node/share/ament_index/resource_index/packages
[7.716s] copying package.xml -> /home/nathaniel/fxb_ws/install/camera_node/share/camera_node
[7.717s] running install_egg_info
[7.821s] Copying ../../build/camera_node/camera_node.egg-info to /home/nathaniel/fxb_ws/install/camera_node/lib/python3.12/site-packages/camera_node-0.0.0-py3.12.egg-info
[7.829s] running install_scripts
[8.646s] Installing camera_node script to /home/nathaniel/fxb_ws/install/camera_node/lib/camera_node
[8.649s] writing list of installed files to '/home/nathaniel/fxb_ws/build/camera_node/install.log'
[8.741s] Invoked command in '/home/nathaniel/fxb_ws/src/camera_node' returned '0': PYTHONPATH=/home/nathaniel/fxb_ws/build/camera_node/prefix_override:/usr/lib/python3/dist-packages/colcon_core/task/python/colcon_distutils_commands:/home/nathaniel/fxb_ws/install/camera_node/lib/python3.12/site-packages:${PYTHONPATH} /usr/bin/python3 -W ignore:setup.py install is deprecated -W ignore:easy_install command is deprecated setup.py egg_info --egg-base ../../build/camera_node build --build-base /home/nathaniel/fxb_ws/build/camera_node/build install --record /home/nathaniel/fxb_ws/build/camera_node/install.log --single-version-externally-managed install_data
