[6.266s] Invoking command in '/home/nathaniel/fxb_ws/src/camera_node': PYTHONPATH=/home/nathaniel/fxb_ws/build/camera_node/prefix_override:/usr/lib/python3/dist-packages/colcon_core/task/python/colcon_distutils_commands:/home/nathaniel/fxb_ws/install/camera_node/lib/python3.12/site-packages:${PYTHONPATH} /usr/bin/python3 -W ignore:setup.py install is deprecated -W ignore:easy_install command is deprecated setup.py egg_info --egg-base ../../build/camera_node build --build-base /home/nathaniel/fxb_ws/build/camera_node/build install --record /home/nathaniel/fxb_ws/build/camera_node/install.log --single-version-externally-managed install_data
[7.833s] running egg_info
[7.834s] writing ../../build/camera_node/camera_node.egg-info/PKG-INFO
[7.846s] writing dependency_links to ../../build/camera_node/camera_node.egg-info/dependency_links.txt
[7.846s] writing entry points to ../../build/camera_node/camera_node.egg-info/entry_points.txt
[7.846s] writing requirements to ../../build/camera_node/camera_node.egg-info/requires.txt
[7.847s] writing top-level names to ../../build/camera_node/camera_node.egg-info/top_level.txt
[7.847s] reading manifest file '../../build/camera_node/camera_node.egg-info/SOURCES.txt'
[7.847s] writing manifest file '../../build/camera_node/camera_node.egg-info/SOURCES.txt'
[7.847s] running build
[7.848s] running build_py
[7.848s] running install
[7.850s] running install_lib
[7.969s] running install_data
[7.969s] running install_egg_info
[8.105s] removing '/home/nathaniel/fxb_ws/install/camera_node/lib/python3.12/site-packages/camera_node-0.0.0-py3.12.egg-info' (and everything under it)
[8.130s] Copying ../../build/camera_node/camera_node.egg-info to /home/nathaniel/fxb_ws/install/camera_node/lib/python3.12/site-packages/camera_node-0.0.0-py3.12.egg-info
[8.135s] running install_scripts
[9.062s] Installing camera_node script to /home/nathaniel/fxb_ws/install/camera_node/lib/camera_node
[9.064s] writing list of installed files to '/home/nathaniel/fxb_ws/build/camera_node/install.log'
