[2.845s] Invoking command in '/home/nathaniel/fxb_ws/src/bringup': AMENT_PREFIX_PATH=/home/nathaniel/fxb_ws/install/yolo_inference:/home/nathaniel/fxb_ws/install/suppression_node:/home/nathaniel/fxb_ws/install/state_machine_node:/home/nathaniel/fxb_ws/install/smoke_sensor_node:/home/nathaniel/fxb_ws/install/sensor_fusion_node:/home/nathaniel/fxb_ws/install/motor_control_node:/home/nathaniel/fxb_ws/install/camera_node:/opt/ros/jazzy PYTHONPATH=/home/nathaniel/fxb_ws/build/bringup/prefix_override:/usr/lib/python3/dist-packages/colcon_core/task/python/colcon_distutils_commands:/home/nathaniel/fxb_ws/install/bringup/lib/python3.12/site-packages:/home/nathaniel/fxb_ws/install/yolo_inference/lib/python3.12/site-packages:/home/nathaniel/fxb_ws/install/suppression_node/lib/python3.12/site-packages:/home/nathaniel/fxb_ws/install/state_machine_node/lib/python3.12/site-packages:/home/nathaniel/fxb_ws/install/smoke_sensor_node/lib/python3.12/site-packages:/home/nathaniel/fxb_ws/install/sensor_fusion_node/lib/python3.12/site-packages:/home/nathaniel/fxb_ws/install/motor_control_node/lib/python3.12/site-packages:/home/nathaniel/fxb_ws/install/camera_node/lib/python3.12/site-packages:/opt/ros/jazzy/lib/python3.12/site-packages /usr/bin/python3 -W ignore:setup.py install is deprecated -W ignore:easy_install command is deprecated setup.py egg_info --egg-base ../../build/bringup build --build-base /home/nathaniel/fxb_ws/build/bringup/build install --record /home/nathaniel/fxb_ws/build/bringup/install.log --single-version-externally-managed install_data
[3.409s] running egg_info
[3.410s] creating ../../build/bringup/bringup.egg-info
[3.451s] writing ../../build/bringup/bringup.egg-info/PKG-INFO
[3.452s] writing dependency_links to ../../build/bringup/bringup.egg-info/dependency_links.txt
[3.452s] writing requirements to ../../build/bringup/bringup.egg-info/requires.txt
[3.453s] writing top-level names to ../../build/bringup/bringup.egg-info/top_level.txt
[3.453s] writing manifest file '../../build/bringup/bringup.egg-info/SOURCES.txt'
[3.488s] reading manifest file '../../build/bringup/bringup.egg-info/SOURCES.txt'
[3.489s] writing manifest file '../../build/bringup/bringup.egg-info/SOURCES.txt'
[3.490s] running build
[3.490s] running install
[3.499s] running install_data
[3.499s] creating /home/nathaniel/fxb_ws/install/bringup/share/ament_index
[3.500s] creating /home/nathaniel/fxb_ws/install/bringup/share/ament_index/resource_index
[3.500s] creating /home/nathaniel/fxb_ws/install/bringup/share/ament_index/resource_index/packages
[3.501s] copying resource/bringup -> /home/nathaniel/fxb_ws/install/bringup/share/ament_index/resource_index/packages
[3.501s] copying package.xml -> /home/nathaniel/fxb_ws/install/bringup/share/bringup
[3.502s] creating /home/nathaniel/fxb_ws/install/bringup/share/bringup/launch
[3.502s] copying launch/bringup.launch.py -> /home/nathaniel/fxb_ws/install/bringup/share/bringup/launch
[3.503s] running install_egg_info
[3.574s] Copying ../../build/bringup/bringup.egg-info to /home/nathaniel/fxb_ws/install/bringup/lib/python3.12/site-packages/bringup-0.0.1-py3.12.egg-info
[3.576s] running install_scripts
[3.801s] writing list of installed files to '/home/nathaniel/fxb_ws/build/bringup/install.log'
[3.854s] Invoked command in '/home/nathaniel/fxb_ws/src/bringup' returned '0': AMENT_PREFIX_PATH=/home/nathaniel/fxb_ws/install/yolo_inference:/home/nathaniel/fxb_ws/install/suppression_node:/home/nathaniel/fxb_ws/install/state_machine_node:/home/nathaniel/fxb_ws/install/smoke_sensor_node:/home/nathaniel/fxb_ws/install/sensor_fusion_node:/home/nathaniel/fxb_ws/install/motor_control_node:/home/nathaniel/fxb_ws/install/camera_node:/opt/ros/jazzy PYTHONPATH=/home/nathaniel/fxb_ws/build/bringup/prefix_override:/usr/lib/python3/dist-packages/colcon_core/task/python/colcon_distutils_commands:/home/nathaniel/fxb_ws/install/bringup/lib/python3.12/site-packages:/home/nathaniel/fxb_ws/install/yolo_inference/lib/python3.12/site-packages:/home/nathaniel/fxb_ws/install/suppression_node/lib/python3.12/site-packages:/home/nathaniel/fxb_ws/install/state_machine_node/lib/python3.12/site-packages:/home/nathaniel/fxb_ws/install/smoke_sensor_node/lib/python3.12/site-packages:/home/nathaniel/fxb_ws/install/sensor_fusion_node/lib/python3.12/site-packages:/home/nathaniel/fxb_ws/install/motor_control_node/lib/python3.12/site-packages:/home/nathaniel/fxb_ws/install/camera_node/lib/python3.12/site-packages:/opt/ros/jazzy/lib/python3.12/site-packages /usr/bin/python3 -W ignore:setup.py install is deprecated -W ignore:easy_install command is deprecated setup.py egg_info --egg-base ../../build/bringup build --build-base /home/nathaniel/fxb_ws/build/bringup/build install --record /home/nathaniel/fxb_ws/build/bringup/install.log --single-version-externally-managed install_data
