[0.778s] DEBUG:colcon:Command line arguments: ['/usr/bin/colcon', 'build', '--packages-select', 'bringup']
[0.779s] DEBUG:colcon:Parsed command line arguments: Namespace(log_base=None, log_level=None, verb_name='build', build_base='build', install_base='install', merge_install=False, symlink_install=False, test_result_base=None, continue_on_error=False, executor='parallel', parallel_workers=8, event_handlers=None, ignore_user_meta=False, metas=['./colcon.meta'], base_paths=['.'], packages_ignore=None, packages_ignore_regex=None, paths=None, packages_up_to=None, packages_up_to_regex=None, packages_above=None, packages_above_and_dependencies=None, packages_above_depth=None, packages_select_by_dep=None, packages_skip_by_dep=None, packages_skip_up_to=None, packages_select_build_failed=False, packages_skip_build_finished=False, packages_select_test_failures=False, packages_skip_test_passed=False, packages_select=['bringup'], packages_skip=None, packages_select_regex=None, packages_skip_regex=None, packages_start=None, packages_end=None, allow_overriding=[], cmake_args=None, cmake_target=None, cmake_target_skip_unavailable=False, cmake_clean_cache=False, cmake_clean_first=False, cmake_force_configure=False, ament_cmake_args=None, catkin_cmake_args=None, catkin_skip_building_tests=False, mixin_files=None, mixin=None, verb_parser=<colcon_mixin.mixin.mixin_argument.MixinArgumentDecorator object at 0x769538096420>, verb_extension=<colcon_core.verb.build.BuildVerb object at 0x769538094890>, main=<bound method BuildVerb.main of <colcon_core.verb.build.BuildVerb object at 0x769538094890>>, mixin_verb=('build',))
[0.963s] Level 1:colcon.colcon_core.package_discovery:discover_packages(colcon_meta) check parameters
[0.963s] Level 1:colcon.colcon_core.package_discovery:discover_packages(recursive) check parameters
[0.963s] Level 1:colcon.colcon_core.package_discovery:discover_packages(ignore) check parameters
[0.963s] Level 1:colcon.colcon_core.package_discovery:discover_packages(path) check parameters
[0.963s] Level 1:colcon.colcon_core.package_discovery:discover_packages(colcon_meta) discover
[0.963s] Level 1:colcon.colcon_core.package_discovery:discover_packages(recursive) discover
[0.964s] INFO:colcon.colcon_core.package_discovery:Crawling recursively for packages in '/home/nathaniel/fxb_ws'
[0.964s] Level 1:colcon.colcon_core.package_identification:_identify(.) by extensions ['ignore', 'ignore_ament_install']
[0.964s] Level 1:colcon.colcon_core.package_identification:_identify(.) by extension 'ignore'
[0.964s] Level 1:colcon.colcon_core.package_identification:_identify(.) by extension 'ignore_ament_install'
[0.964s] Level 1:colcon.colcon_core.package_identification:_identify(.) by extensions ['colcon_pkg']
[0.964s] Level 1:colcon.colcon_core.package_identification:_identify(.) by extension 'colcon_pkg'
[0.965s] Level 1:colcon.colcon_core.package_identification:_identify(.) by extensions ['colcon_meta']
[0.965s] Level 1:colcon.colcon_core.package_identification:_identify(.) by extension 'colcon_meta'
[0.965s] Level 1:colcon.colcon_core.package_identification:_identify(.) by extensions ['ros']
[0.965s] Level 1:colcon.colcon_core.package_identification:_identify(.) by extension 'ros'
[1.057s] Level 1:colcon.colcon_core.package_identification:_identify(.) by extensions ['cmake', 'python']
[1.058s] Level 1:colcon.colcon_core.package_identification:_identify(.) by extension 'cmake'
[1.058s] Level 1:colcon.colcon_core.package_identification:_identify(.) by extension 'python'
[1.058s] Level 1:colcon.colcon_core.package_identification:_identify(.) by extensions ['python_setup_py']
[1.058s] Level 1:colcon.colcon_core.package_identification:_identify(.) by extension 'python_setup_py'
[1.059s] Level 1:colcon.colcon_core.package_identification:_identify(FYP-AI-Model) by extensions ['ignore', 'ignore_ament_install']
[1.060s] Level 1:colcon.colcon_core.package_identification:_identify(FYP-AI-Model) by extension 'ignore'
[1.060s] Level 1:colcon.colcon_core.package_identification:_identify(FYP-AI-Model) by extension 'ignore_ament_install'
[1.060s] Level 1:colcon.colcon_core.package_identification:_identify(FYP-AI-Model) by extensions ['colcon_pkg']
[1.060s] Level 1:colcon.colcon_core.package_identification:_identify(FYP-AI-Model) by extension 'colcon_pkg'
[1.060s] Level 1:colcon.colcon_core.package_identification:_identify(FYP-AI-Model) by extensions ['colcon_meta']
[1.060s] Level 1:colcon.colcon_core.package_identification:_identify(FYP-AI-Model) by extension 'colcon_meta'
[1.060s] Level 1:colcon.colcon_core.package_identification:_identify(FYP-AI-Model) by extensions ['ros']
[1.060s] Level 1:colcon.colcon_core.package_identification:_identify(FYP-AI-Model) by extension 'ros'
[1.060s] Level 1:colcon.colcon_core.package_identification:_identify(FYP-AI-Model) by extensions ['cmake', 'python']
[1.060s] Level 1:colcon.colcon_core.package_identification:_identify(FYP-AI-Model) by extension 'cmake'
[1.061s] Level 1:colcon.colcon_core.package_identification:_identify(FYP-AI-Model) by extension 'python'
[1.061s] Level 1:colcon.colcon_core.package_identification:_identify(FYP-AI-Model) by extensions ['python_setup_py']
[1.061s] Level 1:colcon.colcon_core.package_identification:_identify(FYP-AI-Model) by extension 'python_setup_py'
[1.063s] Level 1:colcon.colcon_core.package_identification:_identify(FYP-AI-Model/runs) by extensions ['ignore', 'ignore_ament_install']
[1.063s] Level 1:colcon.colcon_core.package_identification:_identify(FYP-AI-Model/runs) by extension 'ignore'
[1.063s] Level 1:colcon.colcon_core.package_identification:_identify(FYP-AI-Model/runs) by extension 'ignore_ament_install'
[1.064s] Level 1:colcon.colcon_core.package_identification:_identify(FYP-AI-Model/runs) by extensions ['colcon_pkg']
[1.065s] Level 1:colcon.colcon_core.package_identification:_identify(FYP-AI-Model/runs) by extension 'colcon_pkg'
[1.065s] Level 1:colcon.colcon_core.package_identification:_identify(FYP-AI-Model/runs) by extensions ['colcon_meta']
[1.065s] Level 1:colcon.colcon_core.package_identification:_identify(FYP-AI-Model/runs) by extension 'colcon_meta'
[1.065s] Level 1:colcon.colcon_core.package_identification:_identify(FYP-AI-Model/runs) by extensions ['ros']
[1.065s] Level 1:colcon.colcon_core.package_identification:_identify(FYP-AI-Model/runs) by extension 'ros'
[1.065s] Level 1:colcon.colcon_core.package_identification:_identify(FYP-AI-Model/runs) by extensions ['cmake', 'python']
[1.066s] Level 1:colcon.colcon_core.package_identification:_identify(FYP-AI-Model/runs) by extension 'cmake'
[1.066s] Level 1:colcon.colcon_core.package_identification:_identify(FYP-AI-Model/runs) by extension 'python'
[1.066s] Level 1:colcon.colcon_core.package_identification:_identify(FYP-AI-Model/runs) by extensions ['python_setup_py']
[1.066s] Level 1:colcon.colcon_core.package_identification:_identify(FYP-AI-Model/runs) by extension 'python_setup_py'
[1.067s] Level 1:colcon.colcon_core.package_identification:_identify(FYP-AI-Model/runs/detect) by extensions ['ignore', 'ignore_ament_install']
[1.068s] Level 1:colcon.colcon_core.package_identification:_identify(FYP-AI-Model/runs/detect) by extension 'ignore'
[1.068s] Level 1:colcon.colcon_core.package_identification:_identify(FYP-AI-Model/runs/detect) by extension 'ignore_ament_install'
[1.068s] Level 1:colcon.colcon_core.package_identification:_identify(FYP-AI-Model/runs/detect) by extensions ['colcon_pkg']
[1.068s] Level 1:colcon.colcon_core.package_identification:_identify(FYP-AI-Model/runs/detect) by extension 'colcon_pkg'
[1.068s] Level 1:colcon.colcon_core.package_identification:_identify(FYP-AI-Model/runs/detect) by extensions ['colcon_meta']
[1.068s] Level 1:colcon.colcon_core.package_identification:_identify(FYP-AI-Model/runs/detect) by extension 'colcon_meta'
[1.068s] Level 1:colcon.colcon_core.package_identification:_identify(FYP-AI-Model/runs/detect) by extensions ['ros']
[1.068s] Level 1:colcon.colcon_core.package_identification:_identify(FYP-AI-Model/runs/detect) by extension 'ros'
[1.068s] Level 1:colcon.colcon_core.package_identification:_identify(FYP-AI-Model/runs/detect) by extensions ['cmake', 'python']
[1.068s] Level 1:colcon.colcon_core.package_identification:_identify(FYP-AI-Model/runs/detect) by extension 'cmake'
[1.068s] Level 1:colcon.colcon_core.package_identification:_identify(FYP-AI-Model/runs/detect) by extension 'python'
[1.069s] Level 1:colcon.colcon_core.package_identification:_identify(FYP-AI-Model/runs/detect) by extensions ['python_setup_py']
[1.069s] Level 1:colcon.colcon_core.package_identification:_identify(FYP-AI-Model/runs/detect) by extension 'python_setup_py'
[1.069s] Level 1:colcon.colcon_core.package_identification:_identify(FYP-AI-Model/runs/detect/predict) by extensions ['ignore', 'ignore_ament_install']
[1.070s] Level 1:colcon.colcon_core.package_identification:_identify(FYP-AI-Model/runs/detect/predict) by extension 'ignore'
[1.070s] Level 1:colcon.colcon_core.package_identification:_identify(FYP-AI-Model/runs/detect/predict) by extension 'ignore_ament_install'
[1.070s] Level 1:colcon.colcon_core.package_identification:_identify(FYP-AI-Model/runs/detect/predict) by extensions ['colcon_pkg']
[1.070s] Level 1:colcon.colcon_core.package_identification:_identify(FYP-AI-Model/runs/detect/predict) by extension 'colcon_pkg'
[1.070s] Level 1:colcon.colcon_core.package_identification:_identify(FYP-AI-Model/runs/detect/predict) by extensions ['colcon_meta']
[1.070s] Level 1:colcon.colcon_core.package_identification:_identify(FYP-AI-Model/runs/detect/predict) by extension 'colcon_meta'
[1.070s] Level 1:colcon.colcon_core.package_identification:_identify(FYP-AI-Model/runs/detect/predict) by extensions ['ros']
[1.071s] Level 1:colcon.colcon_core.package_identification:_identify(FYP-AI-Model/runs/detect/predict) by extension 'ros'
[1.071s] Level 1:colcon.colcon_core.package_identification:_identify(FYP-AI-Model/runs/detect/predict) by extensions ['cmake', 'python']
[1.071s] Level 1:colcon.colcon_core.package_identification:_identify(FYP-AI-Model/runs/detect/predict) by extension 'cmake'
[1.071s] Level 1:colcon.colcon_core.package_identification:_identify(FYP-AI-Model/runs/detect/predict) by extension 'python'
[1.071s] Level 1:colcon.colcon_core.package_identification:_identify(FYP-AI-Model/runs/detect/predict) by extensions ['python_setup_py']
[1.071s] Level 1:colcon.colcon_core.package_identification:_identify(FYP-AI-Model/runs/detect/predict) by extension 'python_setup_py'
[1.073s] Level 1:colcon.colcon_core.package_identification:_identify(FYP-AI-Model/ultralytics) by extensions ['ignore', 'ignore_ament_install']
[1.073s] Level 1:colcon.colcon_core.package_identification:_identify(FYP-AI-Model/ultralytics) by extension 'ignore'
[1.073s] Level 1:colcon.colcon_core.package_identification:_identify(FYP-AI-Model/ultralytics) by extension 'ignore_ament_install'
[1.073s] Level 1:colcon.colcon_core.package_identification:_identify(FYP-AI-Model/ultralytics) by extensions ['colcon_pkg']
[1.074s] Level 1:colcon.colcon_core.package_identification:_identify(FYP-AI-Model/ultralytics) by extension 'colcon_pkg'
[1.074s] Level 1:colcon.colcon_core.package_identification:_identify(FYP-AI-Model/ultralytics) by extensions ['colcon_meta']
[1.074s] Level 1:colcon.colcon_core.package_identification:_identify(FYP-AI-Model/ultralytics) by extension 'colcon_meta'
[1.074s] Level 1:colcon.colcon_core.package_identification:_identify(FYP-AI-Model/ultralytics) by extensions ['ros']
[1.074s] Level 1:colcon.colcon_core.package_identification:_identify(FYP-AI-Model/ultralytics) by extension 'ros'
[1.074s] Level 1:colcon.colcon_core.package_identification:_identify(FYP-AI-Model/ultralytics) by extensions ['cmake', 'python']
[1.074s] Level 1:colcon.colcon_core.package_identification:_identify(FYP-AI-Model/ultralytics) by extension 'cmake'
[1.074s] Level 1:colcon.colcon_core.package_identification:_identify(FYP-AI-Model/ultralytics) by extension 'python'
[1.074s] Level 1:colcon.colcon_core.package_identification:_identify(FYP-AI-Model/ultralytics) by extensions ['python_setup_py']
[1.074s] Level 1:colcon.colcon_core.package_identification:_identify(FYP-AI-Model/ultralytics) by extension 'python_setup_py'
[1.075s] Level 1:colcon.colcon_core.package_identification:_identify(FYP-AI-Model/ultralytics/__pycache__) by extensions ['ignore', 'ignore_ament_install']
[1.075s] Level 1:colcon.colcon_core.package_identification:_identify(FYP-AI-Model/ultralytics/__pycache__) by extension 'ignore'
[1.075s] Level 1:colcon.colcon_core.package_identification:_identify(FYP-AI-Model/ultralytics/__pycache__) by extension 'ignore_ament_install'
[1.075s] Level 1:colcon.colcon_core.package_identification:_identify(FYP-AI-Model/ultralytics/__pycache__) by extensions ['colcon_pkg']
[1.076s] Level 1:colcon.colcon_core.package_identification:_identify(FYP-AI-Model/ultralytics/__pycache__) by extension 'colcon_pkg'
[1.076s] Level 1:colcon.colcon_core.package_identification:_identify(FYP-AI-Model/ultralytics/__pycache__) by extensions ['colcon_meta']
[1.076s] Level 1:colcon.colcon_core.package_identification:_identify(FYP-AI-Model/ultralytics/__pycache__) by extension 'colcon_meta'
[1.076s] Level 1:colcon.colcon_core.package_identification:_identify(FYP-AI-Model/ultralytics/__pycache__) by extensions ['ros']
[1.076s] Level 1:colcon.colcon_core.package_identification:_identify(FYP-AI-Model/ultralytics/__pycache__) by extension 'ros'
[1.076s] Level 1:colcon.colcon_core.package_identification:_identify(FYP-AI-Model/ultralytics/__pycache__) by extensions ['cmake', 'python']
[1.076s] Level 1:colcon.colcon_core.package_identification:_identify(FYP-AI-Model/ultralytics/__pycache__) by extension 'cmake'
[1.076s] Level 1:colcon.colcon_core.package_identification:_identify(FYP-AI-Model/ultralytics/__pycache__) by extension 'python'
[1.076s] Level 1:colcon.colcon_core.package_identification:_identify(FYP-AI-Model/ultralytics/__pycache__) by extensions ['python_setup_py']
[1.076s] Level 1:colcon.colcon_core.package_identification:_identify(FYP-AI-Model/ultralytics/__pycache__) by extension 'python_setup_py'
[1.077s] Level 1:colcon.colcon_core.package_identification:_identify(FYP-AI-Model/ultralytics/hub) by extensions ['ignore', 'ignore_ament_install']
[1.077s] Level 1:colcon.colcon_core.package_identification:_identify(FYP-AI-Model/ultralytics/hub) by extension 'ignore'
[1.077s] Level 1:colcon.colcon_core.package_identification:_identify(FYP-AI-Model/ultralytics/hub) by extension 'ignore_ament_install'
[1.078s] Level 1:colcon.colcon_core.package_identification:_identify(FYP-AI-Model/ultralytics/hub) by extensions ['colcon_pkg']
[1.078s] Level 1:colcon.colcon_core.package_identification:_identify(FYP-AI-Model/ultralytics/hub) by extension 'colcon_pkg'
[1.078s] Level 1:colcon.colcon_core.package_identification:_identify(FYP-AI-Model/ultralytics/hub) by extensions ['colcon_meta']
[1.078s] Level 1:colcon.colcon_core.package_identification:_identify(FYP-AI-Model/ultralytics/hub) by extension 'colcon_meta'
[1.078s] Level 1:colcon.colcon_core.package_identification:_identify(FYP-AI-Model/ultralytics/hub) by extensions ['ros']
[1.078s] Level 1:colcon.colcon_core.package_identification:_identify(FYP-AI-Model/ultralytics/hub) by extension 'ros'
[1.078s] Level 1:colcon.colcon_core.package_identification:_identify(FYP-AI-Model/ultralytics/hub) by extensions ['cmake', 'python']
[1.078s] Level 1:colcon.colcon_core.package_identification:_identify(FYP-AI-Model/ultralytics/hub) by extension 'cmake'
[1.078s] Level 1:colcon.colcon_core.package_identification:_identify(FYP-AI-Model/ultralytics/hub) by extension 'python'
[1.078s] Level 1:colcon.colcon_core.package_identification:_identify(FYP-AI-Model/ultralytics/hub) by extensions ['python_setup_py']
[1.078s] Level 1:colcon.colcon_core.package_identification:_identify(FYP-AI-Model/ultralytics/hub) by extension 'python_setup_py'
[1.080s] Level 1:colcon.colcon_core.package_identification:_identify(FYP-AI-Model/ultralytics/hub/__pycache__) by extensions ['ignore', 'ignore_ament_install']
[1.080s] Level 1:colcon.colcon_core.package_identification:_identify(FYP-AI-Model/ultralytics/hub/__pycache__) by extension 'ignore'
[1.081s] Level 1:colcon.colcon_core.package_identification:_identify(FYP-AI-Model/ultralytics/hub/__pycache__) by extension 'ignore_ament_install'
[1.081s] Level 1:colcon.colcon_core.package_identification:_identify(FYP-AI-Model/ultralytics/hub/__pycache__) by extensions ['colcon_pkg']
[1.081s] Level 1:colcon.colcon_core.package_identification:_identify(FYP-AI-Model/ultralytics/hub/__pycache__) by extension 'colcon_pkg'
[1.081s] Level 1:colcon.colcon_core.package_identification:_identify(FYP-AI-Model/ultralytics/hub/__pycache__) by extensions ['colcon_meta']
[1.081s] Level 1:colcon.colcon_core.package_identification:_identify(FYP-AI-Model/ultralytics/hub/__pycache__) by extension 'colcon_meta'
[1.082s] Level 1:colcon.colcon_core.package_identification:_identify(FYP-AI-Model/ultralytics/hub/__pycache__) by extensions ['ros']
[1.082s] Level 1:colcon.colcon_core.package_identification:_identify(FYP-AI-Model/ultralytics/hub/__pycache__) by extension 'ros'
[1.082s] Level 1:colcon.colcon_core.package_identification:_identify(FYP-AI-Model/ultralytics/hub/__pycache__) by extensions ['cmake', 'python']
[1.082s] Level 1:colcon.colcon_core.package_identification:_identify(FYP-AI-Model/ultralytics/hub/__pycache__) by extension 'cmake'
[1.082s] Level 1:colcon.colcon_core.package_identification:_identify(FYP-AI-Model/ultralytics/hub/__pycache__) by extension 'python'
[1.082s] Level 1:colcon.colcon_core.package_identification:_identify(FYP-AI-Model/ultralytics/hub/__pycache__) by extensions ['python_setup_py']
[1.082s] Level 1:colcon.colcon_core.package_identification:_identify(FYP-AI-Model/ultralytics/hub/__pycache__) by extension 'python_setup_py'
[1.083s] Level 1:colcon.colcon_core.package_identification:_identify(FYP-AI-Model/ultralytics/models) by extensions ['ignore', 'ignore_ament_install']
[1.083s] Level 1:colcon.colcon_core.package_identification:_identify(FYP-AI-Model/ultralytics/models) by extension 'ignore'
[1.084s] Level 1:colcon.colcon_core.package_identification:_identify(FYP-AI-Model/ultralytics/models) by extension 'ignore_ament_install'
[1.084s] Level 1:colcon.colcon_core.package_identification:_identify(FYP-AI-Model/ultralytics/models) by extensions ['colcon_pkg']
[1.084s] Level 1:colcon.colcon_core.package_identification:_identify(FYP-AI-Model/ultralytics/models) by extension 'colcon_pkg'
[1.084s] Level 1:colcon.colcon_core.package_identification:_identify(FYP-AI-Model/ultralytics/models) by extensions ['colcon_meta']
[1.084s] Level 1:colcon.colcon_core.package_identification:_identify(FYP-AI-Model/ultralytics/models) by extension 'colcon_meta'
[1.084s] Level 1:colcon.colcon_core.package_identification:_identify(FYP-AI-Model/ultralytics/models) by extensions ['ros']
[1.084s] Level 1:colcon.colcon_core.package_identification:_identify(FYP-AI-Model/ultralytics/models) by extension 'ros'
[1.084s] Level 1:colcon.colcon_core.package_identification:_identify(FYP-AI-Model/ultralytics/models) by extensions ['cmake', 'python']
[1.084s] Level 1:colcon.colcon_core.package_identification:_identify(FYP-AI-Model/ultralytics/models) by extension 'cmake'
[1.084s] Level 1:colcon.colcon_core.package_identification:_identify(FYP-AI-Model/ultralytics/models) by extension 'python'
[1.085s] Level 1:colcon.colcon_core.package_identification:_identify(FYP-AI-Model/ultralytics/models) by extensions ['python_setup_py']
[1.085s] Level 1:colcon.colcon_core.package_identification:_identify(FYP-AI-Model/ultralytics/models) by extension 'python_setup_py'
[1.085s] Level 1:colcon.colcon_core.package_identification:_identify(FYP-AI-Model/ultralytics/models/v3) by extensions ['ignore', 'ignore_ament_install']
[1.086s] Level 1:colcon.colcon_core.package_identification:_identify(FYP-AI-Model/ultralytics/models/v3) by extension 'ignore'
[1.086s] Level 1:colcon.colcon_core.package_identification:_identify(FYP-AI-Model/ultralytics/models/v3) by extension 'ignore_ament_install'
[1.086s] Level 1:colcon.colcon_core.package_identification:_identify(FYP-AI-Model/ultralytics/models/v3) by extensions ['colcon_pkg']
[1.086s] Level 1:colcon.colcon_core.package_identification:_identify(FYP-AI-Model/ultralytics/models/v3) by extension 'colcon_pkg'
[1.086s] Level 1:colcon.colcon_core.package_identification:_identify(FYP-AI-Model/ultralytics/models/v3) by extensions ['colcon_meta']
[1.086s] Level 1:colcon.colcon_core.package_identification:_identify(FYP-AI-Model/ultralytics/models/v3) by extension 'colcon_meta'
[1.086s] Level 1:colcon.colcon_core.package_identification:_identify(FYP-AI-Model/ultralytics/models/v3) by extensions ['ros']
[1.086s] Level 1:colcon.colcon_core.package_identification:_identify(FYP-AI-Model/ultralytics/models/v3) by extension 'ros'
[1.086s] Level 1:colcon.colcon_core.package_identification:_identify(FYP-AI-Model/ultralytics/models/v3) by extensions ['cmake', 'python']
[1.086s] Level 1:colcon.colcon_core.package_identification:_identify(FYP-AI-Model/ultralytics/models/v3) by extension 'cmake'
[1.086s] Level 1:colcon.colcon_core.package_identification:_identify(FYP-AI-Model/ultralytics/models/v3) by extension 'python'
[1.086s] Level 1:colcon.colcon_core.package_identification:_identify(FYP-AI-Model/ultralytics/models/v3) by extensions ['python_setup_py']
[1.086s] Level 1:colcon.colcon_core.package_identification:_identify(FYP-AI-Model/ultralytics/models/v3) by extension 'python_setup_py'
[1.087s] Level 1:colcon.colcon_core.package_identification:_identify(FYP-AI-Model/ultralytics/models/v5) by extensions ['ignore', 'ignore_ament_install']
[1.088s] Level 1:colcon.colcon_core.package_identification:_identify(FYP-AI-Model/ultralytics/models/v5) by extension 'ignore'
[1.088s] Level 1:colcon.colcon_core.package_identification:_identify(FYP-AI-Model/ultralytics/models/v5) by extension 'ignore_ament_install'
[1.088s] Level 1:colcon.colcon_core.package_identification:_identify(FYP-AI-Model/ultralytics/models/v5) by extensions ['colcon_pkg']
[1.088s] Level 1:colcon.colcon_core.package_identification:_identify(FYP-AI-Model/ultralytics/models/v5) by extension 'colcon_pkg'
[1.088s] Level 1:colcon.colcon_core.package_identification:_identify(FYP-AI-Model/ultralytics/models/v5) by extensions ['colcon_meta']
[1.088s] Level 1:colcon.colcon_core.package_identification:_identify(FYP-AI-Model/ultralytics/models/v5) by extension 'colcon_meta'
[1.088s] Level 1:colcon.colcon_core.package_identification:_identify(FYP-AI-Model/ultralytics/models/v5) by extensions ['ros']
[1.088s] Level 1:colcon.colcon_core.package_identification:_identify(FYP-AI-Model/ultralytics/models/v5) by extension 'ros'
[1.089s] Level 1:colcon.colcon_core.package_identification:_identify(FYP-AI-Model/ultralytics/models/v5) by extensions ['cmake', 'python']
[1.089s] Level 1:colcon.colcon_core.package_identification:_identify(FYP-AI-Model/ultralytics/models/v5) by extension 'cmake'
[1.089s] Level 1:colcon.colcon_core.package_identification:_identify(FYP-AI-Model/ultralytics/models/v5) by extension 'python'
[1.089s] Level 1:colcon.colcon_core.package_identification:_identify(FYP-AI-Model/ultralytics/models/v5) by extensions ['python_setup_py']
[1.089s] Level 1:colcon.colcon_core.package_identification:_identify(FYP-AI-Model/ultralytics/models/v5) by extension 'python_setup_py'
[1.090s] Level 1:colcon.colcon_core.package_identification:_identify(FYP-AI-Model/ultralytics/models/v8) by extensions ['ignore', 'ignore_ament_install']
[1.091s] Level 1:colcon.colcon_core.package_identification:_identify(FYP-AI-Model/ultralytics/models/v8) by extension 'ignore'
[1.091s] Level 1:colcon.colcon_core.package_identification:_identify(FYP-AI-Model/ultralytics/models/v8) by extension 'ignore_ament_install'
[1.091s] Level 1:colcon.colcon_core.package_identification:_identify(FYP-AI-Model/ultralytics/models/v8) by extensions ['colcon_pkg']
[1.091s] Level 1:colcon.colcon_core.package_identification:_identify(FYP-AI-Model/ultralytics/models/v8) by extension 'colcon_pkg'
[1.091s] Level 1:colcon.colcon_core.package_identification:_identify(FYP-AI-Model/ultralytics/models/v8) by extensions ['colcon_meta']
[1.091s] Level 1:colcon.colcon_core.package_identification:_identify(FYP-AI-Model/ultralytics/models/v8) by extension 'colcon_meta'
[1.091s] Level 1:colcon.colcon_core.package_identification:_identify(FYP-AI-Model/ultralytics/models/v8) by extensions ['ros']
[1.091s] Level 1:colcon.colcon_core.package_identification:_identify(FYP-AI-Model/ultralytics/models/v8) by extension 'ros'
[1.092s] Level 1:colcon.colcon_core.package_identification:_identify(FYP-AI-Model/ultralytics/models/v8) by extensions ['cmake', 'python']
[1.092s] Level 1:colcon.colcon_core.package_identification:_identify(FYP-AI-Model/ultralytics/models/v8) by extension 'cmake'
[1.092s] Level 1:colcon.colcon_core.package_identification:_identify(FYP-AI-Model/ultralytics/models/v8) by extension 'python'
[1.092s] Level 1:colcon.colcon_core.package_identification:_identify(FYP-AI-Model/ultralytics/models/v8) by extensions ['python_setup_py']
[1.092s] Level 1:colcon.colcon_core.package_identification:_identify(FYP-AI-Model/ultralytics/models/v8) by extension 'python_setup_py'
[1.094s] Level 1:colcon.colcon_core.package_identification:_identify(FYP-AI-Model/ultralytics/models/v8/cls) by extensions ['ignore', 'ignore_ament_install']
[1.094s] Level 1:colcon.colcon_core.package_identification:_identify(FYP-AI-Model/ultralytics/models/v8/cls) by extension 'ignore'
[1.094s] Level 1:colcon.colcon_core.package_identification:_identify(FYP-AI-Model/ultralytics/models/v8/cls) by extension 'ignore_ament_install'
[1.094s] Level 1:colcon.colcon_core.package_identification:_identify(FYP-AI-Model/ultralytics/models/v8/cls) by extensions ['colcon_pkg']
[1.095s] Level 1:colcon.colcon_core.package_identification:_identify(FYP-AI-Model/ultralytics/models/v8/cls) by extension 'colcon_pkg'
[1.095s] Level 1:colcon.colcon_core.package_identification:_identify(FYP-AI-Model/ultralytics/models/v8/cls) by extensions ['colcon_meta']
[1.096s] Level 1:colcon.colcon_core.package_identification:_identify(FYP-AI-Model/ultralytics/models/v8/cls) by extension 'colcon_meta'
[1.096s] Level 1:colcon.colcon_core.package_identification:_identify(FYP-AI-Model/ultralytics/models/v8/cls) by extensions ['ros']
[1.096s] Level 1:colcon.colcon_core.package_identification:_identify(FYP-AI-Model/ultralytics/models/v8/cls) by extension 'ros'
[1.096s] Level 1:colcon.colcon_core.package_identification:_identify(FYP-AI-Model/ultralytics/models/v8/cls) by extensions ['cmake', 'python']
[1.096s] Level 1:colcon.colcon_core.package_identification:_identify(FYP-AI-Model/ultralytics/models/v8/cls) by extension 'cmake'
[1.096s] Level 1:colcon.colcon_core.package_identification:_identify(FYP-AI-Model/ultralytics/models/v8/cls) by extension 'python'
[1.097s] Level 1:colcon.colcon_core.package_identification:_identify(FYP-AI-Model/ultralytics/models/v8/cls) by extensions ['python_setup_py']
[1.097s] Level 1:colcon.colcon_core.package_identification:_identify(FYP-AI-Model/ultralytics/models/v8/cls) by extension 'python_setup_py'
[1.097s] Level 1:colcon.colcon_core.package_identification:_identify(FYP-AI-Model/ultralytics/models/v8/seg) by extensions ['ignore', 'ignore_ament_install']
[1.098s] Level 1:colcon.colcon_core.package_identification:_identify(FYP-AI-Model/ultralytics/models/v8/seg) by extension 'ignore'
[1.098s] Level 1:colcon.colcon_core.package_identification:_identify(FYP-AI-Model/ultralytics/models/v8/seg) by extension 'ignore_ament_install'
[1.098s] Level 1:colcon.colcon_core.package_identification:_identify(FYP-AI-Model/ultralytics/models/v8/seg) by extensions ['colcon_pkg']
[1.098s] Level 1:colcon.colcon_core.package_identification:_identify(FYP-AI-Model/ultralytics/models/v8/seg) by extension 'colcon_pkg'
[1.098s] Level 1:colcon.colcon_core.package_identification:_identify(FYP-AI-Model/ultralytics/models/v8/seg) by extensions ['colcon_meta']
[1.099s] Level 1:colcon.colcon_core.package_identification:_identify(FYP-AI-Model/ultralytics/models/v8/seg) by extension 'colcon_meta'
[1.099s] Level 1:colcon.colcon_core.package_identification:_identify(FYP-AI-Model/ultralytics/models/v8/seg) by extensions ['ros']
[1.099s] Level 1:colcon.colcon_core.package_identification:_identify(FYP-AI-Model/ultralytics/models/v8/seg) by extension 'ros'
[1.099s] Level 1:colcon.colcon_core.package_identification:_identify(FYP-AI-Model/ultralytics/models/v8/seg) by extensions ['cmake', 'python']
[1.099s] Level 1:colcon.colcon_core.package_identification:_identify(FYP-AI-Model/ultralytics/models/v8/seg) by extension 'cmake'
[1.099s] Level 1:colcon.colcon_core.package_identification:_identify(FYP-AI-Model/ultralytics/models/v8/seg) by extension 'python'
[1.099s] Level 1:colcon.colcon_core.package_identification:_identify(FYP-AI-Model/ultralytics/models/v8/seg) by extensions ['python_setup_py']
[1.099s] Level 1:colcon.colcon_core.package_identification:_identify(FYP-AI-Model/ultralytics/models/v8/seg) by extension 'python_setup_py'
[1.100s] Level 1:colcon.colcon_core.package_identification:_identify(FYP-AI-Model/ultralytics/nn) by extensions ['ignore', 'ignore_ament_install']
[1.100s] Level 1:colcon.colcon_core.package_identification:_identify(FYP-AI-Model/ultralytics/nn) by extension 'ignore'
[1.100s] Level 1:colcon.colcon_core.package_identification:_identify(FYP-AI-Model/ultralytics/nn) by extension 'ignore_ament_install'
[1.101s] Level 1:colcon.colcon_core.package_identification:_identify(FYP-AI-Model/ultralytics/nn) by extensions ['colcon_pkg']
[1.101s] Level 1:colcon.colcon_core.package_identification:_identify(FYP-AI-Model/ultralytics/nn) by extension 'colcon_pkg'
[1.101s] Level 1:colcon.colcon_core.package_identification:_identify(FYP-AI-Model/ultralytics/nn) by extensions ['colcon_meta']
[1.101s] Level 1:colcon.colcon_core.package_identification:_identify(FYP-AI-Model/ultralytics/nn) by extension 'colcon_meta'
[1.101s] Level 1:colcon.colcon_core.package_identification:_identify(FYP-AI-Model/ultralytics/nn) by extensions ['ros']
[1.101s] Level 1:colcon.colcon_core.package_identification:_identify(FYP-AI-Model/ultralytics/nn) by extension 'ros'
[1.101s] Level 1:colcon.colcon_core.package_identification:_identify(FYP-AI-Model/ultralytics/nn) by extensions ['cmake', 'python']
[1.101s] Level 1:colcon.colcon_core.package_identification:_identify(FYP-AI-Model/ultralytics/nn) by extension 'cmake'
[1.101s] Level 1:colcon.colcon_core.package_identification:_identify(FYP-AI-Model/ultralytics/nn) by extension 'python'
[1.101s] Level 1:colcon.colcon_core.package_identification:_identify(FYP-AI-Model/ultralytics/nn) by extensions ['python_setup_py']
[1.101s] Level 1:colcon.colcon_core.package_identification:_identify(FYP-AI-Model/ultralytics/nn) by extension 'python_setup_py'
[1.102s] Level 1:colcon.colcon_core.package_identification:_identify(FYP-AI-Model/ultralytics/nn/__pycache__) by extensions ['ignore', 'ignore_ament_install']
[1.102s] Level 1:colcon.colcon_core.package_identification:_identify(FYP-AI-Model/ultralytics/nn/__pycache__) by extension 'ignore'
[1.103s] Level 1:colcon.colcon_core.package_identification:_identify(FYP-AI-Model/ultralytics/nn/__pycache__) by extension 'ignore_ament_install'
[1.103s] Level 1:colcon.colcon_core.package_identification:_identify(FYP-AI-Model/ultralytics/nn/__pycache__) by extensions ['colcon_pkg']
[1.103s] Level 1:colcon.colcon_core.package_identification:_identify(FYP-AI-Model/ultralytics/nn/__pycache__) by extension 'colcon_pkg'
[1.103s] Level 1:colcon.colcon_core.package_identification:_identify(FYP-AI-Model/ultralytics/nn/__pycache__) by extensions ['colcon_meta']
[1.103s] Level 1:colcon.colcon_core.package_identification:_identify(FYP-AI-Model/ultralytics/nn/__pycache__) by extension 'colcon_meta'
[1.103s] Level 1:colcon.colcon_core.package_identification:_identify(FYP-AI-Model/ultralytics/nn/__pycache__) by extensions ['ros']
[1.103s] Level 1:colcon.colcon_core.package_identification:_identify(FYP-AI-Model/ultralytics/nn/__pycache__) by extension 'ros'
[1.103s] Level 1:colcon.colcon_core.package_identification:_identify(FYP-AI-Model/ultralytics/nn/__pycache__) by extensions ['cmake', 'python']
[1.103s] Level 1:colcon.colcon_core.package_identification:_identify(FYP-AI-Model/ultralytics/nn/__pycache__) by extension 'cmake'
[1.103s] Level 1:colcon.colcon_core.package_identification:_identify(FYP-AI-Model/ultralytics/nn/__pycache__) by extension 'python'
[1.104s] Level 1:colcon.colcon_core.package_identification:_identify(FYP-AI-Model/ultralytics/nn/__pycache__) by extensions ['python_setup_py']
[1.104s] Level 1:colcon.colcon_core.package_identification:_identify(FYP-AI-Model/ultralytics/nn/__pycache__) by extension 'python_setup_py'
[1.105s] Level 1:colcon.colcon_core.package_identification:_identify(FYP-AI-Model/ultralytics/yolo) by extensions ['ignore', 'ignore_ament_install']
[1.105s] Level 1:colcon.colcon_core.package_identification:_identify(FYP-AI-Model/ultralytics/yolo) by extension 'ignore'
[1.105s] Level 1:colcon.colcon_core.package_identification:_identify(FYP-AI-Model/ultralytics/yolo) by extension 'ignore_ament_install'
[1.105s] Level 1:colcon.colcon_core.package_identification:_identify(FYP-AI-Model/ultralytics/yolo) by extensions ['colcon_pkg']
[1.105s] Level 1:colcon.colcon_core.package_identification:_identify(FYP-AI-Model/ultralytics/yolo) by extension 'colcon_pkg'
[1.105s] Level 1:colcon.colcon_core.package_identification:_identify(FYP-AI-Model/ultralytics/yolo) by extensions ['colcon_meta']
[1.105s] Level 1:colcon.colcon_core.package_identification:_identify(FYP-AI-Model/ultralytics/yolo) by extension 'colcon_meta'
[1.106s] Level 1:colcon.colcon_core.package_identification:_identify(FYP-AI-Model/ultralytics/yolo) by extensions ['ros']
[1.106s] Level 1:colcon.colcon_core.package_identification:_identify(FYP-AI-Model/ultralytics/yolo) by extension 'ros'
[1.106s] Level 1:colcon.colcon_core.package_identification:_identify(FYP-AI-Model/ultralytics/yolo) by extensions ['cmake', 'python']
[1.106s] Level 1:colcon.colcon_core.package_identification:_identify(FYP-AI-Model/ultralytics/yolo) by extension 'cmake'
[1.106s] Level 1:colcon.colcon_core.package_identification:_identify(FYP-AI-Model/ultralytics/yolo) by extension 'python'
[1.106s] Level 1:colcon.colcon_core.package_identification:_identify(FYP-AI-Model/ultralytics/yolo) by extensions ['python_setup_py']
[1.106s] Level 1:colcon.colcon_core.package_identification:_identify(FYP-AI-Model/ultralytics/yolo) by extension 'python_setup_py'
[1.107s] Level 1:colcon.colcon_core.package_identification:_identify(FYP-AI-Model/ultralytics/yolo/configs) by extensions ['ignore', 'ignore_ament_install']
[1.107s] Level 1:colcon.colcon_core.package_identification:_identify(FYP-AI-Model/ultralytics/yolo/configs) by extension 'ignore'
[1.107s] Level 1:colcon.colcon_core.package_identification:_identify(FYP-AI-Model/ultralytics/yolo/configs) by extension 'ignore_ament_install'
[1.108s] Level 1:colcon.colcon_core.package_identification:_identify(FYP-AI-Model/ultralytics/yolo/configs) by extensions ['colcon_pkg']
[1.108s] Level 1:colcon.colcon_core.package_identification:_identify(FYP-AI-Model/ultralytics/yolo/configs) by extension 'colcon_pkg'
[1.108s] Level 1:colcon.colcon_core.package_identification:_identify(FYP-AI-Model/ultralytics/yolo/configs) by extensions ['colcon_meta']
[1.108s] Level 1:colcon.colcon_core.package_identification:_identify(FYP-AI-Model/ultralytics/yolo/configs) by extension 'colcon_meta'
[1.108s] Level 1:colcon.colcon_core.package_identification:_identify(FYP-AI-Model/ultralytics/yolo/configs) by extensions ['ros']
[1.108s] Level 1:colcon.colcon_core.package_identification:_identify(FYP-AI-Model/ultralytics/yolo/configs) by extension 'ros'
[1.108s] Level 1:colcon.colcon_core.package_identification:_identify(FYP-AI-Model/ultralytics/yolo/configs) by extensions ['cmake', 'python']
[1.108s] Level 1:colcon.colcon_core.package_identification:_identify(FYP-AI-Model/ultralytics/yolo/configs) by extension 'cmake'
[1.108s] Level 1:colcon.colcon_core.package_identification:_identify(FYP-AI-Model/ultralytics/yolo/configs) by extension 'python'
[1.108s] Level 1:colcon.colcon_core.package_identification:_identify(FYP-AI-Model/ultralytics/yolo/configs) by extensions ['python_setup_py']
[1.108s] Level 1:colcon.colcon_core.package_identification:_identify(FYP-AI-Model/ultralytics/yolo/configs) by extension 'python_setup_py'
[1.109s] Level 1:colcon.colcon_core.package_identification:_identify(FYP-AI-Model/ultralytics/yolo/configs/__pycache__) by extensions ['ignore', 'ignore_ament_install']
[1.109s] Level 1:colcon.colcon_core.package_identification:_identify(FYP-AI-Model/ultralytics/yolo/configs/__pycache__) by extension 'ignore'
[1.110s] Level 1:colcon.colcon_core.package_identification:_identify(FYP-AI-Model/ultralytics/yolo/configs/__pycache__) by extension 'ignore_ament_install'
[1.110s] Level 1:colcon.colcon_core.package_identification:_identify(FYP-AI-Model/ultralytics/yolo/configs/__pycache__) by extensions ['colcon_pkg']
[1.110s] Level 1:colcon.colcon_core.package_identification:_identify(FYP-AI-Model/ultralytics/yolo/configs/__pycache__) by extension 'colcon_pkg'
[1.110s] Level 1:colcon.colcon_core.package_identification:_identify(FYP-AI-Model/ultralytics/yolo/configs/__pycache__) by extensions ['colcon_meta']
[1.110s] Level 1:colcon.colcon_core.package_identification:_identify(FYP-AI-Model/ultralytics/yolo/configs/__pycache__) by extension 'colcon_meta'
[1.110s] Level 1:colcon.colcon_core.package_identification:_identify(FYP-AI-Model/ultralytics/yolo/configs/__pycache__) by extensions ['ros']
[1.110s] Level 1:colcon.colcon_core.package_identification:_identify(FYP-AI-Model/ultralytics/yolo/configs/__pycache__) by extension 'ros'
[1.111s] Level 1:colcon.colcon_core.package_identification:_identify(FYP-AI-Model/ultralytics/yolo/configs/__pycache__) by extensions ['cmake', 'python']
[1.111s] Level 1:colcon.colcon_core.package_identification:_identify(FYP-AI-Model/ultralytics/yolo/configs/__pycache__) by extension 'cmake'
[1.111s] Level 1:colcon.colcon_core.package_identification:_identify(FYP-AI-Model/ultralytics/yolo/configs/__pycache__) by extension 'python'
[1.111s] Level 1:colcon.colcon_core.package_identification:_identify(FYP-AI-Model/ultralytics/yolo/configs/__pycache__) by extensions ['python_setup_py']
[1.111s] Level 1:colcon.colcon_core.package_identification:_identify(FYP-AI-Model/ultralytics/yolo/configs/__pycache__) by extension 'python_setup_py'
[1.112s] Level 1:colcon.colcon_core.package_identification:_identify(FYP-AI-Model/ultralytics/yolo/data) by extensions ['ignore', 'ignore_ament_install']
[1.112s] Level 1:colcon.colcon_core.package_identification:_identify(FYP-AI-Model/ultralytics/yolo/data) by extension 'ignore'
[1.113s] Level 1:colcon.colcon_core.package_identification:_identify(FYP-AI-Model/ultralytics/yolo/data) by extension 'ignore_ament_install'
[1.113s] Level 1:colcon.colcon_core.package_identification:_identify(FYP-AI-Model/ultralytics/yolo/data) by extensions ['colcon_pkg']
[1.113s] Level 1:colcon.colcon_core.package_identification:_identify(FYP-AI-Model/ultralytics/yolo/data) by extension 'colcon_pkg'
[1.113s] Level 1:colcon.colcon_core.package_identification:_identify(FYP-AI-Model/ultralytics/yolo/data) by extensions ['colcon_meta']
[1.113s] Level 1:colcon.colcon_core.package_identification:_identify(FYP-AI-Model/ultralytics/yolo/data) by extension 'colcon_meta'
[1.113s] Level 1:colcon.colcon_core.package_identification:_identify(FYP-AI-Model/ultralytics/yolo/data) by extensions ['ros']
[1.113s] Level 1:colcon.colcon_core.package_identification:_identify(FYP-AI-Model/ultralytics/yolo/data) by extension 'ros'
[1.113s] Level 1:colcon.colcon_core.package_identification:_identify(FYP-AI-Model/ultralytics/yolo/data) by extensions ['cmake', 'python']
[1.114s] Level 1:colcon.colcon_core.package_identification:_identify(FYP-AI-Model/ultralytics/yolo/data) by extension 'cmake'
[1.114s] Level 1:colcon.colcon_core.package_identification:_identify(FYP-AI-Model/ultralytics/yolo/data) by extension 'python'
[1.114s] Level 1:colcon.colcon_core.package_identification:_identify(FYP-AI-Model/ultralytics/yolo/data) by extensions ['python_setup_py']
[1.114s] Level 1:colcon.colcon_core.package_identification:_identify(FYP-AI-Model/ultralytics/yolo/data) by extension 'python_setup_py'
[1.115s] Level 1:colcon.colcon_core.package_identification:_identify(FYP-AI-Model/ultralytics/yolo/data/__pycache__) by extensions ['ignore', 'ignore_ament_install']
[1.115s] Level 1:colcon.colcon_core.package_identification:_identify(FYP-AI-Model/ultralytics/yolo/data/__pycache__) by extension 'ignore'
[1.115s] Level 1:colcon.colcon_core.package_identification:_identify(FYP-AI-Model/ultralytics/yolo/data/__pycache__) by extension 'ignore_ament_install'
[1.115s] Level 1:colcon.colcon_core.package_identification:_identify(FYP-AI-Model/ultralytics/yolo/data/__pycache__) by extensions ['colcon_pkg']
[1.115s] Level 1:colcon.colcon_core.package_identification:_identify(FYP-AI-Model/ultralytics/yolo/data/__pycache__) by extension 'colcon_pkg'
[1.116s] Level 1:colcon.colcon_core.package_identification:_identify(FYP-AI-Model/ultralytics/yolo/data/__pycache__) by extensions ['colcon_meta']
[1.116s] Level 1:colcon.colcon_core.package_identification:_identify(FYP-AI-Model/ultralytics/yolo/data/__pycache__) by extension 'colcon_meta'
[1.116s] Level 1:colcon.colcon_core.package_identification:_identify(FYP-AI-Model/ultralytics/yolo/data/__pycache__) by extensions ['ros']
[1.116s] Level 1:colcon.colcon_core.package_identification:_identify(FYP-AI-Model/ultralytics/yolo/data/__pycache__) by extension 'ros'
[1.116s] Level 1:colcon.colcon_core.package_identification:_identify(FYP-AI-Model/ultralytics/yolo/data/__pycache__) by extensions ['cmake', 'python']
[1.116s] Level 1:colcon.colcon_core.package_identification:_identify(FYP-AI-Model/ultralytics/yolo/data/__pycache__) by extension 'cmake'
[1.116s] Level 1:colcon.colcon_core.package_identification:_identify(FYP-AI-Model/ultralytics/yolo/data/__pycache__) by extension 'python'
[1.116s] Level 1:colcon.colcon_core.package_identification:_identify(FYP-AI-Model/ultralytics/yolo/data/__pycache__) by extensions ['python_setup_py']
[1.116s] Level 1:colcon.colcon_core.package_identification:_identify(FYP-AI-Model/ultralytics/yolo/data/__pycache__) by extension 'python_setup_py'
[1.118s] Level 1:colcon.colcon_core.package_identification:_identify(FYP-AI-Model/ultralytics/yolo/data/dataloaders) by extensions ['ignore', 'ignore_ament_install']
[1.119s] Level 1:colcon.colcon_core.package_identification:_identify(FYP-AI-Model/ultralytics/yolo/data/dataloaders) by extension 'ignore'
[1.119s] Level 1:colcon.colcon_core.package_identification:_identify(FYP-AI-Model/ultralytics/yolo/data/dataloaders) by extension 'ignore_ament_install'
[1.119s] Level 1:colcon.colcon_core.package_identification:_identify(FYP-AI-Model/ultralytics/yolo/data/dataloaders) by extensions ['colcon_pkg']
[1.119s] Level 1:colcon.colcon_core.package_identification:_identify(FYP-AI-Model/ultralytics/yolo/data/dataloaders) by extension 'colcon_pkg'
[1.119s] Level 1:colcon.colcon_core.package_identification:_identify(FYP-AI-Model/ultralytics/yolo/data/dataloaders) by extensions ['colcon_meta']
[1.119s] Level 1:colcon.colcon_core.package_identification:_identify(FYP-AI-Model/ultralytics/yolo/data/dataloaders) by extension 'colcon_meta'
[1.119s] Level 1:colcon.colcon_core.package_identification:_identify(FYP-AI-Model/ultralytics/yolo/data/dataloaders) by extensions ['ros']
[1.119s] Level 1:colcon.colcon_core.package_identification:_identify(FYP-AI-Model/ultralytics/yolo/data/dataloaders) by extension 'ros'
[1.120s] Level 1:colcon.colcon_core.package_identification:_identify(FYP-AI-Model/ultralytics/yolo/data/dataloaders) by extensions ['cmake', 'python']
[1.120s] Level 1:colcon.colcon_core.package_identification:_identify(FYP-AI-Model/ultralytics/yolo/data/dataloaders) by extension 'cmake'
[1.120s] Level 1:colcon.colcon_core.package_identification:_identify(FYP-AI-Model/ultralytics/yolo/data/dataloaders) by extension 'python'
[1.120s] Level 1:colcon.colcon_core.package_identification:_identify(FYP-AI-Model/ultralytics/yolo/data/dataloaders) by extensions ['python_setup_py']
[1.120s] Level 1:colcon.colcon_core.package_identification:_identify(FYP-AI-Model/ultralytics/yolo/data/dataloaders) by extension 'python_setup_py'
[1.122s] Level 1:colcon.colcon_core.package_identification:_identify(FYP-AI-Model/ultralytics/yolo/data/dataloaders/__pycache__) by extensions ['ignore', 'ignore_ament_install']
[1.122s] Level 1:colcon.colcon_core.package_identification:_identify(FYP-AI-Model/ultralytics/yolo/data/dataloaders/__pycache__) by extension 'ignore'
[1.122s] Level 1:colcon.colcon_core.package_identification:_identify(FYP-AI-Model/ultralytics/yolo/data/dataloaders/__pycache__) by extension 'ignore_ament_install'
[1.122s] Level 1:colcon.colcon_core.package_identification:_identify(FYP-AI-Model/ultralytics/yolo/data/dataloaders/__pycache__) by extensions ['colcon_pkg']
[1.122s] Level 1:colcon.colcon_core.package_identification:_identify(FYP-AI-Model/ultralytics/yolo/data/dataloaders/__pycache__) by extension 'colcon_pkg'
[1.123s] Level 1:colcon.colcon_core.package_identification:_identify(FYP-AI-Model/ultralytics/yolo/data/dataloaders/__pycache__) by extensions ['colcon_meta']
[1.123s] Level 1:colcon.colcon_core.package_identification:_identify(FYP-AI-Model/ultralytics/yolo/data/dataloaders/__pycache__) by extension 'colcon_meta'
[1.123s] Level 1:colcon.colcon_core.package_identification:_identify(FYP-AI-Model/ultralytics/yolo/data/dataloaders/__pycache__) by extensions ['ros']
[1.123s] Level 1:colcon.colcon_core.package_identification:_identify(FYP-AI-Model/ultralytics/yolo/data/dataloaders/__pycache__) by extension 'ros'
[1.123s] Level 1:colcon.colcon_core.package_identification:_identify(FYP-AI-Model/ultralytics/yolo/data/dataloaders/__pycache__) by extensions ['cmake', 'python']
[1.123s] Level 1:colcon.colcon_core.package_identification:_identify(FYP-AI-Model/ultralytics/yolo/data/dataloaders/__pycache__) by extension 'cmake'
[1.123s] Level 1:colcon.colcon_core.package_identification:_identify(FYP-AI-Model/ultralytics/yolo/data/dataloaders/__pycache__) by extension 'python'
[1.123s] Level 1:colcon.colcon_core.package_identification:_identify(FYP-AI-Model/ultralytics/yolo/data/dataloaders/__pycache__) by extensions ['python_setup_py']
[1.123s] Level 1:colcon.colcon_core.package_identification:_identify(FYP-AI-Model/ultralytics/yolo/data/dataloaders/__pycache__) by extension 'python_setup_py'
[1.124s] Level 1:colcon.colcon_core.package_identification:_identify(FYP-AI-Model/ultralytics/yolo/data/datasets) by extensions ['ignore', 'ignore_ament_install']
[1.124s] Level 1:colcon.colcon_core.package_identification:_identify(FYP-AI-Model/ultralytics/yolo/data/datasets) by extension 'ignore'
[1.124s] Level 1:colcon.colcon_core.package_identification:_identify(FYP-AI-Model/ultralytics/yolo/data/datasets) by extension 'ignore_ament_install'
[1.125s] Level 1:colcon.colcon_core.package_identification:_identify(FYP-AI-Model/ultralytics/yolo/data/datasets) by extensions ['colcon_pkg']
[1.125s] Level 1:colcon.colcon_core.package_identification:_identify(FYP-AI-Model/ultralytics/yolo/data/datasets) by extension 'colcon_pkg'
[1.125s] Level 1:colcon.colcon_core.package_identification:_identify(FYP-AI-Model/ultralytics/yolo/data/datasets) by extensions ['colcon_meta']
[1.125s] Level 1:colcon.colcon_core.package_identification:_identify(FYP-AI-Model/ultralytics/yolo/data/datasets) by extension 'colcon_meta'
[1.125s] Level 1:colcon.colcon_core.package_identification:_identify(FYP-AI-Model/ultralytics/yolo/data/datasets) by extensions ['ros']
[1.125s] Level 1:colcon.colcon_core.package_identification:_identify(FYP-AI-Model/ultralytics/yolo/data/datasets) by extension 'ros'
[1.125s] Level 1:colcon.colcon_core.package_identification:_identify(FYP-AI-Model/ultralytics/yolo/data/datasets) by extensions ['cmake', 'python']
[1.126s] Level 1:colcon.colcon_core.package_identification:_identify(FYP-AI-Model/ultralytics/yolo/data/datasets) by extension 'cmake'
[1.126s] Level 1:colcon.colcon_core.package_identification:_identify(FYP-AI-Model/ultralytics/yolo/data/datasets) by extension 'python'
[1.126s] Level 1:colcon.colcon_core.package_identification:_identify(FYP-AI-Model/ultralytics/yolo/data/datasets) by extensions ['python_setup_py']
[1.126s] Level 1:colcon.colcon_core.package_identification:_identify(FYP-AI-Model/ultralytics/yolo/data/datasets) by extension 'python_setup_py'
[1.127s] Level 1:colcon.colcon_core.package_identification:_identify(FYP-AI-Model/ultralytics/yolo/data/scripts) by extensions ['ignore', 'ignore_ament_install']
[1.127s] Level 1:colcon.colcon_core.package_identification:_identify(FYP-AI-Model/ultralytics/yolo/data/scripts) by extension 'ignore'
[1.128s] Level 1:colcon.colcon_core.package_identification:_identify(FYP-AI-Model/ultralytics/yolo/data/scripts) by extension 'ignore_ament_install'
[1.128s] Level 1:colcon.colcon_core.package_identification:_identify(FYP-AI-Model/ultralytics/yolo/data/scripts) by extensions ['colcon_pkg']
[1.128s] Level 1:colcon.colcon_core.package_identification:_identify(FYP-AI-Model/ultralytics/yolo/data/scripts) by extension 'colcon_pkg'
[1.128s] Level 1:colcon.colcon_core.package_identification:_identify(FYP-AI-Model/ultralytics/yolo/data/scripts) by extensions ['colcon_meta']
[1.128s] Level 1:colcon.colcon_core.package_identification:_identify(FYP-AI-Model/ultralytics/yolo/data/scripts) by extension 'colcon_meta'
[1.128s] Level 1:colcon.colcon_core.package_identification:_identify(FYP-AI-Model/ultralytics/yolo/data/scripts) by extensions ['ros']
[1.129s] Level 1:colcon.colcon_core.package_identification:_identify(FYP-AI-Model/ultralytics/yolo/data/scripts) by extension 'ros'
[1.129s] Level 1:colcon.colcon_core.package_identification:_identify(FYP-AI-Model/ultralytics/yolo/data/scripts) by extensions ['cmake', 'python']
[1.129s] Level 1:colcon.colcon_core.package_identification:_identify(FYP-AI-Model/ultralytics/yolo/data/scripts) by extension 'cmake'
[1.129s] Level 1:colcon.colcon_core.package_identification:_identify(FYP-AI-Model/ultralytics/yolo/data/scripts) by extension 'python'
[1.129s] Level 1:colcon.colcon_core.package_identification:_identify(FYP-AI-Model/ultralytics/yolo/data/scripts) by extensions ['python_setup_py']
[1.129s] Level 1:colcon.colcon_core.package_identification:_identify(FYP-AI-Model/ultralytics/yolo/data/scripts) by extension 'python_setup_py'
[1.130s] Level 1:colcon.colcon_core.package_identification:_identify(FYP-AI-Model/ultralytics/yolo/engine) by extensions ['ignore', 'ignore_ament_install']
[1.130s] Level 1:colcon.colcon_core.package_identification:_identify(FYP-AI-Model/ultralytics/yolo/engine) by extension 'ignore'
[1.130s] Level 1:colcon.colcon_core.package_identification:_identify(FYP-AI-Model/ultralytics/yolo/engine) by extension 'ignore_ament_install'
[1.130s] Level 1:colcon.colcon_core.package_identification:_identify(FYP-AI-Model/ultralytics/yolo/engine) by extensions ['colcon_pkg']
[1.130s] Level 1:colcon.colcon_core.package_identification:_identify(FYP-AI-Model/ultralytics/yolo/engine) by extension 'colcon_pkg'
[1.130s] Level 1:colcon.colcon_core.package_identification:_identify(FYP-AI-Model/ultralytics/yolo/engine) by extensions ['colcon_meta']
[1.131s] Level 1:colcon.colcon_core.package_identification:_identify(FYP-AI-Model/ultralytics/yolo/engine) by extension 'colcon_meta'
[1.131s] Level 1:colcon.colcon_core.package_identification:_identify(FYP-AI-Model/ultralytics/yolo/engine) by extensions ['ros']
[1.131s] Level 1:colcon.colcon_core.package_identification:_identify(FYP-AI-Model/ultralytics/yolo/engine) by extension 'ros'
[1.131s] Level 1:colcon.colcon_core.package_identification:_identify(FYP-AI-Model/ultralytics/yolo/engine) by extensions ['cmake', 'python']
[1.131s] Level 1:colcon.colcon_core.package_identification:_identify(FYP-AI-Model/ultralytics/yolo/engine) by extension 'cmake'
[1.131s] Level 1:colcon.colcon_core.package_identification:_identify(FYP-AI-Model/ultralytics/yolo/engine) by extension 'python'
[1.131s] Level 1:colcon.colcon_core.package_identification:_identify(FYP-AI-Model/ultralytics/yolo/engine) by extensions ['python_setup_py']
[1.131s] Level 1:colcon.colcon_core.package_identification:_identify(FYP-AI-Model/ultralytics/yolo/engine) by extension 'python_setup_py'
[1.133s] Level 1:colcon.colcon_core.package_identification:_identify(FYP-AI-Model/ultralytics/yolo/engine/__pycache__) by extensions ['ignore', 'ignore_ament_install']
[1.133s] Level 1:colcon.colcon_core.package_identification:_identify(FYP-AI-Model/ultralytics/yolo/engine/__pycache__) by extension 'ignore'
[1.134s] Level 1:colcon.colcon_core.package_identification:_identify(FYP-AI-Model/ultralytics/yolo/engine/__pycache__) by extension 'ignore_ament_install'
[1.134s] Level 1:colcon.colcon_core.package_identification:_identify(FYP-AI-Model/ultralytics/yolo/engine/__pycache__) by extensions ['colcon_pkg']
[1.134s] Level 1:colcon.colcon_core.package_identification:_identify(FYP-AI-Model/ultralytics/yolo/engine/__pycache__) by extension 'colcon_pkg'
[1.134s] Level 1:colcon.colcon_core.package_identification:_identify(FYP-AI-Model/ultralytics/yolo/engine/__pycache__) by extensions ['colcon_meta']
[1.134s] Level 1:colcon.colcon_core.package_identification:_identify(FYP-AI-Model/ultralytics/yolo/engine/__pycache__) by extension 'colcon_meta'
[1.134s] Level 1:colcon.colcon_core.package_identification:_identify(FYP-AI-Model/ultralytics/yolo/engine/__pycache__) by extensions ['ros']
[1.134s] Level 1:colcon.colcon_core.package_identification:_identify(FYP-AI-Model/ultralytics/yolo/engine/__pycache__) by extension 'ros'
[1.134s] Level 1:colcon.colcon_core.package_identification:_identify(FYP-AI-Model/ultralytics/yolo/engine/__pycache__) by extensions ['cmake', 'python']
[1.134s] Level 1:colcon.colcon_core.package_identification:_identify(FYP-AI-Model/ultralytics/yolo/engine/__pycache__) by extension 'cmake'
[1.134s] Level 1:colcon.colcon_core.package_identification:_identify(FYP-AI-Model/ultralytics/yolo/engine/__pycache__) by extension 'python'
[1.135s] Level 1:colcon.colcon_core.package_identification:_identify(FYP-AI-Model/ultralytics/yolo/engine/__pycache__) by extensions ['python_setup_py']
[1.135s] Level 1:colcon.colcon_core.package_identification:_identify(FYP-AI-Model/ultralytics/yolo/engine/__pycache__) by extension 'python_setup_py'
[1.136s] Level 1:colcon.colcon_core.package_identification:_identify(FYP-AI-Model/ultralytics/yolo/utils) by extensions ['ignore', 'ignore_ament_install']
[1.136s] Level 1:colcon.colcon_core.package_identification:_identify(FYP-AI-Model/ultralytics/yolo/utils) by extension 'ignore'
[1.136s] Level 1:colcon.colcon_core.package_identification:_identify(FYP-AI-Model/ultralytics/yolo/utils) by extension 'ignore_ament_install'
[1.136s] Level 1:colcon.colcon_core.package_identification:_identify(FYP-AI-Model/ultralytics/yolo/utils) by extensions ['colcon_pkg']
[1.136s] Level 1:colcon.colcon_core.package_identification:_identify(FYP-AI-Model/ultralytics/yolo/utils) by extension 'colcon_pkg'
[1.136s] Level 1:colcon.colcon_core.package_identification:_identify(FYP-AI-Model/ultralytics/yolo/utils) by extensions ['colcon_meta']
[1.137s] Level 1:colcon.colcon_core.package_identification:_identify(FYP-AI-Model/ultralytics/yolo/utils) by extension 'colcon_meta'
[1.137s] Level 1:colcon.colcon_core.package_identification:_identify(FYP-AI-Model/ultralytics/yolo/utils) by extensions ['ros']
[1.137s] Level 1:colcon.colcon_core.package_identification:_identify(FYP-AI-Model/ultralytics/yolo/utils) by extension 'ros'
[1.137s] Level 1:colcon.colcon_core.package_identification:_identify(FYP-AI-Model/ultralytics/yolo/utils) by extensions ['cmake', 'python']
[1.137s] Level 1:colcon.colcon_core.package_identification:_identify(FYP-AI-Model/ultralytics/yolo/utils) by extension 'cmake'
[1.137s] Level 1:colcon.colcon_core.package_identification:_identify(FYP-AI-Model/ultralytics/yolo/utils) by extension 'python'
[1.137s] Level 1:colcon.colcon_core.package_identification:_identify(FYP-AI-Model/ultralytics/yolo/utils) by extensions ['python_setup_py']
[1.137s] Level 1:colcon.colcon_core.package_identification:_identify(FYP-AI-Model/ultralytics/yolo/utils) by extension 'python_setup_py'
[1.139s] Level 1:colcon.colcon_core.package_identification:_identify(FYP-AI-Model/ultralytics/yolo/utils/__pycache__) by extensions ['ignore', 'ignore_ament_install']
[1.139s] Level 1:colcon.colcon_core.package_identification:_identify(FYP-AI-Model/ultralytics/yolo/utils/__pycache__) by extension 'ignore'
[1.140s] Level 1:colcon.colcon_core.package_identification:_identify(FYP-AI-Model/ultralytics/yolo/utils/__pycache__) by extension 'ignore_ament_install'
[1.140s] Level 1:colcon.colcon_core.package_identification:_identify(FYP-AI-Model/ultralytics/yolo/utils/__pycache__) by extensions ['colcon_pkg']
[1.140s] Level 1:colcon.colcon_core.package_identification:_identify(FYP-AI-Model/ultralytics/yolo/utils/__pycache__) by extension 'colcon_pkg'
[1.140s] Level 1:colcon.colcon_core.package_identification:_identify(FYP-AI-Model/ultralytics/yolo/utils/__pycache__) by extensions ['colcon_meta']
[1.140s] Level 1:colcon.colcon_core.package_identification:_identify(FYP-AI-Model/ultralytics/yolo/utils/__pycache__) by extension 'colcon_meta'
[1.140s] Level 1:colcon.colcon_core.package_identification:_identify(FYP-AI-Model/ultralytics/yolo/utils/__pycache__) by extensions ['ros']
[1.140s] Level 1:colcon.colcon_core.package_identification:_identify(FYP-AI-Model/ultralytics/yolo/utils/__pycache__) by extension 'ros'
[1.141s] Level 1:colcon.colcon_core.package_identification:_identify(FYP-AI-Model/ultralytics/yolo/utils/__pycache__) by extensions ['cmake', 'python']
[1.141s] Level 1:colcon.colcon_core.package_identification:_identify(FYP-AI-Model/ultralytics/yolo/utils/__pycache__) by extension 'cmake'
[1.141s] Level 1:colcon.colcon_core.package_identification:_identify(FYP-AI-Model/ultralytics/yolo/utils/__pycache__) by extension 'python'
[1.141s] Level 1:colcon.colcon_core.package_identification:_identify(FYP-AI-Model/ultralytics/yolo/utils/__pycache__) by extensions ['python_setup_py']
[1.141s] Level 1:colcon.colcon_core.package_identification:_identify(FYP-AI-Model/ultralytics/yolo/utils/__pycache__) by extension 'python_setup_py'
[1.142s] Level 1:colcon.colcon_core.package_identification:_identify(FYP-AI-Model/ultralytics/yolo/utils/callbacks) by extensions ['ignore', 'ignore_ament_install']
[1.142s] Level 1:colcon.colcon_core.package_identification:_identify(FYP-AI-Model/ultralytics/yolo/utils/callbacks) by extension 'ignore'
[1.142s] Level 1:colcon.colcon_core.package_identification:_identify(FYP-AI-Model/ultralytics/yolo/utils/callbacks) by extension 'ignore_ament_install'
[1.143s] Level 1:colcon.colcon_core.package_identification:_identify(FYP-AI-Model/ultralytics/yolo/utils/callbacks) by extensions ['colcon_pkg']
[1.143s] Level 1:colcon.colcon_core.package_identification:_identify(FYP-AI-Model/ultralytics/yolo/utils/callbacks) by extension 'colcon_pkg'
[1.143s] Level 1:colcon.colcon_core.package_identification:_identify(FYP-AI-Model/ultralytics/yolo/utils/callbacks) by extensions ['colcon_meta']
[1.143s] Level 1:colcon.colcon_core.package_identification:_identify(FYP-AI-Model/ultralytics/yolo/utils/callbacks) by extension 'colcon_meta'
[1.143s] Level 1:colcon.colcon_core.package_identification:_identify(FYP-AI-Model/ultralytics/yolo/utils/callbacks) by extensions ['ros']
[1.143s] Level 1:colcon.colcon_core.package_identification:_identify(FYP-AI-Model/ultralytics/yolo/utils/callbacks) by extension 'ros'
[1.143s] Level 1:colcon.colcon_core.package_identification:_identify(FYP-AI-Model/ultralytics/yolo/utils/callbacks) by extensions ['cmake', 'python']
[1.143s] Level 1:colcon.colcon_core.package_identification:_identify(FYP-AI-Model/ultralytics/yolo/utils/callbacks) by extension 'cmake'
[1.143s] Level 1:colcon.colcon_core.package_identification:_identify(FYP-AI-Model/ultralytics/yolo/utils/callbacks) by extension 'python'
[1.144s] Level 1:colcon.colcon_core.package_identification:_identify(FYP-AI-Model/ultralytics/yolo/utils/callbacks) by extensions ['python_setup_py']
[1.144s] Level 1:colcon.colcon_core.package_identification:_identify(FYP-AI-Model/ultralytics/yolo/utils/callbacks) by extension 'python_setup_py'
[1.145s] Level 1:colcon.colcon_core.package_identification:_identify(FYP-AI-Model/ultralytics/yolo/utils/callbacks/__pycache__) by extensions ['ignore', 'ignore_ament_install']
[1.145s] Level 1:colcon.colcon_core.package_identification:_identify(FYP-AI-Model/ultralytics/yolo/utils/callbacks/__pycache__) by extension 'ignore'
[1.145s] Level 1:colcon.colcon_core.package_identification:_identify(FYP-AI-Model/ultralytics/yolo/utils/callbacks/__pycache__) by extension 'ignore_ament_install'
[1.145s] Level 1:colcon.colcon_core.package_identification:_identify(FYP-AI-Model/ultralytics/yolo/utils/callbacks/__pycache__) by extensions ['colcon_pkg']
[1.145s] Level 1:colcon.colcon_core.package_identification:_identify(FYP-AI-Model/ultralytics/yolo/utils/callbacks/__pycache__) by extension 'colcon_pkg'
[1.146s] Level 1:colcon.colcon_core.package_identification:_identify(FYP-AI-Model/ultralytics/yolo/utils/callbacks/__pycache__) by extensions ['colcon_meta']
[1.146s] Level 1:colcon.colcon_core.package_identification:_identify(FYP-AI-Model/ultralytics/yolo/utils/callbacks/__pycache__) by extension 'colcon_meta'
[1.146s] Level 1:colcon.colcon_core.package_identification:_identify(FYP-AI-Model/ultralytics/yolo/utils/callbacks/__pycache__) by extensions ['ros']
[1.146s] Level 1:colcon.colcon_core.package_identification:_identify(FYP-AI-Model/ultralytics/yolo/utils/callbacks/__pycache__) by extension 'ros'
[1.146s] Level 1:colcon.colcon_core.package_identification:_identify(FYP-AI-Model/ultralytics/yolo/utils/callbacks/__pycache__) by extensions ['cmake', 'python']
[1.146s] Level 1:colcon.colcon_core.package_identification:_identify(FYP-AI-Model/ultralytics/yolo/utils/callbacks/__pycache__) by extension 'cmake'
[1.146s] Level 1:colcon.colcon_core.package_identification:_identify(FYP-AI-Model/ultralytics/yolo/utils/callbacks/__pycache__) by extension 'python'
[1.146s] Level 1:colcon.colcon_core.package_identification:_identify(FYP-AI-Model/ultralytics/yolo/utils/callbacks/__pycache__) by extensions ['python_setup_py']
[1.146s] Level 1:colcon.colcon_core.package_identification:_identify(FYP-AI-Model/ultralytics/yolo/utils/callbacks/__pycache__) by extension 'python_setup_py'
[1.148s] Level 1:colcon.colcon_core.package_identification:_identify(FYP-AI-Model/ultralytics/yolo/v8) by extensions ['ignore', 'ignore_ament_install']
[1.148s] Level 1:colcon.colcon_core.package_identification:_identify(FYP-AI-Model/ultralytics/yolo/v8) by extension 'ignore'
[1.148s] Level 1:colcon.colcon_core.package_identification:_identify(FYP-AI-Model/ultralytics/yolo/v8) by extension 'ignore_ament_install'
[1.148s] Level 1:colcon.colcon_core.package_identification:_identify(FYP-AI-Model/ultralytics/yolo/v8) by extensions ['colcon_pkg']
[1.148s] Level 1:colcon.colcon_core.package_identification:_identify(FYP-AI-Model/ultralytics/yolo/v8) by extension 'colcon_pkg'
[1.148s] Level 1:colcon.colcon_core.package_identification:_identify(FYP-AI-Model/ultralytics/yolo/v8) by extensions ['colcon_meta']
[1.149s] Level 1:colcon.colcon_core.package_identification:_identify(FYP-AI-Model/ultralytics/yolo/v8) by extension 'colcon_meta'
[1.149s] Level 1:colcon.colcon_core.package_identification:_identify(FYP-AI-Model/ultralytics/yolo/v8) by extensions ['ros']
[1.149s] Level 1:colcon.colcon_core.package_identification:_identify(FYP-AI-Model/ultralytics/yolo/v8) by extension 'ros'
[1.149s] Level 1:colcon.colcon_core.package_identification:_identify(FYP-AI-Model/ultralytics/yolo/v8) by extensions ['cmake', 'python']
[1.149s] Level 1:colcon.colcon_core.package_identification:_identify(FYP-AI-Model/ultralytics/yolo/v8) by extension 'cmake'
[1.149s] Level 1:colcon.colcon_core.package_identification:_identify(FYP-AI-Model/ultralytics/yolo/v8) by extension 'python'
[1.149s] Level 1:colcon.colcon_core.package_identification:_identify(FYP-AI-Model/ultralytics/yolo/v8) by extensions ['python_setup_py']
[1.149s] Level 1:colcon.colcon_core.package_identification:_identify(FYP-AI-Model/ultralytics/yolo/v8) by extension 'python_setup_py'
[1.150s] Level 1:colcon.colcon_core.package_identification:_identify(FYP-AI-Model/ultralytics/yolo/v8/detect) by extensions ['ignore', 'ignore_ament_install']
[1.150s] Level 1:colcon.colcon_core.package_identification:_identify(FYP-AI-Model/ultralytics/yolo/v8/detect) by extension 'ignore'
[1.150s] Level 1:colcon.colcon_core.package_identification:_identify(FYP-AI-Model/ultralytics/yolo/v8/detect) by extension 'ignore_ament_install'
[1.151s] Level 1:colcon.colcon_core.package_identification:_identify(FYP-AI-Model/ultralytics/yolo/v8/detect) by extensions ['colcon_pkg']
[1.151s] Level 1:colcon.colcon_core.package_identification:_identify(FYP-AI-Model/ultralytics/yolo/v8/detect) by extension 'colcon_pkg'
[1.151s] Level 1:colcon.colcon_core.package_identification:_identify(FYP-AI-Model/ultralytics/yolo/v8/detect) by extensions ['colcon_meta']
[1.151s] Level 1:colcon.colcon_core.package_identification:_identify(FYP-AI-Model/ultralytics/yolo/v8/detect) by extension 'colcon_meta'
[1.151s] Level 1:colcon.colcon_core.package_identification:_identify(FYP-AI-Model/ultralytics/yolo/v8/detect) by extensions ['ros']
[1.151s] Level 1:colcon.colcon_core.package_identification:_identify(FYP-AI-Model/ultralytics/yolo/v8/detect) by extension 'ros'
[1.151s] Level 1:colcon.colcon_core.package_identification:_identify(FYP-AI-Model/ultralytics/yolo/v8/detect) by extensions ['cmake', 'python']
[1.151s] Level 1:colcon.colcon_core.package_identification:_identify(FYP-AI-Model/ultralytics/yolo/v8/detect) by extension 'cmake'
[1.152s] Level 1:colcon.colcon_core.package_identification:_identify(FYP-AI-Model/ultralytics/yolo/v8/detect) by extension 'python'
[1.152s] Level 1:colcon.colcon_core.package_identification:_identify(FYP-AI-Model/ultralytics/yolo/v8/detect) by extensions ['python_setup_py']
[1.152s] Level 1:colcon.colcon_core.package_identification:_identify(FYP-AI-Model/ultralytics/yolo/v8/detect) by extension 'python_setup_py'
[1.152s] Level 1:colcon.colcon_core.package_identification:_identify(FYP-AI-Model/ultralytics/yolo/v8/detect/__pycache__) by extensions ['ignore', 'ignore_ament_install']
[1.152s] Level 1:colcon.colcon_core.package_identification:_identify(FYP-AI-Model/ultralytics/yolo/v8/detect/__pycache__) by extension 'ignore'
[1.153s] Level 1:colcon.colcon_core.package_identification:_identify(FYP-AI-Model/ultralytics/yolo/v8/detect/__pycache__) by extension 'ignore_ament_install'
[1.153s] Level 1:colcon.colcon_core.package_identification:_identify(FYP-AI-Model/ultralytics/yolo/v8/detect/__pycache__) by extensions ['colcon_pkg']
[1.153s] Level 1:colcon.colcon_core.package_identification:_identify(FYP-AI-Model/ultralytics/yolo/v8/detect/__pycache__) by extension 'colcon_pkg'
[1.153s] Level 1:colcon.colcon_core.package_identification:_identify(FYP-AI-Model/ultralytics/yolo/v8/detect/__pycache__) by extensions ['colcon_meta']
[1.153s] Level 1:colcon.colcon_core.package_identification:_identify(FYP-AI-Model/ultralytics/yolo/v8/detect/__pycache__) by extension 'colcon_meta'
[1.153s] Level 1:colcon.colcon_core.package_identification:_identify(FYP-AI-Model/ultralytics/yolo/v8/detect/__pycache__) by extensions ['ros']
[1.153s] Level 1:colcon.colcon_core.package_identification:_identify(FYP-AI-Model/ultralytics/yolo/v8/detect/__pycache__) by extension 'ros'
[1.154s] Level 1:colcon.colcon_core.package_identification:_identify(FYP-AI-Model/ultralytics/yolo/v8/detect/__pycache__) by extensions ['cmake', 'python']
[1.154s] Level 1:colcon.colcon_core.package_identification:_identify(FYP-AI-Model/ultralytics/yolo/v8/detect/__pycache__) by extension 'cmake'
[1.154s] Level 1:colcon.colcon_core.package_identification:_identify(FYP-AI-Model/ultralytics/yolo/v8/detect/__pycache__) by extension 'python'
[1.154s] Level 1:colcon.colcon_core.package_identification:_identify(FYP-AI-Model/ultralytics/yolo/v8/detect/__pycache__) by extensions ['python_setup_py']
[1.154s] Level 1:colcon.colcon_core.package_identification:_identify(FYP-AI-Model/ultralytics/yolo/v8/detect/__pycache__) by extension 'python_setup_py'
[1.155s] Level 1:colcon.colcon_core.package_identification:_identify(build) by extensions ['ignore', 'ignore_ament_install']
[1.155s] Level 1:colcon.colcon_core.package_identification:_identify(build) by extension 'ignore'
[1.155s] Level 1:colcon.colcon_core.package_identification:_identify(build) ignored
[1.157s] Level 1:colcon.colcon_core.package_identification:_identify(fxb_ws) by extensions ['ignore', 'ignore_ament_install']
[1.157s] Level 1:colcon.colcon_core.package_identification:_identify(fxb_ws) by extension 'ignore'
[1.157s] Level 1:colcon.colcon_core.package_identification:_identify(fxb_ws) by extension 'ignore_ament_install'
[1.158s] Level 1:colcon.colcon_core.package_identification:_identify(fxb_ws) by extensions ['colcon_pkg']
[1.158s] Level 1:colcon.colcon_core.package_identification:_identify(fxb_ws) by extension 'colcon_pkg'
[1.158s] Level 1:colcon.colcon_core.package_identification:_identify(fxb_ws) by extensions ['colcon_meta']
[1.158s] Level 1:colcon.colcon_core.package_identification:_identify(fxb_ws) by extension 'colcon_meta'
[1.158s] Level 1:colcon.colcon_core.package_identification:_identify(fxb_ws) by extensions ['ros']
[1.158s] Level 1:colcon.colcon_core.package_identification:_identify(fxb_ws) by extension 'ros'
[1.158s] Level 1:colcon.colcon_core.package_identification:_identify(fxb_ws) by extensions ['cmake', 'python']
[1.158s] Level 1:colcon.colcon_core.package_identification:_identify(fxb_ws) by extension 'cmake'
[1.158s] Level 1:colcon.colcon_core.package_identification:_identify(fxb_ws) by extension 'python'
[1.158s] Level 1:colcon.colcon_core.package_identification:_identify(fxb_ws) by extensions ['python_setup_py']
[1.158s] Level 1:colcon.colcon_core.package_identification:_identify(fxb_ws) by extension 'python_setup_py'
[1.161s] Level 1:colcon.colcon_core.package_identification:_identify(fxb_ws/FYP-AI-Model) by extensions ['ignore', 'ignore_ament_install']
[1.161s] Level 1:colcon.colcon_core.package_identification:_identify(fxb_ws/FYP-AI-Model) by extension 'ignore'
[1.161s] Level 1:colcon.colcon_core.package_identification:_identify(fxb_ws/FYP-AI-Model) by extension 'ignore_ament_install'
[1.162s] Level 1:colcon.colcon_core.package_identification:_identify(fxb_ws/FYP-AI-Model) by extensions ['colcon_pkg']
[1.162s] Level 1:colcon.colcon_core.package_identification:_identify(fxb_ws/FYP-AI-Model) by extension 'colcon_pkg'
[1.162s] Level 1:colcon.colcon_core.package_identification:_identify(fxb_ws/FYP-AI-Model) by extensions ['colcon_meta']
[1.162s] Level 1:colcon.colcon_core.package_identification:_identify(fxb_ws/FYP-AI-Model) by extension 'colcon_meta'
[1.162s] Level 1:colcon.colcon_core.package_identification:_identify(fxb_ws/FYP-AI-Model) by extensions ['ros']
[1.162s] Level 1:colcon.colcon_core.package_identification:_identify(fxb_ws/FYP-AI-Model) by extension 'ros'
[1.163s] Level 1:colcon.colcon_core.package_identification:_identify(fxb_ws/FYP-AI-Model) by extensions ['cmake', 'python']
[1.163s] Level 1:colcon.colcon_core.package_identification:_identify(fxb_ws/FYP-AI-Model) by extension 'cmake'
[1.163s] Level 1:colcon.colcon_core.package_identification:_identify(fxb_ws/FYP-AI-Model) by extension 'python'
[1.163s] Level 1:colcon.colcon_core.package_identification:_identify(fxb_ws/FYP-AI-Model) by extensions ['python_setup_py']
[1.163s] Level 1:colcon.colcon_core.package_identification:_identify(fxb_ws/FYP-AI-Model) by extension 'python_setup_py'
[1.164s] Level 1:colcon.colcon_core.package_identification:_identify(install) by extensions ['ignore', 'ignore_ament_install']
[1.164s] Level 1:colcon.colcon_core.package_identification:_identify(install) by extension 'ignore'
[1.164s] Level 1:colcon.colcon_core.package_identification:_identify(install) ignored
[1.164s] Level 1:colcon.colcon_core.package_identification:_identify(log) by extensions ['ignore', 'ignore_ament_install']
[1.164s] Level 1:colcon.colcon_core.package_identification:_identify(log) by extension 'ignore'
[1.164s] Level 1:colcon.colcon_core.package_identification:_identify(log) ignored
[1.165s] Level 1:colcon.colcon_core.package_identification:_identify(src) by extensions ['ignore', 'ignore_ament_install']
[1.165s] Level 1:colcon.colcon_core.package_identification:_identify(src) by extension 'ignore'
[1.165s] Level 1:colcon.colcon_core.package_identification:_identify(src) by extension 'ignore_ament_install'
[1.165s] Level 1:colcon.colcon_core.package_identification:_identify(src) by extensions ['colcon_pkg']
[1.165s] Level 1:colcon.colcon_core.package_identification:_identify(src) by extension 'colcon_pkg'
[1.165s] Level 1:colcon.colcon_core.package_identification:_identify(src) by extensions ['colcon_meta']
[1.165s] Level 1:colcon.colcon_core.package_identification:_identify(src) by extension 'colcon_meta'
[1.165s] Level 1:colcon.colcon_core.package_identification:_identify(src) by extensions ['ros']
[1.166s] Level 1:colcon.colcon_core.package_identification:_identify(src) by extension 'ros'
[1.166s] Level 1:colcon.colcon_core.package_identification:_identify(src) by extensions ['cmake', 'python']
[1.166s] Level 1:colcon.colcon_core.package_identification:_identify(src) by extension 'cmake'
[1.166s] Level 1:colcon.colcon_core.package_identification:_identify(src) by extension 'python'
[1.166s] Level 1:colcon.colcon_core.package_identification:_identify(src) by extensions ['python_setup_py']
[1.166s] Level 1:colcon.colcon_core.package_identification:_identify(src) by extension 'python_setup_py'
[1.166s] Level 1:colcon.colcon_core.package_identification:_identify(src/bringup) by extensions ['ignore', 'ignore_ament_install']
[1.166s] Level 1:colcon.colcon_core.package_identification:_identify(src/bringup) by extension 'ignore'
[1.167s] Level 1:colcon.colcon_core.package_identification:_identify(src/bringup) by extension 'ignore_ament_install'
[1.167s] Level 1:colcon.colcon_core.package_identification:_identify(src/bringup) by extensions ['colcon_pkg']
[1.167s] Level 1:colcon.colcon_core.package_identification:_identify(src/bringup) by extension 'colcon_pkg'
[1.167s] Level 1:colcon.colcon_core.package_identification:_identify(src/bringup) by extensions ['colcon_meta']
[1.167s] Level 1:colcon.colcon_core.package_identification:_identify(src/bringup) by extension 'colcon_meta'
[1.167s] Level 1:colcon.colcon_core.package_identification:_identify(src/bringup) by extensions ['ros']
[1.167s] Level 1:colcon.colcon_core.package_identification:_identify(src/bringup) by extension 'ros'
[1.175s] DEBUG:colcon.colcon_core.package_identification:Package 'src/bringup' with type 'ros.ament_python' and name 'bringup'
[1.178s] Level 1:colcon.colcon_core.package_identification:_identify(src/build) by extensions ['ignore', 'ignore_ament_install']
[1.178s] Level 1:colcon.colcon_core.package_identification:_identify(src/build) by extension 'ignore'
[1.178s] Level 1:colcon.colcon_core.package_identification:_identify(src/build) ignored
[1.178s] Level 1:colcon.colcon_core.package_identification:_identify(src/camera_node) by extensions ['ignore', 'ignore_ament_install']
[1.179s] Level 1:colcon.colcon_core.package_identification:_identify(src/camera_node) by extension 'ignore'
[1.179s] Level 1:colcon.colcon_core.package_identification:_identify(src/camera_node) by extension 'ignore_ament_install'
[1.179s] Level 1:colcon.colcon_core.package_identification:_identify(src/camera_node) by extensions ['colcon_pkg']
[1.179s] Level 1:colcon.colcon_core.package_identification:_identify(src/camera_node) by extension 'colcon_pkg'
[1.179s] Level 1:colcon.colcon_core.package_identification:_identify(src/camera_node) by extensions ['colcon_meta']
[1.179s] Level 1:colcon.colcon_core.package_identification:_identify(src/camera_node) by extension 'colcon_meta'
[1.179s] Level 1:colcon.colcon_core.package_identification:_identify(src/camera_node) by extensions ['ros']
[1.179s] Level 1:colcon.colcon_core.package_identification:_identify(src/camera_node) by extension 'ros'
[1.181s] DEBUG:colcon.colcon_core.package_identification:Package 'src/camera_node' with type 'ros.ament_python' and name 'camera_node'
[1.181s] Level 1:colcon.colcon_core.package_identification:_identify(src/comm_node) by extensions ['ignore', 'ignore_ament_install']
[1.182s] Level 1:colcon.colcon_core.package_identification:_identify(src/comm_node) by extension 'ignore'
[1.182s] Level 1:colcon.colcon_core.package_identification:_identify(src/comm_node) by extension 'ignore_ament_install'
[1.182s] Level 1:colcon.colcon_core.package_identification:_identify(src/comm_node) by extensions ['colcon_pkg']
[1.182s] Level 1:colcon.colcon_core.package_identification:_identify(src/comm_node) by extension 'colcon_pkg'
[1.182s] Level 1:colcon.colcon_core.package_identification:_identify(src/comm_node) by extensions ['colcon_meta']
[1.182s] Level 1:colcon.colcon_core.package_identification:_identify(src/comm_node) by extension 'colcon_meta'
[1.182s] Level 1:colcon.colcon_core.package_identification:_identify(src/comm_node) by extensions ['ros']
[1.182s] Level 1:colcon.colcon_core.package_identification:_identify(src/comm_node) by extension 'ros'
[1.184s] DEBUG:colcon.colcon_core.package_identification:Package 'src/comm_node' with type 'ros.ament_python' and name 'comm_node'
[1.185s] Level 1:colcon.colcon_core.package_identification:_identify(src/install) by extensions ['ignore', 'ignore_ament_install']
[1.185s] Level 1:colcon.colcon_core.package_identification:_identify(src/install) by extension 'ignore'
[1.185s] Level 1:colcon.colcon_core.package_identification:_identify(src/install) ignored
[1.186s] Level 1:colcon.colcon_core.package_identification:_identify(src/lidar_node) by extensions ['ignore', 'ignore_ament_install']
[1.187s] Level 1:colcon.colcon_core.package_identification:_identify(src/lidar_node) by extension 'ignore'
[1.187s] Level 1:colcon.colcon_core.package_identification:_identify(src/lidar_node) by extension 'ignore_ament_install'
[1.187s] Level 1:colcon.colcon_core.package_identification:_identify(src/lidar_node) by extensions ['colcon_pkg']
[1.187s] Level 1:colcon.colcon_core.package_identification:_identify(src/lidar_node) by extension 'colcon_pkg'
[1.187s] Level 1:colcon.colcon_core.package_identification:_identify(src/lidar_node) by extensions ['colcon_meta']
[1.187s] Level 1:colcon.colcon_core.package_identification:_identify(src/lidar_node) by extension 'colcon_meta'
[1.187s] Level 1:colcon.colcon_core.package_identification:_identify(src/lidar_node) by extensions ['ros']
[1.187s] Level 1:colcon.colcon_core.package_identification:_identify(src/lidar_node) by extension 'ros'
[1.189s] DEBUG:colcon.colcon_core.package_identification:Package 'src/lidar_node' with type 'ros.ament_python' and name 'lidar_node'
[1.190s] Level 1:colcon.colcon_core.package_identification:_identify(src/log) by extensions ['ignore', 'ignore_ament_install']
[1.190s] Level 1:colcon.colcon_core.package_identification:_identify(src/log) by extension 'ignore'
[1.190s] Level 1:colcon.colcon_core.package_identification:_identify(src/log) ignored
[1.190s] Level 1:colcon.colcon_core.package_identification:_identify(src/motor_control_node) by extensions ['ignore', 'ignore_ament_install']
[1.190s] Level 1:colcon.colcon_core.package_identification:_identify(src/motor_control_node) by extension 'ignore'
[1.191s] Level 1:colcon.colcon_core.package_identification:_identify(src/motor_control_node) by extension 'ignore_ament_install'
[1.191s] Level 1:colcon.colcon_core.package_identification:_identify(src/motor_control_node) by extensions ['colcon_pkg']
[1.191s] Level 1:colcon.colcon_core.package_identification:_identify(src/motor_control_node) by extension 'colcon_pkg'
[1.191s] Level 1:colcon.colcon_core.package_identification:_identify(src/motor_control_node) by extensions ['colcon_meta']
[1.191s] Level 1:colcon.colcon_core.package_identification:_identify(src/motor_control_node) by extension 'colcon_meta'
[1.191s] Level 1:colcon.colcon_core.package_identification:_identify(src/motor_control_node) by extensions ['ros']
[1.191s] Level 1:colcon.colcon_core.package_identification:_identify(src/motor_control_node) by extension 'ros'
[1.192s] DEBUG:colcon.colcon_core.package_identification:Package 'src/motor_control_node' with type 'ros.ament_python' and name 'motor_control_node'
[1.193s] Level 1:colcon.colcon_core.package_identification:_identify(src/navigation) by extensions ['ignore', 'ignore_ament_install']
[1.193s] Level 1:colcon.colcon_core.package_identification:_identify(src/navigation) by extension 'ignore'
[1.194s] Level 1:colcon.colcon_core.package_identification:_identify(src/navigation) by extension 'ignore_ament_install'
[1.194s] Level 1:colcon.colcon_core.package_identification:_identify(src/navigation) by extensions ['colcon_pkg']
[1.194s] Level 1:colcon.colcon_core.package_identification:_identify(src/navigation) by extension 'colcon_pkg'
[1.194s] Level 1:colcon.colcon_core.package_identification:_identify(src/navigation) by extensions ['colcon_meta']
[1.194s] Level 1:colcon.colcon_core.package_identification:_identify(src/navigation) by extension 'colcon_meta'
[1.194s] Level 1:colcon.colcon_core.package_identification:_identify(src/navigation) by extensions ['ros']
[1.194s] Level 1:colcon.colcon_core.package_identification:_identify(src/navigation) by extension 'ros'
[1.196s] DEBUG:colcon.colcon_core.package_identification:Package 'src/navigation' with type 'ros.ament_python' and name 'navigation'
[1.196s] Level 1:colcon.colcon_core.package_identification:_identify(src/sensor_fusion_node) by extensions ['ignore', 'ignore_ament_install']
[1.197s] Level 1:colcon.colcon_core.package_identification:_identify(src/sensor_fusion_node) by extension 'ignore'
[1.197s] Level 1:colcon.colcon_core.package_identification:_identify(src/sensor_fusion_node) by extension 'ignore_ament_install'
[1.197s] Level 1:colcon.colcon_core.package_identification:_identify(src/sensor_fusion_node) by extensions ['colcon_pkg']
[1.197s] Level 1:colcon.colcon_core.package_identification:_identify(src/sensor_fusion_node) by extension 'colcon_pkg'
[1.197s] Level 1:colcon.colcon_core.package_identification:_identify(src/sensor_fusion_node) by extensions ['colcon_meta']
[1.197s] Level 1:colcon.colcon_core.package_identification:_identify(src/sensor_fusion_node) by extension 'colcon_meta'
[1.197s] Level 1:colcon.colcon_core.package_identification:_identify(src/sensor_fusion_node) by extensions ['ros']
[1.198s] Level 1:colcon.colcon_core.package_identification:_identify(src/sensor_fusion_node) by extension 'ros'
[1.199s] DEBUG:colcon.colcon_core.package_identification:Package 'src/sensor_fusion_node' with type 'ros.ament_python' and name 'sensor_fusion_node'
[1.199s] Level 1:colcon.colcon_core.package_identification:_identify(src/sim_robot) by extensions ['ignore', 'ignore_ament_install']
[1.200s] Level 1:colcon.colcon_core.package_identification:_identify(src/sim_robot) by extension 'ignore'
[1.200s] Level 1:colcon.colcon_core.package_identification:_identify(src/sim_robot) by extension 'ignore_ament_install'
[1.200s] Level 1:colcon.colcon_core.package_identification:_identify(src/sim_robot) by extensions ['colcon_pkg']
[1.200s] Level 1:colcon.colcon_core.package_identification:_identify(src/sim_robot) by extension 'colcon_pkg'
[1.200s] Level 1:colcon.colcon_core.package_identification:_identify(src/sim_robot) by extensions ['colcon_meta']
[1.200s] Level 1:colcon.colcon_core.package_identification:_identify(src/sim_robot) by extension 'colcon_meta'
[1.200s] Level 1:colcon.colcon_core.package_identification:_identify(src/sim_robot) by extensions ['ros']
[1.200s] Level 1:colcon.colcon_core.package_identification:_identify(src/sim_robot) by extension 'ros'
[1.202s] DEBUG:colcon.colcon_core.package_identification:Package 'src/sim_robot' with type 'ros.ament_python' and name 'sim_robot'
[1.203s] Level 1:colcon.colcon_core.package_identification:_identify(src/slam_node) by extensions ['ignore', 'ignore_ament_install']
[1.203s] Level 1:colcon.colcon_core.package_identification:_identify(src/slam_node) by extension 'ignore'
[1.203s] Level 1:colcon.colcon_core.package_identification:_identify(src/slam_node) by extension 'ignore_ament_install'
[1.203s] Level 1:colcon.colcon_core.package_identification:_identify(src/slam_node) by extensions ['colcon_pkg']
[1.203s] Level 1:colcon.colcon_core.package_identification:_identify(src/slam_node) by extension 'colcon_pkg'
[1.204s] Level 1:colcon.colcon_core.package_identification:_identify(src/slam_node) by extensions ['colcon_meta']
[1.204s] Level 1:colcon.colcon_core.package_identification:_identify(src/slam_node) by extension 'colcon_meta'
[1.204s] Level 1:colcon.colcon_core.package_identification:_identify(src/slam_node) by extensions ['ros']
[1.204s] Level 1:colcon.colcon_core.package_identification:_identify(src/slam_node) by extension 'ros'
[1.205s] DEBUG:colcon.colcon_core.package_identification:Package 'src/slam_node' with type 'ros.ament_python' and name 'slam_node'
[1.206s] Level 1:colcon.colcon_core.package_identification:_identify(src/smoke_sensor_node) by extensions ['ignore', 'ignore_ament_install']
[1.206s] Level 1:colcon.colcon_core.package_identification:_identify(src/smoke_sensor_node) by extension 'ignore'
[1.206s] Level 1:colcon.colcon_core.package_identification:_identify(src/smoke_sensor_node) by extension 'ignore_ament_install'
[1.207s] Level 1:colcon.colcon_core.package_identification:_identify(src/smoke_sensor_node) by extensions ['colcon_pkg']
[1.207s] Level 1:colcon.colcon_core.package_identification:_identify(src/smoke_sensor_node) by extension 'colcon_pkg'
[1.207s] Level 1:colcon.colcon_core.package_identification:_identify(src/smoke_sensor_node) by extensions ['colcon_meta']
[1.207s] Level 1:colcon.colcon_core.package_identification:_identify(src/smoke_sensor_node) by extension 'colcon_meta'
[1.207s] Level 1:colcon.colcon_core.package_identification:_identify(src/smoke_sensor_node) by extensions ['ros']
[1.207s] Level 1:colcon.colcon_core.package_identification:_identify(src/smoke_sensor_node) by extension 'ros'
[1.209s] DEBUG:colcon.colcon_core.package_identification:Package 'src/smoke_sensor_node' with type 'ros.ament_python' and name 'smoke_sensor_node'
[1.209s] Level 1:colcon.colcon_core.package_identification:_identify(src/state_machine_node) by extensions ['ignore', 'ignore_ament_install']
[1.209s] Level 1:colcon.colcon_core.package_identification:_identify(src/state_machine_node) by extension 'ignore'
[1.209s] Level 1:colcon.colcon_core.package_identification:_identify(src/state_machine_node) by extension 'ignore_ament_install'
[1.210s] Level 1:colcon.colcon_core.package_identification:_identify(src/state_machine_node) by extensions ['colcon_pkg']
[1.210s] Level 1:colcon.colcon_core.package_identification:_identify(src/state_machine_node) by extension 'colcon_pkg'
[1.210s] Level 1:colcon.colcon_core.package_identification:_identify(src/state_machine_node) by extensions ['colcon_meta']
[1.210s] Level 1:colcon.colcon_core.package_identification:_identify(src/state_machine_node) by extension 'colcon_meta'
[1.210s] Level 1:colcon.colcon_core.package_identification:_identify(src/state_machine_node) by extensions ['ros']
[1.210s] Level 1:colcon.colcon_core.package_identification:_identify(src/state_machine_node) by extension 'ros'
[1.211s] DEBUG:colcon.colcon_core.package_identification:Package 'src/state_machine_node' with type 'ros.ament_python' and name 'state_machine_node'
[1.212s] Level 1:colcon.colcon_core.package_identification:_identify(src/suppression_node) by extensions ['ignore', 'ignore_ament_install']
[1.212s] Level 1:colcon.colcon_core.package_identification:_identify(src/suppression_node) by extension 'ignore'
[1.212s] Level 1:colcon.colcon_core.package_identification:_identify(src/suppression_node) by extension 'ignore_ament_install'
[1.212s] Level 1:colcon.colcon_core.package_identification:_identify(src/suppression_node) by extensions ['colcon_pkg']
[1.212s] Level 1:colcon.colcon_core.package_identification:_identify(src/suppression_node) by extension 'colcon_pkg'
[1.212s] Level 1:colcon.colcon_core.package_identification:_identify(src/suppression_node) by extensions ['colcon_meta']
[1.212s] Level 1:colcon.colcon_core.package_identification:_identify(src/suppression_node) by extension 'colcon_meta'
[1.212s] Level 1:colcon.colcon_core.package_identification:_identify(src/suppression_node) by extensions ['ros']
[1.213s] Level 1:colcon.colcon_core.package_identification:_identify(src/suppression_node) by extension 'ros'
[1.214s] DEBUG:colcon.colcon_core.package_identification:Package 'src/suppression_node' with type 'ros.ament_python' and name 'suppression_node'
[1.215s] Level 1:colcon.colcon_core.package_identification:_identify(src/yolo_inference) by extensions ['ignore', 'ignore_ament_install']
[1.215s] Level 1:colcon.colcon_core.package_identification:_identify(src/yolo_inference) by extension 'ignore'
[1.215s] Level 1:colcon.colcon_core.package_identification:_identify(src/yolo_inference) by extension 'ignore_ament_install'
[1.215s] Level 1:colcon.colcon_core.package_identification:_identify(src/yolo_inference) by extensions ['colcon_pkg']
[1.215s] Level 1:colcon.colcon_core.package_identification:_identify(src/yolo_inference) by extension 'colcon_pkg'
[1.215s] Level 1:colcon.colcon_core.package_identification:_identify(src/yolo_inference) by extensions ['colcon_meta']
[1.215s] Level 1:colcon.colcon_core.package_identification:_identify(src/yolo_inference) by extension 'colcon_meta'
[1.215s] Level 1:colcon.colcon_core.package_identification:_identify(src/yolo_inference) by extensions ['ros']
[1.215s] Level 1:colcon.colcon_core.package_identification:_identify(src/yolo_inference) by extension 'ros'
[1.217s] DEBUG:colcon.colcon_core.package_identification:Package 'src/yolo_inference' with type 'ros.ament_python' and name 'yolo_inference'
[1.217s] Level 1:colcon.colcon_core.package_discovery:discover_packages(recursive) using defaults
[1.217s] Level 1:colcon.colcon_core.package_discovery:discover_packages(ignore) discover
[1.217s] Level 1:colcon.colcon_core.package_discovery:discover_packages(ignore) using defaults
[1.217s] Level 1:colcon.colcon_core.package_discovery:discover_packages(path) discover
[1.217s] Level 1:colcon.colcon_core.package_discovery:discover_packages(path) using defaults
[1.315s] INFO:colcon.colcon_core.package_selection:Skipping not selected package 'camera_node' in 'src/camera_node'
[1.315s] INFO:colcon.colcon_core.package_selection:Skipping not selected package 'comm_node' in 'src/comm_node'
[1.315s] INFO:colcon.colcon_core.package_selection:Skipping not selected package 'lidar_node' in 'src/lidar_node'
[1.315s] INFO:colcon.colcon_core.package_selection:Skipping not selected package 'motor_control_node' in 'src/motor_control_node'
[1.315s] INFO:colcon.colcon_core.package_selection:Skipping not selected package 'navigation' in 'src/navigation'
[1.315s] INFO:colcon.colcon_core.package_selection:Skipping not selected package 'sensor_fusion_node' in 'src/sensor_fusion_node'
[1.315s] INFO:colcon.colcon_core.package_selection:Skipping not selected package 'sim_robot' in 'src/sim_robot'
[1.315s] INFO:colcon.colcon_core.package_selection:Skipping not selected package 'slam_node' in 'src/slam_node'
[1.315s] INFO:colcon.colcon_core.package_selection:Skipping not selected package 'smoke_sensor_node' in 'src/smoke_sensor_node'
[1.315s] INFO:colcon.colcon_core.package_selection:Skipping not selected package 'state_machine_node' in 'src/state_machine_node'
[1.315s] INFO:colcon.colcon_core.package_selection:Skipping not selected package 'suppression_node' in 'src/suppression_node'
[1.315s] INFO:colcon.colcon_core.package_selection:Skipping not selected package 'yolo_inference' in 'src/yolo_inference'
[1.317s] Level 1:colcon.colcon_core.package_discovery:discover_packages(prefix_path) check parameters
[1.317s] Level 1:colcon.colcon_core.package_discovery:discover_packages(prefix_path) discover
[1.327s] DEBUG:colcon.colcon_installed_package_information.package_discovery:Found 3 installed packages in /home/nathaniel/fxb_ws/install
[1.334s] DEBUG:colcon.colcon_installed_package_information.package_discovery:Found 380 installed packages in /opt/ros/jazzy
[1.336s] Level 1:colcon.colcon_core.package_discovery:discover_packages(prefix_path) using defaults
[1.658s] Level 5:colcon.colcon_core.verb:set package 'bringup' build argument 'cmake_args' from command line to 'None'
[1.658s] Level 5:colcon.colcon_core.verb:set package 'bringup' build argument 'cmake_target' from command line to 'None'
[1.658s] Level 5:colcon.colcon_core.verb:set package 'bringup' build argument 'cmake_target_skip_unavailable' from command line to 'False'
[1.658s] Level 5:colcon.colcon_core.verb:set package 'bringup' build argument 'cmake_clean_cache' from command line to 'False'
[1.658s] Level 5:colcon.colcon_core.verb:set package 'bringup' build argument 'cmake_clean_first' from command line to 'False'
[1.658s] Level 5:colcon.colcon_core.verb:set package 'bringup' build argument 'cmake_force_configure' from command line to 'False'
[1.658s] Level 5:colcon.colcon_core.verb:set package 'bringup' build argument 'ament_cmake_args' from command line to 'None'
[1.658s] Level 5:colcon.colcon_core.verb:set package 'bringup' build argument 'catkin_cmake_args' from command line to 'None'
[1.658s] Level 5:colcon.colcon_core.verb:set package 'bringup' build argument 'catkin_skip_building_tests' from command line to 'False'
[1.658s] DEBUG:colcon.colcon_core.verb:Building package 'bringup' with the following arguments: {'ament_cmake_args': None, 'build_base': '/home/nathaniel/fxb_ws/build/bringup', 'catkin_cmake_args': None, 'catkin_skip_building_tests': False, 'cmake_args': None, 'cmake_clean_cache': False, 'cmake_clean_first': False, 'cmake_force_configure': False, 'cmake_target': None, 'cmake_target_skip_unavailable': False, 'install_base': '/home/nathaniel/fxb_ws/install/bringup', 'merge_install': False, 'path': '/home/nathaniel/fxb_ws/src/bringup', 'symlink_install': False, 'test_result_base': None}
[1.658s] INFO:colcon.colcon_core.executor:Executing jobs using 'parallel' executor
[1.660s] DEBUG:colcon.colcon_parallel_executor.executor.parallel:run_until_complete
[1.660s] INFO:colcon.colcon_ros.task.ament_python.build:Building ROS package in '/home/nathaniel/fxb_ws/src/bringup' with build type 'ament_python'
[1.661s] Level 1:colcon.colcon_core.shell:create_environment_hook('bringup', 'ament_prefix_path')
[1.680s] INFO:colcon.colcon_core.plugin_system:Skipping extension 'colcon_core.shell.bat': Not used on non-Windows systems
[1.681s] INFO:colcon.colcon_core.shell:Creating environment hook '/home/nathaniel/fxb_ws/install/bringup/share/bringup/hook/ament_prefix_path.ps1'
[1.686s] INFO:colcon.colcon_core.shell:Creating environment descriptor '/home/nathaniel/fxb_ws/install/bringup/share/bringup/hook/ament_prefix_path.dsv'
[1.687s] INFO:colcon.colcon_core.shell:Creating environment hook '/home/nathaniel/fxb_ws/install/bringup/share/bringup/hook/ament_prefix_path.sh'
[1.691s] INFO:colcon.colcon_core.shell:Skip shell extension 'powershell' for command environment: Not usable outside of PowerShell
[1.692s] DEBUG:colcon.colcon_core.shell:Skip shell extension 'dsv' for command environment
[1.698s] ERROR:colcon.colcon_ros.task.ament_python.build:Failed to find the following files:
- /home/nathaniel/fxb_ws/install/camera_node/share/camera_node/package.sh
- /home/nathaniel/fxb_ws/install/smoke_sensor_node/share/smoke_sensor_node/package.sh
- /home/nathaniel/fxb_ws/install/suppression_node/share/suppression_node/package.sh
- /home/nathaniel/fxb_ws/install/yolo_inference/share/yolo_inference/package.sh
Check that the following packages have been built:
- camera_node
- smoke_sensor_node
- suppression_node
- yolo_inference
[1.710s] DEBUG:colcon.colcon_parallel_executor.executor.parallel:closing loop
[1.710s] DEBUG:colcon.colcon_parallel_executor.executor.parallel:loop closed
[1.710s] DEBUG:colcon.colcon_parallel_executor.executor.parallel:run_until_complete finished with '1'
[1.710s] DEBUG:colcon.colcon_core.event_reactor:joining thread
[1.787s] INFO:colcon.colcon_core.plugin_system:Skipping extension 'colcon_notification.desktop_notification.notify_send': Could not find 'notify-send'
[1.787s] INFO:colcon.colcon_core.plugin_system:Skipping extension 'colcon_notification.desktop_notification.terminal_notifier': Not used on non-Darwin systems
[1.788s] INFO:colcon.colcon_core.plugin_system:Skipping extension 'colcon_notification.desktop_notification.win32': Not used on non-Windows systems
[1.788s] INFO:colcon.colcon_notification.desktop_notification:Sending desktop notification using 'notify2'
[1.794s] DEBUG:colcon.colcon_notification.desktop_notification.notify2:Failed to initialize notify2: org.freedesktop.DBus.Error.ServiceUnknown: The name org.freedesktop.Notifications was not provided by any .service files
[1.794s] DEBUG:colcon.colcon_core.event_reactor:joined thread
[1.795s] INFO:colcon.colcon_core.shell:Creating prefix script '/home/nathaniel/fxb_ws/install/local_setup.ps1'
[1.798s] INFO:colcon.colcon_core.shell:Creating prefix util module '/home/nathaniel/fxb_ws/install/_local_setup_util_ps1.py'
[1.801s] INFO:colcon.colcon_core.shell:Creating prefix chain script '/home/nathaniel/fxb_ws/install/setup.ps1'
[1.804s] INFO:colcon.colcon_core.shell:Creating prefix script '/home/nathaniel/fxb_ws/install/local_setup.sh'
[1.806s] INFO:colcon.colcon_core.shell:Creating prefix util module '/home/nathaniel/fxb_ws/install/_local_setup_util_sh.py'
[1.808s] INFO:colcon.colcon_core.shell:Creating prefix chain script '/home/nathaniel/fxb_ws/install/setup.sh'
[1.811s] INFO:colcon.colcon_core.shell:Creating prefix script '/home/nathaniel/fxb_ws/install/local_setup.bash'
[1.813s] INFO:colcon.colcon_core.shell:Creating prefix chain script '/home/nathaniel/fxb_ws/install/setup.bash'
[1.817s] INFO:colcon.colcon_core.shell:Creating prefix script '/home/nathaniel/fxb_ws/install/local_setup.zsh'
[1.823s] INFO:colcon.colcon_core.shell:Creating prefix chain script '/home/nathaniel/fxb_ws/install/setup.zsh'
