[1.355s] Invoking command in '/home/nathaniel/fxb_ws/src/odometry_node': PYTHONPATH=/home/nathaniel/fxb_ws/build/odometry_node/prefix_override:/usr/lib/python3/dist-packages/colcon_core/task/python/colcon_distutils_commands:/home/nathaniel/fxb_ws/install/odometry_node/lib/python3.12/site-packages:${PYTHONPATH} /usr/bin/python3 -W ignore:setup.py install is deprecated -W ignore:easy_install command is deprecated setup.py egg_info --egg-base ../../build/odometry_node build --build-base /home/nathaniel/fxb_ws/build/odometry_node/build install --record /home/nathaniel/fxb_ws/build/odometry_node/install.log --single-version-externally-managed install_data
[1.789s] running egg_info
[1.817s] writing ../../build/odometry_node/odometry_node.egg-info/PKG-INFO
[1.817s] writing dependency_links to ../../build/odometry_node/odometry_node.egg-info/dependency_links.txt
[1.818s] writing entry points to ../../build/odometry_node/odometry_node.egg-info/entry_points.txt
[1.818s] writing requirements to ../../build/odometry_node/odometry_node.egg-info/requires.txt
[1.818s] writing top-level names to ../../build/odometry_node/odometry_node.egg-info/top_level.txt
[1.879s] reading manifest file '../../build/odometry_node/odometry_node.egg-info/SOURCES.txt'
[1.880s] writing manifest file '../../build/odometry_node/odometry_node.egg-info/SOURCES.txt'
[1.881s] running build
[1.881s] running build_py
[1.881s] running install
[1.888s] running install_lib
[1.917s] running install_data
[1.918s] copying package.xml -> /home/nathaniel/fxb_ws/install/odometry_node/share/odometry_node
[1.918s] running install_egg_info
[1.949s] removing '/home/nathaniel/fxb_ws/install/odometry_node/lib/python3.12/site-packages/odometry_node-0.1.0-py3.12.egg-info' (and everything under it)
[1.950s] Copying ../../build/odometry_node/odometry_node.egg-info to /home/nathaniel/fxb_ws/install/odometry_node/lib/python3.12/site-packages/odometry_node-0.1.0-py3.12.egg-info
[1.952s] running install_scripts
[2.143s] Installing odometry_publisher script to /home/nathaniel/fxb_ws/install/odometry_node/lib/odometry_node
[2.144s] writing list of installed files to '/home/nathaniel/fxb_ws/build/odometry_node/install.log'
[2.198s] Invoked command in '/home/nathaniel/fxb_ws/src/odometry_node' returned '0': PYTHONPATH=/home/nathaniel/fxb_ws/build/odometry_node/prefix_override:/usr/lib/python3/dist-packages/colcon_core/task/python/colcon_distutils_commands:/home/nathaniel/fxb_ws/install/odometry_node/lib/python3.12/site-packages:${PYTHONPATH} /usr/bin/python3 -W ignore:setup.py install is deprecated -W ignore:easy_install command is deprecated setup.py egg_info --egg-base ../../build/odometry_node build --build-base /home/nathaniel/fxb_ws/build/odometry_node/build install --record /home/nathaniel/fxb_ws/build/odometry_node/install.log --single-version-externally-managed install_data
