running develop
running egg_info
writing bringup.egg-info/PKG-INFO
writing dependency_links to bringup.egg-info/dependency_links.txt
writing requirements to bringup.egg-info/requires.txt
writing top-level names to bringup.egg-info/top_level.txt
reading manifest file 'bringup.egg-info/SOURCES.txt'
writing manifest file 'bringup.egg-info/SOURCES.txt'
running build_ext
Creating /home/nathaniel/fxb_ws/install/bringup/lib/python3.12/site-packages/bringup.egg-link (link to .)

Installed /home/nathaniel/fxb_ws/build/bringup
running symlink_data
symbolically linking /home/nathaniel/fxb_ws/build/bringup/resource/bringup -> /home/nathaniel/fxb_ws/install/bringup/share/ament_index/resource_index/packages
symbolically linking /home/nathaniel/fxb_ws/build/bringup/package.xml -> /home/nathaniel/fxb_ws/install/bringup/share/bringup
symbolically linking /home/nathaniel/fxb_ws/build/bringup/launch/nav2_launch.py -> /home/nathaniel/fxb_ws/install/bringup/share/bringup/launch
symbolically linking /home/nathaniel/fxb_ws/build/bringup/launch/bringup.launch.py -> /home/nathaniel/fxb_ws/install/bringup/share/bringup/launch
symbolically linking /home/nathaniel/fxb_ws/build/bringup/launch/slam_launch.py -> /home/nathaniel/fxb_ws/install/bringup/share/bringup/launch
symbolically linking /home/nathaniel/fxb_ws/build/bringup/config/slam_config.yaml -> /home/nathaniel/fxb_ws/install/bringup/share/bringup/config
symbolically linking /home/nathaniel/fxb_ws/build/bringup/config/nav2_params.yaml -> /home/nathaniel/fxb_ws/install/bringup/share/bringup/config
symbolically linking /home/nathaniel/fxb_ws/build/bringup/config/mapper_params_online_async.yaml -> /home/nathaniel/fxb_ws/install/bringup/share/bringup/config
