[6.435s] Invoking command in '/home/nathaniel/fxb_ws/build/bringup': AMENT_PREFIX_PATH=/home/nathaniel/fxb_ws/install/yolo_inference:/home/nathaniel/fxb_ws/install/suppression_node:/home/nathaniel/fxb_ws/install/state_machine_node:/home/nathaniel/fxb_ws/install/smoke_sensor_node:/home/nathaniel/fxb_ws/install/sensor_fusion_node:/home/nathaniel/fxb_ws/install/motor_control_node:/home/nathaniel/fxb_ws/install/fire_confidence_node:/home/nathaniel/fxb_ws/install/diff_drive_odometry_node:/home/nathaniel/fxb_ws/install/camera_node:${AMENT_PREFIX_PATH} PYTHONPATH=/home/nathaniel/fxb_ws/build/bringup/prefix_override:/usr/lib/python3/dist-packages/colcon_core/task/python/colcon_distutils_commands:/home/nathaniel/fxb_ws/install/bringup/lib/python3.12/site-packages:/home/nathaniel/fxb_ws/build/yolo_inference:/home/nathaniel/fxb_ws/install/yolo_inference/lib/python3.12/site-packages:/home/nathaniel/fxb_ws/build/suppression_node:/home/nathaniel/fxb_ws/install/suppression_node/lib/python3.12/site-packages:/home/nathaniel/fxb_ws/build/state_machine_node:/home/nathaniel/fxb_ws/install/state_machine_node/lib/python3.12/site-packages:/home/nathaniel/fxb_ws/build/smoke_sensor_node:/home/nathaniel/fxb_ws/install/smoke_sensor_node/lib/python3.12/site-packages:/home/nathaniel/fxb_ws/build/sensor_fusion_node:/home/nathaniel/fxb_ws/install/sensor_fusion_node/lib/python3.12/site-packages:/home/nathaniel/fxb_ws/build/motor_control_node:/home/nathaniel/fxb_ws/install/motor_control_node/lib/python3.12/site-packages:/home/nathaniel/fxb_ws/build/fire_confidence_node:/home/nathaniel/fxb_ws/install/fire_confidence_node/lib/python3.12/site-packages:/home/nathaniel/fxb_ws/build/diff_drive_odometry_node:/home/nathaniel/fxb_ws/install/diff_drive_odometry_node/lib/python3.12/site-packages:/home/nathaniel/fxb_ws/build/camera_node:/home/nathaniel/fxb_ws/install/camera_node/lib/python3.12/site-packages:${PYTHONPATH} /usr/bin/python3 -W ignore:setup.py install is deprecated -W ignore:easy_install command is deprecated setup.py develop --editable --build-directory /home/nathaniel/fxb_ws/build/bringup/build --no-deps symlink_data --force
[7.157s] running develop
[7.679s] running egg_info
[7.720s] writing bringup.egg-info/PKG-INFO
[7.721s] writing dependency_links to bringup.egg-info/dependency_links.txt
[7.722s] writing requirements to bringup.egg-info/requires.txt
[7.722s] writing top-level names to bringup.egg-info/top_level.txt
[7.822s] reading manifest file 'bringup.egg-info/SOURCES.txt'
[7.827s] writing manifest file 'bringup.egg-info/SOURCES.txt'
[7.895s] running build_ext
[7.895s] Creating /home/nathaniel/fxb_ws/install/bringup/lib/python3.12/site-packages/bringup.egg-link (link to .)
[7.897s] 
[7.897s] Installed /home/nathaniel/fxb_ws/build/bringup
[7.897s] running symlink_data
[7.898s] symbolically linking /home/nathaniel/fxb_ws/build/bringup/resource/bringup -> /home/nathaniel/fxb_ws/install/bringup/share/ament_index/resource_index/packages
[7.898s] symbolically linking /home/nathaniel/fxb_ws/build/bringup/package.xml -> /home/nathaniel/fxb_ws/install/bringup/share/bringup
[7.899s] symbolically linking /home/nathaniel/fxb_ws/build/bringup/launch/nav2_launch.py -> /home/nathaniel/fxb_ws/install/bringup/share/bringup/launch
[7.900s] symbolically linking /home/nathaniel/fxb_ws/build/bringup/launch/bringup.launch.py -> /home/nathaniel/fxb_ws/install/bringup/share/bringup/launch
[7.901s] symbolically linking /home/nathaniel/fxb_ws/build/bringup/launch/slam_launch.py -> /home/nathaniel/fxb_ws/install/bringup/share/bringup/launch
[7.901s] symbolically linking /home/nathaniel/fxb_ws/build/bringup/config/slam_config.yaml -> /home/nathaniel/fxb_ws/install/bringup/share/bringup/config
[7.901s] symbolically linking /home/nathaniel/fxb_ws/build/bringup/config/nav2_params.yaml -> /home/nathaniel/fxb_ws/install/bringup/share/bringup/config
[7.902s] symbolically linking /home/nathaniel/fxb_ws/build/bringup/config/mapper_params_online_async.yaml -> /home/nathaniel/fxb_ws/install/bringup/share/bringup/config
[7.972s] Invoked command in '/home/nathaniel/fxb_ws/build/bringup' returned '0': AMENT_PREFIX_PATH=/home/nathaniel/fxb_ws/install/yolo_inference:/home/nathaniel/fxb_ws/install/suppression_node:/home/nathaniel/fxb_ws/install/state_machine_node:/home/nathaniel/fxb_ws/install/smoke_sensor_node:/home/nathaniel/fxb_ws/install/sensor_fusion_node:/home/nathaniel/fxb_ws/install/motor_control_node:/home/nathaniel/fxb_ws/install/fire_confidence_node:/home/nathaniel/fxb_ws/install/diff_drive_odometry_node:/home/nathaniel/fxb_ws/install/camera_node:${AMENT_PREFIX_PATH} PYTHONPATH=/home/nathaniel/fxb_ws/build/bringup/prefix_override:/usr/lib/python3/dist-packages/colcon_core/task/python/colcon_distutils_commands:/home/nathaniel/fxb_ws/install/bringup/lib/python3.12/site-packages:/home/nathaniel/fxb_ws/build/yolo_inference:/home/nathaniel/fxb_ws/install/yolo_inference/lib/python3.12/site-packages:/home/nathaniel/fxb_ws/build/suppression_node:/home/nathaniel/fxb_ws/install/suppression_node/lib/python3.12/site-packages:/home/nathaniel/fxb_ws/build/state_machine_node:/home/nathaniel/fxb_ws/install/state_machine_node/lib/python3.12/site-packages:/home/nathaniel/fxb_ws/build/smoke_sensor_node:/home/nathaniel/fxb_ws/install/smoke_sensor_node/lib/python3.12/site-packages:/home/nathaniel/fxb_ws/build/sensor_fusion_node:/home/nathaniel/fxb_ws/install/sensor_fusion_node/lib/python3.12/site-packages:/home/nathaniel/fxb_ws/build/motor_control_node:/home/nathaniel/fxb_ws/install/motor_control_node/lib/python3.12/site-packages:/home/nathaniel/fxb_ws/build/fire_confidence_node:/home/nathaniel/fxb_ws/install/fire_confidence_node/lib/python3.12/site-packages:/home/nathaniel/fxb_ws/build/diff_drive_odometry_node:/home/nathaniel/fxb_ws/install/diff_drive_odometry_node/lib/python3.12/site-packages:/home/nathaniel/fxb_ws/build/camera_node:/home/nathaniel/fxb_ws/install/camera_node/lib/python3.12/site-packages:${PYTHONPATH} /usr/bin/python3 -W ignore:setup.py install is deprecated -W ignore:easy_install command is deprecated setup.py develop --editable --build-directory /home/nathaniel/fxb_ws/build/bringup/build --no-deps symlink_data --force
