running egg_info
creating ../../build/yolo_inference/yolo_inference.egg-info
writing ../../build/yolo_inference/yolo_inference.egg-info/PKG-INFO
writing dependency_links to ../../build/yolo_inference/yolo_inference.egg-info/dependency_links.txt
writing entry points to ../../build/yolo_inference/yolo_inference.egg-info/entry_points.txt
writing requirements to ../../build/yolo_inference/yolo_inference.egg-info/requires.txt
writing top-level names to ../../build/yolo_inference/yolo_inference.egg-info/top_level.txt
writing manifest file '../../build/yolo_inference/yolo_inference.egg-info/SOURCES.txt'
reading manifest file '../../build/yolo_inference/yolo_inference.egg-info/SOURCES.txt'
writing manifest file '../../build/yolo_inference/yolo_inference.egg-info/SOURCES.txt'
running build
running build_py
creating /home/nathaniel/fxb_ws/build/yolo_inference/build
creating /home/nathaniel/fxb_ws/build/yolo_inference/build/lib
creating /home/nathaniel/fxb_ws/build/yolo_inference/build/lib/yolo_inference
copying yolo_inference/yolo_node.py -> /home/nathaniel/fxb_ws/build/yolo_inference/build/lib/yolo_inference
copying yolo_inference/__init__.py -> /home/nathaniel/fxb_ws/build/yolo_inference/build/lib/yolo_inference
copying yolo_inference/yolo_node_entry.py -> /home/nathaniel/fxb_ws/build/yolo_inference/build/lib/yolo_inference
running install
running install_lib
creating /home/nathaniel/fxb_ws/install/yolo_inference/lib/python3.12/site-packages/yolo_inference
copying /home/nathaniel/fxb_ws/build/yolo_inference/build/lib/yolo_inference/yolo_node.py -> /home/nathaniel/fxb_ws/install/yolo_inference/lib/python3.12/site-packages/yolo_inference
copying /home/nathaniel/fxb_ws/build/yolo_inference/build/lib/yolo_inference/__init__.py -> /home/nathaniel/fxb_ws/install/yolo_inference/lib/python3.12/site-packages/yolo_inference
copying /home/nathaniel/fxb_ws/build/yolo_inference/build/lib/yolo_inference/yolo_node_entry.py -> /home/nathaniel/fxb_ws/install/yolo_inference/lib/python3.12/site-packages/yolo_inference
byte-compiling /home/nathaniel/fxb_ws/install/yolo_inference/lib/python3.12/site-packages/yolo_inference/yolo_node.py to yolo_node.cpython-312.pyc
byte-compiling /home/nathaniel/fxb_ws/install/yolo_inference/lib/python3.12/site-packages/yolo_inference/__init__.py to __init__.cpython-312.pyc
byte-compiling /home/nathaniel/fxb_ws/install/yolo_inference/lib/python3.12/site-packages/yolo_inference/yolo_node_entry.py to yolo_node_entry.cpython-312.pyc
running install_data
creating /home/nathaniel/fxb_ws/install/yolo_inference/share/ament_index
creating /home/nathaniel/fxb_ws/install/yolo_inference/share/ament_index/resource_index
creating /home/nathaniel/fxb_ws/install/yolo_inference/share/ament_index/resource_index/packages
copying resource/yolo_inference -> /home/nathaniel/fxb_ws/install/yolo_inference/share/ament_index/resource_index/packages
copying package.xml -> /home/nathaniel/fxb_ws/install/yolo_inference/share/yolo_inference
creating /home/nathaniel/fxb_ws/install/yolo_inference/share/yolo_inference/launch
copying launch/yolo_node.launch.py -> /home/nathaniel/fxb_ws/install/yolo_inference/share/yolo_inference/launch
running install_egg_info
Copying ../../build/yolo_inference/yolo_inference.egg-info to /home/nathaniel/fxb_ws/install/yolo_inference/lib/python3.12/site-packages/yolo_inference-0.0.0-py3.12.egg-info
running install_scripts
Installing yolo_node script to /home/nathaniel/fxb_ws/install/yolo_inference/lib/yolo_inference
writing list of installed files to '/home/nathaniel/fxb_ws/build/yolo_inference/install.log'
