[0.635s] Invoking command in '/home/nathaniel/fxb_ws/build/firebot_description': CMAKE_PREFIX_PATH=${CMAKE_PREFIX_PATH}:/opt/ros/jazzy /usr/bin/cmake --build /home/nathaniel/fxb_ws/build/firebot_description -- -j8 -l8
[1.104s] Invoked command in '/home/nathaniel/fxb_ws/build/firebot_description' returned '0': CMAKE_PREFIX_PATH=${CMAKE_PREFIX_PATH}:/opt/ros/jazzy /usr/bin/cmake --build /home/nathaniel/fxb_ws/build/firebot_description -- -j8 -l8
[1.138s] Invoking command in '/home/nathaniel/fxb_ws/build/firebot_description': CMAKE_PREFIX_PATH=${CMAKE_PREFIX_PATH}:/opt/ros/jazzy /usr/bin/cmake --install /home/nathaniel/fxb_ws/build/firebot_description
[1.156s] -- Install configuration: ""
[1.157s] -- Execute custom install script
[1.158s] -- Up-to-date symlink: /home/nathaniel/fxb_ws/install/firebot_description/share/firebot_description/launch/description.launch.py
[1.160s] -- Up-to-date symlink: /home/nathaniel/fxb_ws/install/firebot_description/share/firebot_description/urdf/camera.xacro
[1.160s] -- Up-to-date symlink: /home/nathaniel/fxb_ws/install/firebot_description/share/firebot_description/urdf/inertial_macros.xacro
[1.161s] -- Up-to-date symlink: /home/nathaniel/fxb_ws/install/firebot_description/share/firebot_description/urdf/lidar.xacro
[1.162s] -- Up-to-date symlink: /home/nathaniel/fxb_ws/install/firebot_description/share/firebot_description/urdf/robot.urdf.xacro
[1.162s] -- Up-to-date symlink: /home/nathaniel/fxb_ws/install/firebot_description/share/firebot_description/urdf/robot_core.xacro
[1.163s] -- Up-to-date symlink: /home/nathaniel/fxb_ws/install/firebot_description/share/ament_index/resource_index/package_run_dependencies/firebot_description
[1.163s] -- Up-to-date symlink: /home/nathaniel/fxb_ws/install/firebot_description/share/ament_index/resource_index/parent_prefix_path/firebot_description
[1.164s] -- Up-to-date symlink: /home/nathaniel/fxb_ws/install/firebot_description/share/firebot_description/environment/ament_prefix_path.sh
[1.165s] -- Up-to-date symlink: /home/nathaniel/fxb_ws/install/firebot_description/share/firebot_description/environment/ament_prefix_path.dsv
[1.166s] -- Up-to-date symlink: /home/nathaniel/fxb_ws/install/firebot_description/share/firebot_description/environment/path.sh
[1.166s] -- Up-to-date symlink: /home/nathaniel/fxb_ws/install/firebot_description/share/firebot_description/environment/path.dsv
[1.167s] -- Up-to-date symlink: /home/nathaniel/fxb_ws/install/firebot_description/share/firebot_description/local_setup.bash
[1.168s] -- Up-to-date symlink: /home/nathaniel/fxb_ws/install/firebot_description/share/firebot_description/local_setup.sh
[1.168s] -- Up-to-date symlink: /home/nathaniel/fxb_ws/install/firebot_description/share/firebot_description/local_setup.zsh
[1.169s] -- Up-to-date symlink: /home/nathaniel/fxb_ws/install/firebot_description/share/firebot_description/local_setup.dsv
[1.169s] -- Symlinking: /home/nathaniel/fxb_ws/install/firebot_description/share/firebot_description/package.dsv
[1.200s] -- Up-to-date symlink: /home/nathaniel/fxb_ws/install/firebot_description/share/ament_index/resource_index/packages/firebot_description
[1.201s] -- Up-to-date symlink: /home/nathaniel/fxb_ws/install/firebot_description/share/firebot_description/cmake/firebot_descriptionConfig.cmake
[1.202s] -- Up-to-date symlink: /home/nathaniel/fxb_ws/install/firebot_description/share/firebot_description/cmake/firebot_descriptionConfig-version.cmake
[1.203s] -- Up-to-date symlink: /home/nathaniel/fxb_ws/install/firebot_description/share/firebot_description/package.xml
[1.203s] -- Up-to-date: /home/nathaniel/fxb_ws/install/firebot_description/include/
[1.203s] -- Up-to-date: /home/nathaniel/fxb_ws/install/firebot_description/include//firebot_description
[1.208s] Invoked command in '/home/nathaniel/fxb_ws/build/firebot_description' returned '0': CMAKE_PREFIX_PATH=${CMAKE_PREFIX_PATH}:/opt/ros/jazzy /usr/bin/cmake --install /home/nathaniel/fxb_ws/build/firebot_description
