[6.251s] Invoking command in '/home/nathaniel/fxb_ws/src/smoke_sensor_node': PYTHONPATH=/home/nathaniel/fxb_ws/build/smoke_sensor_node/prefix_override:/usr/lib/python3/dist-packages/colcon_core/task/python/colcon_distutils_commands:/home/nathaniel/fxb_ws/install/smoke_sensor_node/lib/python3.12/site-packages:${PYTHONPATH} /usr/bin/python3 -W ignore:setup.py install is deprecated -W ignore:easy_install command is deprecated setup.py egg_info --egg-base ../../build/smoke_sensor_node build --build-base /home/nathaniel/fxb_ws/build/smoke_sensor_node/build install --record /home/nathaniel/fxb_ws/build/smoke_sensor_node/install.log --single-version-externally-managed install_data
[7.413s] running egg_info
[7.414s] creating ../../build/smoke_sensor_node/smoke_sensor_node.egg-info
[7.492s] writing ../../build/smoke_sensor_node/smoke_sensor_node.egg-info/PKG-INFO
[7.493s] writing dependency_links to ../../build/smoke_sensor_node/smoke_sensor_node.egg-info/dependency_links.txt
[7.501s] writing entry points to ../../build/smoke_sensor_node/smoke_sensor_node.egg-info/entry_points.txt
[7.502s] writing requirements to ../../build/smoke_sensor_node/smoke_sensor_node.egg-info/requires.txt
[7.502s] writing top-level names to ../../build/smoke_sensor_node/smoke_sensor_node.egg-info/top_level.txt
[7.502s] writing manifest file '../../build/smoke_sensor_node/smoke_sensor_node.egg-info/SOURCES.txt'
[7.698s] reading manifest file '../../build/smoke_sensor_node/smoke_sensor_node.egg-info/SOURCES.txt'
[7.698s] writing manifest file '../../build/smoke_sensor_node/smoke_sensor_node.egg-info/SOURCES.txt'
[7.698s] running build
[7.699s] running build_py
[7.699s] creating /home/nathaniel/fxb_ws/build/smoke_sensor_node/build
[7.700s] creating /home/nathaniel/fxb_ws/build/smoke_sensor_node/build/lib
[7.701s] creating /home/nathaniel/fxb_ws/build/smoke_sensor_node/build/lib/smoke_sensor_node
[7.703s] copying smoke_sensor_node/smoke_sensor_node.py -> /home/nathaniel/fxb_ws/build/smoke_sensor_node/build/lib/smoke_sensor_node
[7.709s] copying smoke_sensor_node/__init__.py -> /home/nathaniel/fxb_ws/build/smoke_sensor_node/build/lib/smoke_sensor_node
[7.710s] running install
[7.726s] running install_lib
[7.802s] creating /home/nathaniel/fxb_ws/install/smoke_sensor_node/lib/python3.12/site-packages/smoke_sensor_node
[7.803s] copying /home/nathaniel/fxb_ws/build/smoke_sensor_node/build/lib/smoke_sensor_node/smoke_sensor_node.py -> /home/nathaniel/fxb_ws/install/smoke_sensor_node/lib/python3.12/site-packages/smoke_sensor_node
[7.803s] copying /home/nathaniel/fxb_ws/build/smoke_sensor_node/build/lib/smoke_sensor_node/__init__.py -> /home/nathaniel/fxb_ws/install/smoke_sensor_node/lib/python3.12/site-packages/smoke_sensor_node
[7.812s] byte-compiling /home/nathaniel/fxb_ws/install/smoke_sensor_node/lib/python3.12/site-packages/smoke_sensor_node/smoke_sensor_node.py to smoke_sensor_node.cpython-312.pyc
[7.812s] byte-compiling /home/nathaniel/fxb_ws/install/smoke_sensor_node/lib/python3.12/site-packages/smoke_sensor_node/__init__.py to __init__.cpython-312.pyc
[7.821s] running install_data
[7.823s] creating /home/nathaniel/fxb_ws/install/smoke_sensor_node/share/ament_index
[7.823s] creating /home/nathaniel/fxb_ws/install/smoke_sensor_node/share/ament_index/resource_index
[7.823s] creating /home/nathaniel/fxb_ws/install/smoke_sensor_node/share/ament_index/resource_index/packages
[7.824s] copying resource/smoke_sensor_node -> /home/nathaniel/fxb_ws/install/smoke_sensor_node/share/ament_index/resource_index/packages
[7.824s] copying package.xml -> /home/nathaniel/fxb_ws/install/smoke_sensor_node/share/smoke_sensor_node
[7.825s] creating /home/nathaniel/fxb_ws/install/smoke_sensor_node/share/smoke_sensor_node/launch
[7.831s] copying launch/smoke_sensor_node.launch.py -> /home/nathaniel/fxb_ws/install/smoke_sensor_node/share/smoke_sensor_node/launch
[7.831s] running install_egg_info
[7.958s] Copying ../../build/smoke_sensor_node/smoke_sensor_node.egg-info to /home/nathaniel/fxb_ws/install/smoke_sensor_node/lib/python3.12/site-packages/smoke_sensor_node-0.0.0-py3.12.egg-info
[7.967s] running install_scripts
[8.529s] Installing smoke_sensor_node script to /home/nathaniel/fxb_ws/install/smoke_sensor_node/lib/smoke_sensor_node
[8.532s] writing list of installed files to '/home/nathaniel/fxb_ws/build/smoke_sensor_node/install.log'
[8.632s] Invoked command in '/home/nathaniel/fxb_ws/src/smoke_sensor_node' returned '0': PYTHONPATH=/home/nathaniel/fxb_ws/build/smoke_sensor_node/prefix_override:/usr/lib/python3/dist-packages/colcon_core/task/python/colcon_distutils_commands:/home/nathaniel/fxb_ws/install/smoke_sensor_node/lib/python3.12/site-packages:${PYTHONPATH} /usr/bin/python3 -W ignore:setup.py install is deprecated -W ignore:easy_install command is deprecated setup.py egg_info --egg-base ../../build/smoke_sensor_node build --build-base /home/nathaniel/fxb_ws/build/smoke_sensor_node/build install --record /home/nathaniel/fxb_ws/build/smoke_sensor_node/install.log --single-version-externally-managed install_data
