[6.542s] Invoking command in '/home/nathaniel/fxb_ws/src/sensor_fusion_node': PYTHONPATH=/home/nathaniel/fxb_ws/build/sensor_fusion_node/prefix_override:/usr/lib/python3/dist-packages/colcon_core/task/python/colcon_distutils_commands:/home/nathaniel/fxb_ws/install/sensor_fusion_node/lib/python3.12/site-packages:${PYTHONPATH} /usr/bin/python3 -W ignore:setup.py install is deprecated -W ignore:easy_install command is deprecated setup.py egg_info --egg-base ../../build/sensor_fusion_node build --build-base /home/nathaniel/fxb_ws/build/sensor_fusion_node/build install --record /home/nathaniel/fxb_ws/build/sensor_fusion_node/install.log --single-version-externally-managed install_data
[7.597s] running egg_info
[7.699s] writing ../../build/sensor_fusion_node/sensor_fusion_node.egg-info/PKG-INFO
[7.699s] writing dependency_links to ../../build/sensor_fusion_node/sensor_fusion_node.egg-info/dependency_links.txt
[7.700s] writing entry points to ../../build/sensor_fusion_node/sensor_fusion_node.egg-info/entry_points.txt
[7.700s] writing requirements to ../../build/sensor_fusion_node/sensor_fusion_node.egg-info/requires.txt
[7.700s] writing top-level names to ../../build/sensor_fusion_node/sensor_fusion_node.egg-info/top_level.txt
[7.875s] reading manifest file '../../build/sensor_fusion_node/sensor_fusion_node.egg-info/SOURCES.txt'
[7.877s] writing manifest file '../../build/sensor_fusion_node/sensor_fusion_node.egg-info/SOURCES.txt'
[7.878s] running build
[7.878s] running build_py
[7.878s] running install
[7.910s] running install_lib
[7.996s] running install_data
[7.996s] running install_egg_info
[8.092s] removing '/home/nathaniel/fxb_ws/install/sensor_fusion_node/lib/python3.12/site-packages/sensor_fusion_node-0.0.1-py3.12.egg-info' (and everything under it)
[8.097s] Copying ../../build/sensor_fusion_node/sensor_fusion_node.egg-info to /home/nathaniel/fxb_ws/install/sensor_fusion_node/lib/python3.12/site-packages/sensor_fusion_node-0.0.1-py3.12.egg-info
[8.102s] running install_scripts
[8.710s] Installing sensor_fusion_node script to /home/nathaniel/fxb_ws/install/sensor_fusion_node/lib/sensor_fusion_node
[8.712s] writing list of installed files to '/home/nathaniel/fxb_ws/build/sensor_fusion_node/install.log'
[9.063s] Invoked command in '/home/nathaniel/fxb_ws/src/sensor_fusion_node' returned '0': PYTHONPATH=/home/nathaniel/fxb_ws/build/sensor_fusion_node/prefix_override:/usr/lib/python3/dist-packages/colcon_core/task/python/colcon_distutils_commands:/home/nathaniel/fxb_ws/install/sensor_fusion_node/lib/python3.12/site-packages:${PYTHONPATH} /usr/bin/python3 -W ignore:setup.py install is deprecated -W ignore:easy_install command is deprecated setup.py egg_info --egg-base ../../build/sensor_fusion_node build --build-base /home/nathaniel/fxb_ws/build/sensor_fusion_node/build install --record /home/nathaniel/fxb_ws/build/sensor_fusion_node/install.log --single-version-externally-managed install_data
