[1.913s] Invoking command in '/home/nathaniel/fxb_ws/build/diff_drive_odometry_node': PYTHONPATH=/home/nathaniel/fxb_ws/build/diff_drive_odometry_node/prefix_override:/usr/lib/python3/dist-packages/colcon_core/task/python/colcon_distutils_commands:/home/nathaniel/fxb_ws/install/diff_drive_odometry_node/lib/python3.12/site-packages:${PYTHONPATH} /usr/bin/python3 -W ignore:setup.py install is deprecated -W ignore:easy_install command is deprecated setup.py develop --uninstall --editable --build-directory /home/nathaniel/fxb_ws/build/diff_drive_odometry_node/build
[2.620s] running develop
[3.148s] Removing /home/nathaniel/fxb_ws/install/diff_drive_odometry_node/lib/python3.12/site-packages/diff-drive-odometry-node.egg-link (link to .)
[3.197s] Invoked command in '/home/nathaniel/fxb_ws/build/diff_drive_odometry_node' returned '0': PYTHONPATH=/home/nathaniel/fxb_ws/build/diff_drive_odometry_node/prefix_override:/usr/lib/python3/dist-packages/colcon_core/task/python/colcon_distutils_commands:/home/nathaniel/fxb_ws/install/diff_drive_odometry_node/lib/python3.12/site-packages:${PYTHONPATH} /usr/bin/python3 -W ignore:setup.py install is deprecated -W ignore:easy_install command is deprecated setup.py develop --uninstall --editable --build-directory /home/nathaniel/fxb_ws/build/diff_drive_odometry_node/build
[3.200s] Invoking command in '/home/nathaniel/fxb_ws/src/diff_drive_odometry_node': PYTHONPATH=/home/nathaniel/fxb_ws/build/diff_drive_odometry_node/prefix_override:/usr/lib/python3/dist-packages/colcon_core/task/python/colcon_distutils_commands:/home/nathaniel/fxb_ws/install/diff_drive_odometry_node/lib/python3.12/site-packages:${PYTHONPATH} /usr/bin/python3 -W ignore:setup.py install is deprecated -W ignore:easy_install command is deprecated setup.py egg_info --egg-base ../../build/diff_drive_odometry_node build --build-base /home/nathaniel/fxb_ws/build/diff_drive_odometry_node/build install --record /home/nathaniel/fxb_ws/build/diff_drive_odometry_node/install.log --single-version-externally-managed install_data --force
[3.836s] running egg_info
[3.898s] writing ../../build/diff_drive_odometry_node/diff_drive_odometry_node.egg-info/PKG-INFO
[3.898s] writing dependency_links to ../../build/diff_drive_odometry_node/diff_drive_odometry_node.egg-info/dependency_links.txt
[3.899s] writing entry points to ../../build/diff_drive_odometry_node/diff_drive_odometry_node.egg-info/entry_points.txt
[3.900s] writing requirements to ../../build/diff_drive_odometry_node/diff_drive_odometry_node.egg-info/requires.txt
[3.900s] writing top-level names to ../../build/diff_drive_odometry_node/diff_drive_odometry_node.egg-info/top_level.txt
[4.016s] reading manifest file '../../build/diff_drive_odometry_node/diff_drive_odometry_node.egg-info/SOURCES.txt'
[4.124s] writing manifest file '../../build/diff_drive_odometry_node/diff_drive_odometry_node.egg-info/SOURCES.txt'
[4.125s] running build
[4.126s] running build_py
[4.128s] running install
[4.152s] running install_lib
[4.229s] creating /home/nathaniel/fxb_ws/install/diff_drive_odometry_node/lib/python3.12/site-packages/diff_drive_odometry_node
[4.229s] copying /home/nathaniel/fxb_ws/build/diff_drive_odometry_node/build/lib/diff_drive_odometry_node/diff_drive_odometry_node.py -> /home/nathaniel/fxb_ws/install/diff_drive_odometry_node/lib/python3.12/site-packages/diff_drive_odometry_node
[4.328s] copying /home/nathaniel/fxb_ws/build/diff_drive_odometry_node/build/lib/diff_drive_odometry_node/__init__.py -> /home/nathaniel/fxb_ws/install/diff_drive_odometry_node/lib/python3.12/site-packages/diff_drive_odometry_node
[4.330s] byte-compiling /home/nathaniel/fxb_ws/install/diff_drive_odometry_node/lib/python3.12/site-packages/diff_drive_odometry_node/diff_drive_odometry_node.py to diff_drive_odometry_node.cpython-312.pyc
[4.336s] byte-compiling /home/nathaniel/fxb_ws/install/diff_drive_odometry_node/lib/python3.12/site-packages/diff_drive_odometry_node/__init__.py to __init__.cpython-312.pyc
[4.337s] running install_data
[4.338s] copying resource/diff_drive_odometry_node -> /home/nathaniel/fxb_ws/install/diff_drive_odometry_node/share/ament_index/resource_index/packages
[4.339s] copying package.xml -> /home/nathaniel/fxb_ws/install/diff_drive_odometry_node/share/diff_drive_odometry_node
[4.340s] copying launch/diff_drive_odometry.launch.py -> /home/nathaniel/fxb_ws/install/diff_drive_odometry_node/share/diff_drive_odometry_node/launch
[4.341s] copying README.md -> /home/nathaniel/fxb_ws/install/diff_drive_odometry_node/share/diff_drive_odometry_node
[4.343s] running install_egg_info
[4.437s] Copying ../../build/diff_drive_odometry_node/diff_drive_odometry_node.egg-info to /home/nathaniel/fxb_ws/install/diff_drive_odometry_node/lib/python3.12/site-packages/diff_drive_odometry_node-0.0.1-py3.12.egg-info
[4.559s] running install_scripts
[4.903s] Installing diff_drive_odometry_node script to /home/nathaniel/fxb_ws/install/diff_drive_odometry_node/lib/diff_drive_odometry_node
[4.903s] writing list of installed files to '/home/nathaniel/fxb_ws/build/diff_drive_odometry_node/install.log'
[4.979s] Invoked command in '/home/nathaniel/fxb_ws/src/diff_drive_odometry_node' returned '0': PYTHONPATH=/home/nathaniel/fxb_ws/build/diff_drive_odometry_node/prefix_override:/usr/lib/python3/dist-packages/colcon_core/task/python/colcon_distutils_commands:/home/nathaniel/fxb_ws/install/diff_drive_odometry_node/lib/python3.12/site-packages:${PYTHONPATH} /usr/bin/python3 -W ignore:setup.py install is deprecated -W ignore:easy_install command is deprecated setup.py egg_info --egg-base ../../build/diff_drive_odometry_node build --build-base /home/nathaniel/fxb_ws/build/diff_drive_odometry_node/build install --record /home/nathaniel/fxb_ws/build/diff_drive_odometry_node/install.log --single-version-externally-managed install_data --force
